16:38:01.845 [main                     ] DEBUG Logger               - Configured Logger
16:38:01.875 [main                     ] DEBUG GameApplication      - Logging settings
Title: Pokemon
Version: Beta 0.1
Width: 800
Height: 800
Fullscreen: false
Intro: false
Profiling: false
Single step:false
App Mode: DEVELOPER
Menu Key: ESCAPE
Stage Style: DECORATED
Scene Factory: class com.almasb.fxgl.app.scene.SceneFactory

16:38:02.790 [JavaFX Application Thread] DEBUG FXGLApplication      - Initializing FXGL
16:38:02.795 [JavaFX Application Thread] INFO  Engine               - FXGL-11.16 (25.05.2021 08.16) on MAC (J:11.0.12 FX:16)
16:38:02.796 [JavaFX Application Thread] DEBUG Engine               - JRE Vendor Name: Oracle Corporation
16:38:02.796 [JavaFX Application Thread] DEBUG Engine               - Running on OS: Mac OS X version 11.3
16:38:02.796 [JavaFX Application Thread] DEBUG Engine               - Architecture: x86_64
16:38:02.796 [JavaFX Application Thread] INFO  Engine               - Source code and latest versions at: https://github.com/AlmasB/FXGL
16:38:02.797 [JavaFX Application Thread] INFO  Engine               -              Join the FXGL chat at: https://gitter.im/AlmasB/FXGL
16:38:03.014 [JavaFX Application Thread] DEBUG PrimaryStageWindow   - Creating a JavaFX scene
16:38:03.116 [JavaFX Application Thread] DEBUG PrimaryStageWindow   - Target settings size: 800.0 x 800.0
16:38:03.117 [JavaFX Application Thread] DEBUG PrimaryStageWindow   - Scaled scene size:    800.0 x 800.0
16:38:03.117 [JavaFX Application Thread] DEBUG PrimaryStageWindow   - Scaled ratio: (1.0, 1.0)
16:38:03.118 [JavaFX Application Thread] DEBUG PrimaryStageWindow   - Set initial scene to FXGLStartupScene
16:38:03.125 [JavaFX Application Thread] DEBUG PrimaryStageWindow   - Opening main window
16:38:03.331 [JavaFX Application Thread] DEBUG PrimaryStageWindow   - Window border size: (0.0, 28.0)
16:38:03.331 [JavaFX Application Thread] DEBUG PrimaryStageWindow   - Scaled size: 800.0 x 800.0
16:38:03.332 [JavaFX Application Thread] DEBUG PrimaryStageWindow   - Scaled ratio: (1.0, 1.0)
16:38:03.332 [JavaFX Application Thread] DEBUG PrimaryStageWindow   - Scene size: 800.0 x 800.0
16:38:03.333 [JavaFX Application Thread] DEBUG PrimaryStageWindow   - Stage size: 800.0 x 828.0
16:38:03.348 [FXGL Background Thread 1 ] DEBUG Engine               - Initializing environment variables
16:38:03.534 [FXGL Background Thread 1 ] DEBUG FXGLAssetLoaderServi - User app class for loading assets: class App.Overworld
16:38:03.574 [FXGL Background Thread 1 ] DEBUG GameApplicationServi - Applying CSS: fxgl_dark.css
16:38:03.595 [FXGL Background Thread 1 ] DEBUG FXGLAssetLoaderServi - Loading from file system: jar:file:/Users/cody/.m2/repository/com/github/almasb/fxgl/11.16/fxgl-11.16.jar!/fxglassets/ui/css/fxgl_dark.css
16:38:03.734 [FXGL Background Thread 1 ] DEBUG GameApplicationServi - Initializing application scenes
16:38:04.138 [FXGL Background Thread 1 ] DEBUG GameWorld            - Game world initialized
16:38:04.193 [FXGL Background Thread 1 ] DEBUG PhysicsWorld         - Physics world initialized: appHeight=800, physics.ppm=50.0
16:38:04.194 [FXGL Background Thread 1 ] DEBUG PhysicsWorld         - Using strategy: BRUTE_FORCE
16:38:04.200 [FXGL Background Thread 1 ] DEBUG GameScene            - Game scene initialized: 800x800
16:38:04.209 [FXGL Background Thread 1 ] DEBUG FXGL.DefaultMenu     - createMenuBodyGameMenu()
16:38:04.226 [FXGL Background Thread 1 ] DEBUG FXGL.DefaultMenu     - createOptionsMenu()
16:38:04.234 [FXGL Background Thread 1 ] DEBUG FXGLAssetLoaderServi - Loading from file system: jar:file:/Users/cody/.m2/repository/com/github/almasb/fxgl/11.16/fxgl-11.16.jar!/fxglassets/textures/particles/smoke.png
16:38:04.367 [FXGL Background Thread 1 ] DEBUG FXGLAssetLoaderServi - Loading from file system: jar:file:/Users/cody/.m2/repository/com/github/almasb/fxgl/11.16/fxgl-11.16.jar!/fxglassets/textures/particles/trace_horizontal.png
16:38:04.397 [FXGL Background Thread 1 ] DEBUG GameApplicationServi - Application scenes initialized
16:38:04.407 [FXGL Background Thread 1 ] DEBUG SystemBundleService  - Loading FXGL system data
16:38:04.411 [FXGL Background Thread 1 ] DEBUG FileSystemAccess     - Reading from: /Users/cody/Desktop/PokemonM/system/fxgl.bundle
16:38:04.418 [FXGL Background Thread 1 ] DEBUG SystemBundleService  - Bundle FXGL: {}
16:38:04.418 [FXGL Background Thread 1 ] DEBUG UpdaterService       - Checking for updates
16:38:04.429 [FXGL Background Thread 4 ] DEBUG FXGLApplication      - Loading fonts
16:38:04.430 [FXGL Background Thread 1 ] DEBUG FXGLApplication      - Loading default localization
16:38:04.433 [FXGL Background Thread 4 ] DEBUG FXGLAssetLoaderServi - Loading from file system: jar:file:/Users/cody/.m2/repository/com/github/almasb/fxgl/11.16/fxgl-11.16.jar!/fxglassets/ui/fonts/VarelaRound-Regular.ttf
16:38:04.434 [FXGL Background Thread 1 ] DEBUG FXGLAssetLoaderServi - Loading from file system: jar:file:/Users/cody/.m2/repository/com/github/almasb/fxgl/11.16/fxgl-11.16.jar!/fxglassets/languages/english.lang
16:38:04.470 [FXGL Background Thread 1 ] INFO  FXGLApplication      - FXGL initialization took: 1.118 sec
16:38:04.469 [FXGL Background Thread 4 ] DEBUG FXGLAssetLoaderServi - Loading from file system: jar:file:/Users/cody/.m2/repository/com/github/almasb/fxgl/11.16/fxgl-11.16.jar!/fxglassets/ui/fonts/Abel-Regular.ttf
16:38:04.481 [FXGL Background Thread 4 ] DEBUG FXGLAssetLoaderServi - Loading from file system: jar:file:/Users/cody/.m2/repository/com/github/almasb/fxgl/11.16/fxgl-11.16.jar!/fxglassets/ui/fonts/lucida_console.ttf
16:38:04.486 [JavaFX Application Thread] DEBUG Input                - Registered new binding: action0 - D
16:38:04.486 [FXGL Background Thread 4 ] DEBUG FXGLAssetLoaderServi - Loading from file system: jar:file:/Users/cody/.m2/repository/com/github/almasb/fxgl/11.16/fxgl-11.16.jar!/fxglassets/ui/fonts/Courier-Prime.ttf
16:38:04.487 [JavaFX Application Thread] DEBUG Input                - Registered new binding: action1 - A
16:38:04.487 [JavaFX Application Thread] DEBUG Input                - Registered new binding: action2 - W
16:38:04.488 [JavaFX Application Thread] DEBUG Input                - Registered new binding: action3 - S
16:38:04.488 [JavaFX Application Thread] DEBUG FXGLAssetLoaderServi - Loading from file system: jar:file:/Users/cody/.m2/repository/com/github/almasb/fxgl/11.16/fxgl-11.16.jar!/fxglassets/textures/fxgl_icon.png
16:38:04.534 [JavaFX Application Thread] DEBUG FXGLAssetLoaderServi - Loading from file system: jar:file:/Users/cody/.m2/repository/com/github/almasb/fxgl/11.16/fxgl-11.16.jar!/fxglassets/textures/fxgl_default_cursor.png
16:38:04.552 [JavaFX Application Thread] DEBUG Input                - Registered new binding: Screenshot - CTRL+8
16:38:04.554 [JavaFX Application Thread] DEBUG Input                - Registered new binding: System info dump - CTRL+9
16:38:04.554 [JavaFX Application Thread] DEBUG Input                - Registered new binding: Restart - CTRL+R
16:38:04.554 [JavaFX Application Thread] DEBUG Input                - Registered new binding: Toggle Debug Camera - CTRL+C
16:38:04.590 [JavaFX Application Thread] DEBUG LoopRunner           - Starting loop
16:38:04.592 [JavaFX Application Thread] DEBUG LoopRunner           - Initializing JavaFX AnimationTimerLoop
16:38:04.594 [JavaFX Application Thread] DEBUG GameApplicationServi - Starting new game
16:38:04.598 [JavaFX Application Thread] DEBUG Input                - Clearing active input actions
16:38:04.677 [JavaFX Application Thread] DEBUG GameApplicationServi - Removing overlay from FXGLStartupScene and adding to FXGLLoadingScene
16:38:04.680 [JavaFX Application Thread] DEBUG PrimaryStageWindow   - FXGLStartupScene -> FXGLLoadingScene
16:38:04.680 [JavaFX Application Thread] DEBUG GameApplicationServi - Clearing previous game
16:38:04.680 [JavaFX Application Thread] DEBUG GameScene            - Clearing game scene
16:38:04.680 [JavaFX Application Thread] DEBUG GameWorld            - Clearing game world
16:38:04.680 [JavaFX Application Thread] DEBUG PhysicsWorld         - Clearing physics world
16:38:04.692 [FXGL Background Thread 4 ] DEBUG FXGLApplication      - Initializing game
16:38:04.733 [JavaFX Application Thread] DEBUG FXGLApplication      - Registering font factories with UI factory
16:38:04.835 [FXGL Background Thread 4 ] INFO  FXGLApplication      - Game initialization took: 0.134 sec
16:38:04.900 [JavaFX Application Thread] DEBUG Input                - Clearing active input actions
16:38:04.931 [JavaFX Application Thread] DEBUG GameApplicationServi - Removing overlay from FXGLLoadingScene and adding to GameScene
16:38:04.933 [JavaFX Application Thread] DEBUG PrimaryStageWindow   - FXGLLoadingScene -> GameScene
16:38:05.284 [FXGL Background Thread 2 ] INFO  UpdaterService       - Your current version:  11.16
16:38:05.287 [FXGL Background Thread 2 ] INFO  UpdaterService       - Latest stable version: 11.17
16:38:06.875 [JavaFX Application Thread] DEBUG PrimaryStageWindow   - Push state: battleScreen
16:38:06.876 [JavaFX Application Thread] DEBUG Input                - Clearing active input actions
16:38:06.890 [JavaFX Application Thread] DEBUG GameApplicationServi - Removing overlay from GameScene and adding to battleScreen
16:38:06.893 [JavaFX Application Thread] DEBUG PrimaryStageWindow   - GameScene -> battleScreen
16:38:07.432 [FXGL Background Thread 3 ] DEBUG Engine               - Logging environment variables
16:38:07.434 [FXGL Background Thread 3 ] DEBUG Engine               - achievements: []
16:38:07.435 [FXGL Background Thread 3 ] DEBUG Engine               - actualHeight: 800.0
16:38:07.435 [FXGL Background Thread 3 ] DEBUG Engine               - actualHeightProperty: ReadOnlyDoubleProperty [value: 800.0]
16:38:07.435 [FXGL Background Thread 3 ] DEBUG Engine               - actualWidth: 800.0
16:38:07.435 [FXGL Background Thread 3 ] DEBUG Engine               - actualWidthProperty: ReadOnlyDoubleProperty [value: 800.0]
16:38:07.435 [FXGL Background Thread 3 ] DEBUG Engine               - appIcon: fxgl_icon.png
16:38:07.435 [FXGL Background Thread 3 ] DEBUG Engine               - applicationMode: DEVELOPER
16:38:07.435 [FXGL Background Thread 3 ] DEBUG Engine               - cSSList: [fxgl_dark.css]
16:38:07.435 [FXGL Background Thread 3 ] DEBUG Engine               - collisionDetectionStrategy: BRUTE_FORCE
16:38:07.435 [FXGL Background Thread 3 ] DEBUG Engine               - configClass: Optional.empty
16:38:07.435 [FXGL Background Thread 3 ] DEBUG Engine               - credits: []
16:38:07.436 [FXGL Background Thread 3 ] DEBUG Engine               - defaultCursor: CursorInfo(imageName=fxgl_default_cursor.png, hotspotX=7.0, hotspotY=6.0)
16:38:07.440 [FXGL Background Thread 3 ] DEBUG Engine               - devBBoxColorProperty: ObjectProperty [value: 0xff0000ff]
16:38:07.443 [FXGL Background Thread 3 ] DEBUG Engine               - devEnableDebugCameraProperty: BooleanProperty [value: false]
16:38:07.445 [FXGL Background Thread 3 ] DEBUG Engine               - devSensorColorProperty: ObjectProperty [value: 0xffff00ff]
16:38:07.447 [FXGL Background Thread 3 ] DEBUG Engine               - devShowBBoxProperty: BooleanProperty [value: false]
16:38:07.447 [FXGL Background Thread 3 ] DEBUG Engine               - devShowPositionProperty: BooleanProperty [value: false]
16:38:07.447 [FXGL Background Thread 3 ] DEBUG Engine               - enabledMenuItems: []
16:38:07.447 [FXGL Background Thread 3 ] DEBUG Engine               - engineServices: [class com.almasb.fxgl.app.services.FXGLAssetLoaderService, class com.almasb.fxgl.app.FXGLApplication$GameApplicationService, class com.almasb.fxgl.app.services.FXGLDialogService, class com.almasb.fxgl.app.services.IOTaskExecutorService, class com.almasb.fxgl.io.FileSystemService, class com.almasb.fxgl.localization.LocalizationService, class com.almasb.fxgl.app.services.SystemBundleService, class com.almasb.fxgl.profile.SaveLoadService, class com.almasb.fxgl.ui.FXGLUIFactoryServiceProvider, class com.almasb.fxgl.ui.FXGLDialogFactoryServiceProvider, class com.almasb.fxgl.audio.AudioPlayer, class com.almasb.fxgl.notification.impl.NotificationServiceProvider, class com.almasb.fxgl.achievement.AchievementService, class com.almasb.fxgl.cutscene.CutsceneService, class com.almasb.fxgl.minigames.MiniGameService, class com.almasb.fxgl.net.NetService, class com.almasb.fxgl.app.services.UpdaterService, class com.almasb.fxgl.dev.DevService]
16:38:07.447 [FXGL Background Thread 3 ] DEBUG Engine               - fontGame: Abel-Regular.ttf
16:38:07.447 [FXGL Background Thread 3 ] DEBUG Engine               - fontMono: lucida_console.ttf
16:38:07.447 [FXGL Background Thread 3 ] DEBUG Engine               - fontText: Courier-Prime.ttf
16:38:07.448 [FXGL Background Thread 3 ] DEBUG Engine               - fontUI: VarelaRound-Regular.ttf
16:38:07.448 [FXGL Background Thread 3 ] DEBUG Engine               - fullScreen: BooleanProperty [value: false]
16:38:07.448 [FXGL Background Thread 3 ] DEBUG Engine               - gameDifficulty: MEDIUM
16:38:07.448 [FXGL Background Thread 3 ] DEBUG Engine               - gameDifficultyProperty: ObjectProperty [value: MEDIUM]
16:38:07.448 [FXGL Background Thread 3 ] DEBUG Engine               - globalMusicVolume: 0.5
16:38:07.448 [FXGL Background Thread 3 ] DEBUG Engine               - globalMusicVolumeProperty: DoubleProperty [value: 0.5]
16:38:07.448 [FXGL Background Thread 3 ] DEBUG Engine               - globalSoundVolume: 0.5
16:38:07.448 [FXGL Background Thread 3 ] DEBUG Engine               - globalSoundVolumeProperty: DoubleProperty [value: 0.5]
16:38:07.448 [FXGL Background Thread 3 ] DEBUG Engine               - height: 800
16:38:07.448 [FXGL Background Thread 3 ] DEBUG Engine               - is3D: false
16:38:07.448 [FXGL Background Thread 3 ] DEBUG Engine               - isAndroid: false
16:38:07.449 [FXGL Background Thread 3 ] DEBUG Engine               - isBrowser: false
16:38:07.450 [FXGL Background Thread 3 ] DEBUG Engine               - isClickFeedbackEnabled: false
16:38:07.451 [FXGL Background Thread 3 ] DEBUG Engine               - isCloseConfirmation: false
16:38:07.452 [FXGL Background Thread 3 ] DEBUG Engine               - isDesktop: true
16:38:07.452 [FXGL Background Thread 3 ] DEBUG Engine               - isDeveloperMenuEnabled: false
16:38:07.452 [FXGL Background Thread 3 ] DEBUG Engine               - isEntityPreloadEnabled: true
16:38:07.452 [FXGL Background Thread 3 ] DEBUG Engine               - isExperimentalTiledLargeMap: false
16:38:07.452 [FXGL Background Thread 3 ] DEBUG Engine               - isFileSystemWriteAllowed: true
16:38:07.452 [FXGL Background Thread 3 ] DEBUG Engine               - isFullScreenAllowed: false
16:38:07.452 [FXGL Background Thread 3 ] DEBUG Engine               - isFullScreenFromStart: false
16:38:07.453 [FXGL Background Thread 3 ] DEBUG Engine               - isGameMenuEnabled: true
16:38:07.453 [FXGL Background Thread 3 ] DEBUG Engine               - isIOS: false
16:38:07.453 [FXGL Background Thread 3 ] DEBUG Engine               - isIntroEnabled: false
16:38:07.453 [FXGL Background Thread 3 ] DEBUG Engine               - isLinux: false
16:38:07.453 [FXGL Background Thread 3 ] DEBUG Engine               - isMac: true
16:38:07.453 [FXGL Background Thread 3 ] DEBUG Engine               - isMainMenuEnabled: false
16:38:07.454 [FXGL Background Thread 3 ] DEBUG Engine               - isManualResizeEnabled: false
16:38:07.455 [FXGL Background Thread 3 ] DEBUG Engine               - isMobile: false
16:38:07.455 [FXGL Background Thread 3 ] DEBUG Engine               - isNative: false
16:38:07.458 [FXGL Background Thread 3 ] DEBUG Engine               - isPreserveResizeRatio: false
16:38:07.460 [FXGL Background Thread 3 ] DEBUG Engine               - isProfilingEnabled: false
16:38:07.460 [FXGL Background Thread 3 ] DEBUG Engine               - isScaleAffectedOnResize: true
16:38:07.460 [FXGL Background Thread 3 ] DEBUG Engine               - isSingleStep: false
16:38:07.460 [FXGL Background Thread 3 ] DEBUG Engine               - isUserProfileEnabled: false
16:38:07.460 [FXGL Background Thread 3 ] DEBUG Engine               - isWindows: false
16:38:07.460 [FXGL Background Thread 3 ] DEBUG Engine               - language: ObjectProperty [value: ENGLISH]
16:38:07.460 [FXGL Background Thread 3 ] DEBUG Engine               - menuKey: ESCAPE
16:38:07.460 [FXGL Background Thread 3 ] DEBUG Engine               - mouseSensitivity: 0.2
16:38:07.460 [FXGL Background Thread 3 ] DEBUG Engine               - notificationViewClass: class com.almasb.fxgl.notification.view.XboxNotificationView
16:38:07.460 [FXGL Background Thread 3 ] DEBUG Engine               - pixelsPerMeter: 50.0
16:38:07.460 [FXGL Background Thread 3 ] DEBUG Engine               - platform: MAC
16:38:07.461 [FXGL Background Thread 3 ] DEBUG Engine               - prefHeightProperty: ReadOnlyDoubleProperty [value: 800.0]
16:38:07.461 [FXGL Background Thread 3 ] DEBUG Engine               - prefWidthProperty: ReadOnlyDoubleProperty [value: 800.0]
16:38:07.461 [FXGL Background Thread 3 ] DEBUG Engine               - profileDir: profiles/
16:38:07.461 [FXGL Background Thread 3 ] DEBUG Engine               - profileName: StringProperty [value: DEFAULT]
16:38:07.461 [FXGL Background Thread 3 ] DEBUG Engine               - randomSeed: -1
16:38:07.461 [FXGL Background Thread 3 ] DEBUG Engine               - runtimeInfo: RuntimeInfo(platform=MAC, version=11.16, build=25.05.2021 08.16)
16:38:07.461 [FXGL Background Thread 3 ] DEBUG Engine               - saveFileExt: sav
16:38:07.461 [FXGL Background Thread 3 ] DEBUG Engine               - scaledHeightProp$fxgl: DoubleProperty [bound, value: 800.0]
16:38:07.461 [FXGL Background Thread 3 ] DEBUG Engine               - scaledWidthProp$fxgl: DoubleProperty [bound, value: 800.0]
16:38:07.461 [FXGL Background Thread 3 ] DEBUG Engine               - sceneFactory: com.almasb.fxgl.app.scene.SceneFactory@e56bd1
16:38:07.461 [FXGL Background Thread 3 ] DEBUG Engine               - secondsIn24h: 60
16:38:07.461 [FXGL Background Thread 3 ] DEBUG Engine               - soundMenuBack: menu/back.wav
16:38:07.461 [FXGL Background Thread 3 ] DEBUG Engine               - soundMenuPress: menu/press.wav
16:38:07.461 [FXGL Background Thread 3 ] DEBUG Engine               - soundMenuSelect: menu/select.wav
16:38:07.461 [FXGL Background Thread 3 ] DEBUG Engine               - soundNotification: core/notification.wav
16:38:07.461 [FXGL Background Thread 3 ] DEBUG Engine               - stageStyle: DECORATED
16:38:07.461 [FXGL Background Thread 3 ] DEBUG Engine               - supportedLanguages: [ENGLISH, FRENCH, GERMAN, HUNGARIAN, RUSSIAN]
16:38:07.461 [FXGL Background Thread 3 ] DEBUG Engine               - ticksPerSecond: -1
16:38:07.461 [FXGL Background Thread 3 ] DEBUG Engine               - title: Pokemon
16:38:07.461 [FXGL Background Thread 3 ] DEBUG Engine               - urlGithub: https://github.com/AlmasB/FXGL
16:38:07.461 [FXGL Background Thread 3 ] DEBUG Engine               - urlLeaderboard: http://fxgl-top.herokuapp.com/
16:38:07.461 [FXGL Background Thread 3 ] DEBUG Engine               - urlPOM: https://raw.githubusercontent.com/AlmasB/FXGL/release/README.md
16:38:07.461 [FXGL Background Thread 3 ] DEBUG Engine               - userAppClass: class App.Overworld
16:38:07.462 [FXGL Background Thread 3 ] DEBUG Engine               - version: Beta 0.1
16:38:07.462 [FXGL Background Thread 3 ] DEBUG Engine               - versionCheckDays: 7
16:38:07.462 [FXGL Background Thread 3 ] DEBUG Engine               - width: 800
16:38:07.462 [FXGL Background Thread 3 ] DEBUG Engine               - Logging services
16:38:07.462 [FXGL Background Thread 3 ] DEBUG Engine               - class com.almasb.fxgl.app.services.FXGLAssetLoaderService
16:38:07.462 [FXGL Background Thread 3 ] DEBUG Engine               - class com.almasb.fxgl.app.FXGLApplication$GameApplicationService
16:38:07.462 [FXGL Background Thread 3 ] DEBUG Engine               - class com.almasb.fxgl.app.services.FXGLDialogService
16:38:07.462 [FXGL Background Thread 3 ] DEBUG Engine               - class com.almasb.fxgl.app.services.IOTaskExecutorService
16:38:07.463 [FXGL Background Thread 3 ] DEBUG Engine               - class com.almasb.fxgl.io.FileSystemService
16:38:07.463 [FXGL Background Thread 3 ] DEBUG Engine               - class com.almasb.fxgl.localization.LocalizationService
16:38:07.463 [FXGL Background Thread 3 ] DEBUG Engine               - class com.almasb.fxgl.app.services.SystemBundleService
16:38:07.463 [FXGL Background Thread 3 ] DEBUG Engine               - class com.almasb.fxgl.profile.SaveLoadService
16:38:07.463 [FXGL Background Thread 3 ] DEBUG Engine               - class com.almasb.fxgl.ui.FXGLUIFactoryServiceProvider
16:38:07.463 [FXGL Background Thread 3 ] DEBUG Engine               - class com.almasb.fxgl.ui.FXGLDialogFactoryServiceProvider
16:38:07.463 [FXGL Background Thread 3 ] DEBUG Engine               - class com.almasb.fxgl.audio.AudioPlayer
16:38:07.463 [FXGL Background Thread 3 ] DEBUG Engine               - class com.almasb.fxgl.notification.impl.NotificationServiceProvider
16:38:07.463 [FXGL Background Thread 3 ] DEBUG Engine               - class com.almasb.fxgl.achievement.AchievementService
16:38:07.463 [FXGL Background Thread 3 ] DEBUG Engine               - class com.almasb.fxgl.cutscene.CutsceneService
16:38:07.463 [FXGL Background Thread 3 ] DEBUG Engine               - class com.almasb.fxgl.minigames.MiniGameService
16:38:07.463 [FXGL Background Thread 3 ] DEBUG Engine               - class com.almasb.fxgl.net.NetService
16:38:07.463 [FXGL Background Thread 3 ] DEBUG Engine               - class com.almasb.fxgl.app.services.UpdaterService
16:38:07.463 [FXGL Background Thread 3 ] DEBUG Engine               - class com.almasb.fxgl.dev.DevService
16:38:46.925 [JavaFX Application Thread] DEBUG FXGLApplication      - Exiting FXGL
16:38:46.945 [JavaFX Application Thread] DEBUG LoopRunner           - Stopping loop
16:38:46.946 [JavaFX Application Thread] DEBUG SystemBundleService  - Saving FXGL system data
16:38:46.968 [JavaFX Application Thread] DEBUG FileSystemAccess     - Writing to: /Users/cody/Desktop/PokemonM/system/fxgl.bundle
16:38:46.977 [JavaFX Application Thread] DEBUG Async                - Shutting down background threads
16:38:46.979 [JavaFX Application Thread] DEBUG PrimaryStageWindow   - Closing main window
16:38:47.010 [JavaFX Application Thread] DEBUG Logger               - Closing Logger
