13:01:30.141 [main                     ] DEBUG Logger               - Configured Logger
13:01:30.173 [main                     ] DEBUG GameApplication      - Logging settings
Title: Pokemon
Version: Beta 0.1
Width: 800
Height: 800
Fullscreen: false
Intro: false
Profiling: false
Single step:false
App Mode: DEVELOPER
Menu Key: ESCAPE
Stage Style: DECORATED
Scene Factory: class com.almasb.fxgl.app.scene.SceneFactory

13:01:30.742 [JavaFX Application Thread] DEBUG FXGLApplication      - Initializing FXGL
13:01:30.745 [JavaFX Application Thread] INFO  Engine               - FXGL-11.16 (25.05.2021 08.16) on MAC (J:11.0.12 FX:16)
13:01:30.746 [JavaFX Application Thread] DEBUG Engine               - JRE Vendor Name: Oracle Corporation
13:01:30.746 [JavaFX Application Thread] DEBUG Engine               - Running on OS: Mac OS X version 11.3
13:01:30.746 [JavaFX Application Thread] DEBUG Engine               - Architecture: x86_64
13:01:30.746 [JavaFX Application Thread] INFO  Engine               - Source code and latest versions at: https://github.com/AlmasB/FXGL
13:01:30.746 [JavaFX Application Thread] INFO  Engine               -              Join the FXGL chat at: https://gitter.im/AlmasB/FXGL
13:01:30.911 [JavaFX Application Thread] DEBUG PrimaryStageWindow   - Creating a JavaFX scene
13:01:30.997 [JavaFX Application Thread] DEBUG PrimaryStageWindow   - Target settings size: 800.0 x 800.0
13:01:30.997 [JavaFX Application Thread] DEBUG PrimaryStageWindow   - Scaled scene size:    800.0 x 800.0
13:01:30.998 [JavaFX Application Thread] DEBUG PrimaryStageWindow   - Scaled ratio: (1.0, 1.0)
13:01:30.998 [JavaFX Application Thread] DEBUG PrimaryStageWindow   - Set initial scene to FXGLStartupScene
13:01:31.003 [JavaFX Application Thread] DEBUG PrimaryStageWindow   - Opening main window
13:01:31.174 [JavaFX Application Thread] DEBUG PrimaryStageWindow   - Window border size: (0.0, 28.0)
13:01:31.175 [JavaFX Application Thread] DEBUG PrimaryStageWindow   - Scaled size: 800.0 x 800.0
13:01:31.175 [JavaFX Application Thread] DEBUG PrimaryStageWindow   - Scaled ratio: (1.0, 1.0)
13:01:31.176 [JavaFX Application Thread] DEBUG PrimaryStageWindow   - Scene size: 800.0 x 800.0
13:01:31.176 [JavaFX Application Thread] DEBUG PrimaryStageWindow   - Stage size: 800.0 x 828.0
13:01:31.188 [FXGL Background Thread 1 ] DEBUG Engine               - Initializing environment variables
13:01:31.327 [FXGL Background Thread 1 ] DEBUG FXGLAssetLoaderServi - User app class for loading assets: class App.Overworld
13:01:31.330 [FXGL Background Thread 1 ] DEBUG GameApplicationServi - Applying CSS: fxgl_dark.css
13:01:31.333 [FXGL Background Thread 1 ] DEBUG FXGLAssetLoaderServi - Loading from file system: jar:file:/Users/cody/.m2/repository/com/github/almasb/fxgl/11.16/fxgl-11.16.jar!/fxglassets/ui/css/fxgl_dark.css
13:01:31.412 [FXGL Background Thread 1 ] DEBUG GameApplicationServi - Initializing application scenes
13:01:31.786 [FXGL Background Thread 1 ] DEBUG GameWorld            - Game world initialized
13:01:31.832 [FXGL Background Thread 1 ] DEBUG PhysicsWorld         - Physics world initialized: appHeight=800, physics.ppm=50.0
13:01:31.833 [FXGL Background Thread 1 ] DEBUG PhysicsWorld         - Using strategy: BRUTE_FORCE
13:01:31.839 [FXGL Background Thread 1 ] DEBUG GameScene            - Game scene initialized: 800x800
13:01:31.846 [FXGL Background Thread 1 ] DEBUG FXGL.DefaultMenu     - createMenuBodyGameMenu()
13:01:31.863 [FXGL Background Thread 1 ] DEBUG FXGL.DefaultMenu     - createOptionsMenu()
13:01:31.873 [FXGL Background Thread 1 ] DEBUG FXGLAssetLoaderServi - Loading from file system: jar:file:/Users/cody/.m2/repository/com/github/almasb/fxgl/11.16/fxgl-11.16.jar!/fxglassets/textures/particles/smoke.png
13:01:32.026 [FXGL Background Thread 1 ] DEBUG FXGLAssetLoaderServi - Loading from file system: jar:file:/Users/cody/.m2/repository/com/github/almasb/fxgl/11.16/fxgl-11.16.jar!/fxglassets/textures/particles/trace_horizontal.png
13:01:32.053 [FXGL Background Thread 1 ] DEBUG GameApplicationServi - Application scenes initialized
13:01:32.063 [FXGL Background Thread 1 ] DEBUG SystemBundleService  - Loading FXGL system data
13:01:32.068 [FXGL Background Thread 1 ] DEBUG FileSystemAccess     - Reading from: /Users/cody/Desktop/PokemonM/system/fxgl.bundle
13:01:32.076 [FXGL Background Thread 1 ] DEBUG SystemBundleService  - Bundle FXGL: {}
13:01:32.076 [FXGL Background Thread 1 ] DEBUG UpdaterService       - Checking for updates
13:01:32.081 [FXGL Background Thread 4 ] DEBUG FXGLApplication      - Loading fonts
13:01:32.082 [FXGL Background Thread 1 ] DEBUG FXGLApplication      - Loading default localization
13:01:32.085 [FXGL Background Thread 4 ] DEBUG FXGLAssetLoaderServi - Loading from file system: jar:file:/Users/cody/.m2/repository/com/github/almasb/fxgl/11.16/fxgl-11.16.jar!/fxglassets/ui/fonts/VarelaRound-Regular.ttf
13:01:32.085 [FXGL Background Thread 1 ] DEBUG FXGLAssetLoaderServi - Loading from file system: jar:file:/Users/cody/.m2/repository/com/github/almasb/fxgl/11.16/fxgl-11.16.jar!/fxglassets/languages/english.lang
13:01:32.115 [FXGL Background Thread 1 ] INFO  FXGLApplication      - FXGL initialization took: 0.922 sec
13:01:32.125 [FXGL Background Thread 4 ] DEBUG FXGLAssetLoaderServi - Loading from file system: jar:file:/Users/cody/.m2/repository/com/github/almasb/fxgl/11.16/fxgl-11.16.jar!/fxglassets/ui/fonts/Abel-Regular.ttf
13:01:32.131 [JavaFX Application Thread] DEBUG Input                - Registered new binding: action0 - D
13:01:32.132 [FXGL Background Thread 4 ] DEBUG FXGLAssetLoaderServi - Loading from file system: jar:file:/Users/cody/.m2/repository/com/github/almasb/fxgl/11.16/fxgl-11.16.jar!/fxglassets/ui/fonts/lucida_console.ttf
13:01:32.135 [JavaFX Application Thread] DEBUG Input                - Registered new binding: action1 - A
13:01:32.136 [JavaFX Application Thread] DEBUG Input                - Registered new binding: action2 - W
13:01:32.138 [JavaFX Application Thread] DEBUG Input                - Registered new binding: action3 - S
13:01:32.140 [FXGL Background Thread 4 ] DEBUG FXGLAssetLoaderServi - Loading from file system: jar:file:/Users/cody/.m2/repository/com/github/almasb/fxgl/11.16/fxgl-11.16.jar!/fxglassets/ui/fonts/Courier-Prime.ttf
13:01:32.144 [JavaFX Application Thread] DEBUG FXGLAssetLoaderServi - Loading from file system: jar:file:/Users/cody/.m2/repository/com/github/almasb/fxgl/11.16/fxgl-11.16.jar!/fxglassets/textures/fxgl_icon.png
13:01:32.196 [JavaFX Application Thread] DEBUG FXGLAssetLoaderServi - Loading from file system: jar:file:/Users/cody/.m2/repository/com/github/almasb/fxgl/11.16/fxgl-11.16.jar!/fxglassets/textures/fxgl_default_cursor.png
13:01:32.205 [JavaFX Application Thread] DEBUG Input                - Registered new binding: Screenshot - CTRL+8
13:01:32.206 [JavaFX Application Thread] DEBUG Input                - Registered new binding: System info dump - CTRL+9
13:01:32.206 [JavaFX Application Thread] DEBUG Input                - Registered new binding: Restart - CTRL+R
13:01:32.206 [JavaFX Application Thread] DEBUG Input                - Registered new binding: Toggle Debug Camera - CTRL+C
13:01:32.211 [JavaFX Application Thread] DEBUG LoopRunner           - Starting loop
13:01:32.211 [JavaFX Application Thread] DEBUG LoopRunner           - Initializing JavaFX AnimationTimerLoop
13:01:32.213 [JavaFX Application Thread] DEBUG GameApplicationServi - Starting new game
13:01:32.215 [JavaFX Application Thread] DEBUG Input                - Clearing active input actions
13:01:32.270 [JavaFX Application Thread] DEBUG GameApplicationServi - Removing overlay from FXGLStartupScene and adding to FXGLLoadingScene
13:01:32.272 [JavaFX Application Thread] DEBUG PrimaryStageWindow   - FXGLStartupScene -> FXGLLoadingScene
13:01:32.272 [JavaFX Application Thread] DEBUG GameApplicationServi - Clearing previous game
13:01:32.272 [JavaFX Application Thread] DEBUG GameScene            - Clearing game scene
13:01:32.272 [JavaFX Application Thread] DEBUG GameWorld            - Clearing game world
13:01:32.272 [JavaFX Application Thread] DEBUG PhysicsWorld         - Clearing physics world
13:01:32.275 [FXGL Background Thread 4 ] DEBUG FXGLApplication      - Initializing game
13:01:32.312 [JavaFX Application Thread] DEBUG FXGLApplication      - Registering font factories with UI factory
13:01:32.448 [FXGL Background Thread 4 ] INFO  FXGLApplication      - Game initialization took: 0.167 sec
13:01:32.500 [JavaFX Application Thread] DEBUG Input                - Clearing active input actions
13:01:32.572 [JavaFX Application Thread] DEBUG GameApplicationServi - Removing overlay from FXGLLoadingScene and adding to GameScene
13:01:32.574 [JavaFX Application Thread] DEBUG PrimaryStageWindow   - FXGLLoadingScene -> GameScene
13:01:33.062 [FXGL Background Thread 2 ] INFO  UpdaterService       - Your current version:  11.16
13:01:33.069 [FXGL Background Thread 2 ] INFO  UpdaterService       - Latest stable version: 11.17
13:01:35.083 [FXGL Background Thread 3 ] DEBUG Engine               - Logging environment variables
13:01:35.102 [FXGL Background Thread 3 ] DEBUG Engine               - achievements: []
13:01:35.104 [FXGL Background Thread 3 ] DEBUG Engine               - actualHeight: 800.0
13:01:35.105 [FXGL Background Thread 3 ] DEBUG Engine               - actualHeightProperty: ReadOnlyDoubleProperty [value: 800.0]
13:01:35.105 [FXGL Background Thread 3 ] DEBUG Engine               - actualWidth: 800.0
13:01:35.105 [FXGL Background Thread 3 ] DEBUG Engine               - actualWidthProperty: ReadOnlyDoubleProperty [value: 800.0]
13:01:35.105 [FXGL Background Thread 3 ] DEBUG Engine               - appIcon: fxgl_icon.png
13:01:35.105 [FXGL Background Thread 3 ] DEBUG Engine               - applicationMode: DEVELOPER
13:01:35.105 [FXGL Background Thread 3 ] DEBUG Engine               - cSSList: [fxgl_dark.css]
13:01:35.105 [FXGL Background Thread 3 ] DEBUG Engine               - collisionDetectionStrategy: BRUTE_FORCE
13:01:35.105 [FXGL Background Thread 3 ] DEBUG Engine               - configClass: Optional.empty
13:01:35.105 [FXGL Background Thread 3 ] DEBUG Engine               - credits: []
13:01:35.106 [FXGL Background Thread 3 ] DEBUG Engine               - defaultCursor: CursorInfo(imageName=fxgl_default_cursor.png, hotspotX=7.0, hotspotY=6.0)
13:01:35.108 [FXGL Background Thread 3 ] DEBUG Engine               - devBBoxColorProperty: ObjectProperty [value: 0xff0000ff]
13:01:35.111 [FXGL Background Thread 3 ] DEBUG Engine               - devEnableDebugCameraProperty: BooleanProperty [value: false]
13:01:35.112 [FXGL Background Thread 3 ] DEBUG Engine               - devSensorColorProperty: ObjectProperty [value: 0xffff00ff]
13:01:35.112 [FXGL Background Thread 3 ] DEBUG Engine               - devShowBBoxProperty: BooleanProperty [value: false]
13:01:35.113 [FXGL Background Thread 3 ] DEBUG Engine               - devShowPositionProperty: BooleanProperty [value: false]
13:01:35.113 [FXGL Background Thread 3 ] DEBUG Engine               - enabledMenuItems: []
13:01:35.113 [FXGL Background Thread 3 ] DEBUG Engine               - engineServices: [class com.almasb.fxgl.app.services.FXGLAssetLoaderService, class com.almasb.fxgl.app.FXGLApplication$GameApplicationService, class com.almasb.fxgl.app.services.FXGLDialogService, class com.almasb.fxgl.app.services.IOTaskExecutorService, class com.almasb.fxgl.io.FileSystemService, class com.almasb.fxgl.localization.LocalizationService, class com.almasb.fxgl.app.services.SystemBundleService, class com.almasb.fxgl.profile.SaveLoadService, class com.almasb.fxgl.ui.FXGLUIFactoryServiceProvider, class com.almasb.fxgl.ui.FXGLDialogFactoryServiceProvider, class com.almasb.fxgl.audio.AudioPlayer, class com.almasb.fxgl.notification.impl.NotificationServiceProvider, class com.almasb.fxgl.achievement.AchievementService, class com.almasb.fxgl.cutscene.CutsceneService, class com.almasb.fxgl.minigames.MiniGameService, class com.almasb.fxgl.net.NetService, class com.almasb.fxgl.app.services.UpdaterService, class com.almasb.fxgl.dev.DevService]
13:01:35.113 [FXGL Background Thread 3 ] DEBUG Engine               - fontGame: Abel-Regular.ttf
13:01:35.113 [FXGL Background Thread 3 ] DEBUG Engine               - fontMono: lucida_console.ttf
13:01:35.113 [FXGL Background Thread 3 ] DEBUG Engine               - fontText: Courier-Prime.ttf
13:01:35.113 [FXGL Background Thread 3 ] DEBUG Engine               - fontUI: VarelaRound-Regular.ttf
13:01:35.113 [FXGL Background Thread 3 ] DEBUG Engine               - fullScreen: BooleanProperty [value: false]
13:01:35.113 [FXGL Background Thread 3 ] DEBUG Engine               - gameDifficulty: MEDIUM
13:01:35.113 [FXGL Background Thread 3 ] DEBUG Engine               - gameDifficultyProperty: ObjectProperty [value: MEDIUM]
13:01:35.113 [FXGL Background Thread 3 ] DEBUG Engine               - globalMusicVolume: 0.5
13:01:35.113 [FXGL Background Thread 3 ] DEBUG Engine               - globalMusicVolumeProperty: DoubleProperty [value: 0.5]
13:01:35.113 [FXGL Background Thread 3 ] DEBUG Engine               - globalSoundVolume: 0.5
13:01:35.114 [FXGL Background Thread 3 ] DEBUG Engine               - globalSoundVolumeProperty: DoubleProperty [value: 0.5]
13:01:35.114 [FXGL Background Thread 3 ] DEBUG Engine               - height: 800
13:01:35.114 [FXGL Background Thread 3 ] DEBUG Engine               - is3D: false
13:01:35.114 [FXGL Background Thread 3 ] DEBUG Engine               - isAndroid: false
13:01:35.114 [FXGL Background Thread 3 ] DEBUG Engine               - isBrowser: false
13:01:35.114 [FXGL Background Thread 3 ] DEBUG Engine               - isClickFeedbackEnabled: false
13:01:35.115 [FXGL Background Thread 3 ] DEBUG Engine               - isCloseConfirmation: false
13:01:35.115 [FXGL Background Thread 3 ] DEBUG Engine               - isDesktop: true
13:01:35.115 [FXGL Background Thread 3 ] DEBUG Engine               - isDeveloperMenuEnabled: false
13:01:35.115 [FXGL Background Thread 3 ] DEBUG Engine               - isEntityPreloadEnabled: true
13:01:35.115 [FXGL Background Thread 3 ] DEBUG Engine               - isExperimentalTiledLargeMap: false
13:01:35.115 [FXGL Background Thread 3 ] DEBUG Engine               - isFileSystemWriteAllowed: true
13:01:35.118 [FXGL Background Thread 3 ] DEBUG Engine               - isFullScreenAllowed: false
13:01:35.119 [FXGL Background Thread 3 ] DEBUG Engine               - isFullScreenFromStart: false
13:01:35.119 [FXGL Background Thread 3 ] DEBUG Engine               - isGameMenuEnabled: true
13:01:35.119 [FXGL Background Thread 3 ] DEBUG Engine               - isIOS: false
13:01:35.119 [FXGL Background Thread 3 ] DEBUG Engine               - isIntroEnabled: false
13:01:35.119 [FXGL Background Thread 3 ] DEBUG Engine               - isLinux: false
13:01:35.119 [FXGL Background Thread 3 ] DEBUG Engine               - isMac: true
13:01:35.119 [FXGL Background Thread 3 ] DEBUG Engine               - isMainMenuEnabled: false
13:01:35.119 [FXGL Background Thread 3 ] DEBUG Engine               - isManualResizeEnabled: false
13:01:35.119 [FXGL Background Thread 3 ] DEBUG Engine               - isMobile: false
13:01:35.119 [FXGL Background Thread 3 ] DEBUG Engine               - isNative: false
13:01:35.119 [FXGL Background Thread 3 ] DEBUG Engine               - isPreserveResizeRatio: false
13:01:35.119 [FXGL Background Thread 3 ] DEBUG Engine               - isProfilingEnabled: false
13:01:35.120 [FXGL Background Thread 3 ] DEBUG Engine               - isScaleAffectedOnResize: true
13:01:35.123 [FXGL Background Thread 3 ] DEBUG Engine               - isSingleStep: false
13:01:35.123 [FXGL Background Thread 3 ] DEBUG Engine               - isUserProfileEnabled: false
13:01:35.123 [FXGL Background Thread 3 ] DEBUG Engine               - isWindows: false
13:01:35.123 [FXGL Background Thread 3 ] DEBUG Engine               - language: ObjectProperty [value: ENGLISH]
13:01:35.123 [FXGL Background Thread 3 ] DEBUG Engine               - menuKey: ESCAPE
13:01:35.123 [FXGL Background Thread 3 ] DEBUG Engine               - mouseSensitivity: 0.2
13:01:35.123 [FXGL Background Thread 3 ] DEBUG Engine               - notificationViewClass: class com.almasb.fxgl.notification.view.XboxNotificationView
13:01:35.123 [FXGL Background Thread 3 ] DEBUG Engine               - pixelsPerMeter: 50.0
13:01:35.123 [FXGL Background Thread 3 ] DEBUG Engine               - platform: MAC
13:01:35.123 [FXGL Background Thread 3 ] DEBUG Engine               - prefHeightProperty: ReadOnlyDoubleProperty [value: 800.0]
13:01:35.124 [FXGL Background Thread 3 ] DEBUG Engine               - prefWidthProperty: ReadOnlyDoubleProperty [value: 800.0]
13:01:35.124 [FXGL Background Thread 3 ] DEBUG Engine               - profileDir: profiles/
13:01:35.124 [FXGL Background Thread 3 ] DEBUG Engine               - profileName: StringProperty [value: DEFAULT]
13:01:35.124 [FXGL Background Thread 3 ] DEBUG Engine               - randomSeed: -1
13:01:35.124 [FXGL Background Thread 3 ] DEBUG Engine               - runtimeInfo: RuntimeInfo(platform=MAC, version=11.16, build=25.05.2021 08.16)
13:01:35.124 [FXGL Background Thread 3 ] DEBUG Engine               - saveFileExt: sav
13:01:35.124 [FXGL Background Thread 3 ] DEBUG Engine               - scaledHeightProp$fxgl: DoubleProperty [bound, value: 800.0]
13:01:35.124 [FXGL Background Thread 3 ] DEBUG Engine               - scaledWidthProp$fxgl: DoubleProperty [bound, value: 800.0]
13:01:35.124 [FXGL Background Thread 3 ] DEBUG Engine               - sceneFactory: com.almasb.fxgl.app.scene.SceneFactory@319ce358
13:01:35.124 [FXGL Background Thread 3 ] DEBUG Engine               - secondsIn24h: 60
13:01:35.124 [FXGL Background Thread 3 ] DEBUG Engine               - soundMenuBack: menu/back.wav
13:01:35.124 [FXGL Background Thread 3 ] DEBUG Engine               - soundMenuPress: menu/press.wav
13:01:35.124 [FXGL Background Thread 3 ] DEBUG Engine               - soundMenuSelect: menu/select.wav
13:01:35.124 [FXGL Background Thread 3 ] DEBUG Engine               - soundNotification: core/notification.wav
13:01:35.124 [FXGL Background Thread 3 ] DEBUG Engine               - stageStyle: DECORATED
13:01:35.124 [FXGL Background Thread 3 ] DEBUG Engine               - supportedLanguages: [ENGLISH, FRENCH, GERMAN, HUNGARIAN, RUSSIAN]
13:01:35.124 [FXGL Background Thread 3 ] DEBUG Engine               - ticksPerSecond: -1
13:01:35.125 [FXGL Background Thread 3 ] DEBUG Engine               - title: Pokemon
13:01:35.125 [FXGL Background Thread 3 ] DEBUG Engine               - urlGithub: https://github.com/AlmasB/FXGL
13:01:35.125 [FXGL Background Thread 3 ] DEBUG Engine               - urlLeaderboard: http://fxgl-top.herokuapp.com/
13:01:35.125 [FXGL Background Thread 3 ] DEBUG Engine               - urlPOM: https://raw.githubusercontent.com/AlmasB/FXGL/release/README.md
13:01:35.125 [FXGL Background Thread 3 ] DEBUG Engine               - userAppClass: class App.Overworld
13:01:35.125 [FXGL Background Thread 3 ] DEBUG Engine               - version: Beta 0.1
13:01:35.125 [FXGL Background Thread 3 ] DEBUG Engine               - versionCheckDays: 7
13:01:35.125 [FXGL Background Thread 3 ] DEBUG Engine               - width: 800
13:01:35.125 [FXGL Background Thread 3 ] DEBUG Engine               - Logging services
13:01:35.125 [FXGL Background Thread 3 ] DEBUG Engine               - class com.almasb.fxgl.app.services.FXGLAssetLoaderService
13:01:35.125 [FXGL Background Thread 3 ] DEBUG Engine               - class com.almasb.fxgl.app.FXGLApplication$GameApplicationService
13:01:35.125 [FXGL Background Thread 3 ] DEBUG Engine               - class com.almasb.fxgl.app.services.FXGLDialogService
13:01:35.125 [FXGL Background Thread 3 ] DEBUG Engine               - class com.almasb.fxgl.app.services.IOTaskExecutorService
13:01:35.126 [FXGL Background Thread 3 ] DEBUG Engine               - class com.almasb.fxgl.io.FileSystemService
13:01:35.126 [FXGL Background Thread 3 ] DEBUG Engine               - class com.almasb.fxgl.localization.LocalizationService
13:01:35.126 [FXGL Background Thread 3 ] DEBUG Engine               - class com.almasb.fxgl.app.services.SystemBundleService
13:01:35.126 [FXGL Background Thread 3 ] DEBUG Engine               - class com.almasb.fxgl.profile.SaveLoadService
13:01:35.126 [FXGL Background Thread 3 ] DEBUG Engine               - class com.almasb.fxgl.ui.FXGLUIFactoryServiceProvider
13:01:35.126 [FXGL Background Thread 3 ] DEBUG Engine               - class com.almasb.fxgl.ui.FXGLDialogFactoryServiceProvider
13:01:35.126 [FXGL Background Thread 3 ] DEBUG Engine               - class com.almasb.fxgl.audio.AudioPlayer
13:01:35.126 [FXGL Background Thread 3 ] DEBUG Engine               - class com.almasb.fxgl.notification.impl.NotificationServiceProvider
13:01:35.126 [FXGL Background Thread 3 ] DEBUG Engine               - class com.almasb.fxgl.achievement.AchievementService
13:01:35.126 [FXGL Background Thread 3 ] DEBUG Engine               - class com.almasb.fxgl.cutscene.CutsceneService
13:01:35.126 [FXGL Background Thread 3 ] DEBUG Engine               - class com.almasb.fxgl.minigames.MiniGameService
13:01:35.126 [FXGL Background Thread 3 ] DEBUG Engine               - class com.almasb.fxgl.net.NetService
13:01:35.126 [FXGL Background Thread 3 ] DEBUG Engine               - class com.almasb.fxgl.app.services.UpdaterService
13:01:35.127 [FXGL Background Thread 3 ] DEBUG Engine               - class com.almasb.fxgl.dev.DevService
13:01:59.350 [JavaFX Application Thread] DEBUG FXGLApplication      - Exiting FXGL
13:01:59.368 [JavaFX Application Thread] DEBUG LoopRunner           - Stopping loop
13:01:59.368 [JavaFX Application Thread] DEBUG SystemBundleService  - Saving FXGL system data
13:01:59.377 [JavaFX Application Thread] DEBUG FileSystemAccess     - Writing to: /Users/cody/Desktop/PokemonM/system/fxgl.bundle
13:01:59.384 [JavaFX Application Thread] DEBUG Async                - Shutting down background threads
13:01:59.384 [JavaFX Application Thread] DEBUG PrimaryStageWindow   - Closing main window
13:01:59.411 [JavaFX Application Thread] DEBUG Logger               - Closing Logger
