14:51:34.450 [main                     ] DEBUG Logger               - Configured Logger
14:51:34.468 [main                     ] DEBUG GameApplication      - Logging settings
Title: Pokemon
Version: Beta 0.1
Width: 800
Height: 800
Fullscreen: false
Intro: false
Profiling: false
Single step:false
App Mode: DEVELOPER
Menu Key: ESCAPE
Stage Style: DECORATED
Scene Factory: class com.almasb.fxgl.app.scene.SceneFactory

14:51:34.987 [JavaFX Application Thread] DEBUG FXGLApplication      - Initializing FXGL
14:51:34.989 [JavaFX Application Thread] INFO  Engine               - FXGL-11.16 (25.05.2021 08.16) on WINDOWS (J:11.0.12 FX:16)
14:51:34.989 [JavaFX Application Thread] DEBUG Engine               - JRE Vendor Name: Amazon.com Inc.
14:51:34.989 [JavaFX Application Thread] DEBUG Engine               - Running on OS: Windows 10 version 10.0
14:51:34.989 [JavaFX Application Thread] DEBUG Engine               - Architecture: amd64
14:51:34.990 [JavaFX Application Thread] INFO  Engine               - Source code and latest versions at: https://github.com/AlmasB/FXGL
14:51:34.990 [JavaFX Application Thread] INFO  Engine               -              Join the FXGL chat at: https://gitter.im/AlmasB/FXGL
14:51:35.151 [JavaFX Application Thread] DEBUG PrimaryStageWindow   - Creating a JavaFX scene
14:51:35.240 [JavaFX Application Thread] DEBUG PrimaryStageWindow   - Target settings size: 800.0 x 800.0
14:51:35.240 [JavaFX Application Thread] DEBUG PrimaryStageWindow   - Scaled scene size:    800.0 x 800.0
14:51:35.241 [JavaFX Application Thread] DEBUG PrimaryStageWindow   - Scaled ratio: (1.0, 1.0)
14:51:35.242 [JavaFX Application Thread] DEBUG PrimaryStageWindow   - Set initial scene to FXGLStartupScene
14:51:35.251 [JavaFX Application Thread] DEBUG PrimaryStageWindow   - Opening main window
14:51:35.387 [JavaFX Application Thread] DEBUG PrimaryStageWindow   - Window border size: (14.4000244140625, 37.5999755859375)
14:51:35.388 [JavaFX Application Thread] DEBUG PrimaryStageWindow   - Scaled size: 800.0 x 800.0
14:51:35.388 [JavaFX Application Thread] DEBUG PrimaryStageWindow   - Scaled ratio: (1.0, 1.0)
14:51:35.388 [JavaFX Application Thread] DEBUG PrimaryStageWindow   - Scene size: 800.0 x 800.0
14:51:35.389 [JavaFX Application Thread] DEBUG PrimaryStageWindow   - Stage size: 814.4000244140625 x 837.5999755859375
14:51:35.403 [FXGL Background Thread 1 ] DEBUG Engine               - Initializing environment variables
14:51:35.473 [FXGL Background Thread 1 ] DEBUG FXGLAssetLoaderServi - User app class for loading assets: class App.Overworld
14:51:35.474 [FXGL Background Thread 1 ] DEBUG GameApplicationServi - Applying CSS: fxgl_dark.css
14:51:35.477 [FXGL Background Thread 1 ] DEBUG FXGLAssetLoaderServi - Loading from file system: jar:file:/C:/Users/lwarr/.m2/repository/com/github/almasb/fxgl/11.16/fxgl-11.16.jar!/fxglassets/ui/css/fxgl_dark.css
14:51:35.554 [FXGL Background Thread 1 ] DEBUG GameApplicationServi - Initializing application scenes
14:51:35.619 [FXGL Background Thread 1 ] DEBUG GameWorld            - Game world initialized
14:51:35.698 [FXGL Background Thread 1 ] DEBUG PhysicsWorld         - Physics world initialized: appHeight=800, physics.ppm=50.0
14:51:35.699 [FXGL Background Thread 1 ] DEBUG PhysicsWorld         - Using strategy: BRUTE_FORCE
14:51:35.702 [FXGL Background Thread 1 ] DEBUG GameScene            - Game scene initialized: 800x800
14:51:35.716 [FXGL Background Thread 1 ] DEBUG FXGL.DefaultMenu     - createMenuBodyGameMenu()
14:51:35.740 [FXGL Background Thread 1 ] DEBUG FXGL.DefaultMenu     - createOptionsMenu()
14:51:35.751 [FXGL Background Thread 1 ] DEBUG FXGLAssetLoaderServi - Loading from file system: jar:file:/C:/Users/lwarr/.m2/repository/com/github/almasb/fxgl/11.16/fxgl-11.16.jar!/fxglassets/textures/particles/smoke.png
14:51:35.863 [FXGL Background Thread 1 ] DEBUG FXGLAssetLoaderServi - Loading from file system: jar:file:/C:/Users/lwarr/.m2/repository/com/github/almasb/fxgl/11.16/fxgl-11.16.jar!/fxglassets/textures/particles/trace_horizontal.png
14:51:35.910 [FXGL Background Thread 1 ] DEBUG GameApplicationServi - Application scenes initialized
14:51:35.921 [FXGL Background Thread 1 ] DEBUG SystemBundleService  - Loading FXGL system data
14:51:35.924 [FXGL Background Thread 1 ] DEBUG FileSystemAccess     - Reading from: C:\Users\lwarr\IdeaProjects\PokemonM\system\fxgl.bundle
14:51:35.928 [FXGL Background Thread 1 ] DEBUG SystemBundleService  - Bundle FXGL: {}
14:51:35.928 [FXGL Background Thread 1 ] DEBUG UpdaterService       - Checking for updates
14:51:35.935 [FXGL Background Thread 4 ] DEBUG FXGLApplication      - Loading fonts
14:51:35.935 [FXGL Background Thread 1 ] DEBUG FXGLApplication      - Loading default localization
14:51:35.935 [FXGL Background Thread 4 ] DEBUG FXGLAssetLoaderServi - Loading from file system: jar:file:/C:/Users/lwarr/.m2/repository/com/github/almasb/fxgl/11.16/fxgl-11.16.jar!/fxglassets/ui/fonts/VarelaRound-Regular.ttf
14:51:35.936 [FXGL Background Thread 1 ] DEBUG FXGLAssetLoaderServi - Loading from file system: jar:file:/C:/Users/lwarr/.m2/repository/com/github/almasb/fxgl/11.16/fxgl-11.16.jar!/fxglassets/languages/english.lang
14:51:35.960 [FXGL Background Thread 1 ] INFO  FXGLApplication      - FXGL initialization took: 0.556 sec
14:51:35.971 [JavaFX Application Thread] DEBUG Input                - Registered new binding: action0 - D
14:51:35.972 [JavaFX Application Thread] DEBUG Input                - Registered new binding: action1 - A
14:51:35.972 [JavaFX Application Thread] DEBUG Input                - Registered new binding: action2 - W
14:51:35.972 [JavaFX Application Thread] DEBUG Input                - Registered new binding: action3 - S
14:51:35.973 [JavaFX Application Thread] DEBUG FXGLAssetLoaderServi - Loading from file system: jar:file:/C:/Users/lwarr/.m2/repository/com/github/almasb/fxgl/11.16/fxgl-11.16.jar!/fxglassets/textures/fxgl_icon.png
14:51:36.016 [JavaFX Application Thread] DEBUG FXGLAssetLoaderServi - Loading from file system: jar:file:/C:/Users/lwarr/.m2/repository/com/github/almasb/fxgl/11.16/fxgl-11.16.jar!/fxglassets/textures/fxgl_default_cursor.png
14:51:36.021 [JavaFX Application Thread] DEBUG Input                - Registered new binding: Screenshot - CTRL+8
14:51:36.023 [JavaFX Application Thread] DEBUG Input                - Registered new binding: System info dump - CTRL+9
14:51:36.024 [JavaFX Application Thread] DEBUG Input                - Registered new binding: Restart - CTRL+R
14:51:36.026 [JavaFX Application Thread] DEBUG Input                - Registered new binding: Toggle Debug Camera - CTRL+C
14:51:36.029 [JavaFX Application Thread] DEBUG LoopRunner           - Starting loop
14:51:36.030 [JavaFX Application Thread] DEBUG LoopRunner           - Initializing JavaFX AnimationTimerLoop
14:51:36.032 [JavaFX Application Thread] DEBUG GameApplicationServi - Starting new game
14:51:36.032 [JavaFX Application Thread] DEBUG Input                - Clearing active input actions
14:51:36.052 [JavaFX Application Thread] DEBUG GameApplicationServi - Removing overlay from FXGLStartupScene and adding to FXGLLoadingScene
14:51:36.052 [JavaFX Application Thread] DEBUG PrimaryStageWindow   - FXGLStartupScene -> FXGLLoadingScene
14:51:36.053 [JavaFX Application Thread] DEBUG GameApplicationServi - Clearing previous game
14:51:36.053 [JavaFX Application Thread] DEBUG GameScene            - Clearing game scene
14:51:36.053 [JavaFX Application Thread] DEBUG GameWorld            - Clearing game world
14:51:36.053 [JavaFX Application Thread] DEBUG PhysicsWorld         - Clearing physics world
14:51:36.055 [FXGL Background Thread 1 ] DEBUG FXGLApplication      - Initializing game
14:51:36.080 [FXGL Background Thread 1 ] INFO  FXGLApplication      - Game initialization took: 0.025 sec
14:51:36.109 [JavaFX Application Thread] DEBUG Input                - Clearing active input actions
14:51:36.121 [JavaFX Application Thread] DEBUG GameApplicationServi - Removing overlay from FXGLLoadingScene and adding to GameScene
14:51:36.121 [JavaFX Application Thread] DEBUG PrimaryStageWindow   - FXGLLoadingScene -> GameScene
14:51:36.257 [FXGL Background Thread 4 ] DEBUG FXGLAssetLoaderServi - Loading from file system: jar:file:/C:/Users/lwarr/.m2/repository/com/github/almasb/fxgl/11.16/fxgl-11.16.jar!/fxglassets/ui/fonts/Abel-Regular.ttf
14:51:36.269 [FXGL Background Thread 4 ] DEBUG FXGLAssetLoaderServi - Loading from file system: jar:file:/C:/Users/lwarr/.m2/repository/com/github/almasb/fxgl/11.16/fxgl-11.16.jar!/fxglassets/ui/fonts/lucida_console.ttf
14:51:36.275 [FXGL Background Thread 4 ] DEBUG FXGLAssetLoaderServi - Loading from file system: jar:file:/C:/Users/lwarr/.m2/repository/com/github/almasb/fxgl/11.16/fxgl-11.16.jar!/fxglassets/ui/fonts/Courier-Prime.ttf
14:51:36.281 [JavaFX Application Thread] DEBUG FXGLApplication      - Registering font factories with UI factory
14:51:36.581 [FXGL Background Thread 2 ] INFO  UpdaterService       - Your current version:  11.16
14:51:36.582 [FXGL Background Thread 2 ] INFO  UpdaterService       - Latest stable version: 11.17
14:51:37.319 [JavaFX Application Thread] DEBUG PrimaryStageWindow   - Push state: battleScreen
14:51:37.319 [JavaFX Application Thread] DEBUG Input                - Clearing active input actions
14:51:37.326 [JavaFX Application Thread] DEBUG GameApplicationServi - Removing overlay from GameScene and adding to battleScreen
14:51:37.326 [JavaFX Application Thread] DEBUG PrimaryStageWindow   - GameScene -> battleScreen
14:51:38.932 [FXGL Background Thread 3 ] DEBUG Engine               - Logging environment variables
14:51:38.933 [FXGL Background Thread 3 ] DEBUG Engine               - achievements: []
14:51:38.933 [FXGL Background Thread 3 ] DEBUG Engine               - actualHeight: 800.0
14:51:38.933 [FXGL Background Thread 3 ] DEBUG Engine               - actualHeightProperty: ReadOnlyDoubleProperty [value: 800.0]
14:51:38.933 [FXGL Background Thread 3 ] DEBUG Engine               - actualWidth: 800.0
14:51:38.933 [FXGL Background Thread 3 ] DEBUG Engine               - actualWidthProperty: ReadOnlyDoubleProperty [value: 800.0]
14:51:38.933 [FXGL Background Thread 3 ] DEBUG Engine               - appIcon: fxgl_icon.png
14:51:38.933 [FXGL Background Thread 3 ] DEBUG Engine               - applicationMode: DEVELOPER
14:51:38.934 [FXGL Background Thread 3 ] DEBUG Engine               - cSSList: [fxgl_dark.css]
14:51:38.934 [FXGL Background Thread 3 ] DEBUG Engine               - collisionDetectionStrategy: BRUTE_FORCE
14:51:38.934 [FXGL Background Thread 3 ] DEBUG Engine               - configClass: Optional.empty
14:51:38.934 [FXGL Background Thread 3 ] DEBUG Engine               - credits: []
14:51:38.934 [FXGL Background Thread 3 ] DEBUG Engine               - defaultCursor: CursorInfo(imageName=fxgl_default_cursor.png, hotspotX=7.0, hotspotY=6.0)
14:51:38.934 [FXGL Background Thread 3 ] DEBUG Engine               - devBBoxColorProperty: ObjectProperty [value: 0xff0000ff]
14:51:38.934 [FXGL Background Thread 3 ] DEBUG Engine               - devEnableDebugCameraProperty: BooleanProperty [value: false]
14:51:38.934 [FXGL Background Thread 3 ] DEBUG Engine               - devSensorColorProperty: ObjectProperty [value: 0xffff00ff]
14:51:38.934 [FXGL Background Thread 3 ] DEBUG Engine               - devShowBBoxProperty: BooleanProperty [value: false]
14:51:38.934 [FXGL Background Thread 3 ] DEBUG Engine               - devShowPositionProperty: BooleanProperty [value: false]
14:51:38.934 [FXGL Background Thread 3 ] DEBUG Engine               - enabledMenuItems: []
14:51:38.934 [FXGL Background Thread 3 ] DEBUG Engine               - engineServices: [class com.almasb.fxgl.app.services.FXGLAssetLoaderService, class com.almasb.fxgl.app.FXGLApplication$GameApplicationService, class com.almasb.fxgl.app.services.FXGLDialogService, class com.almasb.fxgl.app.services.IOTaskExecutorService, class com.almasb.fxgl.io.FileSystemService, class com.almasb.fxgl.localization.LocalizationService, class com.almasb.fxgl.app.services.SystemBundleService, class com.almasb.fxgl.profile.SaveLoadService, class com.almasb.fxgl.ui.FXGLUIFactoryServiceProvider, class com.almasb.fxgl.ui.FXGLDialogFactoryServiceProvider, class com.almasb.fxgl.audio.AudioPlayer, class com.almasb.fxgl.notification.impl.NotificationServiceProvider, class com.almasb.fxgl.achievement.AchievementService, class com.almasb.fxgl.cutscene.CutsceneService, class com.almasb.fxgl.minigames.MiniGameService, class com.almasb.fxgl.net.NetService, class com.almasb.fxgl.app.services.UpdaterService, class com.almasb.fxgl.dev.DevService]
14:51:38.934 [FXGL Background Thread 3 ] DEBUG Engine               - fontGame: Abel-Regular.ttf
14:51:38.934 [FXGL Background Thread 3 ] DEBUG Engine               - fontMono: lucida_console.ttf
14:51:38.934 [FXGL Background Thread 3 ] DEBUG Engine               - fontText: Courier-Prime.ttf
14:51:38.934 [FXGL Background Thread 3 ] DEBUG Engine               - fontUI: VarelaRound-Regular.ttf
14:51:38.934 [FXGL Background Thread 3 ] DEBUG Engine               - fullScreen: BooleanProperty [value: false]
14:51:38.934 [FXGL Background Thread 3 ] DEBUG Engine               - gameDifficulty: MEDIUM
14:51:38.934 [FXGL Background Thread 3 ] DEBUG Engine               - gameDifficultyProperty: ObjectProperty [value: MEDIUM]
14:51:38.935 [FXGL Background Thread 3 ] DEBUG Engine               - globalMusicVolume: 0.5
14:51:38.935 [FXGL Background Thread 3 ] DEBUG Engine               - globalMusicVolumeProperty: DoubleProperty [value: 0.5]
14:51:38.935 [FXGL Background Thread 3 ] DEBUG Engine               - globalSoundVolume: 0.5
14:51:38.935 [FXGL Background Thread 3 ] DEBUG Engine               - globalSoundVolumeProperty: DoubleProperty [value: 0.5]
14:51:38.935 [FXGL Background Thread 3 ] DEBUG Engine               - height: 800
14:51:38.935 [FXGL Background Thread 3 ] DEBUG Engine               - is3D: false
14:51:38.935 [FXGL Background Thread 3 ] DEBUG Engine               - isAndroid: false
14:51:38.935 [FXGL Background Thread 3 ] DEBUG Engine               - isBrowser: false
14:51:38.935 [FXGL Background Thread 3 ] DEBUG Engine               - isClickFeedbackEnabled: false
14:51:38.935 [FXGL Background Thread 3 ] DEBUG Engine               - isCloseConfirmation: false
14:51:38.935 [FXGL Background Thread 3 ] DEBUG Engine               - isDesktop: true
14:51:38.935 [FXGL Background Thread 3 ] DEBUG Engine               - isDeveloperMenuEnabled: false
14:51:38.935 [FXGL Background Thread 3 ] DEBUG Engine               - isEntityPreloadEnabled: true
14:51:38.935 [FXGL Background Thread 3 ] DEBUG Engine               - isExperimentalTiledLargeMap: false
14:51:38.935 [FXGL Background Thread 3 ] DEBUG Engine               - isFileSystemWriteAllowed: true
14:51:38.935 [FXGL Background Thread 3 ] DEBUG Engine               - isFullScreenAllowed: false
14:51:38.935 [FXGL Background Thread 3 ] DEBUG Engine               - isFullScreenFromStart: false
14:51:38.935 [FXGL Background Thread 3 ] DEBUG Engine               - isGameMenuEnabled: true
14:51:38.935 [FXGL Background Thread 3 ] DEBUG Engine               - isIOS: false
14:51:38.936 [FXGL Background Thread 3 ] DEBUG Engine               - isIntroEnabled: false
14:51:38.936 [FXGL Background Thread 3 ] DEBUG Engine               - isLinux: false
14:51:38.936 [FXGL Background Thread 3 ] DEBUG Engine               - isMac: false
14:51:38.936 [FXGL Background Thread 3 ] DEBUG Engine               - isMainMenuEnabled: false
14:51:38.936 [FXGL Background Thread 3 ] DEBUG Engine               - isManualResizeEnabled: false
14:51:38.936 [FXGL Background Thread 3 ] DEBUG Engine               - isMobile: false
14:51:38.936 [FXGL Background Thread 3 ] DEBUG Engine               - isNative: false
14:51:38.936 [FXGL Background Thread 3 ] DEBUG Engine               - isPreserveResizeRatio: false
14:51:38.936 [FXGL Background Thread 3 ] DEBUG Engine               - isProfilingEnabled: false
14:51:38.936 [FXGL Background Thread 3 ] DEBUG Engine               - isScaleAffectedOnResize: true
14:51:38.936 [FXGL Background Thread 3 ] DEBUG Engine               - isSingleStep: false
14:51:38.936 [FXGL Background Thread 3 ] DEBUG Engine               - isUserProfileEnabled: false
14:51:38.936 [FXGL Background Thread 3 ] DEBUG Engine               - isWindows: true
14:51:38.936 [FXGL Background Thread 3 ] DEBUG Engine               - language: ObjectProperty [value: ENGLISH]
14:51:38.936 [FXGL Background Thread 3 ] DEBUG Engine               - menuKey: ESCAPE
14:51:38.936 [FXGL Background Thread 3 ] DEBUG Engine               - mouseSensitivity: 0.2
14:51:38.936 [FXGL Background Thread 3 ] DEBUG Engine               - notificationViewClass: class com.almasb.fxgl.notification.view.XboxNotificationView
14:51:38.936 [FXGL Background Thread 3 ] DEBUG Engine               - pixelsPerMeter: 50.0
14:51:38.937 [FXGL Background Thread 3 ] DEBUG Engine               - platform: WINDOWS
14:51:38.937 [FXGL Background Thread 3 ] DEBUG Engine               - prefHeightProperty: ReadOnlyDoubleProperty [value: 800.0]
14:51:38.937 [FXGL Background Thread 3 ] DEBUG Engine               - prefWidthProperty: ReadOnlyDoubleProperty [value: 800.0]
14:51:38.937 [FXGL Background Thread 3 ] DEBUG Engine               - profileDir: profiles/
14:51:38.937 [FXGL Background Thread 3 ] DEBUG Engine               - profileName: StringProperty [value: DEFAULT]
14:51:38.937 [FXGL Background Thread 3 ] DEBUG Engine               - randomSeed: -1
14:51:38.937 [FXGL Background Thread 3 ] DEBUG Engine               - runtimeInfo: RuntimeInfo(platform=WINDOWS, version=11.16, build=25.05.2021 08.16)
14:51:38.937 [FXGL Background Thread 3 ] DEBUG Engine               - saveFileExt: sav
14:51:38.937 [FXGL Background Thread 3 ] DEBUG Engine               - scaledHeightProp$fxgl: DoubleProperty [bound, value: 800.0]
14:51:38.937 [FXGL Background Thread 3 ] DEBUG Engine               - scaledWidthProp$fxgl: DoubleProperty [bound, value: 800.0]
14:51:38.937 [FXGL Background Thread 3 ] DEBUG Engine               - sceneFactory: com.almasb.fxgl.app.scene.SceneFactory@256708da
14:51:38.937 [FXGL Background Thread 3 ] DEBUG Engine               - secondsIn24h: 60
14:51:38.937 [FXGL Background Thread 3 ] DEBUG Engine               - soundMenuBack: menu/back.wav
14:51:38.937 [FXGL Background Thread 3 ] DEBUG Engine               - soundMenuPress: menu/press.wav
14:51:38.937 [FXGL Background Thread 3 ] DEBUG Engine               - soundMenuSelect: menu/select.wav
14:51:38.937 [FXGL Background Thread 3 ] DEBUG Engine               - soundNotification: core/notification.wav
14:51:38.937 [FXGL Background Thread 3 ] DEBUG Engine               - stageStyle: DECORATED
14:51:38.937 [FXGL Background Thread 3 ] DEBUG Engine               - supportedLanguages: [ENGLISH, FRENCH, GERMAN, HUNGARIAN, RUSSIAN]
14:51:38.938 [FXGL Background Thread 3 ] DEBUG Engine               - ticksPerSecond: -1
14:51:38.938 [FXGL Background Thread 3 ] DEBUG Engine               - title: Pokemon
14:51:38.938 [FXGL Background Thread 3 ] DEBUG Engine               - urlGithub: https://github.com/AlmasB/FXGL
14:51:38.938 [FXGL Background Thread 3 ] DEBUG Engine               - urlLeaderboard: http://fxgl-top.herokuapp.com/
14:51:38.938 [FXGL Background Thread 3 ] DEBUG Engine               - urlPOM: https://raw.githubusercontent.com/AlmasB/FXGL/release/README.md
14:51:38.938 [FXGL Background Thread 3 ] DEBUG Engine               - userAppClass: class App.Overworld
14:51:38.938 [FXGL Background Thread 3 ] DEBUG Engine               - version: Beta 0.1
14:51:38.938 [FXGL Background Thread 3 ] DEBUG Engine               - versionCheckDays: 7
14:51:38.938 [FXGL Background Thread 3 ] DEBUG Engine               - width: 800
14:51:38.938 [FXGL Background Thread 3 ] DEBUG Engine               - Logging services
14:51:38.938 [FXGL Background Thread 3 ] DEBUG Engine               - class com.almasb.fxgl.app.services.FXGLAssetLoaderService
14:51:38.938 [FXGL Background Thread 3 ] DEBUG Engine               - class com.almasb.fxgl.app.FXGLApplication$GameApplicationService
14:51:38.938 [FXGL Background Thread 3 ] DEBUG Engine               - class com.almasb.fxgl.app.services.FXGLDialogService
14:51:38.938 [FXGL Background Thread 3 ] DEBUG Engine               - class com.almasb.fxgl.app.services.IOTaskExecutorService
14:51:38.938 [FXGL Background Thread 3 ] DEBUG Engine               - class com.almasb.fxgl.io.FileSystemService
14:51:38.938 [FXGL Background Thread 3 ] DEBUG Engine               - class com.almasb.fxgl.localization.LocalizationService
14:51:38.938 [FXGL Background Thread 3 ] DEBUG Engine               - class com.almasb.fxgl.app.services.SystemBundleService
14:51:38.938 [FXGL Background Thread 3 ] DEBUG Engine               - class com.almasb.fxgl.profile.SaveLoadService
14:51:38.938 [FXGL Background Thread 3 ] DEBUG Engine               - class com.almasb.fxgl.ui.FXGLUIFactoryServiceProvider
14:51:38.938 [FXGL Background Thread 3 ] DEBUG Engine               - class com.almasb.fxgl.ui.FXGLDialogFactoryServiceProvider
14:51:38.938 [FXGL Background Thread 3 ] DEBUG Engine               - class com.almasb.fxgl.audio.AudioPlayer
14:51:38.938 [FXGL Background Thread 3 ] DEBUG Engine               - class com.almasb.fxgl.notification.impl.NotificationServiceProvider
14:51:38.938 [FXGL Background Thread 3 ] DEBUG Engine               - class com.almasb.fxgl.achievement.AchievementService
14:51:38.938 [FXGL Background Thread 3 ] DEBUG Engine               - class com.almasb.fxgl.cutscene.CutsceneService
14:51:38.938 [FXGL Background Thread 3 ] DEBUG Engine               - class com.almasb.fxgl.minigames.MiniGameService
14:51:38.938 [FXGL Background Thread 3 ] DEBUG Engine               - class com.almasb.fxgl.net.NetService
14:51:38.938 [FXGL Background Thread 3 ] DEBUG Engine               - class com.almasb.fxgl.app.services.UpdaterService
14:51:38.939 [FXGL Background Thread 3 ] DEBUG Engine               - class com.almasb.fxgl.dev.DevService
14:51:39.795 [JavaFX Application Thread] DEBUG FXGLApplication      - Exiting FXGL
14:51:39.795 [JavaFX Application Thread] DEBUG LoopRunner           - Stopping loop
14:51:39.795 [JavaFX Application Thread] DEBUG SystemBundleService  - Saving FXGL system data
14:51:39.797 [JavaFX Application Thread] DEBUG FileSystemAccess     - Writing to: C:\Users\lwarr\IdeaProjects\PokemonM\system\fxgl.bundle
14:51:39.798 [JavaFX Application Thread] DEBUG Async                - Shutting down background threads
14:51:39.799 [JavaFX Application Thread] DEBUG PrimaryStageWindow   - Closing main window
14:51:39.857 [JavaFX Application Thread] DEBUG Logger               - Closing Logger
