14:34:11.884 [main                     ] DEBUG Logger               - Configured Logger
14:34:11.914 [main                     ] DEBUG GameApplication      - Logging settings
Title: Pokemon
Version: Beta 0.1
Width: 800
Height: 800
Fullscreen: false
Intro: false
Profiling: false
Single step:false
App Mode: DEVELOPER
Menu Key: ESCAPE
Stage Style: DECORATED
Scene Factory: class com.almasb.fxgl.app.scene.SceneFactory

14:34:12.507 [JavaFX Application Thread] DEBUG FXGLApplication      - Initializing FXGL
14:34:12.511 [JavaFX Application Thread] INFO  Engine               - FXGL-11.16 (25.05.2021 08.16) on MAC (J:11.0.12 FX:16)
14:34:12.511 [JavaFX Application Thread] DEBUG Engine               - JRE Vendor Name: Oracle Corporation
14:34:12.512 [JavaFX Application Thread] DEBUG Engine               - Running on OS: Mac OS X version 11.3
14:34:12.512 [JavaFX Application Thread] DEBUG Engine               - Architecture: x86_64
14:34:12.512 [JavaFX Application Thread] INFO  Engine               - Source code and latest versions at: https://github.com/AlmasB/FXGL
14:34:12.512 [JavaFX Application Thread] INFO  Engine               -              Join the FXGL chat at: https://gitter.im/AlmasB/FXGL
14:34:12.681 [JavaFX Application Thread] DEBUG PrimaryStageWindow   - Creating a JavaFX scene
14:34:12.769 [JavaFX Application Thread] DEBUG PrimaryStageWindow   - Target settings size: 800.0 x 800.0
14:34:12.769 [JavaFX Application Thread] DEBUG PrimaryStageWindow   - Scaled scene size:    800.0 x 800.0
14:34:12.769 [JavaFX Application Thread] DEBUG PrimaryStageWindow   - Scaled ratio: (1.0, 1.0)
14:34:12.770 [JavaFX Application Thread] DEBUG PrimaryStageWindow   - Set initial scene to FXGLStartupScene
14:34:12.775 [JavaFX Application Thread] DEBUG PrimaryStageWindow   - Opening main window
14:34:12.957 [JavaFX Application Thread] DEBUG PrimaryStageWindow   - Window border size: (0.0, 28.0)
14:34:12.958 [JavaFX Application Thread] DEBUG PrimaryStageWindow   - Scaled size: 800.0 x 800.0
14:34:12.958 [JavaFX Application Thread] DEBUG PrimaryStageWindow   - Scaled ratio: (1.0, 1.0)
14:34:12.958 [JavaFX Application Thread] DEBUG PrimaryStageWindow   - Scene size: 800.0 x 800.0
14:34:12.959 [JavaFX Application Thread] DEBUG PrimaryStageWindow   - Stage size: 800.0 x 828.0
14:34:12.968 [FXGL Background Thread 1 ] DEBUG Engine               - Initializing environment variables
14:34:13.149 [FXGL Background Thread 1 ] DEBUG FXGLAssetLoaderServi - User app class for loading assets: class App.Overworld
14:34:13.152 [FXGL Background Thread 1 ] DEBUG GameApplicationServi - Applying CSS: fxgl_dark.css
14:34:13.156 [FXGL Background Thread 1 ] DEBUG FXGLAssetLoaderServi - Loading from file system: jar:file:/Users/cody/.m2/repository/com/github/almasb/fxgl/11.16/fxgl-11.16.jar!/fxglassets/ui/css/fxgl_dark.css
14:34:13.258 [FXGL Background Thread 1 ] DEBUG GameApplicationServi - Initializing application scenes
14:34:13.593 [FXGL Background Thread 1 ] DEBUG GameWorld            - Game world initialized
14:34:13.641 [FXGL Background Thread 1 ] DEBUG PhysicsWorld         - Physics world initialized: appHeight=800, physics.ppm=50.0
14:34:13.642 [FXGL Background Thread 1 ] DEBUG PhysicsWorld         - Using strategy: BRUTE_FORCE
14:34:13.647 [FXGL Background Thread 1 ] DEBUG GameScene            - Game scene initialized: 800x800
14:34:13.657 [FXGL Background Thread 1 ] DEBUG FXGL.DefaultMenu     - createMenuBodyGameMenu()
14:34:13.672 [FXGL Background Thread 1 ] DEBUG FXGL.DefaultMenu     - createOptionsMenu()
14:34:13.682 [FXGL Background Thread 1 ] DEBUG FXGLAssetLoaderServi - Loading from file system: jar:file:/Users/cody/.m2/repository/com/github/almasb/fxgl/11.16/fxgl-11.16.jar!/fxglassets/textures/particles/smoke.png
14:34:13.824 [FXGL Background Thread 1 ] DEBUG FXGLAssetLoaderServi - Loading from file system: jar:file:/Users/cody/.m2/repository/com/github/almasb/fxgl/11.16/fxgl-11.16.jar!/fxglassets/textures/particles/trace_horizontal.png
14:34:13.845 [FXGL Background Thread 1 ] DEBUG GameApplicationServi - Application scenes initialized
14:34:13.854 [FXGL Background Thread 1 ] DEBUG SystemBundleService  - Loading FXGL system data
14:34:13.860 [FXGL Background Thread 1 ] DEBUG FileSystemAccess     - Reading from: /Users/cody/Desktop/PokemonM/system/fxgl.bundle
14:34:13.867 [FXGL Background Thread 1 ] DEBUG SystemBundleService  - Bundle FXGL: {}
14:34:13.867 [FXGL Background Thread 1 ] DEBUG UpdaterService       - Checking for updates
14:34:13.871 [FXGL Background Thread 4 ] DEBUG FXGLApplication      - Loading fonts
14:34:13.874 [FXGL Background Thread 1 ] DEBUG FXGLApplication      - Loading default localization
14:34:13.874 [FXGL Background Thread 4 ] DEBUG FXGLAssetLoaderServi - Loading from file system: jar:file:/Users/cody/.m2/repository/com/github/almasb/fxgl/11.16/fxgl-11.16.jar!/fxglassets/ui/fonts/VarelaRound-Regular.ttf
14:34:13.874 [FXGL Background Thread 1 ] DEBUG FXGLAssetLoaderServi - Loading from file system: jar:file:/Users/cody/.m2/repository/com/github/almasb/fxgl/11.16/fxgl-11.16.jar!/fxglassets/languages/english.lang
14:34:13.911 [FXGL Background Thread 1 ] INFO  FXGLApplication      - FXGL initialization took: 0.938 sec
14:34:13.921 [FXGL Background Thread 4 ] DEBUG FXGLAssetLoaderServi - Loading from file system: jar:file:/Users/cody/.m2/repository/com/github/almasb/fxgl/11.16/fxgl-11.16.jar!/fxglassets/ui/fonts/Abel-Regular.ttf
14:34:13.928 [JavaFX Application Thread] DEBUG Input                - Registered new binding: action0 - D
14:34:13.931 [FXGL Background Thread 4 ] DEBUG FXGLAssetLoaderServi - Loading from file system: jar:file:/Users/cody/.m2/repository/com/github/almasb/fxgl/11.16/fxgl-11.16.jar!/fxglassets/ui/fonts/lucida_console.ttf
14:34:13.931 [JavaFX Application Thread] DEBUG Input                - Registered new binding: action1 - A
14:34:13.932 [JavaFX Application Thread] DEBUG Input                - Registered new binding: action2 - W
14:34:13.932 [JavaFX Application Thread] DEBUG Input                - Registered new binding: action3 - S
14:34:13.932 [JavaFX Application Thread] DEBUG FXGLAssetLoaderServi - Loading from file system: jar:file:/Users/cody/.m2/repository/com/github/almasb/fxgl/11.16/fxgl-11.16.jar!/fxglassets/textures/fxgl_icon.png
14:34:13.935 [FXGL Background Thread 4 ] DEBUG FXGLAssetLoaderServi - Loading from file system: jar:file:/Users/cody/.m2/repository/com/github/almasb/fxgl/11.16/fxgl-11.16.jar!/fxglassets/ui/fonts/Courier-Prime.ttf
14:34:13.987 [JavaFX Application Thread] DEBUG FXGLAssetLoaderServi - Loading from file system: jar:file:/Users/cody/.m2/repository/com/github/almasb/fxgl/11.16/fxgl-11.16.jar!/fxglassets/textures/fxgl_default_cursor.png
14:34:13.994 [JavaFX Application Thread] DEBUG Input                - Registered new binding: Screenshot - CTRL+8
14:34:13.995 [JavaFX Application Thread] DEBUG Input                - Registered new binding: System info dump - CTRL+9
14:34:13.995 [JavaFX Application Thread] DEBUG Input                - Registered new binding: Restart - CTRL+R
14:34:13.995 [JavaFX Application Thread] DEBUG Input                - Registered new binding: Toggle Debug Camera - CTRL+C
14:34:13.998 [JavaFX Application Thread] DEBUG LoopRunner           - Starting loop
14:34:13.998 [JavaFX Application Thread] DEBUG LoopRunner           - Initializing JavaFX AnimationTimerLoop
14:34:14.000 [JavaFX Application Thread] DEBUG GameApplicationServi - Starting new game
14:34:14.001 [JavaFX Application Thread] DEBUG Input                - Clearing active input actions
14:34:14.056 [JavaFX Application Thread] DEBUG GameApplicationServi - Removing overlay from FXGLStartupScene and adding to FXGLLoadingScene
14:34:14.059 [JavaFX Application Thread] DEBUG PrimaryStageWindow   - FXGLStartupScene -> FXGLLoadingScene
14:34:14.059 [JavaFX Application Thread] DEBUG GameApplicationServi - Clearing previous game
14:34:14.060 [JavaFX Application Thread] DEBUG GameScene            - Clearing game scene
14:34:14.060 [JavaFX Application Thread] DEBUG GameWorld            - Clearing game world
14:34:14.060 [JavaFX Application Thread] DEBUG PhysicsWorld         - Clearing physics world
14:34:14.062 [FXGL Background Thread 4 ] DEBUG FXGLApplication      - Initializing game
14:34:14.093 [JavaFX Application Thread] DEBUG FXGLApplication      - Registering font factories with UI factory
14:34:14.244 [FXGL Background Thread 4 ] INFO  FXGLApplication      - Game initialization took: 0.179 sec
14:34:14.308 [JavaFX Application Thread] DEBUG Input                - Clearing active input actions
14:34:14.395 [JavaFX Application Thread] DEBUG GameApplicationServi - Removing overlay from FXGLLoadingScene and adding to GameScene
14:34:14.397 [JavaFX Application Thread] DEBUG PrimaryStageWindow   - FXGLLoadingScene -> GameScene
14:34:14.796 [FXGL Background Thread 2 ] INFO  UpdaterService       - Your current version:  11.16
14:34:14.801 [FXGL Background Thread 2 ] INFO  UpdaterService       - Latest stable version: 11.17
14:34:16.757 [JavaFX Application Thread] DEBUG PrimaryStageWindow   - Push state: battleScreen
14:34:16.760 [JavaFX Application Thread] DEBUG Input                - Clearing active input actions
14:34:16.778 [JavaFX Application Thread] DEBUG GameApplicationServi - Removing overlay from GameScene and adding to battleScreen
14:34:16.780 [JavaFX Application Thread] DEBUG PrimaryStageWindow   - GameScene -> battleScreen
14:34:16.875 [FXGL Background Thread 3 ] DEBUG Engine               - Logging environment variables
14:34:16.877 [FXGL Background Thread 3 ] DEBUG Engine               - achievements: []
14:34:16.877 [FXGL Background Thread 3 ] DEBUG Engine               - actualHeight: 800.0
14:34:16.877 [FXGL Background Thread 3 ] DEBUG Engine               - actualHeightProperty: ReadOnlyDoubleProperty [value: 800.0]
14:34:16.877 [FXGL Background Thread 3 ] DEBUG Engine               - actualWidth: 800.0
14:34:16.877 [FXGL Background Thread 3 ] DEBUG Engine               - actualWidthProperty: ReadOnlyDoubleProperty [value: 800.0]
14:34:16.877 [FXGL Background Thread 3 ] DEBUG Engine               - appIcon: fxgl_icon.png
14:34:16.877 [FXGL Background Thread 3 ] DEBUG Engine               - applicationMode: DEVELOPER
14:34:16.877 [FXGL Background Thread 3 ] DEBUG Engine               - cSSList: [fxgl_dark.css]
14:34:16.878 [FXGL Background Thread 3 ] DEBUG Engine               - collisionDetectionStrategy: BRUTE_FORCE
14:34:16.878 [FXGL Background Thread 3 ] DEBUG Engine               - configClass: Optional.empty
14:34:16.878 [FXGL Background Thread 3 ] DEBUG Engine               - credits: []
14:34:16.878 [FXGL Background Thread 3 ] DEBUG Engine               - defaultCursor: CursorInfo(imageName=fxgl_default_cursor.png, hotspotX=7.0, hotspotY=6.0)
14:34:16.879 [FXGL Background Thread 3 ] DEBUG Engine               - devBBoxColorProperty: ObjectProperty [value: 0xff0000ff]
14:34:16.879 [FXGL Background Thread 3 ] DEBUG Engine               - devEnableDebugCameraProperty: BooleanProperty [value: false]
14:34:16.879 [FXGL Background Thread 3 ] DEBUG Engine               - devSensorColorProperty: ObjectProperty [value: 0xffff00ff]
14:34:16.879 [FXGL Background Thread 3 ] DEBUG Engine               - devShowBBoxProperty: BooleanProperty [value: false]
14:34:16.879 [FXGL Background Thread 3 ] DEBUG Engine               - devShowPositionProperty: BooleanProperty [value: false]
14:34:16.879 [FXGL Background Thread 3 ] DEBUG Engine               - enabledMenuItems: []
14:34:16.879 [FXGL Background Thread 3 ] DEBUG Engine               - engineServices: [class com.almasb.fxgl.app.services.FXGLAssetLoaderService, class com.almasb.fxgl.app.FXGLApplication$GameApplicationService, class com.almasb.fxgl.app.services.FXGLDialogService, class com.almasb.fxgl.app.services.IOTaskExecutorService, class com.almasb.fxgl.io.FileSystemService, class com.almasb.fxgl.localization.LocalizationService, class com.almasb.fxgl.app.services.SystemBundleService, class com.almasb.fxgl.profile.SaveLoadService, class com.almasb.fxgl.ui.FXGLUIFactoryServiceProvider, class com.almasb.fxgl.ui.FXGLDialogFactoryServiceProvider, class com.almasb.fxgl.audio.AudioPlayer, class com.almasb.fxgl.notification.impl.NotificationServiceProvider, class com.almasb.fxgl.achievement.AchievementService, class com.almasb.fxgl.cutscene.CutsceneService, class com.almasb.fxgl.minigames.MiniGameService, class com.almasb.fxgl.net.NetService, class com.almasb.fxgl.app.services.UpdaterService, class com.almasb.fxgl.dev.DevService]
14:34:16.880 [FXGL Background Thread 3 ] DEBUG Engine               - fontGame: Abel-Regular.ttf
14:34:16.880 [FXGL Background Thread 3 ] DEBUG Engine               - fontMono: lucida_console.ttf
14:34:16.882 [FXGL Background Thread 3 ] DEBUG Engine               - fontText: Courier-Prime.ttf
14:34:16.882 [FXGL Background Thread 3 ] DEBUG Engine               - fontUI: VarelaRound-Regular.ttf
14:34:16.882 [FXGL Background Thread 3 ] DEBUG Engine               - fullScreen: BooleanProperty [value: false]
14:34:16.882 [FXGL Background Thread 3 ] DEBUG Engine               - gameDifficulty: MEDIUM
14:34:16.882 [FXGL Background Thread 3 ] DEBUG Engine               - gameDifficultyProperty: ObjectProperty [value: MEDIUM]
14:34:16.882 [FXGL Background Thread 3 ] DEBUG Engine               - globalMusicVolume: 0.5
14:34:16.882 [FXGL Background Thread 3 ] DEBUG Engine               - globalMusicVolumeProperty: DoubleProperty [value: 0.5]
14:34:16.882 [FXGL Background Thread 3 ] DEBUG Engine               - globalSoundVolume: 0.5
14:34:16.882 [FXGL Background Thread 3 ] DEBUG Engine               - globalSoundVolumeProperty: DoubleProperty [value: 0.5]
14:34:16.882 [FXGL Background Thread 3 ] DEBUG Engine               - height: 800
14:34:16.883 [FXGL Background Thread 3 ] DEBUG Engine               - is3D: false
14:34:16.883 [FXGL Background Thread 3 ] DEBUG Engine               - isAndroid: false
14:34:16.883 [FXGL Background Thread 3 ] DEBUG Engine               - isBrowser: false
14:34:16.883 [FXGL Background Thread 3 ] DEBUG Engine               - isClickFeedbackEnabled: false
14:34:16.883 [FXGL Background Thread 3 ] DEBUG Engine               - isCloseConfirmation: false
14:34:16.883 [FXGL Background Thread 3 ] DEBUG Engine               - isDesktop: true
14:34:16.883 [FXGL Background Thread 3 ] DEBUG Engine               - isDeveloperMenuEnabled: false
14:34:16.883 [FXGL Background Thread 3 ] DEBUG Engine               - isEntityPreloadEnabled: true
14:34:16.883 [FXGL Background Thread 3 ] DEBUG Engine               - isExperimentalTiledLargeMap: false
14:34:16.883 [FXGL Background Thread 3 ] DEBUG Engine               - isFileSystemWriteAllowed: true
14:34:16.883 [FXGL Background Thread 3 ] DEBUG Engine               - isFullScreenAllowed: false
14:34:16.883 [FXGL Background Thread 3 ] DEBUG Engine               - isFullScreenFromStart: false
14:34:16.884 [FXGL Background Thread 3 ] DEBUG Engine               - isGameMenuEnabled: true
14:34:16.884 [FXGL Background Thread 3 ] DEBUG Engine               - isIOS: false
14:34:16.884 [FXGL Background Thread 3 ] DEBUG Engine               - isIntroEnabled: false
14:34:16.884 [FXGL Background Thread 3 ] DEBUG Engine               - isLinux: false
14:34:16.884 [FXGL Background Thread 3 ] DEBUG Engine               - isMac: true
14:34:16.884 [FXGL Background Thread 3 ] DEBUG Engine               - isMainMenuEnabled: false
14:34:16.884 [FXGL Background Thread 3 ] DEBUG Engine               - isManualResizeEnabled: false
14:34:16.885 [FXGL Background Thread 3 ] DEBUG Engine               - isMobile: false
14:34:16.885 [FXGL Background Thread 3 ] DEBUG Engine               - isNative: false
14:34:16.885 [FXGL Background Thread 3 ] DEBUG Engine               - isPreserveResizeRatio: false
14:34:16.885 [FXGL Background Thread 3 ] DEBUG Engine               - isProfilingEnabled: false
14:34:16.885 [FXGL Background Thread 3 ] DEBUG Engine               - isScaleAffectedOnResize: true
14:34:16.885 [FXGL Background Thread 3 ] DEBUG Engine               - isSingleStep: false
14:34:16.885 [FXGL Background Thread 3 ] DEBUG Engine               - isUserProfileEnabled: false
14:34:16.885 [FXGL Background Thread 3 ] DEBUG Engine               - isWindows: false
14:34:16.885 [FXGL Background Thread 3 ] DEBUG Engine               - language: ObjectProperty [value: ENGLISH]
14:34:16.885 [FXGL Background Thread 3 ] DEBUG Engine               - menuKey: ESCAPE
14:34:16.885 [FXGL Background Thread 3 ] DEBUG Engine               - mouseSensitivity: 0.2
14:34:16.885 [FXGL Background Thread 3 ] DEBUG Engine               - notificationViewClass: class com.almasb.fxgl.notification.view.XboxNotificationView
14:34:16.886 [FXGL Background Thread 3 ] DEBUG Engine               - pixelsPerMeter: 50.0
14:34:16.886 [FXGL Background Thread 3 ] DEBUG Engine               - platform: MAC
14:34:16.886 [FXGL Background Thread 3 ] DEBUG Engine               - prefHeightProperty: ReadOnlyDoubleProperty [value: 800.0]
14:34:16.886 [FXGL Background Thread 3 ] DEBUG Engine               - prefWidthProperty: ReadOnlyDoubleProperty [value: 800.0]
14:34:16.886 [FXGL Background Thread 3 ] DEBUG Engine               - profileDir: profiles/
14:34:16.886 [FXGL Background Thread 3 ] DEBUG Engine               - profileName: StringProperty [value: DEFAULT]
14:34:16.886 [FXGL Background Thread 3 ] DEBUG Engine               - randomSeed: -1
14:34:16.886 [FXGL Background Thread 3 ] DEBUG Engine               - runtimeInfo: RuntimeInfo(platform=MAC, version=11.16, build=25.05.2021 08.16)
14:34:16.886 [FXGL Background Thread 3 ] DEBUG Engine               - saveFileExt: sav
14:34:16.886 [FXGL Background Thread 3 ] DEBUG Engine               - scaledHeightProp$fxgl: DoubleProperty [bound, value: 800.0]
14:34:16.886 [FXGL Background Thread 3 ] DEBUG Engine               - scaledWidthProp$fxgl: DoubleProperty [bound, value: 800.0]
14:34:16.886 [FXGL Background Thread 3 ] DEBUG Engine               - sceneFactory: com.almasb.fxgl.app.scene.SceneFactory@7cf9f8a5
14:34:16.886 [FXGL Background Thread 3 ] DEBUG Engine               - secondsIn24h: 60
14:34:16.886 [FXGL Background Thread 3 ] DEBUG Engine               - soundMenuBack: menu/back.wav
14:34:16.886 [FXGL Background Thread 3 ] DEBUG Engine               - soundMenuPress: menu/press.wav
14:34:16.886 [FXGL Background Thread 3 ] DEBUG Engine               - soundMenuSelect: menu/select.wav
14:34:16.886 [FXGL Background Thread 3 ] DEBUG Engine               - soundNotification: core/notification.wav
14:34:16.886 [FXGL Background Thread 3 ] DEBUG Engine               - stageStyle: DECORATED
14:34:16.886 [FXGL Background Thread 3 ] DEBUG Engine               - supportedLanguages: [ENGLISH, FRENCH, GERMAN, HUNGARIAN, RUSSIAN]
14:34:16.886 [FXGL Background Thread 3 ] DEBUG Engine               - ticksPerSecond: -1
14:34:16.886 [FXGL Background Thread 3 ] DEBUG Engine               - title: Pokemon
14:34:16.886 [FXGL Background Thread 3 ] DEBUG Engine               - urlGithub: https://github.com/AlmasB/FXGL
14:34:16.886 [FXGL Background Thread 3 ] DEBUG Engine               - urlLeaderboard: http://fxgl-top.herokuapp.com/
14:34:16.886 [FXGL Background Thread 3 ] DEBUG Engine               - urlPOM: https://raw.githubusercontent.com/AlmasB/FXGL/release/README.md
14:34:16.886 [FXGL Background Thread 3 ] DEBUG Engine               - userAppClass: class App.Overworld
14:34:16.886 [FXGL Background Thread 3 ] DEBUG Engine               - version: Beta 0.1
14:34:16.886 [FXGL Background Thread 3 ] DEBUG Engine               - versionCheckDays: 7
14:34:16.886 [FXGL Background Thread 3 ] DEBUG Engine               - width: 800
14:34:16.886 [FXGL Background Thread 3 ] DEBUG Engine               - Logging services
14:34:16.886 [FXGL Background Thread 3 ] DEBUG Engine               - class com.almasb.fxgl.app.services.FXGLAssetLoaderService
14:34:16.886 [FXGL Background Thread 3 ] DEBUG Engine               - class com.almasb.fxgl.app.FXGLApplication$GameApplicationService
14:34:16.886 [FXGL Background Thread 3 ] DEBUG Engine               - class com.almasb.fxgl.app.services.FXGLDialogService
14:34:16.886 [FXGL Background Thread 3 ] DEBUG Engine               - class com.almasb.fxgl.app.services.IOTaskExecutorService
14:34:16.886 [FXGL Background Thread 3 ] DEBUG Engine               - class com.almasb.fxgl.io.FileSystemService
14:34:16.887 [FXGL Background Thread 3 ] DEBUG Engine               - class com.almasb.fxgl.localization.LocalizationService
14:34:16.887 [FXGL Background Thread 3 ] DEBUG Engine               - class com.almasb.fxgl.app.services.SystemBundleService
14:34:16.887 [FXGL Background Thread 3 ] DEBUG Engine               - class com.almasb.fxgl.profile.SaveLoadService
14:34:16.887 [FXGL Background Thread 3 ] DEBUG Engine               - class com.almasb.fxgl.ui.FXGLUIFactoryServiceProvider
14:34:16.887 [FXGL Background Thread 3 ] DEBUG Engine               - class com.almasb.fxgl.ui.FXGLDialogFactoryServiceProvider
14:34:16.887 [FXGL Background Thread 3 ] DEBUG Engine               - class com.almasb.fxgl.audio.AudioPlayer
14:34:16.887 [FXGL Background Thread 3 ] DEBUG Engine               - class com.almasb.fxgl.notification.impl.NotificationServiceProvider
14:34:16.887 [FXGL Background Thread 3 ] DEBUG Engine               - class com.almasb.fxgl.achievement.AchievementService
14:34:16.887 [FXGL Background Thread 3 ] DEBUG Engine               - class com.almasb.fxgl.cutscene.CutsceneService
14:34:16.887 [FXGL Background Thread 3 ] DEBUG Engine               - class com.almasb.fxgl.minigames.MiniGameService
14:34:16.887 [FXGL Background Thread 3 ] DEBUG Engine               - class com.almasb.fxgl.net.NetService
14:34:16.887 [FXGL Background Thread 3 ] DEBUG Engine               - class com.almasb.fxgl.app.services.UpdaterService
14:34:16.887 [FXGL Background Thread 3 ] DEBUG Engine               - class com.almasb.fxgl.dev.DevService
14:34:28.700 [JavaFX Application Thread] DEBUG FXGLApplication      - Exiting FXGL
14:34:28.709 [JavaFX Application Thread] DEBUG LoopRunner           - Stopping loop
14:34:28.710 [JavaFX Application Thread] DEBUG SystemBundleService  - Saving FXGL system data
14:34:28.714 [JavaFX Application Thread] DEBUG FileSystemAccess     - Writing to: /Users/cody/Desktop/PokemonM/system/fxgl.bundle
14:34:28.720 [JavaFX Application Thread] DEBUG Async                - Shutting down background threads
14:34:28.723 [JavaFX Application Thread] DEBUG PrimaryStageWindow   - Closing main window
14:34:28.745 [JavaFX Application Thread] DEBUG Logger               - Closing Logger
