20:58:06.458 [main                     ] DEBUG Logger               - Configured Logger
20:58:06.492 [main                     ] DEBUG GameApplication      - Logging settings
Title: Pokemon
Version: Beta 0.1
Width: 800
Height: 800
Fullscreen: false
Intro: false
Profiling: false
Single step:false
App Mode: DEVELOPER
Menu Key: ESCAPE
Stage Style: DECORATED
Scene Factory: class com.almasb.fxgl.app.scene.SceneFactory

20:58:07.150 [JavaFX Application Thread] DEBUG FXGLApplication      - Initializing FXGL
20:58:07.155 [JavaFX Application Thread] INFO  Engine               - FXGL-11.16 (25.05.2021 08.16) on MAC (J:11.0.12 FX:16)
20:58:07.156 [JavaFX Application Thread] DEBUG Engine               - JRE Vendor Name: Oracle Corporation
20:58:07.156 [JavaFX Application Thread] DEBUG Engine               - Running on OS: Mac OS X version 11.3
20:58:07.156 [JavaFX Application Thread] DEBUG Engine               - Architecture: x86_64
20:58:07.156 [JavaFX Application Thread] INFO  Engine               - Source code and latest versions at: https://github.com/AlmasB/FXGL
20:58:07.156 [JavaFX Application Thread] INFO  Engine               -              Join the FXGL chat at: https://gitter.im/AlmasB/FXGL
20:58:07.337 [JavaFX Application Thread] DEBUG PrimaryStageWindow   - Creating a JavaFX scene
20:58:07.443 [JavaFX Application Thread] DEBUG PrimaryStageWindow   - Target settings size: 800.0 x 800.0
20:58:07.444 [JavaFX Application Thread] DEBUG PrimaryStageWindow   - Scaled scene size:    800.0 x 800.0
20:58:07.444 [JavaFX Application Thread] DEBUG PrimaryStageWindow   - Scaled ratio: (1.0, 1.0)
20:58:07.445 [JavaFX Application Thread] DEBUG PrimaryStageWindow   - Set initial scene to FXGLStartupScene
20:58:07.455 [JavaFX Application Thread] DEBUG PrimaryStageWindow   - Opening main window
20:58:07.678 [JavaFX Application Thread] DEBUG PrimaryStageWindow   - Window border size: (0.0, 28.0)
20:58:07.678 [JavaFX Application Thread] DEBUG PrimaryStageWindow   - Scaled size: 800.0 x 800.0
20:58:07.678 [JavaFX Application Thread] DEBUG PrimaryStageWindow   - Scaled ratio: (1.0, 1.0)
20:58:07.678 [JavaFX Application Thread] DEBUG PrimaryStageWindow   - Scene size: 800.0 x 800.0
20:58:07.679 [JavaFX Application Thread] DEBUG PrimaryStageWindow   - Stage size: 800.0 x 828.0
20:58:07.696 [FXGL Background Thread 1 ] DEBUG Engine               - Initializing environment variables
20:58:08.084 [FXGL Background Thread 1 ] DEBUG FXGLAssetLoaderServi - User app class for loading assets: class App.Overworld
20:58:08.090 [FXGL Background Thread 1 ] DEBUG GameApplicationServi - Applying CSS: fxgl_dark.css
20:58:08.096 [FXGL Background Thread 1 ] DEBUG FXGLAssetLoaderServi - Loading from file system: jar:file:/Users/cody/.m2/repository/com/github/almasb/fxgl/11.16/fxgl-11.16.jar!/fxglassets/ui/css/fxgl_dark.css
20:58:08.273 [FXGL Background Thread 1 ] DEBUG GameApplicationServi - Initializing application scenes
20:58:08.709 [FXGL Background Thread 1 ] DEBUG GameWorld            - Game world initialized
20:58:08.757 [FXGL Background Thread 1 ] DEBUG PhysicsWorld         - Physics world initialized: appHeight=800, physics.ppm=50.0
20:58:08.759 [FXGL Background Thread 1 ] DEBUG PhysicsWorld         - Using strategy: BRUTE_FORCE
20:58:08.764 [FXGL Background Thread 1 ] DEBUG GameScene            - Game scene initialized: 800x800
20:58:08.774 [FXGL Background Thread 1 ] DEBUG FXGL.DefaultMenu     - createMenuBodyGameMenu()
20:58:08.787 [FXGL Background Thread 1 ] DEBUG FXGL.DefaultMenu     - createOptionsMenu()
20:58:08.800 [FXGL Background Thread 1 ] DEBUG FXGLAssetLoaderServi - Loading from file system: jar:file:/Users/cody/.m2/repository/com/github/almasb/fxgl/11.16/fxgl-11.16.jar!/fxglassets/textures/particles/smoke.png
20:58:08.935 [FXGL Background Thread 1 ] DEBUG FXGLAssetLoaderServi - Loading from file system: jar:file:/Users/cody/.m2/repository/com/github/almasb/fxgl/11.16/fxgl-11.16.jar!/fxglassets/textures/particles/trace_horizontal.png
20:58:08.957 [FXGL Background Thread 1 ] DEBUG GameApplicationServi - Application scenes initialized
20:58:08.967 [FXGL Background Thread 1 ] DEBUG SystemBundleService  - Loading FXGL system data
20:58:08.973 [FXGL Background Thread 1 ] DEBUG FileSystemAccess     - Reading from: /Users/cody/Desktop/PokemonM/system/fxgl.bundle
20:58:08.984 [FXGL Background Thread 1 ] DEBUG SystemBundleService  - Bundle FXGL: {}
20:58:08.984 [FXGL Background Thread 1 ] DEBUG UpdaterService       - Checking for updates
20:58:08.990 [FXGL Background Thread 4 ] DEBUG FXGLApplication      - Loading fonts
20:58:08.991 [FXGL Background Thread 1 ] DEBUG FXGLApplication      - Loading default localization
20:58:08.994 [FXGL Background Thread 4 ] DEBUG FXGLAssetLoaderServi - Loading from file system: jar:file:/Users/cody/.m2/repository/com/github/almasb/fxgl/11.16/fxgl-11.16.jar!/fxglassets/ui/fonts/VarelaRound-Regular.ttf
20:58:08.994 [FXGL Background Thread 1 ] DEBUG FXGLAssetLoaderServi - Loading from file system: jar:file:/Users/cody/.m2/repository/com/github/almasb/fxgl/11.16/fxgl-11.16.jar!/fxglassets/languages/english.lang
20:58:09.035 [FXGL Background Thread 1 ] INFO  FXGLApplication      - FXGL initialization took: 1.335 sec
20:58:09.042 [JavaFX Application Thread] DEBUG FXGLAssetLoaderServi - Loading from file system: jar:file:/Users/cody/.m2/repository/com/github/almasb/fxgl/11.16/fxgl-11.16.jar!/fxglassets/textures/fxgl_icon.png
20:58:09.044 [FXGL Background Thread 4 ] DEBUG FXGLAssetLoaderServi - Loading from file system: jar:file:/Users/cody/.m2/repository/com/github/almasb/fxgl/11.16/fxgl-11.16.jar!/fxglassets/ui/fonts/Abel-Regular.ttf
20:58:09.051 [FXGL Background Thread 4 ] DEBUG FXGLAssetLoaderServi - Loading from file system: jar:file:/Users/cody/.m2/repository/com/github/almasb/fxgl/11.16/fxgl-11.16.jar!/fxglassets/ui/fonts/lucida_console.ttf
20:58:09.055 [FXGL Background Thread 4 ] DEBUG FXGLAssetLoaderServi - Loading from file system: jar:file:/Users/cody/.m2/repository/com/github/almasb/fxgl/11.16/fxgl-11.16.jar!/fxglassets/ui/fonts/Courier-Prime.ttf
20:58:09.100 [JavaFX Application Thread] DEBUG FXGLAssetLoaderServi - Loading from file system: jar:file:/Users/cody/.m2/repository/com/github/almasb/fxgl/11.16/fxgl-11.16.jar!/fxglassets/textures/fxgl_default_cursor.png
20:58:09.116 [JavaFX Application Thread] DEBUG Input                - Registered new binding: Screenshot - CTRL+8
20:58:09.123 [JavaFX Application Thread] DEBUG Input                - Registered new binding: System info dump - CTRL+9
20:58:09.126 [JavaFX Application Thread] DEBUG Input                - Registered new binding: Restart - CTRL+R
20:58:09.129 [JavaFX Application Thread] DEBUG Input                - Registered new binding: Toggle Debug Camera - CTRL+C
20:58:09.131 [JavaFX Application Thread] DEBUG LoopRunner           - Starting loop
20:58:09.131 [JavaFX Application Thread] DEBUG LoopRunner           - Initializing JavaFX AnimationTimerLoop
20:58:09.132 [JavaFX Application Thread] DEBUG GameApplicationServi - Starting new game
20:58:09.133 [JavaFX Application Thread] DEBUG Input                - Clearing active input actions
20:58:09.182 [JavaFX Application Thread] DEBUG GameApplicationServi - Removing overlay from FXGLStartupScene and adding to FXGLLoadingScene
20:58:09.183 [JavaFX Application Thread] DEBUG PrimaryStageWindow   - FXGLStartupScene -> FXGLLoadingScene
20:58:09.183 [JavaFX Application Thread] DEBUG GameApplicationServi - Clearing previous game
20:58:09.183 [JavaFX Application Thread] DEBUG GameScene            - Clearing game scene
20:58:09.183 [JavaFX Application Thread] DEBUG GameWorld            - Clearing game world
20:58:09.183 [JavaFX Application Thread] DEBUG PhysicsWorld         - Clearing physics world
20:58:09.184 [FXGL Background Thread 4 ] DEBUG FXGLApplication      - Initializing game
20:58:09.409 [JavaFX Application Thread] DEBUG FXGLApplication      - Registering font factories with UI factory
20:58:09.470 [FXGL Background Thread 4 ] INFO  FXGLApplication      - Game initialization took: 0.281 sec
20:58:09.515 [JavaFX Application Thread] DEBUG Input                - Clearing active input actions
20:58:09.557 [JavaFX Application Thread] DEBUG GameApplicationServi - Removing overlay from FXGLLoadingScene and adding to GameScene
20:58:09.558 [JavaFX Application Thread] DEBUG PrimaryStageWindow   - FXGLLoadingScene -> GameScene
20:58:10.480 [FXGL Background Thread 2 ] INFO  UpdaterService       - Your current version:  11.16
20:58:10.487 [FXGL Background Thread 2 ] INFO  UpdaterService       - Latest stable version: 11.17
20:58:11.154 [JavaFX Application Thread] DEBUG LoopRunner           - Stopping loop
20:58:11.157 [JavaFX Application Thread] FATAL FXGLApplication      - Uncaught Exception:
java.lang.NoSuchMethodError: Pokemon.Pokemon.getBattleAttack()I
	at Battle.Mechanics.CalculateDamage.getAttackStat(CalculateDamage.java:81)
	at Battle.Mechanics.CalculateDamage.calculateDamage(CalculateDamage.java:39)
	at Battle.FightScreen.attack(FightScreen.java:115)
	at Battle.FightScreen.lambda$createScreen$0(FightScreen.java:74)
	at com.sun.javafx.event.CompositeEventHandler.dispatchBubblingEvent(CompositeEventHandler.java:86)
	at com.sun.javafx.event.EventHandlerManager.dispatchBubblingEvent(EventHandlerManager.java:234)
	at com.sun.javafx.event.EventHandlerManager.dispatchBubblingEvent(EventHandlerManager.java:191)
	at com.sun.javafx.event.CompositeEventDispatcher.dispatchBubblingEvent(CompositeEventDispatcher.java:59)
	at com.sun.javafx.event.BasicEventDispatcher.dispatchEvent(BasicEventDispatcher.java:58)
	at com.sun.javafx.event.EventDispatchChainImpl.dispatchEvent(EventDispatchChainImpl.java:114)
	at com.sun.javafx.event.BasicEventDispatcher.dispatchEvent(BasicEventDispatcher.java:56)
	at com.sun.javafx.event.EventDispatchChainImpl.dispatchEvent(EventDispatchChainImpl.java:114)
	at com.sun.javafx.event.BasicEventDispatcher.dispatchEvent(BasicEventDispatcher.java:56)
	at com.sun.javafx.event.EventDispatchChainImpl.dispatchEvent(EventDispatchChainImpl.java:114)
	at com.sun.javafx.event.EventUtil.fireEventImpl(EventUtil.java:74)
	at com.sun.javafx.event.EventUtil.fireEvent(EventUtil.java:49)
	at javafx.event.Event.fireEvent(Event.java:198)
	at javafx.scene.Node.fireEvent(Node.java:8889)
	at javafx.scene.control.Button.fire(Button.java:203)
	at com.sun.javafx.scene.control.behavior.ButtonBehavior.mouseReleased(ButtonBehavior.java:208)
	at com.sun.javafx.scene.control.inputmap.InputMap.handle(InputMap.java:274)
	at com.sun.javafx.event.CompositeEventHandler$NormalEventHandlerRecord.handleBubblingEvent(CompositeEventHandler.java:247)
	at com.sun.javafx.event.CompositeEventHandler.dispatchBubblingEvent(CompositeEventHandler.java:80)
	at com.sun.javafx.event.EventHandlerManager.dispatchBubblingEvent(EventHandlerManager.java:234)
	at com.sun.javafx.event.EventHandlerManager.dispatchBubblingEvent(EventHandlerManager.java:191)
	at com.sun.javafx.event.CompositeEventDispatcher.dispatchBubblingEvent(CompositeEventDispatcher.java:59)
	at com.sun.javafx.event.BasicEventDispatcher.dispatchEvent(BasicEventDispatcher.java:58)
	at com.sun.javafx.event.EventDispatchChainImpl.dispatchEvent(EventDispatchChainImpl.java:114)
	at com.sun.javafx.event.BasicEventDispatcher.dispatchEvent(BasicEventDispatcher.java:56)
	at com.sun.javafx.event.EventDispatchChainImpl.dispatchEvent(EventDispatchChainImpl.java:114)
	at com.sun.javafx.event.BasicEventDispatcher.dispatchEvent(BasicEventDispatcher.java:56)
	at com.sun.javafx.event.EventDispatchChainImpl.dispatchEvent(EventDispatchChainImpl.java:114)
	at com.sun.javafx.event.EventUtil.fireEventImpl(EventUtil.java:74)
	at com.sun.javafx.event.EventUtil.fireEvent(EventUtil.java:54)
	at javafx.event.Event.fireEvent(Event.java:198)
	at javafx.scene.Scene$MouseHandler.process(Scene.java:3856)
	at javafx.scene.Scene.processMouseEvent(Scene.java:1851)
	at javafx.scene.Scene$ScenePeerListener.mouseEvent(Scene.java:2584)
	at com.sun.javafx.tk.quantum.GlassViewEventHandler$MouseEventNotification.run(GlassViewEventHandler.java:409)
	at com.sun.javafx.tk.quantum.GlassViewEventHandler$MouseEventNotification.run(GlassViewEventHandler.java:299)
	at java.base/java.security.AccessController.doPrivileged(Native Method)
	at com.sun.javafx.tk.quantum.GlassViewEventHandler.lambda$handleMouseEvent$2(GlassViewEventHandler.java:447)
	at com.sun.javafx.tk.quantum.QuantumToolkit.runWithoutRenderLock(QuantumToolkit.java:412)
	at com.sun.javafx.tk.quantum.GlassViewEventHandler.handleMouseEvent(GlassViewEventHandler.java:446)
	at com.sun.glass.ui.View.handleMouseEvent(View.java:556)
	at com.sun.glass.ui.View.notifyMouse(View.java:942)
	at com.sun.glass.ui.mac.MacView.notifyMouse(MacView.java:127)

20:58:11.158 [JavaFX Application Thread] FATAL FXGLApplication      - Application will now exit
20:58:11.193 [JavaFX Application Thread] DEBUG PrimaryStageWindow   - Push state: ErrorSubScene
20:58:11.195 [JavaFX Application Thread] DEBUG Input                - Clearing active input actions
20:58:11.199 [JavaFX Application Thread] DEBUG GameApplicationServi - Removing overlay from GameScene and adding to ErrorSubScene
20:58:11.204 [JavaFX Application Thread] DEBUG PrimaryStageWindow   - GameScene -> ErrorSubScene
20:58:11.993 [FXGL Background Thread 3 ] DEBUG Engine               - Logging environment variables
20:58:12.005 [FXGL Background Thread 3 ] DEBUG Engine               - achievements: []
20:58:12.010 [FXGL Background Thread 3 ] DEBUG Engine               - actualHeight: 800.0
20:58:12.011 [FXGL Background Thread 3 ] DEBUG Engine               - actualHeightProperty: ReadOnlyDoubleProperty [value: 800.0]
20:58:12.011 [FXGL Background Thread 3 ] DEBUG Engine               - actualWidth: 800.0
20:58:12.011 [FXGL Background Thread 3 ] DEBUG Engine               - actualWidthProperty: ReadOnlyDoubleProperty [value: 800.0]
20:58:12.011 [FXGL Background Thread 3 ] DEBUG Engine               - appIcon: fxgl_icon.png
20:58:12.011 [FXGL Background Thread 3 ] DEBUG Engine               - applicationMode: DEVELOPER
20:58:12.011 [FXGL Background Thread 3 ] DEBUG Engine               - cSSList: [fxgl_dark.css]
20:58:12.011 [FXGL Background Thread 3 ] DEBUG Engine               - collisionDetectionStrategy: BRUTE_FORCE
20:58:12.011 [FXGL Background Thread 3 ] DEBUG Engine               - configClass: Optional.empty
20:58:12.011 [FXGL Background Thread 3 ] DEBUG Engine               - credits: []
20:58:12.011 [FXGL Background Thread 3 ] DEBUG Engine               - defaultCursor: CursorInfo(imageName=fxgl_default_cursor.png, hotspotX=7.0, hotspotY=6.0)
20:58:12.014 [FXGL Background Thread 3 ] DEBUG Engine               - devBBoxColorProperty: ObjectProperty [value: 0xff0000ff]
20:58:12.015 [FXGL Background Thread 3 ] DEBUG Engine               - devEnableDebugCameraProperty: BooleanProperty [value: false]
20:58:12.016 [FXGL Background Thread 3 ] DEBUG Engine               - devSensorColorProperty: ObjectProperty [value: 0xffff00ff]
20:58:12.016 [FXGL Background Thread 3 ] DEBUG Engine               - devShowBBoxProperty: BooleanProperty [value: false]
20:58:12.016 [FXGL Background Thread 3 ] DEBUG Engine               - devShowPositionProperty: BooleanProperty [value: false]
20:58:12.016 [FXGL Background Thread 3 ] DEBUG Engine               - enabledMenuItems: []
20:58:12.017 [FXGL Background Thread 3 ] DEBUG Engine               - engineServices: [class com.almasb.fxgl.app.services.FXGLAssetLoaderService, class com.almasb.fxgl.app.FXGLApplication$GameApplicationService, class com.almasb.fxgl.app.services.FXGLDialogService, class com.almasb.fxgl.app.services.IOTaskExecutorService, class com.almasb.fxgl.io.FileSystemService, class com.almasb.fxgl.localization.LocalizationService, class com.almasb.fxgl.app.services.SystemBundleService, class com.almasb.fxgl.profile.SaveLoadService, class com.almasb.fxgl.ui.FXGLUIFactoryServiceProvider, class com.almasb.fxgl.ui.FXGLDialogFactoryServiceProvider, class com.almasb.fxgl.audio.AudioPlayer, class com.almasb.fxgl.notification.impl.NotificationServiceProvider, class com.almasb.fxgl.achievement.AchievementService, class com.almasb.fxgl.cutscene.CutsceneService, class com.almasb.fxgl.minigames.MiniGameService, class com.almasb.fxgl.net.NetService, class com.almasb.fxgl.app.services.UpdaterService, class com.almasb.fxgl.dev.DevService]
20:58:12.017 [FXGL Background Thread 3 ] DEBUG Engine               - fontGame: Abel-Regular.ttf
20:58:12.018 [FXGL Background Thread 3 ] DEBUG Engine               - fontMono: lucida_console.ttf
20:58:12.019 [FXGL Background Thread 3 ] DEBUG Engine               - fontText: Courier-Prime.ttf
20:58:12.021 [FXGL Background Thread 3 ] DEBUG Engine               - fontUI: VarelaRound-Regular.ttf
20:58:12.021 [FXGL Background Thread 3 ] DEBUG Engine               - fullScreen: BooleanProperty [value: false]
20:58:12.021 [FXGL Background Thread 3 ] DEBUG Engine               - gameDifficulty: MEDIUM
20:58:12.021 [FXGL Background Thread 3 ] DEBUG Engine               - gameDifficultyProperty: ObjectProperty [value: MEDIUM]
20:58:12.021 [FXGL Background Thread 3 ] DEBUG Engine               - globalMusicVolume: 0.5
20:58:12.021 [FXGL Background Thread 3 ] DEBUG Engine               - globalMusicVolumeProperty: DoubleProperty [value: 0.5]
20:58:12.022 [FXGL Background Thread 3 ] DEBUG Engine               - globalSoundVolume: 0.5
20:58:12.022 [FXGL Background Thread 3 ] DEBUG Engine               - globalSoundVolumeProperty: DoubleProperty [value: 0.5]
20:58:12.022 [FXGL Background Thread 3 ] DEBUG Engine               - height: 800
20:58:12.022 [FXGL Background Thread 3 ] DEBUG Engine               - is3D: false
20:58:12.022 [FXGL Background Thread 3 ] DEBUG Engine               - isAndroid: false
20:58:12.022 [FXGL Background Thread 3 ] DEBUG Engine               - isBrowser: false
20:58:12.022 [FXGL Background Thread 3 ] DEBUG Engine               - isClickFeedbackEnabled: false
20:58:12.022 [FXGL Background Thread 3 ] DEBUG Engine               - isCloseConfirmation: false
20:58:12.022 [FXGL Background Thread 3 ] DEBUG Engine               - isDesktop: true
20:58:12.022 [FXGL Background Thread 3 ] DEBUG Engine               - isDeveloperMenuEnabled: false
20:58:12.023 [FXGL Background Thread 3 ] DEBUG Engine               - isEntityPreloadEnabled: true
20:58:12.025 [FXGL Background Thread 3 ] DEBUG Engine               - isExperimentalTiledLargeMap: false
20:58:12.026 [FXGL Background Thread 3 ] DEBUG Engine               - isFileSystemWriteAllowed: true
20:58:12.026 [FXGL Background Thread 3 ] DEBUG Engine               - isFullScreenAllowed: false
20:58:12.026 [FXGL Background Thread 3 ] DEBUG Engine               - isFullScreenFromStart: false
20:58:12.026 [FXGL Background Thread 3 ] DEBUG Engine               - isGameMenuEnabled: true
20:58:12.026 [FXGL Background Thread 3 ] DEBUG Engine               - isIOS: false
20:58:12.027 [FXGL Background Thread 3 ] DEBUG Engine               - isIntroEnabled: false
20:58:12.027 [FXGL Background Thread 3 ] DEBUG Engine               - isLinux: false
20:58:12.027 [FXGL Background Thread 3 ] DEBUG Engine               - isMac: true
20:58:12.027 [FXGL Background Thread 3 ] DEBUG Engine               - isMainMenuEnabled: false
20:58:12.029 [FXGL Background Thread 3 ] DEBUG Engine               - isManualResizeEnabled: false
20:58:12.029 [FXGL Background Thread 3 ] DEBUG Engine               - isMobile: false
20:58:12.029 [FXGL Background Thread 3 ] DEBUG Engine               - isNative: false
20:58:12.030 [FXGL Background Thread 3 ] DEBUG Engine               - isPreserveResizeRatio: false
20:58:12.030 [FXGL Background Thread 3 ] DEBUG Engine               - isProfilingEnabled: false
20:58:12.030 [FXGL Background Thread 3 ] DEBUG Engine               - isScaleAffectedOnResize: true
20:58:12.030 [FXGL Background Thread 3 ] DEBUG Engine               - isSingleStep: false
20:58:12.030 [FXGL Background Thread 3 ] DEBUG Engine               - isUserProfileEnabled: false
20:58:12.030 [FXGL Background Thread 3 ] DEBUG Engine               - isWindows: false
20:58:12.031 [FXGL Background Thread 3 ] DEBUG Engine               - language: ObjectProperty [value: ENGLISH]
20:58:12.032 [FXGL Background Thread 3 ] DEBUG Engine               - menuKey: ESCAPE
20:58:12.032 [FXGL Background Thread 3 ] DEBUG Engine               - mouseSensitivity: 0.2
20:58:12.032 [FXGL Background Thread 3 ] DEBUG Engine               - notificationViewClass: class com.almasb.fxgl.notification.view.XboxNotificationView
20:58:12.032 [FXGL Background Thread 3 ] DEBUG Engine               - pixelsPerMeter: 50.0
20:58:12.032 [FXGL Background Thread 3 ] DEBUG Engine               - platform: MAC
20:58:12.032 [FXGL Background Thread 3 ] DEBUG Engine               - prefHeightProperty: ReadOnlyDoubleProperty [value: 800.0]
20:58:12.032 [FXGL Background Thread 3 ] DEBUG Engine               - prefWidthProperty: ReadOnlyDoubleProperty [value: 800.0]
20:58:12.032 [FXGL Background Thread 3 ] DEBUG Engine               - profileDir: profiles/
20:58:12.032 [FXGL Background Thread 3 ] DEBUG Engine               - profileName: StringProperty [value: DEFAULT]
20:58:12.032 [FXGL Background Thread 3 ] DEBUG Engine               - randomSeed: -1
20:58:12.033 [FXGL Background Thread 3 ] DEBUG Engine               - runtimeInfo: RuntimeInfo(platform=MAC, version=11.16, build=25.05.2021 08.16)
20:58:12.033 [FXGL Background Thread 3 ] DEBUG Engine               - saveFileExt: sav
20:58:12.033 [FXGL Background Thread 3 ] DEBUG Engine               - scaledHeightProp$fxgl: DoubleProperty [bound, value: 800.0]
20:58:12.033 [FXGL Background Thread 3 ] DEBUG Engine               - scaledWidthProp$fxgl: DoubleProperty [bound, value: 800.0]
20:58:12.033 [FXGL Background Thread 3 ] DEBUG Engine               - sceneFactory: com.almasb.fxgl.app.scene.SceneFactory@41126f51
20:58:12.033 [FXGL Background Thread 3 ] DEBUG Engine               - secondsIn24h: 60
20:58:12.033 [FXGL Background Thread 3 ] DEBUG Engine               - soundMenuBack: menu/back.wav
20:58:12.033 [FXGL Background Thread 3 ] DEBUG Engine               - soundMenuPress: menu/press.wav
20:58:12.033 [FXGL Background Thread 3 ] DEBUG Engine               - soundMenuSelect: menu/select.wav
20:58:12.033 [FXGL Background Thread 3 ] DEBUG Engine               - soundNotification: core/notification.wav
20:58:12.033 [FXGL Background Thread 3 ] DEBUG Engine               - stageStyle: DECORATED
20:58:12.033 [FXGL Background Thread 3 ] DEBUG Engine               - supportedLanguages: [ENGLISH, FRENCH, GERMAN, HUNGARIAN, RUSSIAN]
20:58:12.033 [FXGL Background Thread 3 ] DEBUG Engine               - ticksPerSecond: -1
20:58:12.033 [FXGL Background Thread 3 ] DEBUG Engine               - title: Pokemon
20:58:12.033 [FXGL Background Thread 3 ] DEBUG Engine               - urlGithub: https://github.com/AlmasB/FXGL
20:58:12.033 [FXGL Background Thread 3 ] DEBUG Engine               - urlLeaderboard: http://fxgl-top.herokuapp.com/
20:58:12.033 [FXGL Background Thread 3 ] DEBUG Engine               - urlPOM: https://raw.githubusercontent.com/AlmasB/FXGL/release/README.md
20:58:12.033 [FXGL Background Thread 3 ] DEBUG Engine               - userAppClass: class App.Overworld
20:58:12.033 [FXGL Background Thread 3 ] DEBUG Engine               - version: Beta 0.1
20:58:12.033 [FXGL Background Thread 3 ] DEBUG Engine               - versionCheckDays: 7
20:58:12.034 [FXGL Background Thread 3 ] DEBUG Engine               - width: 800
20:58:12.034 [FXGL Background Thread 3 ] DEBUG Engine               - Logging services
20:58:12.034 [FXGL Background Thread 3 ] DEBUG Engine               - class com.almasb.fxgl.app.services.FXGLAssetLoaderService
20:58:12.034 [FXGL Background Thread 3 ] DEBUG Engine               - class com.almasb.fxgl.app.FXGLApplication$GameApplicationService
20:58:12.034 [FXGL Background Thread 3 ] DEBUG Engine               - class com.almasb.fxgl.app.services.FXGLDialogService
20:58:12.034 [FXGL Background Thread 3 ] DEBUG Engine               - class com.almasb.fxgl.app.services.IOTaskExecutorService
20:58:12.034 [FXGL Background Thread 3 ] DEBUG Engine               - class com.almasb.fxgl.io.FileSystemService
20:58:12.034 [FXGL Background Thread 3 ] DEBUG Engine               - class com.almasb.fxgl.localization.LocalizationService
20:58:12.034 [FXGL Background Thread 3 ] DEBUG Engine               - class com.almasb.fxgl.app.services.SystemBundleService
20:58:12.035 [FXGL Background Thread 3 ] DEBUG Engine               - class com.almasb.fxgl.profile.SaveLoadService
20:58:12.035 [FXGL Background Thread 3 ] DEBUG Engine               - class com.almasb.fxgl.ui.FXGLUIFactoryServiceProvider
20:58:12.035 [FXGL Background Thread 3 ] DEBUG Engine               - class com.almasb.fxgl.ui.FXGLDialogFactoryServiceProvider
20:58:12.035 [FXGL Background Thread 3 ] DEBUG Engine               - class com.almasb.fxgl.audio.AudioPlayer
20:58:12.035 [FXGL Background Thread 3 ] DEBUG Engine               - class com.almasb.fxgl.notification.impl.NotificationServiceProvider
20:58:12.035 [FXGL Background Thread 3 ] DEBUG Engine               - class com.almasb.fxgl.achievement.AchievementService
20:58:12.035 [FXGL Background Thread 3 ] DEBUG Engine               - class com.almasb.fxgl.cutscene.CutsceneService
20:58:12.035 [FXGL Background Thread 3 ] DEBUG Engine               - class com.almasb.fxgl.minigames.MiniGameService
20:58:12.037 [FXGL Background Thread 3 ] DEBUG Engine               - class com.almasb.fxgl.net.NetService
20:58:12.037 [FXGL Background Thread 3 ] DEBUG Engine               - class com.almasb.fxgl.app.services.UpdaterService
20:58:12.037 [FXGL Background Thread 3 ] DEBUG Engine               - class com.almasb.fxgl.dev.DevService
20:58:15.570 [JavaFX Application Thread] DEBUG FXGLApplication      - Exiting FXGL
20:58:15.575 [JavaFX Application Thread] DEBUG Async                - Shutting down background threads
20:58:15.576 [JavaFX Application Thread] DEBUG PrimaryStageWindow   - Closing main window
20:58:15.597 [JavaFX Application Thread] DEBUG Logger               - Closing Logger
