12:41:22.866 [main                     ] DEBUG Logger               - Configured Logger
12:41:22.897 [main                     ] DEBUG GameApplication      - Logging settings
Title: Pokemon
Version: Beta 0.1
Width: 800
Height: 800
Fullscreen: false
Intro: false
Profiling: false
Single step:false
App Mode: DEVELOPER
Menu Key: ESCAPE
Stage Style: DECORATED
Scene Factory: class com.almasb.fxgl.app.scene.SceneFactory

12:41:25.892 [JavaFX Application Thread] DEBUG FXGLApplication      - Initializing FXGL
12:41:25.907 [JavaFX Application Thread] INFO  Engine               - FXGL-11.16 (25.05.2021 08.16) on MAC (J:11.0.12 FX:16)
12:41:25.907 [JavaFX Application Thread] DEBUG Engine               - JRE Vendor Name: Oracle Corporation
12:41:25.907 [JavaFX Application Thread] DEBUG Engine               - Running on OS: Mac OS X version 11.3
12:41:25.908 [JavaFX Application Thread] DEBUG Engine               - Architecture: x86_64
12:41:25.908 [JavaFX Application Thread] INFO  Engine               - Source code and latest versions at: https://github.com/AlmasB/FXGL
12:41:25.908 [JavaFX Application Thread] INFO  Engine               -              Join the FXGL chat at: https://gitter.im/AlmasB/FXGL
12:41:26.247 [JavaFX Application Thread] DEBUG PrimaryStageWindow   - Creating a JavaFX scene
12:41:26.361 [JavaFX Application Thread] DEBUG PrimaryStageWindow   - Target settings size: 800.0 x 800.0
12:41:26.361 [JavaFX Application Thread] DEBUG PrimaryStageWindow   - Scaled scene size:    800.0 x 800.0
12:41:26.362 [JavaFX Application Thread] DEBUG PrimaryStageWindow   - Scaled ratio: (1.0, 1.0)
12:41:26.362 [JavaFX Application Thread] DEBUG PrimaryStageWindow   - Set initial scene to FXGLStartupScene
12:41:26.368 [JavaFX Application Thread] DEBUG PrimaryStageWindow   - Opening main window
12:41:26.867 [JavaFX Application Thread] DEBUG PrimaryStageWindow   - Window border size: (0.0, 28.0)
12:41:26.868 [JavaFX Application Thread] DEBUG PrimaryStageWindow   - Scaled size: 800.0 x 800.0
12:41:26.868 [JavaFX Application Thread] DEBUG PrimaryStageWindow   - Scaled ratio: (1.0, 1.0)
12:41:26.868 [JavaFX Application Thread] DEBUG PrimaryStageWindow   - Scene size: 800.0 x 800.0
12:41:26.870 [JavaFX Application Thread] DEBUG PrimaryStageWindow   - Stage size: 800.0 x 828.0
12:41:26.885 [FXGL Background Thread 1 ] DEBUG Engine               - Initializing environment variables
12:41:27.028 [FXGL Background Thread 1 ] DEBUG FXGLAssetLoaderServi - User app class for loading assets: class App.Overworld
12:41:27.034 [FXGL Background Thread 1 ] DEBUG GameApplicationServi - Applying CSS: fxgl_dark.css
12:41:27.038 [FXGL Background Thread 1 ] DEBUG FXGLAssetLoaderServi - Loading from file system: jar:file:/Users/cody/.m2/repository/com/github/almasb/fxgl/11.16/fxgl-11.16.jar!/fxglassets/ui/css/fxgl_dark.css
12:41:27.128 [FXGL Background Thread 1 ] DEBUG GameApplicationServi - Initializing application scenes
12:41:27.574 [FXGL Background Thread 1 ] DEBUG GameWorld            - Game world initialized
12:41:27.654 [FXGL Background Thread 1 ] DEBUG PhysicsWorld         - Physics world initialized: appHeight=800, physics.ppm=50.0
12:41:27.655 [FXGL Background Thread 1 ] DEBUG PhysicsWorld         - Using strategy: BRUTE_FORCE
12:41:27.661 [FXGL Background Thread 1 ] DEBUG GameScene            - Game scene initialized: 800x800
12:41:27.689 [FXGL Background Thread 1 ] DEBUG FXGL.DefaultMenu     - createMenuBodyGameMenu()
12:41:27.742 [FXGL Background Thread 1 ] DEBUG FXGL.DefaultMenu     - createOptionsMenu()
12:41:27.757 [FXGL Background Thread 1 ] DEBUG FXGLAssetLoaderServi - Loading from file system: jar:file:/Users/cody/.m2/repository/com/github/almasb/fxgl/11.16/fxgl-11.16.jar!/fxglassets/textures/particles/smoke.png
12:41:27.992 [FXGL Background Thread 1 ] DEBUG FXGLAssetLoaderServi - Loading from file system: jar:file:/Users/cody/.m2/repository/com/github/almasb/fxgl/11.16/fxgl-11.16.jar!/fxglassets/textures/particles/trace_horizontal.png
12:41:28.018 [FXGL Background Thread 1 ] DEBUG GameApplicationServi - Application scenes initialized
12:41:28.032 [FXGL Background Thread 1 ] DEBUG SystemBundleService  - Loading FXGL system data
12:41:28.038 [FXGL Background Thread 1 ] DEBUG FileSystemAccess     - Reading from: /Users/cody/Desktop/PokemonM/system/fxgl.bundle
12:41:28.047 [FXGL Background Thread 1 ] DEBUG SystemBundleService  - Bundle FXGL: {}
12:41:28.047 [FXGL Background Thread 1 ] DEBUG UpdaterService       - Checking for updates
12:41:28.054 [FXGL Background Thread 4 ] DEBUG FXGLApplication      - Loading fonts
12:41:28.055 [FXGL Background Thread 1 ] DEBUG FXGLApplication      - Loading default localization
12:41:28.059 [FXGL Background Thread 4 ] DEBUG FXGLAssetLoaderServi - Loading from file system: jar:file:/Users/cody/.m2/repository/com/github/almasb/fxgl/11.16/fxgl-11.16.jar!/fxglassets/ui/fonts/VarelaRound-Regular.ttf
12:41:28.059 [FXGL Background Thread 1 ] DEBUG FXGLAssetLoaderServi - Loading from file system: jar:file:/Users/cody/.m2/repository/com/github/almasb/fxgl/11.16/fxgl-11.16.jar!/fxglassets/languages/english.lang
12:41:28.102 [FXGL Background Thread 1 ] INFO  FXGLApplication      - FXGL initialization took: 1.211 sec
12:41:28.112 [JavaFX Application Thread] DEBUG FXGLAssetLoaderServi - Loading from file system: jar:file:/Users/cody/.m2/repository/com/github/almasb/fxgl/11.16/fxgl-11.16.jar!/fxglassets/textures/fxgl_icon.png
12:41:28.126 [FXGL Background Thread 4 ] DEBUG FXGLAssetLoaderServi - Loading from file system: jar:file:/Users/cody/.m2/repository/com/github/almasb/fxgl/11.16/fxgl-11.16.jar!/fxglassets/ui/fonts/Abel-Regular.ttf
12:41:28.130 [FXGL Background Thread 4 ] DEBUG FXGLAssetLoaderServi - Loading from file system: jar:file:/Users/cody/.m2/repository/com/github/almasb/fxgl/11.16/fxgl-11.16.jar!/fxglassets/ui/fonts/lucida_console.ttf
12:41:28.141 [FXGL Background Thread 4 ] DEBUG FXGLAssetLoaderServi - Loading from file system: jar:file:/Users/cody/.m2/repository/com/github/almasb/fxgl/11.16/fxgl-11.16.jar!/fxglassets/ui/fonts/Courier-Prime.ttf
12:41:28.165 [JavaFX Application Thread] DEBUG FXGLAssetLoaderServi - Loading from file system: jar:file:/Users/cody/.m2/repository/com/github/almasb/fxgl/11.16/fxgl-11.16.jar!/fxglassets/textures/fxgl_default_cursor.png
12:41:28.178 [JavaFX Application Thread] DEBUG Input                - Registered new binding: Screenshot - CTRL+8
12:41:28.185 [JavaFX Application Thread] DEBUG Input                - Registered new binding: System info dump - CTRL+9
12:41:28.188 [JavaFX Application Thread] DEBUG Input                - Registered new binding: Restart - CTRL+R
12:41:28.191 [JavaFX Application Thread] DEBUG Input                - Registered new binding: Toggle Debug Camera - CTRL+C
12:41:28.196 [JavaFX Application Thread] DEBUG LoopRunner           - Starting loop
12:41:28.196 [JavaFX Application Thread] DEBUG LoopRunner           - Initializing JavaFX AnimationTimerLoop
12:41:28.198 [JavaFX Application Thread] DEBUG GameApplicationServi - Starting new game
12:41:28.201 [JavaFX Application Thread] DEBUG Input                - Clearing active input actions
12:41:28.260 [JavaFX Application Thread] DEBUG GameApplicationServi - Removing overlay from FXGLStartupScene and adding to FXGLLoadingScene
12:41:28.262 [JavaFX Application Thread] DEBUG PrimaryStageWindow   - FXGLStartupScene -> FXGLLoadingScene
12:41:28.262 [JavaFX Application Thread] DEBUG GameApplicationServi - Clearing previous game
12:41:28.262 [JavaFX Application Thread] DEBUG GameScene            - Clearing game scene
12:41:28.262 [JavaFX Application Thread] DEBUG GameWorld            - Clearing game world
12:41:28.262 [JavaFX Application Thread] DEBUG PhysicsWorld         - Clearing physics world
12:41:28.264 [FXGL Background Thread 4 ] DEBUG FXGLApplication      - Initializing game
12:41:28.540 [JavaFX Application Thread] DEBUG FXGLApplication      - Registering font factories with UI factory
12:41:28.702 [JavaFX Application Thread] DEBUG LoopRunner           - Stopping loop
12:41:28.711 [JavaFX Application Thread] FATAL FXGLApplication      - Uncaught Exception:
java.lang.RuntimeException: Initialization failed
	at com.almasb.fxgl.app.FXGLApplication$InitAppTask.failed(FXGLApplication.kt:343)
	at javafx.concurrent.Task.setState(Task.java:710)
	at javafx.concurrent.Task$TaskCallable.lambda$call$2(Task.java:1455)
	at com.sun.javafx.application.PlatformImpl.lambda$runLater$10(PlatformImpl.java:447)
	at java.base/java.security.AccessController.doPrivileged(Native Method)
	at com.sun.javafx.application.PlatformImpl.lambda$runLater$11(PlatformImpl.java:446)
	at com.sun.glass.ui.InvokeLaterDispatcher$Future.run(InvokeLaterDispatcher.java:96)
Caused by: java.lang.ExceptionInInitializerError
	at MoveCatalog.Move.setInfo(Move.java:33)
	at MoveCatalog.Move.<init>(Move.java:29)
	at Pokemon.Pokemon.setRandomMoves(Pokemon.java:180)
	at Pokemon.Pokemon.createPokemon(Pokemon.java:113)
	at Pokemon.Pokemon.<init>(Pokemon.java:101)
	at Battle.PaneOrganizer.<init>(PaneOrganizer.java:24)
	at App.Overworld.initUI(Overworld.java:20)
	at com.almasb.fxgl.app.FXGLApplication$InitAppTask.call(FXGLApplication.kt:321)
	at com.almasb.fxgl.app.FXGLApplication$InitAppTask.call(FXGLApplication.kt:311)
	at javafx.concurrent.Task$TaskCallable.call(Task.java:1425)
	at java.base/java.util.concurrent.FutureTask.run(FutureTask.java:264)
	at java.base/java.util.concurrent.Executors$RunnableAdapter.call(Executors.java:515)
	at java.base/java.util.concurrent.FutureTask.run(FutureTask.java:264)
	at java.base/java.util.concurrent.ThreadPoolExecutor.runWorker(ThreadPoolExecutor.java:1128)
	at java.base/java.util.concurrent.ThreadPoolExecutor$Worker.run(ThreadPoolExecutor.java:628)
	at java.base/java.lang.Thread.run(Thread.java:834)
Caused by: java.lang.ArrayIndexOutOfBoundsException: Index 6 out of bounds for length 6
	at MoveCatalog.MoveConstants.getData(MoveConstants.java:21)
	at MoveCatalog.MoveConstants.<clinit>(MoveConstants.java:12)
	... 16 more

12:41:28.712 [JavaFX Application Thread] FATAL FXGLApplication      - Application will now exit
12:41:28.810 [JavaFX Application Thread] DEBUG PrimaryStageWindow   - Push state: ErrorSubScene
12:41:28.811 [JavaFX Application Thread] DEBUG Input                - Clearing active input actions
12:41:28.816 [JavaFX Application Thread] DEBUG GameApplicationServi - Removing overlay from FXGLLoadingScene and adding to ErrorSubScene
12:41:28.820 [JavaFX Application Thread] DEBUG PrimaryStageWindow   - FXGLLoadingScene -> ErrorSubScene
12:41:29.424 [FXGL Background Thread 2 ] INFO  UpdaterService       - Your current version:  11.16
12:41:29.434 [FXGL Background Thread 2 ] INFO  UpdaterService       - Latest stable version: 11.17
12:41:31.060 [FXGL Background Thread 3 ] DEBUG Engine               - Logging environment variables
12:41:31.063 [FXGL Background Thread 3 ] DEBUG Engine               - achievements: []
12:41:31.068 [FXGL Background Thread 3 ] DEBUG Engine               - actualHeight: 800.0
12:41:31.069 [FXGL Background Thread 3 ] DEBUG Engine               - actualHeightProperty: ReadOnlyDoubleProperty [value: 800.0]
12:41:31.069 [FXGL Background Thread 3 ] DEBUG Engine               - actualWidth: 800.0
12:41:31.069 [FXGL Background Thread 3 ] DEBUG Engine               - actualWidthProperty: ReadOnlyDoubleProperty [value: 800.0]
12:41:31.069 [FXGL Background Thread 3 ] DEBUG Engine               - appIcon: fxgl_icon.png
12:41:31.069 [FXGL Background Thread 3 ] DEBUG Engine               - applicationMode: DEVELOPER
12:41:31.069 [FXGL Background Thread 3 ] DEBUG Engine               - cSSList: [fxgl_dark.css]
12:41:31.069 [FXGL Background Thread 3 ] DEBUG Engine               - collisionDetectionStrategy: BRUTE_FORCE
12:41:31.069 [FXGL Background Thread 3 ] DEBUG Engine               - configClass: Optional.empty
12:41:31.069 [FXGL Background Thread 3 ] DEBUG Engine               - credits: []
12:41:31.069 [FXGL Background Thread 3 ] DEBUG Engine               - defaultCursor: CursorInfo(imageName=fxgl_default_cursor.png, hotspotX=7.0, hotspotY=6.0)
12:41:31.071 [FXGL Background Thread 3 ] DEBUG Engine               - devBBoxColorProperty: ObjectProperty [value: 0xff0000ff]
12:41:31.072 [FXGL Background Thread 3 ] DEBUG Engine               - devEnableDebugCameraProperty: BooleanProperty [value: false]
12:41:31.072 [FXGL Background Thread 3 ] DEBUG Engine               - devSensorColorProperty: ObjectProperty [value: 0xffff00ff]
12:41:31.072 [FXGL Background Thread 3 ] DEBUG Engine               - devShowBBoxProperty: BooleanProperty [value: false]
12:41:31.072 [FXGL Background Thread 3 ] DEBUG Engine               - devShowPositionProperty: BooleanProperty [value: false]
12:41:31.072 [FXGL Background Thread 3 ] DEBUG Engine               - enabledMenuItems: []
12:41:31.072 [FXGL Background Thread 3 ] DEBUG Engine               - engineServices: [class com.almasb.fxgl.app.services.FXGLAssetLoaderService, class com.almasb.fxgl.app.FXGLApplication$GameApplicationService, class com.almasb.fxgl.app.services.FXGLDialogService, class com.almasb.fxgl.app.services.IOTaskExecutorService, class com.almasb.fxgl.io.FileSystemService, class com.almasb.fxgl.localization.LocalizationService, class com.almasb.fxgl.app.services.SystemBundleService, class com.almasb.fxgl.profile.SaveLoadService, class com.almasb.fxgl.ui.FXGLUIFactoryServiceProvider, class com.almasb.fxgl.ui.FXGLDialogFactoryServiceProvider, class com.almasb.fxgl.audio.AudioPlayer, class com.almasb.fxgl.notification.impl.NotificationServiceProvider, class com.almasb.fxgl.achievement.AchievementService, class com.almasb.fxgl.cutscene.CutsceneService, class com.almasb.fxgl.minigames.MiniGameService, class com.almasb.fxgl.net.NetService, class com.almasb.fxgl.app.services.UpdaterService, class com.almasb.fxgl.dev.DevService]
12:41:31.073 [FXGL Background Thread 3 ] DEBUG Engine               - fontGame: Abel-Regular.ttf
12:41:31.073 [FXGL Background Thread 3 ] DEBUG Engine               - fontMono: lucida_console.ttf
12:41:31.073 [FXGL Background Thread 3 ] DEBUG Engine               - fontText: Courier-Prime.ttf
12:41:31.073 [FXGL Background Thread 3 ] DEBUG Engine               - fontUI: VarelaRound-Regular.ttf
12:41:31.073 [FXGL Background Thread 3 ] DEBUG Engine               - fullScreen: BooleanProperty [value: false]
12:41:31.073 [FXGL Background Thread 3 ] DEBUG Engine               - gameDifficulty: MEDIUM
12:41:31.078 [FXGL Background Thread 3 ] DEBUG Engine               - gameDifficultyProperty: ObjectProperty [value: MEDIUM]
12:41:31.082 [FXGL Background Thread 3 ] DEBUG Engine               - globalMusicVolume: 0.5
12:41:31.082 [FXGL Background Thread 3 ] DEBUG Engine               - globalMusicVolumeProperty: DoubleProperty [value: 0.5]
12:41:31.083 [FXGL Background Thread 3 ] DEBUG Engine               - globalSoundVolume: 0.5
12:41:31.083 [FXGL Background Thread 3 ] DEBUG Engine               - globalSoundVolumeProperty: DoubleProperty [value: 0.5]
12:41:31.083 [FXGL Background Thread 3 ] DEBUG Engine               - height: 800
12:41:31.083 [FXGL Background Thread 3 ] DEBUG Engine               - is3D: false
12:41:31.084 [FXGL Background Thread 3 ] DEBUG Engine               - isAndroid: false
12:41:31.084 [FXGL Background Thread 3 ] DEBUG Engine               - isBrowser: false
12:41:31.084 [FXGL Background Thread 3 ] DEBUG Engine               - isClickFeedbackEnabled: false
12:41:31.084 [FXGL Background Thread 3 ] DEBUG Engine               - isCloseConfirmation: false
12:41:31.084 [FXGL Background Thread 3 ] DEBUG Engine               - isDesktop: true
12:41:31.084 [FXGL Background Thread 3 ] DEBUG Engine               - isDeveloperMenuEnabled: false
12:41:31.084 [FXGL Background Thread 3 ] DEBUG Engine               - isEntityPreloadEnabled: true
12:41:31.084 [FXGL Background Thread 3 ] DEBUG Engine               - isExperimentalTiledLargeMap: false
12:41:31.084 [FXGL Background Thread 3 ] DEBUG Engine               - isFileSystemWriteAllowed: true
12:41:31.084 [FXGL Background Thread 3 ] DEBUG Engine               - isFullScreenAllowed: false
12:41:31.084 [FXGL Background Thread 3 ] DEBUG Engine               - isFullScreenFromStart: false
12:41:31.084 [FXGL Background Thread 3 ] DEBUG Engine               - isGameMenuEnabled: true
12:41:31.084 [FXGL Background Thread 3 ] DEBUG Engine               - isIOS: false
12:41:31.084 [FXGL Background Thread 3 ] DEBUG Engine               - isIntroEnabled: false
12:41:31.084 [FXGL Background Thread 3 ] DEBUG Engine               - isLinux: false
12:41:31.084 [FXGL Background Thread 3 ] DEBUG Engine               - isMac: true
12:41:31.084 [FXGL Background Thread 3 ] DEBUG Engine               - isMainMenuEnabled: false
12:41:31.084 [FXGL Background Thread 3 ] DEBUG Engine               - isManualResizeEnabled: false
12:41:31.084 [FXGL Background Thread 3 ] DEBUG Engine               - isMobile: false
12:41:31.084 [FXGL Background Thread 3 ] DEBUG Engine               - isNative: false
12:41:31.085 [FXGL Background Thread 3 ] DEBUG Engine               - isPreserveResizeRatio: false
12:41:31.085 [FXGL Background Thread 3 ] DEBUG Engine               - isProfilingEnabled: false
12:41:31.085 [FXGL Background Thread 3 ] DEBUG Engine               - isScaleAffectedOnResize: true
12:41:31.085 [FXGL Background Thread 3 ] DEBUG Engine               - isSingleStep: false
12:41:31.086 [FXGL Background Thread 3 ] DEBUG Engine               - isUserProfileEnabled: false
12:41:31.086 [FXGL Background Thread 3 ] DEBUG Engine               - isWindows: false
12:41:31.086 [FXGL Background Thread 3 ] DEBUG Engine               - language: ObjectProperty [value: ENGLISH]
12:41:31.086 [FXGL Background Thread 3 ] DEBUG Engine               - menuKey: ESCAPE
12:41:31.086 [FXGL Background Thread 3 ] DEBUG Engine               - mouseSensitivity: 0.2
12:41:31.087 [FXGL Background Thread 3 ] DEBUG Engine               - notificationViewClass: class com.almasb.fxgl.notification.view.XboxNotificationView
12:41:31.087 [FXGL Background Thread 3 ] DEBUG Engine               - pixelsPerMeter: 50.0
12:41:31.088 [FXGL Background Thread 3 ] DEBUG Engine               - platform: MAC
12:41:31.088 [FXGL Background Thread 3 ] DEBUG Engine               - prefHeightProperty: ReadOnlyDoubleProperty [value: 800.0]
12:41:31.088 [FXGL Background Thread 3 ] DEBUG Engine               - prefWidthProperty: ReadOnlyDoubleProperty [value: 800.0]
12:41:31.088 [FXGL Background Thread 3 ] DEBUG Engine               - profileDir: profiles/
12:41:31.088 [FXGL Background Thread 3 ] DEBUG Engine               - profileName: StringProperty [value: DEFAULT]
12:41:31.088 [FXGL Background Thread 3 ] DEBUG Engine               - randomSeed: -1
12:41:31.088 [FXGL Background Thread 3 ] DEBUG Engine               - runtimeInfo: RuntimeInfo(platform=MAC, version=11.16, build=25.05.2021 08.16)
12:41:31.088 [FXGL Background Thread 3 ] DEBUG Engine               - saveFileExt: sav
12:41:31.088 [FXGL Background Thread 3 ] DEBUG Engine               - scaledHeightProp$fxgl: DoubleProperty [bound, value: 800.0]
12:41:31.088 [FXGL Background Thread 3 ] DEBUG Engine               - scaledWidthProp$fxgl: DoubleProperty [bound, value: 800.0]
12:41:31.088 [FXGL Background Thread 3 ] DEBUG Engine               - sceneFactory: com.almasb.fxgl.app.scene.SceneFactory@1e88ac70
12:41:31.088 [FXGL Background Thread 3 ] DEBUG Engine               - secondsIn24h: 60
12:41:31.088 [FXGL Background Thread 3 ] DEBUG Engine               - soundMenuBack: menu/back.wav
12:41:31.088 [FXGL Background Thread 3 ] DEBUG Engine               - soundMenuPress: menu/press.wav
12:41:31.088 [FXGL Background Thread 3 ] DEBUG Engine               - soundMenuSelect: menu/select.wav
12:41:31.088 [FXGL Background Thread 3 ] DEBUG Engine               - soundNotification: core/notification.wav
12:41:31.088 [FXGL Background Thread 3 ] DEBUG Engine               - stageStyle: DECORATED
12:41:31.088 [FXGL Background Thread 3 ] DEBUG Engine               - supportedLanguages: [ENGLISH, FRENCH, GERMAN, HUNGARIAN, RUSSIAN]
12:41:31.088 [FXGL Background Thread 3 ] DEBUG Engine               - ticksPerSecond: -1
12:41:31.088 [FXGL Background Thread 3 ] DEBUG Engine               - title: Pokemon
12:41:31.088 [FXGL Background Thread 3 ] DEBUG Engine               - urlGithub: https://github.com/AlmasB/FXGL
12:41:31.088 [FXGL Background Thread 3 ] DEBUG Engine               - urlLeaderboard: http://fxgl-top.herokuapp.com/
12:41:31.088 [FXGL Background Thread 3 ] DEBUG Engine               - urlPOM: https://raw.githubusercontent.com/AlmasB/FXGL/release/README.md
12:41:31.088 [FXGL Background Thread 3 ] DEBUG Engine               - userAppClass: class App.Overworld
12:41:31.088 [FXGL Background Thread 3 ] DEBUG Engine               - version: Beta 0.1
12:41:31.088 [FXGL Background Thread 3 ] DEBUG Engine               - versionCheckDays: 7
12:41:31.088 [FXGL Background Thread 3 ] DEBUG Engine               - width: 800
12:41:31.088 [FXGL Background Thread 3 ] DEBUG Engine               - Logging services
12:41:31.088 [FXGL Background Thread 3 ] DEBUG Engine               - class com.almasb.fxgl.app.services.FXGLAssetLoaderService
12:41:31.088 [FXGL Background Thread 3 ] DEBUG Engine               - class com.almasb.fxgl.app.FXGLApplication$GameApplicationService
12:41:31.089 [FXGL Background Thread 3 ] DEBUG Engine               - class com.almasb.fxgl.app.services.FXGLDialogService
12:41:31.089 [FXGL Background Thread 3 ] DEBUG Engine               - class com.almasb.fxgl.app.services.IOTaskExecutorService
12:41:31.089 [FXGL Background Thread 3 ] DEBUG Engine               - class com.almasb.fxgl.io.FileSystemService
12:41:31.089 [FXGL Background Thread 3 ] DEBUG Engine               - class com.almasb.fxgl.localization.LocalizationService
12:41:31.089 [FXGL Background Thread 3 ] DEBUG Engine               - class com.almasb.fxgl.app.services.SystemBundleService
12:41:31.089 [FXGL Background Thread 3 ] DEBUG Engine               - class com.almasb.fxgl.profile.SaveLoadService
12:41:31.089 [FXGL Background Thread 3 ] DEBUG Engine               - class com.almasb.fxgl.ui.FXGLUIFactoryServiceProvider
12:41:31.089 [FXGL Background Thread 3 ] DEBUG Engine               - class com.almasb.fxgl.ui.FXGLDialogFactoryServiceProvider
12:41:31.090 [FXGL Background Thread 3 ] DEBUG Engine               - class com.almasb.fxgl.audio.AudioPlayer
12:41:31.092 [FXGL Background Thread 3 ] DEBUG Engine               - class com.almasb.fxgl.notification.impl.NotificationServiceProvider
12:41:31.092 [FXGL Background Thread 3 ] DEBUG Engine               - class com.almasb.fxgl.achievement.AchievementService
12:41:31.092 [FXGL Background Thread 3 ] DEBUG Engine               - class com.almasb.fxgl.cutscene.CutsceneService
12:41:31.092 [FXGL Background Thread 3 ] DEBUG Engine               - class com.almasb.fxgl.minigames.MiniGameService
12:41:31.092 [FXGL Background Thread 3 ] DEBUG Engine               - class com.almasb.fxgl.net.NetService
12:41:31.092 [FXGL Background Thread 3 ] DEBUG Engine               - class com.almasb.fxgl.app.services.UpdaterService
12:41:31.092 [FXGL Background Thread 3 ] DEBUG Engine               - class com.almasb.fxgl.dev.DevService
12:47:01.625 [JavaFX Application Thread] DEBUG FXGLApplication      - Exiting FXGL
12:47:01.633 [JavaFX Application Thread] DEBUG Async                - Shutting down background threads
12:47:01.634 [JavaFX Application Thread] DEBUG PrimaryStageWindow   - Closing main window
12:47:01.654 [JavaFX Application Thread] DEBUG Logger               - Closing Logger
