18:24:44.324 [main                     ] DEBUG Logger               - Configured Logger
18:24:44.353 [main                     ] DEBUG GameApplication      - Logging settings
Title: Pokemon
Version: Beta 0.1
Width: 800
Height: 800
Fullscreen: false
Intro: false
Profiling: false
Single step:false
App Mode: DEVELOPER
Menu Key: ESCAPE
Stage Style: DECORATED
Scene Factory: class com.almasb.fxgl.app.scene.SceneFactory

18:24:44.937 [JavaFX Application Thread] DEBUG FXGLApplication      - Initializing FXGL
18:24:44.940 [JavaFX Application Thread] INFO  Engine               - FXGL-11.16 (25.05.2021 08.16) on MAC (J:11.0.12 FX:16)
18:24:44.940 [JavaFX Application Thread] DEBUG Engine               - JRE Vendor Name: Oracle Corporation
18:24:44.940 [JavaFX Application Thread] DEBUG Engine               - Running on OS: Mac OS X version 11.3
18:24:44.941 [JavaFX Application Thread] DEBUG Engine               - Architecture: x86_64
18:24:44.941 [JavaFX Application Thread] INFO  Engine               - Source code and latest versions at: https://github.com/AlmasB/FXGL
18:24:44.941 [JavaFX Application Thread] INFO  Engine               -              Join the FXGL chat at: https://gitter.im/AlmasB/FXGL
18:24:45.115 [JavaFX Application Thread] DEBUG PrimaryStageWindow   - Creating a JavaFX scene
18:24:45.202 [JavaFX Application Thread] DEBUG PrimaryStageWindow   - Target settings size: 800.0 x 800.0
18:24:45.202 [JavaFX Application Thread] DEBUG PrimaryStageWindow   - Scaled scene size:    800.0 x 800.0
18:24:45.202 [JavaFX Application Thread] DEBUG PrimaryStageWindow   - Scaled ratio: (1.0, 1.0)
18:24:45.203 [JavaFX Application Thread] DEBUG PrimaryStageWindow   - Set initial scene to FXGLStartupScene
18:24:45.208 [JavaFX Application Thread] DEBUG PrimaryStageWindow   - Opening main window
18:24:45.396 [JavaFX Application Thread] DEBUG PrimaryStageWindow   - Window border size: (0.0, 28.0)
18:24:45.396 [JavaFX Application Thread] DEBUG PrimaryStageWindow   - Scaled size: 800.0 x 800.0
18:24:45.396 [JavaFX Application Thread] DEBUG PrimaryStageWindow   - Scaled ratio: (1.0, 1.0)
18:24:45.396 [JavaFX Application Thread] DEBUG PrimaryStageWindow   - Scene size: 800.0 x 800.0
18:24:45.397 [JavaFX Application Thread] DEBUG PrimaryStageWindow   - Stage size: 800.0 x 828.0
18:24:45.411 [FXGL Background Thread 1 ] DEBUG Engine               - Initializing environment variables
18:24:45.594 [FXGL Background Thread 1 ] DEBUG FXGLAssetLoaderServi - User app class for loading assets: class App.Overworld
18:24:45.596 [FXGL Background Thread 1 ] DEBUG GameApplicationServi - Applying CSS: fxgl_dark.css
18:24:45.599 [FXGL Background Thread 1 ] DEBUG FXGLAssetLoaderServi - Loading from file system: jar:file:/Users/cody/.m2/repository/com/github/almasb/fxgl/11.16/fxgl-11.16.jar!/fxglassets/ui/css/fxgl_dark.css
18:24:45.676 [FXGL Background Thread 1 ] DEBUG GameApplicationServi - Initializing application scenes
18:24:46.011 [FXGL Background Thread 1 ] DEBUG GameWorld            - Game world initialized
18:24:46.058 [FXGL Background Thread 1 ] DEBUG PhysicsWorld         - Physics world initialized: appHeight=800, physics.ppm=50.0
18:24:46.059 [FXGL Background Thread 1 ] DEBUG PhysicsWorld         - Using strategy: BRUTE_FORCE
18:24:46.067 [FXGL Background Thread 1 ] DEBUG GameScene            - Game scene initialized: 800x800
18:24:46.077 [FXGL Background Thread 1 ] DEBUG FXGL.DefaultMenu     - createMenuBodyGameMenu()
18:24:46.093 [FXGL Background Thread 1 ] DEBUG FXGL.DefaultMenu     - createOptionsMenu()
18:24:46.102 [FXGL Background Thread 1 ] DEBUG FXGLAssetLoaderServi - Loading from file system: jar:file:/Users/cody/.m2/repository/com/github/almasb/fxgl/11.16/fxgl-11.16.jar!/fxglassets/textures/particles/smoke.png
18:24:46.247 [FXGL Background Thread 1 ] DEBUG FXGLAssetLoaderServi - Loading from file system: jar:file:/Users/cody/.m2/repository/com/github/almasb/fxgl/11.16/fxgl-11.16.jar!/fxglassets/textures/particles/trace_horizontal.png
18:24:46.269 [FXGL Background Thread 1 ] DEBUG GameApplicationServi - Application scenes initialized
18:24:46.279 [FXGL Background Thread 1 ] DEBUG SystemBundleService  - Loading FXGL system data
18:24:46.286 [FXGL Background Thread 1 ] DEBUG FileSystemAccess     - Reading from: /Users/cody/Desktop/PokemonM/system/fxgl.bundle
18:24:46.292 [FXGL Background Thread 1 ] DEBUG SystemBundleService  - Bundle FXGL: {}
18:24:46.292 [FXGL Background Thread 1 ] DEBUG UpdaterService       - Checking for updates
18:24:46.298 [FXGL Background Thread 4 ] DEBUG FXGLApplication      - Loading fonts
18:24:46.300 [FXGL Background Thread 1 ] DEBUG FXGLApplication      - Loading default localization
18:24:46.300 [FXGL Background Thread 4 ] DEBUG FXGLAssetLoaderServi - Loading from file system: jar:file:/Users/cody/.m2/repository/com/github/almasb/fxgl/11.16/fxgl-11.16.jar!/fxglassets/ui/fonts/VarelaRound-Regular.ttf
18:24:46.303 [FXGL Background Thread 1 ] DEBUG FXGLAssetLoaderServi - Loading from file system: jar:file:/Users/cody/.m2/repository/com/github/almasb/fxgl/11.16/fxgl-11.16.jar!/fxglassets/languages/english.lang
18:24:46.332 [FXGL Background Thread 1 ] INFO  FXGLApplication      - FXGL initialization took: 0.918 sec
18:24:46.341 [FXGL Background Thread 4 ] DEBUG FXGLAssetLoaderServi - Loading from file system: jar:file:/Users/cody/.m2/repository/com/github/almasb/fxgl/11.16/fxgl-11.16.jar!/fxglassets/ui/fonts/Abel-Regular.ttf
18:24:46.347 [JavaFX Application Thread] DEBUG Input                - Registered new binding: Right - D
18:24:46.347 [FXGL Background Thread 4 ] DEBUG FXGLAssetLoaderServi - Loading from file system: jar:file:/Users/cody/.m2/repository/com/github/almasb/fxgl/11.16/fxgl-11.16.jar!/fxglassets/ui/fonts/lucida_console.ttf
18:24:46.347 [JavaFX Application Thread] DEBUG Input                - Registered new binding: Left - A
18:24:46.347 [JavaFX Application Thread] DEBUG Input                - Registered new binding: Up - W
18:24:46.347 [JavaFX Application Thread] DEBUG Input                - Registered new binding: Down - S
18:24:46.348 [JavaFX Application Thread] DEBUG FXGLAssetLoaderServi - Loading from file system: jar:file:/Users/cody/.m2/repository/com/github/almasb/fxgl/11.16/fxgl-11.16.jar!/fxglassets/textures/fxgl_icon.png
18:24:46.352 [FXGL Background Thread 4 ] DEBUG FXGLAssetLoaderServi - Loading from file system: jar:file:/Users/cody/.m2/repository/com/github/almasb/fxgl/11.16/fxgl-11.16.jar!/fxglassets/ui/fonts/Courier-Prime.ttf
18:24:46.405 [JavaFX Application Thread] DEBUG FXGLAssetLoaderServi - Loading from file system: jar:file:/Users/cody/.m2/repository/com/github/almasb/fxgl/11.16/fxgl-11.16.jar!/fxglassets/textures/fxgl_default_cursor.png
18:24:46.413 [JavaFX Application Thread] DEBUG Input                - Registered new binding: Screenshot - CTRL+8
18:24:46.414 [JavaFX Application Thread] DEBUG Input                - Registered new binding: System info dump - CTRL+9
18:24:46.414 [JavaFX Application Thread] DEBUG Input                - Registered new binding: Restart - CTRL+R
18:24:46.415 [JavaFX Application Thread] DEBUG Input                - Registered new binding: Toggle Debug Camera - CTRL+C
18:24:46.419 [JavaFX Application Thread] DEBUG LoopRunner           - Starting loop
18:24:46.419 [JavaFX Application Thread] DEBUG LoopRunner           - Initializing JavaFX AnimationTimerLoop
18:24:46.424 [JavaFX Application Thread] DEBUG GameApplicationServi - Starting new game
18:24:46.426 [JavaFX Application Thread] DEBUG Input                - Clearing active input actions
18:24:46.517 [JavaFX Application Thread] DEBUG GameApplicationServi - Removing overlay from FXGLStartupScene and adding to FXGLLoadingScene
18:24:46.520 [JavaFX Application Thread] DEBUG PrimaryStageWindow   - FXGLStartupScene -> FXGLLoadingScene
18:24:46.521 [JavaFX Application Thread] DEBUG GameApplicationServi - Clearing previous game
18:24:46.522 [JavaFX Application Thread] DEBUG GameScene            - Clearing game scene
18:24:46.522 [JavaFX Application Thread] DEBUG GameWorld            - Clearing game world
18:24:46.522 [JavaFX Application Thread] DEBUG PhysicsWorld         - Clearing physics world
18:24:46.528 [FXGL Background Thread 4 ] DEBUG FXGLApplication      - Initializing game
18:24:46.560 [JavaFX Application Thread] DEBUG FXGLApplication      - Registering font factories with UI factory
18:24:46.572 [FXGL Background Thread 4 ] DEBUG FXGLAssetLoaderServi - Loading from file system: file:/Users/cody/Desktop/PokemonM/target/classes/assets/textures/dawn.png
18:24:46.637 [FXGL Background Thread 4 ] INFO  FXGLApplication      - Game initialization took: 0.107 sec
18:24:46.658 [JavaFX Application Thread] DEBUG Input                - Clearing active input actions
18:24:46.713 [JavaFX Application Thread] DEBUG GameApplicationServi - Removing overlay from FXGLLoadingScene and adding to GameScene
18:24:46.714 [JavaFX Application Thread] DEBUG PrimaryStageWindow   - FXGLLoadingScene -> GameScene
18:24:47.162 [FXGL Background Thread 2 ] INFO  UpdaterService       - Your current version:  11.16
18:24:47.169 [FXGL Background Thread 2 ] INFO  UpdaterService       - Latest stable version: 11.17
18:24:49.300 [FXGL Background Thread 3 ] DEBUG Engine               - Logging environment variables
18:24:49.311 [FXGL Background Thread 3 ] DEBUG Engine               - achievements: []
18:24:49.312 [FXGL Background Thread 3 ] DEBUG Engine               - actualHeight: 800.0
18:24:49.312 [FXGL Background Thread 3 ] DEBUG Engine               - actualHeightProperty: ReadOnlyDoubleProperty [value: 800.0]
18:24:49.312 [FXGL Background Thread 3 ] DEBUG Engine               - actualWidth: 800.0
18:24:49.312 [FXGL Background Thread 3 ] DEBUG Engine               - actualWidthProperty: ReadOnlyDoubleProperty [value: 800.0]
18:24:49.312 [FXGL Background Thread 3 ] DEBUG Engine               - appIcon: fxgl_icon.png
18:24:49.312 [FXGL Background Thread 3 ] DEBUG Engine               - applicationMode: DEVELOPER
18:24:49.312 [FXGL Background Thread 3 ] DEBUG Engine               - cSSList: [fxgl_dark.css]
18:24:49.312 [FXGL Background Thread 3 ] DEBUG Engine               - collisionDetectionStrategy: BRUTE_FORCE
18:24:49.312 [FXGL Background Thread 3 ] DEBUG Engine               - configClass: Optional.empty
18:24:49.313 [FXGL Background Thread 3 ] DEBUG Engine               - credits: []
18:24:49.313 [FXGL Background Thread 3 ] DEBUG Engine               - defaultCursor: CursorInfo(imageName=fxgl_default_cursor.png, hotspotX=7.0, hotspotY=6.0)
18:24:49.315 [FXGL Background Thread 3 ] DEBUG Engine               - devBBoxColorProperty: ObjectProperty [value: 0xff0000ff]
18:24:49.316 [FXGL Background Thread 3 ] DEBUG Engine               - devEnableDebugCameraProperty: BooleanProperty [value: false]
18:24:49.316 [FXGL Background Thread 3 ] DEBUG Engine               - devSensorColorProperty: ObjectProperty [value: 0xffff00ff]
18:24:49.316 [FXGL Background Thread 3 ] DEBUG Engine               - devShowBBoxProperty: BooleanProperty [value: false]
18:24:49.316 [FXGL Background Thread 3 ] DEBUG Engine               - devShowPositionProperty: BooleanProperty [value: false]
18:24:49.316 [FXGL Background Thread 3 ] DEBUG Engine               - enabledMenuItems: []
18:24:49.316 [FXGL Background Thread 3 ] DEBUG Engine               - engineServices: [class com.almasb.fxgl.app.services.FXGLAssetLoaderService, class com.almasb.fxgl.app.FXGLApplication$GameApplicationService, class com.almasb.fxgl.app.services.FXGLDialogService, class com.almasb.fxgl.app.services.IOTaskExecutorService, class com.almasb.fxgl.io.FileSystemService, class com.almasb.fxgl.localization.LocalizationService, class com.almasb.fxgl.app.services.SystemBundleService, class com.almasb.fxgl.profile.SaveLoadService, class com.almasb.fxgl.ui.FXGLUIFactoryServiceProvider, class com.almasb.fxgl.ui.FXGLDialogFactoryServiceProvider, class com.almasb.fxgl.audio.AudioPlayer, class com.almasb.fxgl.notification.impl.NotificationServiceProvider, class com.almasb.fxgl.achievement.AchievementService, class com.almasb.fxgl.cutscene.CutsceneService, class com.almasb.fxgl.minigames.MiniGameService, class com.almasb.fxgl.net.NetService, class com.almasb.fxgl.app.services.UpdaterService, class com.almasb.fxgl.dev.DevService]
18:24:49.317 [FXGL Background Thread 3 ] DEBUG Engine               - fontGame: Abel-Regular.ttf
18:24:49.317 [FXGL Background Thread 3 ] DEBUG Engine               - fontMono: lucida_console.ttf
18:24:49.317 [FXGL Background Thread 3 ] DEBUG Engine               - fontText: Courier-Prime.ttf
18:24:49.317 [FXGL Background Thread 3 ] DEBUG Engine               - fontUI: VarelaRound-Regular.ttf
18:24:49.317 [FXGL Background Thread 3 ] DEBUG Engine               - fullScreen: BooleanProperty [value: false]
18:24:49.317 [FXGL Background Thread 3 ] DEBUG Engine               - gameDifficulty: MEDIUM
18:24:49.322 [FXGL Background Thread 3 ] DEBUG Engine               - gameDifficultyProperty: ObjectProperty [value: MEDIUM]
18:24:49.323 [FXGL Background Thread 3 ] DEBUG Engine               - globalMusicVolume: 0.5
18:24:49.324 [FXGL Background Thread 3 ] DEBUG Engine               - globalMusicVolumeProperty: DoubleProperty [value: 0.5]
18:24:49.324 [FXGL Background Thread 3 ] DEBUG Engine               - globalSoundVolume: 0.5
18:24:49.324 [FXGL Background Thread 3 ] DEBUG Engine               - globalSoundVolumeProperty: DoubleProperty [value: 0.5]
18:24:49.324 [FXGL Background Thread 3 ] DEBUG Engine               - height: 800
18:24:49.324 [FXGL Background Thread 3 ] DEBUG Engine               - is3D: false
18:24:49.324 [FXGL Background Thread 3 ] DEBUG Engine               - isAndroid: false
18:24:49.324 [FXGL Background Thread 3 ] DEBUG Engine               - isBrowser: false
18:24:49.325 [FXGL Background Thread 3 ] DEBUG Engine               - isClickFeedbackEnabled: false
18:24:49.325 [FXGL Background Thread 3 ] DEBUG Engine               - isCloseConfirmation: false
18:24:49.325 [FXGL Background Thread 3 ] DEBUG Engine               - isDesktop: true
18:24:49.325 [FXGL Background Thread 3 ] DEBUG Engine               - isDeveloperMenuEnabled: false
18:24:49.325 [FXGL Background Thread 3 ] DEBUG Engine               - isEntityPreloadEnabled: true
18:24:49.325 [FXGL Background Thread 3 ] DEBUG Engine               - isExperimentalTiledLargeMap: false
18:24:49.325 [FXGL Background Thread 3 ] DEBUG Engine               - isFileSystemWriteAllowed: true
18:24:49.325 [FXGL Background Thread 3 ] DEBUG Engine               - isFullScreenAllowed: false
18:24:49.325 [FXGL Background Thread 3 ] DEBUG Engine               - isFullScreenFromStart: false
18:24:49.325 [FXGL Background Thread 3 ] DEBUG Engine               - isGameMenuEnabled: true
18:24:49.325 [FXGL Background Thread 3 ] DEBUG Engine               - isIOS: false
18:24:49.325 [FXGL Background Thread 3 ] DEBUG Engine               - isIntroEnabled: false
18:24:49.325 [FXGL Background Thread 3 ] DEBUG Engine               - isLinux: false
18:24:49.325 [FXGL Background Thread 3 ] DEBUG Engine               - isMac: true
18:24:49.327 [FXGL Background Thread 3 ] DEBUG Engine               - isMainMenuEnabled: false
18:24:49.327 [FXGL Background Thread 3 ] DEBUG Engine               - isManualResizeEnabled: false
18:24:49.327 [FXGL Background Thread 3 ] DEBUG Engine               - isMobile: false
18:24:49.327 [FXGL Background Thread 3 ] DEBUG Engine               - isNative: false
18:24:49.327 [FXGL Background Thread 3 ] DEBUG Engine               - isPreserveResizeRatio: false
18:24:49.327 [FXGL Background Thread 3 ] DEBUG Engine               - isProfilingEnabled: false
18:24:49.327 [FXGL Background Thread 3 ] DEBUG Engine               - isScaleAffectedOnResize: true
18:24:49.327 [FXGL Background Thread 3 ] DEBUG Engine               - isSingleStep: false
18:24:49.327 [FXGL Background Thread 3 ] DEBUG Engine               - isUserProfileEnabled: false
18:24:49.327 [FXGL Background Thread 3 ] DEBUG Engine               - isWindows: false
18:24:49.327 [FXGL Background Thread 3 ] DEBUG Engine               - language: ObjectProperty [value: ENGLISH]
18:24:49.327 [FXGL Background Thread 3 ] DEBUG Engine               - menuKey: ESCAPE
18:24:49.327 [FXGL Background Thread 3 ] DEBUG Engine               - mouseSensitivity: 0.2
18:24:49.327 [FXGL Background Thread 3 ] DEBUG Engine               - notificationViewClass: class com.almasb.fxgl.notification.view.XboxNotificationView
18:24:49.327 [FXGL Background Thread 3 ] DEBUG Engine               - pixelsPerMeter: 50.0
18:24:49.327 [FXGL Background Thread 3 ] DEBUG Engine               - platform: MAC
18:24:49.328 [FXGL Background Thread 3 ] DEBUG Engine               - prefHeightProperty: ReadOnlyDoubleProperty [value: 800.0]
18:24:49.328 [FXGL Background Thread 3 ] DEBUG Engine               - prefWidthProperty: ReadOnlyDoubleProperty [value: 800.0]
18:24:49.328 [FXGL Background Thread 3 ] DEBUG Engine               - profileDir: profiles/
18:24:49.328 [FXGL Background Thread 3 ] DEBUG Engine               - profileName: StringProperty [value: DEFAULT]
18:24:49.329 [FXGL Background Thread 3 ] DEBUG Engine               - randomSeed: -1
18:24:49.330 [FXGL Background Thread 3 ] DEBUG Engine               - runtimeInfo: RuntimeInfo(platform=MAC, version=11.16, build=25.05.2021 08.16)
18:24:49.330 [FXGL Background Thread 3 ] DEBUG Engine               - saveFileExt: sav
18:24:49.330 [FXGL Background Thread 3 ] DEBUG Engine               - scaledHeightProp$fxgl: DoubleProperty [bound, value: 800.0]
18:24:49.330 [FXGL Background Thread 3 ] DEBUG Engine               - scaledWidthProp$fxgl: DoubleProperty [bound, value: 800.0]
18:24:49.330 [FXGL Background Thread 3 ] DEBUG Engine               - sceneFactory: com.almasb.fxgl.app.scene.SceneFactory@664bf9c6
18:24:49.330 [FXGL Background Thread 3 ] DEBUG Engine               - secondsIn24h: 60
18:24:49.330 [FXGL Background Thread 3 ] DEBUG Engine               - soundMenuBack: menu/back.wav
18:24:49.330 [FXGL Background Thread 3 ] DEBUG Engine               - soundMenuPress: menu/press.wav
18:24:49.330 [FXGL Background Thread 3 ] DEBUG Engine               - soundMenuSelect: menu/select.wav
18:24:49.330 [FXGL Background Thread 3 ] DEBUG Engine               - soundNotification: core/notification.wav
18:24:49.330 [FXGL Background Thread 3 ] DEBUG Engine               - stageStyle: DECORATED
18:24:49.330 [FXGL Background Thread 3 ] DEBUG Engine               - supportedLanguages: [ENGLISH, FRENCH, GERMAN, HUNGARIAN, RUSSIAN]
18:24:49.330 [FXGL Background Thread 3 ] DEBUG Engine               - ticksPerSecond: -1
18:24:49.330 [FXGL Background Thread 3 ] DEBUG Engine               - title: Pokemon
18:24:49.330 [FXGL Background Thread 3 ] DEBUG Engine               - urlGithub: https://github.com/AlmasB/FXGL
18:24:49.330 [FXGL Background Thread 3 ] DEBUG Engine               - urlLeaderboard: http://fxgl-top.herokuapp.com/
18:24:49.330 [FXGL Background Thread 3 ] DEBUG Engine               - urlPOM: https://raw.githubusercontent.com/AlmasB/FXGL/release/README.md
18:24:49.330 [FXGL Background Thread 3 ] DEBUG Engine               - userAppClass: class App.Overworld
18:24:49.330 [FXGL Background Thread 3 ] DEBUG Engine               - version: Beta 0.1
18:24:49.331 [FXGL Background Thread 3 ] DEBUG Engine               - versionCheckDays: 7
18:24:49.331 [FXGL Background Thread 3 ] DEBUG Engine               - width: 800
18:24:49.331 [FXGL Background Thread 3 ] DEBUG Engine               - Logging services
18:24:49.331 [FXGL Background Thread 3 ] DEBUG Engine               - class com.almasb.fxgl.app.services.FXGLAssetLoaderService
18:24:49.331 [FXGL Background Thread 3 ] DEBUG Engine               - class com.almasb.fxgl.app.FXGLApplication$GameApplicationService
18:24:49.331 [FXGL Background Thread 3 ] DEBUG Engine               - class com.almasb.fxgl.app.services.FXGLDialogService
18:24:49.331 [FXGL Background Thread 3 ] DEBUG Engine               - class com.almasb.fxgl.app.services.IOTaskExecutorService
18:24:49.331 [FXGL Background Thread 3 ] DEBUG Engine               - class com.almasb.fxgl.io.FileSystemService
18:24:49.331 [FXGL Background Thread 3 ] DEBUG Engine               - class com.almasb.fxgl.localization.LocalizationService
18:24:49.331 [FXGL Background Thread 3 ] DEBUG Engine               - class com.almasb.fxgl.app.services.SystemBundleService
18:24:49.331 [FXGL Background Thread 3 ] DEBUG Engine               - class com.almasb.fxgl.profile.SaveLoadService
18:24:49.331 [FXGL Background Thread 3 ] DEBUG Engine               - class com.almasb.fxgl.ui.FXGLUIFactoryServiceProvider
18:24:49.331 [FXGL Background Thread 3 ] DEBUG Engine               - class com.almasb.fxgl.ui.FXGLDialogFactoryServiceProvider
18:24:49.331 [FXGL Background Thread 3 ] DEBUG Engine               - class com.almasb.fxgl.audio.AudioPlayer
18:24:49.331 [FXGL Background Thread 3 ] DEBUG Engine               - class com.almasb.fxgl.notification.impl.NotificationServiceProvider
18:24:49.331 [FXGL Background Thread 3 ] DEBUG Engine               - class com.almasb.fxgl.achievement.AchievementService
18:24:49.331 [FXGL Background Thread 3 ] DEBUG Engine               - class com.almasb.fxgl.cutscene.CutsceneService
18:24:49.331 [FXGL Background Thread 3 ] DEBUG Engine               - class com.almasb.fxgl.minigames.MiniGameService
18:24:49.331 [FXGL Background Thread 3 ] DEBUG Engine               - class com.almasb.fxgl.net.NetService
18:24:49.331 [FXGL Background Thread 3 ] DEBUG Engine               - class com.almasb.fxgl.app.services.UpdaterService
18:24:49.331 [FXGL Background Thread 3 ] DEBUG Engine               - class com.almasb.fxgl.dev.DevService
18:25:36.434 [JavaFX Application Thread] DEBUG FXGLApplication      - Exiting FXGL
18:25:36.443 [JavaFX Application Thread] DEBUG LoopRunner           - Stopping loop
18:25:36.443 [JavaFX Application Thread] DEBUG SystemBundleService  - Saving FXGL system data
18:25:36.450 [JavaFX Application Thread] DEBUG FileSystemAccess     - Writing to: /Users/cody/Desktop/PokemonM/system/fxgl.bundle
18:25:36.454 [JavaFX Application Thread] DEBUG Async                - Shutting down background threads
18:25:36.456 [JavaFX Application Thread] DEBUG PrimaryStageWindow   - Closing main window
18:25:36.480 [JavaFX Application Thread] DEBUG Logger               - Closing Logger
