15:06:41.206 [main                     ] DEBUG Logger               - Configured Logger
15:06:41.231 [main                     ] DEBUG GameApplication      - Logging settings
Title: Pokemon
Version: Beta 0.1
Width: 800
Height: 800
Fullscreen: false
Intro: false
Profiling: false
Single step:false
App Mode: DEVELOPER
Menu Key: ESCAPE
Stage Style: DECORATED
Scene Factory: class com.almasb.fxgl.app.scene.SceneFactory

15:06:41.781 [JavaFX Application Thread] DEBUG FXGLApplication      - Initializing FXGL
15:06:41.783 [JavaFX Application Thread] INFO  Engine               - FXGL-11.16 (25.05.2021 08.16) on WINDOWS (J:11.0.12 FX:16)
15:06:41.784 [JavaFX Application Thread] DEBUG Engine               - JRE Vendor Name: Amazon.com Inc.
15:06:41.784 [JavaFX Application Thread] DEBUG Engine               - Running on OS: Windows 10 version 10.0
15:06:41.784 [JavaFX Application Thread] DEBUG Engine               - Architecture: amd64
15:06:41.784 [JavaFX Application Thread] INFO  Engine               - Source code and latest versions at: https://github.com/AlmasB/FXGL
15:06:41.784 [JavaFX Application Thread] INFO  Engine               -              Join the FXGL chat at: https://gitter.im/AlmasB/FXGL
15:06:41.924 [JavaFX Application Thread] DEBUG PrimaryStageWindow   - Creating a JavaFX scene
15:06:42.005 [JavaFX Application Thread] DEBUG PrimaryStageWindow   - Target settings size: 800.0 x 800.0
15:06:42.006 [JavaFX Application Thread] DEBUG PrimaryStageWindow   - Scaled scene size:    800.0 x 800.0
15:06:42.006 [JavaFX Application Thread] DEBUG PrimaryStageWindow   - Scaled ratio: (1.0, 1.0)
15:06:42.007 [JavaFX Application Thread] DEBUG PrimaryStageWindow   - Set initial scene to FXGLStartupScene
15:06:42.016 [JavaFX Application Thread] DEBUG PrimaryStageWindow   - Opening main window
15:06:42.145 [JavaFX Application Thread] DEBUG PrimaryStageWindow   - Window border size: (14.4000244140625, 37.5999755859375)
15:06:42.146 [JavaFX Application Thread] DEBUG PrimaryStageWindow   - Scaled size: 800.0 x 800.0
15:06:42.146 [JavaFX Application Thread] DEBUG PrimaryStageWindow   - Scaled ratio: (1.0, 1.0)
15:06:42.147 [JavaFX Application Thread] DEBUG PrimaryStageWindow   - Scene size: 800.0 x 800.0
15:06:42.147 [JavaFX Application Thread] DEBUG PrimaryStageWindow   - Stage size: 814.4000244140625 x 837.5999755859375
15:06:42.161 [FXGL Background Thread 1 ] DEBUG Engine               - Initializing environment variables
15:06:42.221 [FXGL Background Thread 1 ] DEBUG FXGLAssetLoaderServi - User app class for loading assets: class App.Overworld
15:06:42.221 [FXGL Background Thread 1 ] DEBUG GameApplicationServi - Applying CSS: fxgl_dark.css
15:06:42.222 [FXGL Background Thread 1 ] DEBUG FXGLAssetLoaderServi - Loading from file system: jar:file:/C:/Users/lwarr/.m2/repository/com/github/almasb/fxgl/11.16/fxgl-11.16.jar!/fxglassets/ui/css/fxgl_dark.css
15:06:42.272 [FXGL Background Thread 1 ] DEBUG GameApplicationServi - Initializing application scenes
15:06:42.331 [FXGL Background Thread 1 ] DEBUG GameWorld            - Game world initialized
15:06:42.422 [FXGL Background Thread 1 ] DEBUG PhysicsWorld         - Physics world initialized: appHeight=800, physics.ppm=50.0
15:06:42.422 [FXGL Background Thread 1 ] DEBUG PhysicsWorld         - Using strategy: BRUTE_FORCE
15:06:42.426 [FXGL Background Thread 1 ] DEBUG GameScene            - Game scene initialized: 800x800
15:06:42.444 [FXGL Background Thread 1 ] DEBUG FXGL.DefaultMenu     - createMenuBodyGameMenu()
15:06:42.460 [FXGL Background Thread 1 ] DEBUG FXGL.DefaultMenu     - createOptionsMenu()
15:06:42.469 [FXGL Background Thread 1 ] DEBUG FXGLAssetLoaderServi - Loading from file system: jar:file:/C:/Users/lwarr/.m2/repository/com/github/almasb/fxgl/11.16/fxgl-11.16.jar!/fxglassets/textures/particles/smoke.png
15:06:42.551 [FXGL Background Thread 1 ] DEBUG FXGLAssetLoaderServi - Loading from file system: jar:file:/C:/Users/lwarr/.m2/repository/com/github/almasb/fxgl/11.16/fxgl-11.16.jar!/fxglassets/textures/particles/trace_horizontal.png
15:06:42.582 [FXGL Background Thread 1 ] DEBUG GameApplicationServi - Application scenes initialized
15:06:42.591 [FXGL Background Thread 1 ] DEBUG SystemBundleService  - Loading FXGL system data
15:06:42.593 [FXGL Background Thread 1 ] DEBUG FileSystemAccess     - Reading from: C:\Users\lwarr\IdeaProjects\PokemonM\system\fxgl.bundle
15:06:42.597 [FXGL Background Thread 1 ] DEBUG SystemBundleService  - Bundle FXGL: {}
15:06:42.597 [FXGL Background Thread 1 ] DEBUG UpdaterService       - Checking for updates
15:06:42.604 [FXGL Background Thread 4 ] DEBUG FXGLApplication      - Loading fonts
15:06:42.604 [FXGL Background Thread 1 ] DEBUG FXGLApplication      - Loading default localization
15:06:42.604 [FXGL Background Thread 1 ] DEBUG FXGLAssetLoaderServi - Loading from file system: jar:file:/C:/Users/lwarr/.m2/repository/com/github/almasb/fxgl/11.16/fxgl-11.16.jar!/fxglassets/languages/english.lang
15:06:42.604 [FXGL Background Thread 4 ] DEBUG FXGLAssetLoaderServi - Loading from file system: jar:file:/C:/Users/lwarr/.m2/repository/com/github/almasb/fxgl/11.16/fxgl-11.16.jar!/fxglassets/ui/fonts/VarelaRound-Regular.ttf
15:06:42.622 [FXGL Background Thread 1 ] INFO  FXGLApplication      - FXGL initialization took: 0.460 sec
15:06:42.623 [JavaFX Application Thread] DEBUG FXGLAssetLoaderServi - Loading from file system: jar:file:/C:/Users/lwarr/.m2/repository/com/github/almasb/fxgl/11.16/fxgl-11.16.jar!/fxglassets/textures/fxgl_icon.png
15:06:42.648 [JavaFX Application Thread] DEBUG FXGLAssetLoaderServi - Loading from file system: jar:file:/C:/Users/lwarr/.m2/repository/com/github/almasb/fxgl/11.16/fxgl-11.16.jar!/fxglassets/textures/fxgl_default_cursor.png
15:06:42.666 [JavaFX Application Thread] DEBUG Input                - Registered new binding: Screenshot - CTRL+8
15:06:42.667 [JavaFX Application Thread] DEBUG Input                - Registered new binding: System info dump - CTRL+9
15:06:42.667 [JavaFX Application Thread] DEBUG Input                - Registered new binding: Restart - CTRL+R
15:06:42.668 [JavaFX Application Thread] DEBUG Input                - Registered new binding: Toggle Debug Camera - CTRL+C
15:06:42.670 [JavaFX Application Thread] DEBUG LoopRunner           - Starting loop
15:06:42.670 [JavaFX Application Thread] DEBUG LoopRunner           - Initializing JavaFX AnimationTimerLoop
15:06:42.672 [JavaFX Application Thread] DEBUG GameApplicationServi - Starting new game
15:06:42.673 [JavaFX Application Thread] DEBUG Input                - Clearing active input actions
15:06:42.685 [JavaFX Application Thread] DEBUG GameApplicationServi - Removing overlay from FXGLStartupScene and adding to FXGLLoadingScene
15:06:42.685 [JavaFX Application Thread] DEBUG PrimaryStageWindow   - FXGLStartupScene -> FXGLLoadingScene
15:06:42.685 [JavaFX Application Thread] DEBUG GameApplicationServi - Clearing previous game
15:06:42.685 [JavaFX Application Thread] DEBUG GameScene            - Clearing game scene
15:06:42.685 [JavaFX Application Thread] DEBUG GameWorld            - Clearing game world
15:06:42.686 [JavaFX Application Thread] DEBUG PhysicsWorld         - Clearing physics world
15:06:42.687 [FXGL Background Thread 1 ] DEBUG FXGLApplication      - Initializing game
15:06:42.803 [JavaFX Application Thread] DEBUG LoopRunner           - Stopping loop
15:06:42.806 [JavaFX Application Thread] FATAL FXGLApplication      - Uncaught Exception:
java.lang.RuntimeException: Initialization failed
	at com.almasb.fxgl.app.FXGLApplication$InitAppTask.failed(FXGLApplication.kt:343)
	at javafx.concurrent.Task.setState(Task.java:710)
	at javafx.concurrent.Task$TaskCallable.lambda$call$2(Task.java:1455)
	at com.sun.javafx.application.PlatformImpl.lambda$runLater$10(PlatformImpl.java:447)
	at java.base/java.security.AccessController.doPrivileged(Native Method)
	at com.sun.javafx.application.PlatformImpl.lambda$runLater$11(PlatformImpl.java:446)
	at com.sun.glass.ui.InvokeLaterDispatcher$Future.run(InvokeLaterDispatcher.java:96)
	at com.sun.glass.ui.win.WinApplication._runLoop(Native Method)
	at com.sun.glass.ui.win.WinApplication.lambda$runLoop$3(WinApplication.java:174)
	at java.base/java.lang.Thread.run(Thread.java:829)
Caused by: java.lang.ExceptionInInitializerError
	at MoveCatalog.Move.setInfo(Move.java:33)
	at MoveCatalog.Move.<init>(Move.java:29)
	at Pokemon.Pokemon.setRandomMoves(Pokemon.java:232)
	at Pokemon.Pokemon.createPokemon(Pokemon.java:122)
	at Pokemon.Pokemon.<init>(Pokemon.java:110)
	at Battle.PaneOrganizer.<init>(PaneOrganizer.java:23)
	at App.Overworld.initUI(Overworld.java:20)
	at com.almasb.fxgl.app.FXGLApplication$InitAppTask.call(FXGLApplication.kt:321)
	at com.almasb.fxgl.app.FXGLApplication$InitAppTask.call(FXGLApplication.kt:311)
	at javafx.concurrent.Task$TaskCallable.call(Task.java:1425)
	at java.base/java.util.concurrent.FutureTask.run(FutureTask.java:264)
	at java.base/java.util.concurrent.Executors$RunnableAdapter.call(Executors.java:515)
	at java.base/java.util.concurrent.FutureTask.run(FutureTask.java:264)
	at java.base/java.util.concurrent.ThreadPoolExecutor.runWorker(ThreadPoolExecutor.java:1128)
	at java.base/java.util.concurrent.ThreadPoolExecutor$Worker.run(ThreadPoolExecutor.java:628)
	... 1 more
Caused by: java.lang.NullPointerException
	at MoveCatalog.MoveConstants.getData(MoveConstants.java:18)
	at MoveCatalog.MoveConstants.<clinit>(MoveConstants.java:12)
	... 16 more

15:06:42.807 [JavaFX Application Thread] FATAL FXGLApplication      - Application will now exit
15:06:42.835 [JavaFX Application Thread] DEBUG PrimaryStageWindow   - Push state: ErrorSubScene
15:06:42.835 [JavaFX Application Thread] DEBUG Input                - Clearing active input actions
15:06:42.843 [JavaFX Application Thread] DEBUG GameApplicationServi - Removing overlay from FXGLLoadingScene and adding to ErrorSubScene
15:06:42.844 [JavaFX Application Thread] DEBUG PrimaryStageWindow   - FXGLLoadingScene -> ErrorSubScene
15:06:42.936 [FXGL Background Thread 4 ] DEBUG FXGLAssetLoaderServi - Loading from file system: jar:file:/C:/Users/lwarr/.m2/repository/com/github/almasb/fxgl/11.16/fxgl-11.16.jar!/fxglassets/ui/fonts/Abel-Regular.ttf
15:06:42.942 [FXGL Background Thread 4 ] DEBUG FXGLAssetLoaderServi - Loading from file system: jar:file:/C:/Users/lwarr/.m2/repository/com/github/almasb/fxgl/11.16/fxgl-11.16.jar!/fxglassets/ui/fonts/lucida_console.ttf
15:06:42.950 [FXGL Background Thread 4 ] DEBUG FXGLAssetLoaderServi - Loading from file system: jar:file:/C:/Users/lwarr/.m2/repository/com/github/almasb/fxgl/11.16/fxgl-11.16.jar!/fxglassets/ui/fonts/Courier-Prime.ttf
15:06:43.046 [JavaFX Application Thread] DEBUG FXGLApplication      - Registering font factories with UI factory
15:06:43.304 [FXGL Background Thread 2 ] INFO  UpdaterService       - Your current version:  11.16
15:06:43.305 [FXGL Background Thread 2 ] INFO  UpdaterService       - Latest stable version: 11.17
15:06:43.726 [JavaFX Application Thread] DEBUG FXGLApplication      - Exiting FXGL
15:06:43.726 [JavaFX Application Thread] DEBUG Async                - Shutting down background threads
15:06:43.727 [JavaFX Application Thread] DEBUG PrimaryStageWindow   - Closing main window
15:06:43.738 [JavaFX Application Thread] DEBUG Logger               - Closing Logger
