20:48:20.311 [main                     ] DEBUG Logger               - Configured Logger
20:48:20.346 [main                     ] DEBUG GameApplication      - Logging settings
Title: Pokemon
Version: Beta 0.1
Width: 800
Height: 800
Fullscreen: false
Intro: false
Profiling: false
Single step:false
App Mode: DEVELOPER
Menu Key: ESCAPE
Stage Style: DECORATED
Scene Factory: class com.almasb.fxgl.app.scene.SceneFactory

20:48:20.943 [JavaFX Application Thread] DEBUG FXGLApplication      - Initializing FXGL
20:48:20.946 [JavaFX Application Thread] INFO  Engine               - FXGL-11.16 (25.05.2021 08.16) on MAC (J:11.0.12 FX:16)
20:48:20.947 [JavaFX Application Thread] DEBUG Engine               - JRE Vendor Name: Oracle Corporation
20:48:20.947 [JavaFX Application Thread] DEBUG Engine               - Running on OS: Mac OS X version 11.3
20:48:20.947 [JavaFX Application Thread] DEBUG Engine               - Architecture: x86_64
20:48:20.947 [JavaFX Application Thread] INFO  Engine               - Source code and latest versions at: https://github.com/AlmasB/FXGL
20:48:20.948 [JavaFX Application Thread] INFO  Engine               -              Join the FXGL chat at: https://gitter.im/AlmasB/FXGL
20:48:21.107 [JavaFX Application Thread] DEBUG PrimaryStageWindow   - Creating a JavaFX scene
20:48:21.207 [JavaFX Application Thread] DEBUG PrimaryStageWindow   - Target settings size: 800.0 x 800.0
20:48:21.207 [JavaFX Application Thread] DEBUG PrimaryStageWindow   - Scaled scene size:    800.0 x 800.0
20:48:21.208 [JavaFX Application Thread] DEBUG PrimaryStageWindow   - Scaled ratio: (1.0, 1.0)
20:48:21.208 [JavaFX Application Thread] DEBUG PrimaryStageWindow   - Set initial scene to FXGLStartupScene
20:48:21.215 [JavaFX Application Thread] DEBUG PrimaryStageWindow   - Opening main window
20:48:21.423 [JavaFX Application Thread] DEBUG PrimaryStageWindow   - Window border size: (0.0, 28.0)
20:48:21.424 [JavaFX Application Thread] DEBUG PrimaryStageWindow   - Scaled size: 800.0 x 800.0
20:48:21.424 [JavaFX Application Thread] DEBUG PrimaryStageWindow   - Scaled ratio: (1.0, 1.0)
20:48:21.425 [JavaFX Application Thread] DEBUG PrimaryStageWindow   - Scene size: 800.0 x 800.0
20:48:21.426 [JavaFX Application Thread] DEBUG PrimaryStageWindow   - Stage size: 800.0 x 828.0
20:48:21.440 [FXGL Background Thread 1 ] DEBUG Engine               - Initializing environment variables
20:48:21.789 [FXGL Background Thread 1 ] DEBUG FXGLAssetLoaderServi - User app class for loading assets: class App.Overworld
20:48:21.792 [FXGL Background Thread 1 ] DEBUG GameApplicationServi - Applying CSS: fxgl_dark.css
20:48:21.796 [FXGL Background Thread 1 ] DEBUG FXGLAssetLoaderServi - Loading from file system: jar:file:/Users/cody/.m2/repository/com/github/almasb/fxgl/11.16/fxgl-11.16.jar!/fxglassets/ui/css/fxgl_dark.css
20:48:21.984 [FXGL Background Thread 1 ] DEBUG GameApplicationServi - Initializing application scenes
20:48:22.411 [FXGL Background Thread 1 ] DEBUG GameWorld            - Game world initialized
20:48:22.460 [FXGL Background Thread 1 ] DEBUG PhysicsWorld         - Physics world initialized: appHeight=800, physics.ppm=50.0
20:48:22.461 [FXGL Background Thread 1 ] DEBUG PhysicsWorld         - Using strategy: BRUTE_FORCE
20:48:22.469 [FXGL Background Thread 1 ] DEBUG GameScene            - Game scene initialized: 800x800
20:48:22.481 [FXGL Background Thread 1 ] DEBUG FXGL.DefaultMenu     - createMenuBodyGameMenu()
20:48:22.496 [FXGL Background Thread 1 ] DEBUG FXGL.DefaultMenu     - createOptionsMenu()
20:48:22.508 [FXGL Background Thread 1 ] DEBUG FXGLAssetLoaderServi - Loading from file system: jar:file:/Users/cody/.m2/repository/com/github/almasb/fxgl/11.16/fxgl-11.16.jar!/fxglassets/textures/particles/smoke.png
20:48:22.642 [FXGL Background Thread 1 ] DEBUG FXGLAssetLoaderServi - Loading from file system: jar:file:/Users/cody/.m2/repository/com/github/almasb/fxgl/11.16/fxgl-11.16.jar!/fxglassets/textures/particles/trace_horizontal.png
20:48:22.664 [FXGL Background Thread 1 ] DEBUG GameApplicationServi - Application scenes initialized
20:48:22.673 [FXGL Background Thread 1 ] DEBUG SystemBundleService  - Loading FXGL system data
20:48:22.678 [FXGL Background Thread 1 ] DEBUG FileSystemAccess     - Reading from: /Users/cody/Desktop/PokemonM/system/fxgl.bundle
20:48:22.685 [FXGL Background Thread 1 ] DEBUG SystemBundleService  - Bundle FXGL: {}
20:48:22.685 [FXGL Background Thread 1 ] DEBUG UpdaterService       - Checking for updates
20:48:22.717 [FXGL Background Thread 4 ] DEBUG FXGLApplication      - Loading fonts
20:48:22.719 [FXGL Background Thread 1 ] DEBUG FXGLApplication      - Loading default localization
20:48:22.724 [FXGL Background Thread 4 ] DEBUG FXGLAssetLoaderServi - Loading from file system: jar:file:/Users/cody/.m2/repository/com/github/almasb/fxgl/11.16/fxgl-11.16.jar!/fxglassets/ui/fonts/VarelaRound-Regular.ttf
20:48:22.724 [FXGL Background Thread 1 ] DEBUG FXGLAssetLoaderServi - Loading from file system: jar:file:/Users/cody/.m2/repository/com/github/almasb/fxgl/11.16/fxgl-11.16.jar!/fxglassets/languages/english.lang
20:48:22.775 [FXGL Background Thread 1 ] INFO  FXGLApplication      - FXGL initialization took: 1.332 sec
20:48:22.778 [JavaFX Application Thread] DEBUG FXGLAssetLoaderServi - Loading from file system: jar:file:/Users/cody/.m2/repository/com/github/almasb/fxgl/11.16/fxgl-11.16.jar!/fxglassets/textures/fxgl_icon.png
20:48:22.792 [FXGL Background Thread 4 ] DEBUG FXGLAssetLoaderServi - Loading from file system: jar:file:/Users/cody/.m2/repository/com/github/almasb/fxgl/11.16/fxgl-11.16.jar!/fxglassets/ui/fonts/Abel-Regular.ttf
20:48:22.799 [FXGL Background Thread 4 ] DEBUG FXGLAssetLoaderServi - Loading from file system: jar:file:/Users/cody/.m2/repository/com/github/almasb/fxgl/11.16/fxgl-11.16.jar!/fxglassets/ui/fonts/lucida_console.ttf
20:48:22.804 [FXGL Background Thread 4 ] DEBUG FXGLAssetLoaderServi - Loading from file system: jar:file:/Users/cody/.m2/repository/com/github/almasb/fxgl/11.16/fxgl-11.16.jar!/fxglassets/ui/fonts/Courier-Prime.ttf
20:48:22.837 [JavaFX Application Thread] DEBUG FXGLAssetLoaderServi - Loading from file system: jar:file:/Users/cody/.m2/repository/com/github/almasb/fxgl/11.16/fxgl-11.16.jar!/fxglassets/textures/fxgl_default_cursor.png
20:48:22.852 [JavaFX Application Thread] DEBUG Input                - Registered new binding: Screenshot - CTRL+8
20:48:22.862 [JavaFX Application Thread] DEBUG Input                - Registered new binding: System info dump - CTRL+9
20:48:22.869 [JavaFX Application Thread] DEBUG Input                - Registered new binding: Restart - CTRL+R
20:48:22.872 [JavaFX Application Thread] DEBUG Input                - Registered new binding: Toggle Debug Camera - CTRL+C
20:48:22.875 [JavaFX Application Thread] DEBUG LoopRunner           - Starting loop
20:48:22.875 [JavaFX Application Thread] DEBUG LoopRunner           - Initializing JavaFX AnimationTimerLoop
20:48:22.878 [JavaFX Application Thread] DEBUG GameApplicationServi - Starting new game
20:48:22.879 [JavaFX Application Thread] DEBUG Input                - Clearing active input actions
20:48:22.943 [JavaFX Application Thread] DEBUG GameApplicationServi - Removing overlay from FXGLStartupScene and adding to FXGLLoadingScene
20:48:22.945 [JavaFX Application Thread] DEBUG PrimaryStageWindow   - FXGLStartupScene -> FXGLLoadingScene
20:48:22.945 [JavaFX Application Thread] DEBUG GameApplicationServi - Clearing previous game
20:48:22.945 [JavaFX Application Thread] DEBUG GameScene            - Clearing game scene
20:48:22.945 [JavaFX Application Thread] DEBUG GameWorld            - Clearing game world
20:48:22.945 [JavaFX Application Thread] DEBUG PhysicsWorld         - Clearing physics world
20:48:22.947 [FXGL Background Thread 4 ] DEBUG FXGLApplication      - Initializing game
20:48:22.982 [JavaFX Application Thread] DEBUG FXGLApplication      - Registering font factories with UI factory
20:48:23.193 [FXGL Background Thread 4 ] INFO  FXGLApplication      - Game initialization took: 0.244 sec
20:48:23.218 [JavaFX Application Thread] DEBUG Input                - Clearing active input actions
20:48:23.277 [JavaFX Application Thread] DEBUG GameApplicationServi - Removing overlay from FXGLLoadingScene and adding to GameScene
20:48:23.278 [JavaFX Application Thread] DEBUG PrimaryStageWindow   - FXGLLoadingScene -> GameScene
20:48:23.820 [FXGL Background Thread 2 ] INFO  UpdaterService       - Your current version:  11.16
20:48:23.825 [FXGL Background Thread 2 ] INFO  UpdaterService       - Latest stable version: 11.17
20:48:25.714 [FXGL Background Thread 3 ] DEBUG Engine               - Logging environment variables
20:48:25.724 [FXGL Background Thread 3 ] DEBUG Engine               - achievements: []
20:48:25.724 [FXGL Background Thread 3 ] DEBUG Engine               - actualHeight: 800.0
20:48:25.725 [FXGL Background Thread 3 ] DEBUG Engine               - actualHeightProperty: ReadOnlyDoubleProperty [value: 800.0]
20:48:25.725 [FXGL Background Thread 3 ] DEBUG Engine               - actualWidth: 800.0
20:48:25.725 [FXGL Background Thread 3 ] DEBUG Engine               - actualWidthProperty: ReadOnlyDoubleProperty [value: 800.0]
20:48:25.725 [FXGL Background Thread 3 ] DEBUG Engine               - appIcon: fxgl_icon.png
20:48:25.725 [FXGL Background Thread 3 ] DEBUG Engine               - applicationMode: DEVELOPER
20:48:25.726 [FXGL Background Thread 3 ] DEBUG Engine               - cSSList: [fxgl_dark.css]
20:48:25.726 [FXGL Background Thread 3 ] DEBUG Engine               - collisionDetectionStrategy: BRUTE_FORCE
20:48:25.726 [FXGL Background Thread 3 ] DEBUG Engine               - configClass: Optional.empty
20:48:25.726 [FXGL Background Thread 3 ] DEBUG Engine               - credits: []
20:48:25.726 [FXGL Background Thread 3 ] DEBUG Engine               - defaultCursor: CursorInfo(imageName=fxgl_default_cursor.png, hotspotX=7.0, hotspotY=6.0)
20:48:25.730 [FXGL Background Thread 3 ] DEBUG Engine               - devBBoxColorProperty: ObjectProperty [value: 0xff0000ff]
20:48:25.739 [FXGL Background Thread 3 ] DEBUG Engine               - devEnableDebugCameraProperty: BooleanProperty [value: false]
20:48:25.739 [FXGL Background Thread 3 ] DEBUG Engine               - devSensorColorProperty: ObjectProperty [value: 0xffff00ff]
20:48:25.739 [FXGL Background Thread 3 ] DEBUG Engine               - devShowBBoxProperty: BooleanProperty [value: false]
20:48:25.739 [FXGL Background Thread 3 ] DEBUG Engine               - devShowPositionProperty: BooleanProperty [value: false]
20:48:25.739 [FXGL Background Thread 3 ] DEBUG Engine               - enabledMenuItems: []
20:48:25.739 [FXGL Background Thread 3 ] DEBUG Engine               - engineServices: [class com.almasb.fxgl.app.services.FXGLAssetLoaderService, class com.almasb.fxgl.app.FXGLApplication$GameApplicationService, class com.almasb.fxgl.app.services.FXGLDialogService, class com.almasb.fxgl.app.services.IOTaskExecutorService, class com.almasb.fxgl.io.FileSystemService, class com.almasb.fxgl.localization.LocalizationService, class com.almasb.fxgl.app.services.SystemBundleService, class com.almasb.fxgl.profile.SaveLoadService, class com.almasb.fxgl.ui.FXGLUIFactoryServiceProvider, class com.almasb.fxgl.ui.FXGLDialogFactoryServiceProvider, class com.almasb.fxgl.audio.AudioPlayer, class com.almasb.fxgl.notification.impl.NotificationServiceProvider, class com.almasb.fxgl.achievement.AchievementService, class com.almasb.fxgl.cutscene.CutsceneService, class com.almasb.fxgl.minigames.MiniGameService, class com.almasb.fxgl.net.NetService, class com.almasb.fxgl.app.services.UpdaterService, class com.almasb.fxgl.dev.DevService]
20:48:25.739 [FXGL Background Thread 3 ] DEBUG Engine               - fontGame: Abel-Regular.ttf
20:48:25.739 [FXGL Background Thread 3 ] DEBUG Engine               - fontMono: lucida_console.ttf
20:48:25.739 [FXGL Background Thread 3 ] DEBUG Engine               - fontText: Courier-Prime.ttf
20:48:25.740 [FXGL Background Thread 3 ] DEBUG Engine               - fontUI: VarelaRound-Regular.ttf
20:48:25.740 [FXGL Background Thread 3 ] DEBUG Engine               - fullScreen: BooleanProperty [value: false]
20:48:25.740 [FXGL Background Thread 3 ] DEBUG Engine               - gameDifficulty: MEDIUM
20:48:25.740 [FXGL Background Thread 3 ] DEBUG Engine               - gameDifficultyProperty: ObjectProperty [value: MEDIUM]
20:48:25.740 [FXGL Background Thread 3 ] DEBUG Engine               - globalMusicVolume: 0.5
20:48:25.740 [FXGL Background Thread 3 ] DEBUG Engine               - globalMusicVolumeProperty: DoubleProperty [value: 0.5]
20:48:25.740 [FXGL Background Thread 3 ] DEBUG Engine               - globalSoundVolume: 0.5
20:48:25.740 [FXGL Background Thread 3 ] DEBUG Engine               - globalSoundVolumeProperty: DoubleProperty [value: 0.5]
20:48:25.740 [FXGL Background Thread 3 ] DEBUG Engine               - height: 800
20:48:25.740 [FXGL Background Thread 3 ] DEBUG Engine               - is3D: false
20:48:25.740 [FXGL Background Thread 3 ] DEBUG Engine               - isAndroid: false
20:48:25.741 [FXGL Background Thread 3 ] DEBUG Engine               - isBrowser: false
20:48:25.741 [FXGL Background Thread 3 ] DEBUG Engine               - isClickFeedbackEnabled: false
20:48:25.741 [FXGL Background Thread 3 ] DEBUG Engine               - isCloseConfirmation: false
20:48:25.741 [FXGL Background Thread 3 ] DEBUG Engine               - isDesktop: true
20:48:25.741 [FXGL Background Thread 3 ] DEBUG Engine               - isDeveloperMenuEnabled: false
20:48:25.741 [FXGL Background Thread 3 ] DEBUG Engine               - isEntityPreloadEnabled: true
20:48:25.741 [FXGL Background Thread 3 ] DEBUG Engine               - isExperimentalTiledLargeMap: false
20:48:25.741 [FXGL Background Thread 3 ] DEBUG Engine               - isFileSystemWriteAllowed: true
20:48:25.741 [FXGL Background Thread 3 ] DEBUG Engine               - isFullScreenAllowed: false
20:48:25.741 [FXGL Background Thread 3 ] DEBUG Engine               - isFullScreenFromStart: false
20:48:25.741 [FXGL Background Thread 3 ] DEBUG Engine               - isGameMenuEnabled: true
20:48:25.741 [FXGL Background Thread 3 ] DEBUG Engine               - isIOS: false
20:48:25.741 [FXGL Background Thread 3 ] DEBUG Engine               - isIntroEnabled: false
20:48:25.741 [FXGL Background Thread 3 ] DEBUG Engine               - isLinux: false
20:48:25.741 [FXGL Background Thread 3 ] DEBUG Engine               - isMac: true
20:48:25.741 [FXGL Background Thread 3 ] DEBUG Engine               - isMainMenuEnabled: false
20:48:25.741 [FXGL Background Thread 3 ] DEBUG Engine               - isManualResizeEnabled: false
20:48:25.742 [FXGL Background Thread 3 ] DEBUG Engine               - isMobile: false
20:48:25.742 [FXGL Background Thread 3 ] DEBUG Engine               - isNative: false
20:48:25.742 [FXGL Background Thread 3 ] DEBUG Engine               - isPreserveResizeRatio: false
20:48:25.742 [FXGL Background Thread 3 ] DEBUG Engine               - isProfilingEnabled: false
20:48:25.742 [FXGL Background Thread 3 ] DEBUG Engine               - isScaleAffectedOnResize: true
20:48:25.742 [FXGL Background Thread 3 ] DEBUG Engine               - isSingleStep: false
20:48:25.742 [FXGL Background Thread 3 ] DEBUG Engine               - isUserProfileEnabled: false
20:48:25.742 [FXGL Background Thread 3 ] DEBUG Engine               - isWindows: false
20:48:25.742 [FXGL Background Thread 3 ] DEBUG Engine               - language: ObjectProperty [value: ENGLISH]
20:48:25.751 [FXGL Background Thread 3 ] DEBUG Engine               - menuKey: ESCAPE
20:48:25.751 [FXGL Background Thread 3 ] DEBUG Engine               - mouseSensitivity: 0.2
20:48:25.751 [FXGL Background Thread 3 ] DEBUG Engine               - notificationViewClass: class com.almasb.fxgl.notification.view.XboxNotificationView
20:48:25.752 [FXGL Background Thread 3 ] DEBUG Engine               - pixelsPerMeter: 50.0
20:48:25.752 [FXGL Background Thread 3 ] DEBUG Engine               - platform: MAC
20:48:25.752 [FXGL Background Thread 3 ] DEBUG Engine               - prefHeightProperty: ReadOnlyDoubleProperty [value: 800.0]
20:48:25.752 [FXGL Background Thread 3 ] DEBUG Engine               - prefWidthProperty: ReadOnlyDoubleProperty [value: 800.0]
20:48:25.752 [FXGL Background Thread 3 ] DEBUG Engine               - profileDir: profiles/
20:48:25.752 [FXGL Background Thread 3 ] DEBUG Engine               - profileName: StringProperty [value: DEFAULT]
20:48:25.752 [FXGL Background Thread 3 ] DEBUG Engine               - randomSeed: -1
20:48:25.752 [FXGL Background Thread 3 ] DEBUG Engine               - runtimeInfo: RuntimeInfo(platform=MAC, version=11.16, build=25.05.2021 08.16)
20:48:25.752 [FXGL Background Thread 3 ] DEBUG Engine               - saveFileExt: sav
20:48:25.752 [FXGL Background Thread 3 ] DEBUG Engine               - scaledHeightProp$fxgl: DoubleProperty [bound, value: 800.0]
20:48:25.752 [FXGL Background Thread 3 ] DEBUG Engine               - scaledWidthProp$fxgl: DoubleProperty [bound, value: 800.0]
20:48:25.752 [FXGL Background Thread 3 ] DEBUG Engine               - sceneFactory: com.almasb.fxgl.app.scene.SceneFactory@4bb717
20:48:25.752 [FXGL Background Thread 3 ] DEBUG Engine               - secondsIn24h: 60
20:48:25.752 [FXGL Background Thread 3 ] DEBUG Engine               - soundMenuBack: menu/back.wav
20:48:25.752 [FXGL Background Thread 3 ] DEBUG Engine               - soundMenuPress: menu/press.wav
20:48:25.752 [FXGL Background Thread 3 ] DEBUG Engine               - soundMenuSelect: menu/select.wav
20:48:25.752 [FXGL Background Thread 3 ] DEBUG Engine               - soundNotification: core/notification.wav
20:48:25.752 [FXGL Background Thread 3 ] DEBUG Engine               - stageStyle: DECORATED
20:48:25.752 [FXGL Background Thread 3 ] DEBUG Engine               - supportedLanguages: [ENGLISH, FRENCH, GERMAN, HUNGARIAN, RUSSIAN]
20:48:25.753 [FXGL Background Thread 3 ] DEBUG Engine               - ticksPerSecond: -1
20:48:25.753 [FXGL Background Thread 3 ] DEBUG Engine               - title: Pokemon
20:48:25.753 [FXGL Background Thread 3 ] DEBUG Engine               - urlGithub: https://github.com/AlmasB/FXGL
20:48:25.753 [FXGL Background Thread 3 ] DEBUG Engine               - urlLeaderboard: http://fxgl-top.herokuapp.com/
20:48:25.753 [FXGL Background Thread 3 ] DEBUG Engine               - urlPOM: https://raw.githubusercontent.com/AlmasB/FXGL/release/README.md
20:48:25.753 [FXGL Background Thread 3 ] DEBUG Engine               - userAppClass: class App.Overworld
20:48:25.753 [FXGL Background Thread 3 ] DEBUG Engine               - version: Beta 0.1
20:48:25.753 [FXGL Background Thread 3 ] DEBUG Engine               - versionCheckDays: 7
20:48:25.753 [FXGL Background Thread 3 ] DEBUG Engine               - width: 800
20:48:25.754 [FXGL Background Thread 3 ] DEBUG Engine               - Logging services
20:48:25.754 [FXGL Background Thread 3 ] DEBUG Engine               - class com.almasb.fxgl.app.services.FXGLAssetLoaderService
20:48:25.754 [FXGL Background Thread 3 ] DEBUG Engine               - class com.almasb.fxgl.app.FXGLApplication$GameApplicationService
20:48:25.754 [FXGL Background Thread 3 ] DEBUG Engine               - class com.almasb.fxgl.app.services.FXGLDialogService
20:48:25.754 [FXGL Background Thread 3 ] DEBUG Engine               - class com.almasb.fxgl.app.services.IOTaskExecutorService
20:48:25.754 [FXGL Background Thread 3 ] DEBUG Engine               - class com.almasb.fxgl.io.FileSystemService
20:48:25.754 [FXGL Background Thread 3 ] DEBUG Engine               - class com.almasb.fxgl.localization.LocalizationService
20:48:25.754 [FXGL Background Thread 3 ] DEBUG Engine               - class com.almasb.fxgl.app.services.SystemBundleService
20:48:25.754 [FXGL Background Thread 3 ] DEBUG Engine               - class com.almasb.fxgl.profile.SaveLoadService
20:48:25.754 [FXGL Background Thread 3 ] DEBUG Engine               - class com.almasb.fxgl.ui.FXGLUIFactoryServiceProvider
20:48:25.754 [FXGL Background Thread 3 ] DEBUG Engine               - class com.almasb.fxgl.ui.FXGLDialogFactoryServiceProvider
20:48:25.755 [FXGL Background Thread 3 ] DEBUG Engine               - class com.almasb.fxgl.audio.AudioPlayer
20:48:25.755 [FXGL Background Thread 3 ] DEBUG Engine               - class com.almasb.fxgl.notification.impl.NotificationServiceProvider
20:48:25.755 [FXGL Background Thread 3 ] DEBUG Engine               - class com.almasb.fxgl.achievement.AchievementService
20:48:25.756 [FXGL Background Thread 3 ] DEBUG Engine               - class com.almasb.fxgl.cutscene.CutsceneService
20:48:25.756 [FXGL Background Thread 3 ] DEBUG Engine               - class com.almasb.fxgl.minigames.MiniGameService
20:48:25.757 [FXGL Background Thread 3 ] DEBUG Engine               - class com.almasb.fxgl.net.NetService
20:48:25.757 [FXGL Background Thread 3 ] DEBUG Engine               - class com.almasb.fxgl.app.services.UpdaterService
20:48:25.757 [FXGL Background Thread 3 ] DEBUG Engine               - class com.almasb.fxgl.dev.DevService
20:48:53.947 [JavaFX Application Thread] DEBUG FXGLApplication      - Exiting FXGL
20:48:53.958 [JavaFX Application Thread] DEBUG LoopRunner           - Stopping loop
20:48:53.959 [JavaFX Application Thread] DEBUG SystemBundleService  - Saving FXGL system data
20:48:53.991 [JavaFX Application Thread] DEBUG FileSystemAccess     - Writing to: /Users/cody/Desktop/PokemonM/system/fxgl.bundle
20:48:54.017 [JavaFX Application Thread] DEBUG Async                - Shutting down background threads
20:48:54.024 [JavaFX Application Thread] DEBUG PrimaryStageWindow   - Closing main window
20:48:54.053 [JavaFX Application Thread] DEBUG Logger               - Closing Logger
