12:55:43.178 [main                     ] DEBUG Logger               - Configured Logger
12:55:43.207 [main                     ] DEBUG GameApplication      - Logging settings
Title: Pokemon
Version: Beta 0.1
Width: 800
Height: 800
Fullscreen: false
Intro: false
Profiling: false
Single step:false
App Mode: DEVELOPER
Menu Key: ESCAPE
Stage Style: DECORATED
Scene Factory: class com.almasb.fxgl.app.scene.SceneFactory

12:55:43.808 [JavaFX Application Thread] DEBUG FXGLApplication      - Initializing FXGL
12:55:43.811 [JavaFX Application Thread] INFO  Engine               - FXGL-11.16 (25.05.2021 08.16) on MAC (J:11.0.12 FX:16)
12:55:43.812 [JavaFX Application Thread] DEBUG Engine               - JRE Vendor Name: Oracle Corporation
12:55:43.812 [JavaFX Application Thread] DEBUG Engine               - Running on OS: Mac OS X version 11.3
12:55:43.812 [JavaFX Application Thread] DEBUG Engine               - Architecture: x86_64
12:55:43.812 [JavaFX Application Thread] INFO  Engine               - Source code and latest versions at: https://github.com/AlmasB/FXGL
12:55:43.812 [JavaFX Application Thread] INFO  Engine               -              Join the FXGL chat at: https://gitter.im/AlmasB/FXGL
12:55:43.969 [JavaFX Application Thread] DEBUG PrimaryStageWindow   - Creating a JavaFX scene
12:55:44.069 [JavaFX Application Thread] DEBUG PrimaryStageWindow   - Target settings size: 800.0 x 800.0
12:55:44.069 [JavaFX Application Thread] DEBUG PrimaryStageWindow   - Scaled scene size:    800.0 x 800.0
12:55:44.069 [JavaFX Application Thread] DEBUG PrimaryStageWindow   - Scaled ratio: (1.0, 1.0)
12:55:44.070 [JavaFX Application Thread] DEBUG PrimaryStageWindow   - Set initial scene to FXGLStartupScene
12:55:44.077 [JavaFX Application Thread] DEBUG PrimaryStageWindow   - Opening main window
12:55:44.301 [JavaFX Application Thread] DEBUG PrimaryStageWindow   - Window border size: (0.0, 28.0)
12:55:44.302 [JavaFX Application Thread] DEBUG PrimaryStageWindow   - Scaled size: 800.0 x 800.0
12:55:44.302 [JavaFX Application Thread] DEBUG PrimaryStageWindow   - Scaled ratio: (1.0, 1.0)
12:55:44.303 [JavaFX Application Thread] DEBUG PrimaryStageWindow   - Scene size: 800.0 x 800.0
12:55:44.303 [JavaFX Application Thread] DEBUG PrimaryStageWindow   - Stage size: 800.0 x 828.0
12:55:44.314 [FXGL Background Thread 1 ] DEBUG Engine               - Initializing environment variables
12:55:44.533 [FXGL Background Thread 1 ] DEBUG FXGLAssetLoaderServi - User app class for loading assets: class App.Overworld
12:55:44.535 [FXGL Background Thread 1 ] DEBUG GameApplicationServi - Applying CSS: fxgl_dark.css
12:55:44.545 [FXGL Background Thread 1 ] DEBUG FXGLAssetLoaderServi - Loading from file system: jar:file:/Users/cody/.m2/repository/com/github/almasb/fxgl/11.16/fxgl-11.16.jar!/fxglassets/ui/css/fxgl_dark.css
12:55:44.622 [FXGL Background Thread 1 ] DEBUG GameApplicationServi - Initializing application scenes
12:55:44.975 [FXGL Background Thread 1 ] DEBUG GameWorld            - Game world initialized
12:55:45.023 [FXGL Background Thread 1 ] DEBUG PhysicsWorld         - Physics world initialized: appHeight=800, physics.ppm=50.0
12:55:45.024 [FXGL Background Thread 1 ] DEBUG PhysicsWorld         - Using strategy: BRUTE_FORCE
12:55:45.031 [FXGL Background Thread 1 ] DEBUG GameScene            - Game scene initialized: 800x800
12:55:45.039 [FXGL Background Thread 1 ] DEBUG FXGL.DefaultMenu     - createMenuBodyGameMenu()
12:55:45.056 [FXGL Background Thread 1 ] DEBUG FXGL.DefaultMenu     - createOptionsMenu()
12:55:45.065 [FXGL Background Thread 1 ] DEBUG FXGLAssetLoaderServi - Loading from file system: jar:file:/Users/cody/.m2/repository/com/github/almasb/fxgl/11.16/fxgl-11.16.jar!/fxglassets/textures/particles/smoke.png
12:55:45.198 [FXGL Background Thread 1 ] DEBUG FXGLAssetLoaderServi - Loading from file system: jar:file:/Users/cody/.m2/repository/com/github/almasb/fxgl/11.16/fxgl-11.16.jar!/fxglassets/textures/particles/trace_horizontal.png
12:55:45.226 [FXGL Background Thread 1 ] DEBUG GameApplicationServi - Application scenes initialized
12:55:45.237 [FXGL Background Thread 1 ] DEBUG SystemBundleService  - Loading FXGL system data
12:55:45.245 [FXGL Background Thread 1 ] DEBUG FileSystemAccess     - Reading from: /Users/cody/Desktop/PokemonM/system/fxgl.bundle
12:55:45.251 [FXGL Background Thread 1 ] DEBUG SystemBundleService  - Bundle FXGL: {}
12:55:45.252 [FXGL Background Thread 1 ] DEBUG UpdaterService       - Checking for updates
12:55:45.256 [FXGL Background Thread 4 ] DEBUG FXGLApplication      - Loading fonts
12:55:45.259 [FXGL Background Thread 1 ] DEBUG FXGLApplication      - Loading default localization
12:55:45.260 [FXGL Background Thread 4 ] DEBUG FXGLAssetLoaderServi - Loading from file system: jar:file:/Users/cody/.m2/repository/com/github/almasb/fxgl/11.16/fxgl-11.16.jar!/fxglassets/ui/fonts/VarelaRound-Regular.ttf
12:55:45.260 [FXGL Background Thread 1 ] DEBUG FXGLAssetLoaderServi - Loading from file system: jar:file:/Users/cody/.m2/repository/com/github/almasb/fxgl/11.16/fxgl-11.16.jar!/fxglassets/languages/english.lang
12:55:45.290 [FXGL Background Thread 1 ] INFO  FXGLApplication      - FXGL initialization took: 0.973 sec
12:55:45.304 [FXGL Background Thread 4 ] DEBUG FXGLAssetLoaderServi - Loading from file system: jar:file:/Users/cody/.m2/repository/com/github/almasb/fxgl/11.16/fxgl-11.16.jar!/fxglassets/ui/fonts/Abel-Regular.ttf
12:55:45.307 [JavaFX Application Thread] DEBUG Input                - Registered new binding: action0 - D
12:55:45.311 [JavaFX Application Thread] DEBUG Input                - Registered new binding: action1 - A
12:55:45.312 [JavaFX Application Thread] DEBUG Input                - Registered new binding: action2 - W
12:55:45.312 [FXGL Background Thread 4 ] DEBUG FXGLAssetLoaderServi - Loading from file system: jar:file:/Users/cody/.m2/repository/com/github/almasb/fxgl/11.16/fxgl-11.16.jar!/fxglassets/ui/fonts/lucida_console.ttf
12:55:45.312 [JavaFX Application Thread] DEBUG Input                - Registered new binding: action3 - S
12:55:45.320 [JavaFX Application Thread] DEBUG FXGLAssetLoaderServi - Loading from file system: jar:file:/Users/cody/.m2/repository/com/github/almasb/fxgl/11.16/fxgl-11.16.jar!/fxglassets/textures/fxgl_icon.png
12:55:45.320 [FXGL Background Thread 4 ] DEBUG FXGLAssetLoaderServi - Loading from file system: jar:file:/Users/cody/.m2/repository/com/github/almasb/fxgl/11.16/fxgl-11.16.jar!/fxglassets/ui/fonts/Courier-Prime.ttf
12:55:45.403 [JavaFX Application Thread] DEBUG FXGLAssetLoaderServi - Loading from file system: jar:file:/Users/cody/.m2/repository/com/github/almasb/fxgl/11.16/fxgl-11.16.jar!/fxglassets/textures/fxgl_default_cursor.png
12:55:45.414 [JavaFX Application Thread] DEBUG Input                - Registered new binding: Screenshot - CTRL+8
12:55:45.415 [JavaFX Application Thread] DEBUG Input                - Registered new binding: System info dump - CTRL+9
12:55:45.415 [JavaFX Application Thread] DEBUG Input                - Registered new binding: Restart - CTRL+R
12:55:45.415 [JavaFX Application Thread] DEBUG Input                - Registered new binding: Toggle Debug Camera - CTRL+C
12:55:45.421 [JavaFX Application Thread] DEBUG LoopRunner           - Starting loop
12:55:45.421 [JavaFX Application Thread] DEBUG LoopRunner           - Initializing JavaFX AnimationTimerLoop
12:55:45.423 [JavaFX Application Thread] DEBUG GameApplicationServi - Starting new game
12:55:45.424 [JavaFX Application Thread] DEBUG Input                - Clearing active input actions
12:55:45.480 [JavaFX Application Thread] DEBUG GameApplicationServi - Removing overlay from FXGLStartupScene and adding to FXGLLoadingScene
12:55:45.481 [JavaFX Application Thread] DEBUG PrimaryStageWindow   - FXGLStartupScene -> FXGLLoadingScene
12:55:45.481 [JavaFX Application Thread] DEBUG GameApplicationServi - Clearing previous game
12:55:45.481 [JavaFX Application Thread] DEBUG GameScene            - Clearing game scene
12:55:45.482 [JavaFX Application Thread] DEBUG GameWorld            - Clearing game world
12:55:45.482 [JavaFX Application Thread] DEBUG PhysicsWorld         - Clearing physics world
12:55:45.484 [FXGL Background Thread 4 ] DEBUG FXGLApplication      - Initializing game
12:55:45.516 [JavaFX Application Thread] DEBUG FXGLApplication      - Registering font factories with UI factory
12:55:45.551 [FXGL Background Thread 4 ] INFO  FXGLApplication      - Game initialization took: 0.063 sec
12:55:45.618 [JavaFX Application Thread] DEBUG Input                - Clearing active input actions
12:55:45.723 [JavaFX Application Thread] DEBUG GameApplicationServi - Removing overlay from FXGLLoadingScene and adding to GameScene
12:55:45.724 [JavaFX Application Thread] DEBUG PrimaryStageWindow   - FXGLLoadingScene -> GameScene
12:55:46.070 [FXGL Background Thread 2 ] INFO  UpdaterService       - Your current version:  11.16
12:55:46.074 [FXGL Background Thread 2 ] INFO  UpdaterService       - Latest stable version: 11.17
12:55:48.260 [FXGL Background Thread 3 ] DEBUG Engine               - Logging environment variables
12:55:48.274 [FXGL Background Thread 3 ] DEBUG Engine               - achievements: []
12:55:48.276 [FXGL Background Thread 3 ] DEBUG Engine               - actualHeight: 800.0
12:55:48.276 [FXGL Background Thread 3 ] DEBUG Engine               - actualHeightProperty: ReadOnlyDoubleProperty [value: 800.0]
12:55:48.276 [FXGL Background Thread 3 ] DEBUG Engine               - actualWidth: 800.0
12:55:48.276 [FXGL Background Thread 3 ] DEBUG Engine               - actualWidthProperty: ReadOnlyDoubleProperty [value: 800.0]
12:55:48.276 [FXGL Background Thread 3 ] DEBUG Engine               - appIcon: fxgl_icon.png
12:55:48.276 [FXGL Background Thread 3 ] DEBUG Engine               - applicationMode: DEVELOPER
12:55:48.276 [FXGL Background Thread 3 ] DEBUG Engine               - cSSList: [fxgl_dark.css]
12:55:48.277 [FXGL Background Thread 3 ] DEBUG Engine               - collisionDetectionStrategy: BRUTE_FORCE
12:55:48.277 [FXGL Background Thread 3 ] DEBUG Engine               - configClass: Optional.empty
12:55:48.277 [FXGL Background Thread 3 ] DEBUG Engine               - credits: []
12:55:48.277 [FXGL Background Thread 3 ] DEBUG Engine               - defaultCursor: CursorInfo(imageName=fxgl_default_cursor.png, hotspotX=7.0, hotspotY=6.0)
12:55:48.282 [FXGL Background Thread 3 ] DEBUG Engine               - devBBoxColorProperty: ObjectProperty [value: 0xff0000ff]
12:55:48.283 [FXGL Background Thread 3 ] DEBUG Engine               - devEnableDebugCameraProperty: BooleanProperty [value: false]
12:55:48.283 [FXGL Background Thread 3 ] DEBUG Engine               - devSensorColorProperty: ObjectProperty [value: 0xffff00ff]
12:55:48.283 [FXGL Background Thread 3 ] DEBUG Engine               - devShowBBoxProperty: BooleanProperty [value: false]
12:55:48.283 [FXGL Background Thread 3 ] DEBUG Engine               - devShowPositionProperty: BooleanProperty [value: false]
12:55:48.283 [FXGL Background Thread 3 ] DEBUG Engine               - enabledMenuItems: []
12:55:48.283 [FXGL Background Thread 3 ] DEBUG Engine               - engineServices: [class com.almasb.fxgl.app.services.FXGLAssetLoaderService, class com.almasb.fxgl.app.FXGLApplication$GameApplicationService, class com.almasb.fxgl.app.services.FXGLDialogService, class com.almasb.fxgl.app.services.IOTaskExecutorService, class com.almasb.fxgl.io.FileSystemService, class com.almasb.fxgl.localization.LocalizationService, class com.almasb.fxgl.app.services.SystemBundleService, class com.almasb.fxgl.profile.SaveLoadService, class com.almasb.fxgl.ui.FXGLUIFactoryServiceProvider, class com.almasb.fxgl.ui.FXGLDialogFactoryServiceProvider, class com.almasb.fxgl.audio.AudioPlayer, class com.almasb.fxgl.notification.impl.NotificationServiceProvider, class com.almasb.fxgl.achievement.AchievementService, class com.almasb.fxgl.cutscene.CutsceneService, class com.almasb.fxgl.minigames.MiniGameService, class com.almasb.fxgl.net.NetService, class com.almasb.fxgl.app.services.UpdaterService, class com.almasb.fxgl.dev.DevService]
12:55:48.283 [FXGL Background Thread 3 ] DEBUG Engine               - fontGame: Abel-Regular.ttf
12:55:48.283 [FXGL Background Thread 3 ] DEBUG Engine               - fontMono: lucida_console.ttf
12:55:48.283 [FXGL Background Thread 3 ] DEBUG Engine               - fontText: Courier-Prime.ttf
12:55:48.283 [FXGL Background Thread 3 ] DEBUG Engine               - fontUI: VarelaRound-Regular.ttf
12:55:48.283 [FXGL Background Thread 3 ] DEBUG Engine               - fullScreen: BooleanProperty [value: false]
12:55:48.283 [FXGL Background Thread 3 ] DEBUG Engine               - gameDifficulty: MEDIUM
12:55:48.284 [FXGL Background Thread 3 ] DEBUG Engine               - gameDifficultyProperty: ObjectProperty [value: MEDIUM]
12:55:48.284 [FXGL Background Thread 3 ] DEBUG Engine               - globalMusicVolume: 0.5
12:55:48.285 [FXGL Background Thread 3 ] DEBUG Engine               - globalMusicVolumeProperty: DoubleProperty [value: 0.5]
12:55:48.286 [FXGL Background Thread 3 ] DEBUG Engine               - globalSoundVolume: 0.5
12:55:48.286 [FXGL Background Thread 3 ] DEBUG Engine               - globalSoundVolumeProperty: DoubleProperty [value: 0.5]
12:55:48.287 [FXGL Background Thread 3 ] DEBUG Engine               - height: 800
12:55:48.288 [FXGL Background Thread 3 ] DEBUG Engine               - is3D: false
12:55:48.289 [FXGL Background Thread 3 ] DEBUG Engine               - isAndroid: false
12:55:48.289 [FXGL Background Thread 3 ] DEBUG Engine               - isBrowser: false
12:55:48.289 [FXGL Background Thread 3 ] DEBUG Engine               - isClickFeedbackEnabled: false
12:55:48.289 [FXGL Background Thread 3 ] DEBUG Engine               - isCloseConfirmation: false
12:55:48.289 [FXGL Background Thread 3 ] DEBUG Engine               - isDesktop: true
12:55:48.289 [FXGL Background Thread 3 ] DEBUG Engine               - isDeveloperMenuEnabled: false
12:55:48.289 [FXGL Background Thread 3 ] DEBUG Engine               - isEntityPreloadEnabled: true
12:55:48.289 [FXGL Background Thread 3 ] DEBUG Engine               - isExperimentalTiledLargeMap: false
12:55:48.289 [FXGL Background Thread 3 ] DEBUG Engine               - isFileSystemWriteAllowed: true
12:55:48.289 [FXGL Background Thread 3 ] DEBUG Engine               - isFullScreenAllowed: false
12:55:48.289 [FXGL Background Thread 3 ] DEBUG Engine               - isFullScreenFromStart: false
12:55:48.289 [FXGL Background Thread 3 ] DEBUG Engine               - isGameMenuEnabled: true
12:55:48.290 [FXGL Background Thread 3 ] DEBUG Engine               - isIOS: false
12:55:48.290 [FXGL Background Thread 3 ] DEBUG Engine               - isIntroEnabled: false
12:55:48.290 [FXGL Background Thread 3 ] DEBUG Engine               - isLinux: false
12:55:48.290 [FXGL Background Thread 3 ] DEBUG Engine               - isMac: true
12:55:48.290 [FXGL Background Thread 3 ] DEBUG Engine               - isMainMenuEnabled: false
12:55:48.290 [FXGL Background Thread 3 ] DEBUG Engine               - isManualResizeEnabled: false
12:55:48.290 [FXGL Background Thread 3 ] DEBUG Engine               - isMobile: false
12:55:48.291 [FXGL Background Thread 3 ] DEBUG Engine               - isNative: false
12:55:48.291 [FXGL Background Thread 3 ] DEBUG Engine               - isPreserveResizeRatio: false
12:55:48.291 [FXGL Background Thread 3 ] DEBUG Engine               - isProfilingEnabled: false
12:55:48.291 [FXGL Background Thread 3 ] DEBUG Engine               - isScaleAffectedOnResize: true
12:55:48.291 [FXGL Background Thread 3 ] DEBUG Engine               - isSingleStep: false
12:55:48.291 [FXGL Background Thread 3 ] DEBUG Engine               - isUserProfileEnabled: false
12:55:48.292 [FXGL Background Thread 3 ] DEBUG Engine               - isWindows: false
12:55:48.292 [FXGL Background Thread 3 ] DEBUG Engine               - language: ObjectProperty [value: ENGLISH]
12:55:48.292 [FXGL Background Thread 3 ] DEBUG Engine               - menuKey: ESCAPE
12:55:48.294 [FXGL Background Thread 3 ] DEBUG Engine               - mouseSensitivity: 0.2
12:55:48.294 [FXGL Background Thread 3 ] DEBUG Engine               - notificationViewClass: class com.almasb.fxgl.notification.view.XboxNotificationView
12:55:48.294 [FXGL Background Thread 3 ] DEBUG Engine               - pixelsPerMeter: 50.0
12:55:48.294 [FXGL Background Thread 3 ] DEBUG Engine               - platform: MAC
12:55:48.295 [FXGL Background Thread 3 ] DEBUG Engine               - prefHeightProperty: ReadOnlyDoubleProperty [value: 800.0]
12:55:48.295 [FXGL Background Thread 3 ] DEBUG Engine               - prefWidthProperty: ReadOnlyDoubleProperty [value: 800.0]
12:55:48.295 [FXGL Background Thread 3 ] DEBUG Engine               - profileDir: profiles/
12:55:48.295 [FXGL Background Thread 3 ] DEBUG Engine               - profileName: StringProperty [value: DEFAULT]
12:55:48.295 [FXGL Background Thread 3 ] DEBUG Engine               - randomSeed: -1
12:55:48.295 [FXGL Background Thread 3 ] DEBUG Engine               - runtimeInfo: RuntimeInfo(platform=MAC, version=11.16, build=25.05.2021 08.16)
12:55:48.295 [FXGL Background Thread 3 ] DEBUG Engine               - saveFileExt: sav
12:55:48.295 [FXGL Background Thread 3 ] DEBUG Engine               - scaledHeightProp$fxgl: DoubleProperty [bound, value: 800.0]
12:55:48.295 [FXGL Background Thread 3 ] DEBUG Engine               - scaledWidthProp$fxgl: DoubleProperty [bound, value: 800.0]
12:55:48.295 [FXGL Background Thread 3 ] DEBUG Engine               - sceneFactory: com.almasb.fxgl.app.scene.SceneFactory@9f7cce5
12:55:48.295 [FXGL Background Thread 3 ] DEBUG Engine               - secondsIn24h: 60
12:55:48.295 [FXGL Background Thread 3 ] DEBUG Engine               - soundMenuBack: menu/back.wav
12:55:48.295 [FXGL Background Thread 3 ] DEBUG Engine               - soundMenuPress: menu/press.wav
12:55:48.296 [FXGL Background Thread 3 ] DEBUG Engine               - soundMenuSelect: menu/select.wav
12:55:48.296 [FXGL Background Thread 3 ] DEBUG Engine               - soundNotification: core/notification.wav
12:55:48.296 [FXGL Background Thread 3 ] DEBUG Engine               - stageStyle: DECORATED
12:55:48.296 [FXGL Background Thread 3 ] DEBUG Engine               - supportedLanguages: [ENGLISH, FRENCH, GERMAN, HUNGARIAN, RUSSIAN]
12:55:48.296 [FXGL Background Thread 3 ] DEBUG Engine               - ticksPerSecond: -1
12:55:48.296 [FXGL Background Thread 3 ] DEBUG Engine               - title: Pokemon
12:55:48.296 [FXGL Background Thread 3 ] DEBUG Engine               - urlGithub: https://github.com/AlmasB/FXGL
12:55:48.296 [FXGL Background Thread 3 ] DEBUG Engine               - urlLeaderboard: http://fxgl-top.herokuapp.com/
12:55:48.296 [FXGL Background Thread 3 ] DEBUG Engine               - urlPOM: https://raw.githubusercontent.com/AlmasB/FXGL/release/README.md
12:55:48.296 [FXGL Background Thread 3 ] DEBUG Engine               - userAppClass: class App.Overworld
12:55:48.296 [FXGL Background Thread 3 ] DEBUG Engine               - version: Beta 0.1
12:55:48.296 [FXGL Background Thread 3 ] DEBUG Engine               - versionCheckDays: 7
12:55:48.296 [FXGL Background Thread 3 ] DEBUG Engine               - width: 800
12:55:48.296 [FXGL Background Thread 3 ] DEBUG Engine               - Logging services
12:55:48.296 [FXGL Background Thread 3 ] DEBUG Engine               - class com.almasb.fxgl.app.services.FXGLAssetLoaderService
12:55:48.296 [FXGL Background Thread 3 ] DEBUG Engine               - class com.almasb.fxgl.app.FXGLApplication$GameApplicationService
12:55:48.296 [FXGL Background Thread 3 ] DEBUG Engine               - class com.almasb.fxgl.app.services.FXGLDialogService
12:55:48.296 [FXGL Background Thread 3 ] DEBUG Engine               - class com.almasb.fxgl.app.services.IOTaskExecutorService
12:55:48.296 [FXGL Background Thread 3 ] DEBUG Engine               - class com.almasb.fxgl.io.FileSystemService
12:55:48.297 [FXGL Background Thread 3 ] DEBUG Engine               - class com.almasb.fxgl.localization.LocalizationService
12:55:48.297 [FXGL Background Thread 3 ] DEBUG Engine               - class com.almasb.fxgl.app.services.SystemBundleService
12:55:48.297 [FXGL Background Thread 3 ] DEBUG Engine               - class com.almasb.fxgl.profile.SaveLoadService
12:55:48.297 [FXGL Background Thread 3 ] DEBUG Engine               - class com.almasb.fxgl.ui.FXGLUIFactoryServiceProvider
12:55:48.297 [FXGL Background Thread 3 ] DEBUG Engine               - class com.almasb.fxgl.ui.FXGLDialogFactoryServiceProvider
12:55:48.297 [FXGL Background Thread 3 ] DEBUG Engine               - class com.almasb.fxgl.audio.AudioPlayer
12:55:48.297 [FXGL Background Thread 3 ] DEBUG Engine               - class com.almasb.fxgl.notification.impl.NotificationServiceProvider
12:55:48.297 [FXGL Background Thread 3 ] DEBUG Engine               - class com.almasb.fxgl.achievement.AchievementService
12:55:48.297 [FXGL Background Thread 3 ] DEBUG Engine               - class com.almasb.fxgl.cutscene.CutsceneService
12:55:48.297 [FXGL Background Thread 3 ] DEBUG Engine               - class com.almasb.fxgl.minigames.MiniGameService
12:55:48.297 [FXGL Background Thread 3 ] DEBUG Engine               - class com.almasb.fxgl.net.NetService
12:55:48.297 [FXGL Background Thread 3 ] DEBUG Engine               - class com.almasb.fxgl.app.services.UpdaterService
12:55:48.297 [FXGL Background Thread 3 ] DEBUG Engine               - class com.almasb.fxgl.dev.DevService
12:55:51.164 [JavaFX Application Thread] DEBUG FXGLApplication      - Exiting FXGL
12:55:51.173 [JavaFX Application Thread] DEBUG LoopRunner           - Stopping loop
12:55:51.174 [JavaFX Application Thread] DEBUG SystemBundleService  - Saving FXGL system data
12:55:51.180 [JavaFX Application Thread] DEBUG FileSystemAccess     - Writing to: /Users/cody/Desktop/PokemonM/system/fxgl.bundle
12:55:51.184 [JavaFX Application Thread] DEBUG Async                - Shutting down background threads
12:55:51.185 [JavaFX Application Thread] DEBUG PrimaryStageWindow   - Closing main window
12:55:51.204 [JavaFX Application Thread] DEBUG Logger               - Closing Logger
