13:03:53.016 [main                     ] DEBUG Logger               - Configured Logger
13:03:53.049 [main                     ] DEBUG GameApplication      - Logging settings
Title: Pokemon
Version: Beta 0.1
Width: 800
Height: 800
Fullscreen: false
Intro: false
Profiling: false
Single step:false
App Mode: DEVELOPER
Menu Key: ESCAPE
Stage Style: DECORATED
Scene Factory: class com.almasb.fxgl.app.scene.SceneFactory

13:03:53.645 [JavaFX Application Thread] DEBUG FXGLApplication      - Initializing FXGL
13:03:53.649 [JavaFX Application Thread] INFO  Engine               - FXGL-11.16 (25.05.2021 08.16) on MAC (J:11.0.12 FX:16)
13:03:53.650 [JavaFX Application Thread] DEBUG Engine               - JRE Vendor Name: Oracle Corporation
13:03:53.650 [JavaFX Application Thread] DEBUG Engine               - Running on OS: Mac OS X version 11.3
13:03:53.650 [JavaFX Application Thread] DEBUG Engine               - Architecture: x86_64
13:03:53.650 [JavaFX Application Thread] INFO  Engine               - Source code and latest versions at: https://github.com/AlmasB/FXGL
13:03:53.651 [JavaFX Application Thread] INFO  Engine               -              Join the FXGL chat at: https://gitter.im/AlmasB/FXGL
13:03:53.808 [JavaFX Application Thread] DEBUG PrimaryStageWindow   - Creating a JavaFX scene
13:03:53.907 [JavaFX Application Thread] DEBUG PrimaryStageWindow   - Target settings size: 800.0 x 800.0
13:03:53.908 [JavaFX Application Thread] DEBUG PrimaryStageWindow   - Scaled scene size:    800.0 x 800.0
13:03:53.908 [JavaFX Application Thread] DEBUG PrimaryStageWindow   - Scaled ratio: (1.0, 1.0)
13:03:53.909 [JavaFX Application Thread] DEBUG PrimaryStageWindow   - Set initial scene to FXGLStartupScene
13:03:53.915 [JavaFX Application Thread] DEBUG PrimaryStageWindow   - Opening main window
13:03:54.128 [JavaFX Application Thread] DEBUG PrimaryStageWindow   - Window border size: (0.0, 28.0)
13:03:54.129 [JavaFX Application Thread] DEBUG PrimaryStageWindow   - Scaled size: 800.0 x 800.0
13:03:54.129 [JavaFX Application Thread] DEBUG PrimaryStageWindow   - Scaled ratio: (1.0, 1.0)
13:03:54.129 [JavaFX Application Thread] DEBUG PrimaryStageWindow   - Scene size: 800.0 x 800.0
13:03:54.129 [JavaFX Application Thread] DEBUG PrimaryStageWindow   - Stage size: 800.0 x 828.0
13:03:54.143 [FXGL Background Thread 1 ] DEBUG Engine               - Initializing environment variables
13:03:54.386 [FXGL Background Thread 1 ] DEBUG FXGLAssetLoaderServi - User app class for loading assets: class App.Overworld
13:03:54.390 [FXGL Background Thread 1 ] DEBUG GameApplicationServi - Applying CSS: fxgl_dark.css
13:03:54.395 [FXGL Background Thread 1 ] DEBUG FXGLAssetLoaderServi - Loading from file system: jar:file:/Users/cody/.m2/repository/com/github/almasb/fxgl/11.16/fxgl-11.16.jar!/fxglassets/ui/css/fxgl_dark.css
13:03:54.493 [FXGL Background Thread 1 ] DEBUG GameApplicationServi - Initializing application scenes
13:03:54.872 [FXGL Background Thread 1 ] DEBUG GameWorld            - Game world initialized
13:03:54.916 [FXGL Background Thread 1 ] DEBUG PhysicsWorld         - Physics world initialized: appHeight=800, physics.ppm=50.0
13:03:54.916 [FXGL Background Thread 1 ] DEBUG PhysicsWorld         - Using strategy: BRUTE_FORCE
13:03:54.924 [FXGL Background Thread 1 ] DEBUG GameScene            - Game scene initialized: 800x800
13:03:54.933 [FXGL Background Thread 1 ] DEBUG FXGL.DefaultMenu     - createMenuBodyGameMenu()
13:03:54.945 [FXGL Background Thread 1 ] DEBUG FXGL.DefaultMenu     - createOptionsMenu()
13:03:54.956 [FXGL Background Thread 1 ] DEBUG FXGLAssetLoaderServi - Loading from file system: jar:file:/Users/cody/.m2/repository/com/github/almasb/fxgl/11.16/fxgl-11.16.jar!/fxglassets/textures/particles/smoke.png
13:03:55.087 [FXGL Background Thread 1 ] DEBUG FXGLAssetLoaderServi - Loading from file system: jar:file:/Users/cody/.m2/repository/com/github/almasb/fxgl/11.16/fxgl-11.16.jar!/fxglassets/textures/particles/trace_horizontal.png
13:03:55.113 [FXGL Background Thread 1 ] DEBUG GameApplicationServi - Application scenes initialized
13:03:55.124 [FXGL Background Thread 1 ] DEBUG SystemBundleService  - Loading FXGL system data
13:03:55.130 [FXGL Background Thread 1 ] DEBUG FileSystemAccess     - Reading from: /Users/cody/Desktop/PokemonM/system/fxgl.bundle
13:03:55.138 [FXGL Background Thread 1 ] DEBUG SystemBundleService  - Bundle FXGL: {}
13:03:55.138 [FXGL Background Thread 1 ] DEBUG UpdaterService       - Checking for updates
13:03:55.146 [FXGL Background Thread 4 ] DEBUG FXGLApplication      - Loading fonts
13:03:55.146 [FXGL Background Thread 1 ] DEBUG FXGLApplication      - Loading default localization
13:03:55.148 [FXGL Background Thread 4 ] DEBUG FXGLAssetLoaderServi - Loading from file system: jar:file:/Users/cody/.m2/repository/com/github/almasb/fxgl/11.16/fxgl-11.16.jar!/fxglassets/ui/fonts/VarelaRound-Regular.ttf
13:03:55.148 [FXGL Background Thread 1 ] DEBUG FXGLAssetLoaderServi - Loading from file system: jar:file:/Users/cody/.m2/repository/com/github/almasb/fxgl/11.16/fxgl-11.16.jar!/fxglassets/languages/english.lang
13:03:55.179 [FXGL Background Thread 1 ] INFO  FXGLApplication      - FXGL initialization took: 1.033 sec
13:03:55.189 [FXGL Background Thread 4 ] DEBUG FXGLAssetLoaderServi - Loading from file system: jar:file:/Users/cody/.m2/repository/com/github/almasb/fxgl/11.16/fxgl-11.16.jar!/fxglassets/ui/fonts/Abel-Regular.ttf
13:03:55.196 [JavaFX Application Thread] DEBUG Input                - Registered new binding: action0 - D
13:03:55.198 [FXGL Background Thread 4 ] DEBUG FXGLAssetLoaderServi - Loading from file system: jar:file:/Users/cody/.m2/repository/com/github/almasb/fxgl/11.16/fxgl-11.16.jar!/fxglassets/ui/fonts/lucida_console.ttf
13:03:55.199 [JavaFX Application Thread] DEBUG Input                - Registered new binding: action1 - A
13:03:55.201 [JavaFX Application Thread] DEBUG Input                - Registered new binding: action2 - W
13:03:55.202 [JavaFX Application Thread] DEBUG Input                - Registered new binding: action3 - S
13:03:55.211 [FXGL Background Thread 4 ] DEBUG FXGLAssetLoaderServi - Loading from file system: jar:file:/Users/cody/.m2/repository/com/github/almasb/fxgl/11.16/fxgl-11.16.jar!/fxglassets/ui/fonts/Courier-Prime.ttf
13:03:55.212 [JavaFX Application Thread] DEBUG FXGLAssetLoaderServi - Loading from file system: jar:file:/Users/cody/.m2/repository/com/github/almasb/fxgl/11.16/fxgl-11.16.jar!/fxglassets/textures/fxgl_icon.png
13:03:55.275 [JavaFX Application Thread] DEBUG FXGLAssetLoaderServi - Loading from file system: jar:file:/Users/cody/.m2/repository/com/github/almasb/fxgl/11.16/fxgl-11.16.jar!/fxglassets/textures/fxgl_default_cursor.png
13:03:55.282 [JavaFX Application Thread] DEBUG Input                - Registered new binding: Screenshot - CTRL+8
13:03:55.284 [JavaFX Application Thread] DEBUG Input                - Registered new binding: System info dump - CTRL+9
13:03:55.285 [JavaFX Application Thread] DEBUG Input                - Registered new binding: Restart - CTRL+R
13:03:55.285 [JavaFX Application Thread] DEBUG Input                - Registered new binding: Toggle Debug Camera - CTRL+C
13:03:55.287 [JavaFX Application Thread] DEBUG LoopRunner           - Starting loop
13:03:55.287 [JavaFX Application Thread] DEBUG LoopRunner           - Initializing JavaFX AnimationTimerLoop
13:03:55.288 [JavaFX Application Thread] DEBUG GameApplicationServi - Starting new game
13:03:55.289 [JavaFX Application Thread] DEBUG Input                - Clearing active input actions
13:03:55.337 [JavaFX Application Thread] DEBUG GameApplicationServi - Removing overlay from FXGLStartupScene and adding to FXGLLoadingScene
13:03:55.338 [JavaFX Application Thread] DEBUG PrimaryStageWindow   - FXGLStartupScene -> FXGLLoadingScene
13:03:55.339 [JavaFX Application Thread] DEBUG GameApplicationServi - Clearing previous game
13:03:55.339 [JavaFX Application Thread] DEBUG GameScene            - Clearing game scene
13:03:55.339 [JavaFX Application Thread] DEBUG GameWorld            - Clearing game world
13:03:55.340 [JavaFX Application Thread] DEBUG PhysicsWorld         - Clearing physics world
13:03:55.341 [FXGL Background Thread 4 ] DEBUG FXGLApplication      - Initializing game
13:03:55.416 [FXGL Background Thread 4 ] INFO  FXGLApplication      - Game initialization took: 0.072 sec
13:03:55.439 [JavaFX Application Thread] DEBUG FXGLApplication      - Registering font factories with UI factory
13:03:55.458 [JavaFX Application Thread] DEBUG Input                - Clearing active input actions
13:03:55.486 [JavaFX Application Thread] DEBUG GameApplicationServi - Removing overlay from FXGLLoadingScene and adding to GameScene
13:03:55.488 [JavaFX Application Thread] DEBUG PrimaryStageWindow   - FXGLLoadingScene -> GameScene
13:03:55.985 [FXGL Background Thread 2 ] INFO  UpdaterService       - Your current version:  11.16
13:03:55.998 [FXGL Background Thread 2 ] INFO  UpdaterService       - Latest stable version: 11.17
13:03:56.683 [JavaFX Application Thread] DEBUG PrimaryStageWindow   - Push state: battleScreen
13:03:56.687 [JavaFX Application Thread] DEBUG Input                - Clearing active input actions
13:03:56.703 [JavaFX Application Thread] DEBUG GameApplicationServi - Removing overlay from GameScene and adding to battleScreen
13:03:56.707 [JavaFX Application Thread] DEBUG PrimaryStageWindow   - GameScene -> battleScreen
13:03:58.148 [FXGL Background Thread 3 ] DEBUG Engine               - Logging environment variables
13:03:58.155 [FXGL Background Thread 3 ] DEBUG Engine               - achievements: []
13:03:58.156 [FXGL Background Thread 3 ] DEBUG Engine               - actualHeight: 800.0
13:03:58.156 [FXGL Background Thread 3 ] DEBUG Engine               - actualHeightProperty: ReadOnlyDoubleProperty [value: 800.0]
13:03:58.157 [FXGL Background Thread 3 ] DEBUG Engine               - actualWidth: 800.0
13:03:58.157 [FXGL Background Thread 3 ] DEBUG Engine               - actualWidthProperty: ReadOnlyDoubleProperty [value: 800.0]
13:03:58.157 [FXGL Background Thread 3 ] DEBUG Engine               - appIcon: fxgl_icon.png
13:03:58.157 [FXGL Background Thread 3 ] DEBUG Engine               - applicationMode: DEVELOPER
13:03:58.157 [FXGL Background Thread 3 ] DEBUG Engine               - cSSList: [fxgl_dark.css]
13:03:58.158 [FXGL Background Thread 3 ] DEBUG Engine               - collisionDetectionStrategy: BRUTE_FORCE
13:03:58.158 [FXGL Background Thread 3 ] DEBUG Engine               - configClass: Optional.empty
13:03:58.158 [FXGL Background Thread 3 ] DEBUG Engine               - credits: []
13:03:58.158 [FXGL Background Thread 3 ] DEBUG Engine               - defaultCursor: CursorInfo(imageName=fxgl_default_cursor.png, hotspotX=7.0, hotspotY=6.0)
13:03:58.163 [FXGL Background Thread 3 ] DEBUG Engine               - devBBoxColorProperty: ObjectProperty [value: 0xff0000ff]
13:03:58.163 [FXGL Background Thread 3 ] DEBUG Engine               - devEnableDebugCameraProperty: BooleanProperty [value: false]
13:03:58.164 [FXGL Background Thread 3 ] DEBUG Engine               - devSensorColorProperty: ObjectProperty [value: 0xffff00ff]
13:03:58.164 [FXGL Background Thread 3 ] DEBUG Engine               - devShowBBoxProperty: BooleanProperty [value: false]
13:03:58.164 [FXGL Background Thread 3 ] DEBUG Engine               - devShowPositionProperty: BooleanProperty [value: false]
13:03:58.164 [FXGL Background Thread 3 ] DEBUG Engine               - enabledMenuItems: []
13:03:58.164 [FXGL Background Thread 3 ] DEBUG Engine               - engineServices: [class com.almasb.fxgl.app.services.FXGLAssetLoaderService, class com.almasb.fxgl.app.FXGLApplication$GameApplicationService, class com.almasb.fxgl.app.services.FXGLDialogService, class com.almasb.fxgl.app.services.IOTaskExecutorService, class com.almasb.fxgl.io.FileSystemService, class com.almasb.fxgl.localization.LocalizationService, class com.almasb.fxgl.app.services.SystemBundleService, class com.almasb.fxgl.profile.SaveLoadService, class com.almasb.fxgl.ui.FXGLUIFactoryServiceProvider, class com.almasb.fxgl.ui.FXGLDialogFactoryServiceProvider, class com.almasb.fxgl.audio.AudioPlayer, class com.almasb.fxgl.notification.impl.NotificationServiceProvider, class com.almasb.fxgl.achievement.AchievementService, class com.almasb.fxgl.cutscene.CutsceneService, class com.almasb.fxgl.minigames.MiniGameService, class com.almasb.fxgl.net.NetService, class com.almasb.fxgl.app.services.UpdaterService, class com.almasb.fxgl.dev.DevService]
13:03:58.164 [FXGL Background Thread 3 ] DEBUG Engine               - fontGame: Abel-Regular.ttf
13:03:58.165 [FXGL Background Thread 3 ] DEBUG Engine               - fontMono: lucida_console.ttf
13:03:58.165 [FXGL Background Thread 3 ] DEBUG Engine               - fontText: Courier-Prime.ttf
13:03:58.165 [FXGL Background Thread 3 ] DEBUG Engine               - fontUI: VarelaRound-Regular.ttf
13:03:58.165 [FXGL Background Thread 3 ] DEBUG Engine               - fullScreen: BooleanProperty [value: false]
13:03:58.165 [FXGL Background Thread 3 ] DEBUG Engine               - gameDifficulty: MEDIUM
13:03:58.165 [FXGL Background Thread 3 ] DEBUG Engine               - gameDifficultyProperty: ObjectProperty [value: MEDIUM]
13:03:58.165 [FXGL Background Thread 3 ] DEBUG Engine               - globalMusicVolume: 0.5
13:03:58.167 [FXGL Background Thread 3 ] DEBUG Engine               - globalMusicVolumeProperty: DoubleProperty [value: 0.5]
13:03:58.167 [FXGL Background Thread 3 ] DEBUG Engine               - globalSoundVolume: 0.5
13:03:58.167 [FXGL Background Thread 3 ] DEBUG Engine               - globalSoundVolumeProperty: DoubleProperty [value: 0.5]
13:03:58.172 [FXGL Background Thread 3 ] DEBUG Engine               - height: 800
13:03:58.172 [FXGL Background Thread 3 ] DEBUG Engine               - is3D: false
13:03:58.172 [FXGL Background Thread 3 ] DEBUG Engine               - isAndroid: false
13:03:58.172 [FXGL Background Thread 3 ] DEBUG Engine               - isBrowser: false
13:03:58.172 [FXGL Background Thread 3 ] DEBUG Engine               - isClickFeedbackEnabled: false
13:03:58.173 [FXGL Background Thread 3 ] DEBUG Engine               - isCloseConfirmation: false
13:03:58.173 [FXGL Background Thread 3 ] DEBUG Engine               - isDesktop: true
13:03:58.173 [FXGL Background Thread 3 ] DEBUG Engine               - isDeveloperMenuEnabled: false
13:03:58.173 [FXGL Background Thread 3 ] DEBUG Engine               - isEntityPreloadEnabled: true
13:03:58.173 [FXGL Background Thread 3 ] DEBUG Engine               - isExperimentalTiledLargeMap: false
13:03:58.173 [FXGL Background Thread 3 ] DEBUG Engine               - isFileSystemWriteAllowed: true
13:03:58.173 [FXGL Background Thread 3 ] DEBUG Engine               - isFullScreenAllowed: false
13:03:58.173 [FXGL Background Thread 3 ] DEBUG Engine               - isFullScreenFromStart: false
13:03:58.173 [FXGL Background Thread 3 ] DEBUG Engine               - isGameMenuEnabled: true
13:03:58.174 [FXGL Background Thread 3 ] DEBUG Engine               - isIOS: false
13:03:58.174 [FXGL Background Thread 3 ] DEBUG Engine               - isIntroEnabled: false
13:03:58.174 [FXGL Background Thread 3 ] DEBUG Engine               - isLinux: false
13:03:58.174 [FXGL Background Thread 3 ] DEBUG Engine               - isMac: true
13:03:58.174 [FXGL Background Thread 3 ] DEBUG Engine               - isMainMenuEnabled: false
13:03:58.174 [FXGL Background Thread 3 ] DEBUG Engine               - isManualResizeEnabled: false
13:03:58.174 [FXGL Background Thread 3 ] DEBUG Engine               - isMobile: false
13:03:58.174 [FXGL Background Thread 3 ] DEBUG Engine               - isNative: false
13:03:58.175 [FXGL Background Thread 3 ] DEBUG Engine               - isPreserveResizeRatio: false
13:03:58.175 [FXGL Background Thread 3 ] DEBUG Engine               - isProfilingEnabled: false
13:03:58.180 [FXGL Background Thread 3 ] DEBUG Engine               - isScaleAffectedOnResize: true
13:03:58.181 [FXGL Background Thread 3 ] DEBUG Engine               - isSingleStep: false
13:03:58.181 [FXGL Background Thread 3 ] DEBUG Engine               - isUserProfileEnabled: false
13:03:58.181 [FXGL Background Thread 3 ] DEBUG Engine               - isWindows: false
13:03:58.181 [FXGL Background Thread 3 ] DEBUG Engine               - language: ObjectProperty [value: ENGLISH]
13:03:58.181 [FXGL Background Thread 3 ] DEBUG Engine               - menuKey: ESCAPE
13:03:58.181 [FXGL Background Thread 3 ] DEBUG Engine               - mouseSensitivity: 0.2
13:03:58.181 [FXGL Background Thread 3 ] DEBUG Engine               - notificationViewClass: class com.almasb.fxgl.notification.view.XboxNotificationView
13:03:58.181 [FXGL Background Thread 3 ] DEBUG Engine               - pixelsPerMeter: 50.0
13:03:58.181 [FXGL Background Thread 3 ] DEBUG Engine               - platform: MAC
13:03:58.181 [FXGL Background Thread 3 ] DEBUG Engine               - prefHeightProperty: ReadOnlyDoubleProperty [value: 800.0]
13:03:58.182 [FXGL Background Thread 3 ] DEBUG Engine               - prefWidthProperty: ReadOnlyDoubleProperty [value: 800.0]
13:03:58.182 [FXGL Background Thread 3 ] DEBUG Engine               - profileDir: profiles/
13:03:58.182 [FXGL Background Thread 3 ] DEBUG Engine               - profileName: StringProperty [value: DEFAULT]
13:03:58.182 [FXGL Background Thread 3 ] DEBUG Engine               - randomSeed: -1
13:03:58.182 [FXGL Background Thread 3 ] DEBUG Engine               - runtimeInfo: RuntimeInfo(platform=MAC, version=11.16, build=25.05.2021 08.16)
13:03:58.182 [FXGL Background Thread 3 ] DEBUG Engine               - saveFileExt: sav
13:03:58.182 [FXGL Background Thread 3 ] DEBUG Engine               - scaledHeightProp$fxgl: DoubleProperty [bound, value: 800.0]
13:03:58.182 [FXGL Background Thread 3 ] DEBUG Engine               - scaledWidthProp$fxgl: DoubleProperty [bound, value: 800.0]
13:03:58.182 [FXGL Background Thread 3 ] DEBUG Engine               - sceneFactory: com.almasb.fxgl.app.scene.SceneFactory@2dfe59ed
13:03:58.182 [FXGL Background Thread 3 ] DEBUG Engine               - secondsIn24h: 60
13:03:58.182 [FXGL Background Thread 3 ] DEBUG Engine               - soundMenuBack: menu/back.wav
13:03:58.182 [FXGL Background Thread 3 ] DEBUG Engine               - soundMenuPress: menu/press.wav
13:03:58.182 [FXGL Background Thread 3 ] DEBUG Engine               - soundMenuSelect: menu/select.wav
13:03:58.182 [FXGL Background Thread 3 ] DEBUG Engine               - soundNotification: core/notification.wav
13:03:58.182 [FXGL Background Thread 3 ] DEBUG Engine               - stageStyle: DECORATED
13:03:58.182 [FXGL Background Thread 3 ] DEBUG Engine               - supportedLanguages: [ENGLISH, FRENCH, GERMAN, HUNGARIAN, RUSSIAN]
13:03:58.183 [FXGL Background Thread 3 ] DEBUG Engine               - ticksPerSecond: -1
13:03:58.183 [FXGL Background Thread 3 ] DEBUG Engine               - title: Pokemon
13:03:58.183 [FXGL Background Thread 3 ] DEBUG Engine               - urlGithub: https://github.com/AlmasB/FXGL
13:03:58.183 [FXGL Background Thread 3 ] DEBUG Engine               - urlLeaderboard: http://fxgl-top.herokuapp.com/
13:03:58.183 [FXGL Background Thread 3 ] DEBUG Engine               - urlPOM: https://raw.githubusercontent.com/AlmasB/FXGL/release/README.md
13:03:58.183 [FXGL Background Thread 3 ] DEBUG Engine               - userAppClass: class App.Overworld
13:03:58.183 [FXGL Background Thread 3 ] DEBUG Engine               - version: Beta 0.1
13:03:58.183 [FXGL Background Thread 3 ] DEBUG Engine               - versionCheckDays: 7
13:03:58.183 [FXGL Background Thread 3 ] DEBUG Engine               - width: 800
13:03:58.183 [FXGL Background Thread 3 ] DEBUG Engine               - Logging services
13:03:58.183 [FXGL Background Thread 3 ] DEBUG Engine               - class com.almasb.fxgl.app.services.FXGLAssetLoaderService
13:03:58.184 [FXGL Background Thread 3 ] DEBUG Engine               - class com.almasb.fxgl.app.FXGLApplication$GameApplicationService
13:03:58.184 [FXGL Background Thread 3 ] DEBUG Engine               - class com.almasb.fxgl.app.services.FXGLDialogService
13:03:58.184 [FXGL Background Thread 3 ] DEBUG Engine               - class com.almasb.fxgl.app.services.IOTaskExecutorService
13:03:58.184 [FXGL Background Thread 3 ] DEBUG Engine               - class com.almasb.fxgl.io.FileSystemService
13:03:58.184 [FXGL Background Thread 3 ] DEBUG Engine               - class com.almasb.fxgl.localization.LocalizationService
13:03:58.184 [FXGL Background Thread 3 ] DEBUG Engine               - class com.almasb.fxgl.app.services.SystemBundleService
13:03:58.184 [FXGL Background Thread 3 ] DEBUG Engine               - class com.almasb.fxgl.profile.SaveLoadService
13:03:58.184 [FXGL Background Thread 3 ] DEBUG Engine               - class com.almasb.fxgl.ui.FXGLUIFactoryServiceProvider
13:03:58.184 [FXGL Background Thread 3 ] DEBUG Engine               - class com.almasb.fxgl.ui.FXGLDialogFactoryServiceProvider
13:03:58.184 [FXGL Background Thread 3 ] DEBUG Engine               - class com.almasb.fxgl.audio.AudioPlayer
13:03:58.184 [FXGL Background Thread 3 ] DEBUG Engine               - class com.almasb.fxgl.notification.impl.NotificationServiceProvider
13:03:58.184 [FXGL Background Thread 3 ] DEBUG Engine               - class com.almasb.fxgl.achievement.AchievementService
13:03:58.184 [FXGL Background Thread 3 ] DEBUG Engine               - class com.almasb.fxgl.cutscene.CutsceneService
13:03:58.184 [FXGL Background Thread 3 ] DEBUG Engine               - class com.almasb.fxgl.minigames.MiniGameService
13:03:58.184 [FXGL Background Thread 3 ] DEBUG Engine               - class com.almasb.fxgl.net.NetService
13:03:58.184 [FXGL Background Thread 3 ] DEBUG Engine               - class com.almasb.fxgl.app.services.UpdaterService
13:03:58.184 [FXGL Background Thread 3 ] DEBUG Engine               - class com.almasb.fxgl.dev.DevService
13:04:13.805 [JavaFX Application Thread] DEBUG FXGLApplication      - Exiting FXGL
13:04:13.819 [JavaFX Application Thread] DEBUG LoopRunner           - Stopping loop
13:04:13.820 [JavaFX Application Thread] DEBUG SystemBundleService  - Saving FXGL system data
13:04:13.824 [JavaFX Application Thread] DEBUG FileSystemAccess     - Writing to: /Users/cody/Desktop/PokemonM/system/fxgl.bundle
13:04:13.829 [JavaFX Application Thread] DEBUG Async                - Shutting down background threads
13:04:13.832 [JavaFX Application Thread] DEBUG PrimaryStageWindow   - Closing main window
13:04:13.859 [JavaFX Application Thread] DEBUG Logger               - Closing Logger
