16:51:31.206 [main                     ] DEBUG Logger               - Configured Logger
16:51:31.241 [main                     ] DEBUG GameApplication      - Logging settings
Title: Pokemon
Version: Beta 0.1
Width: 800
Height: 800
Fullscreen: false
Intro: false
Profiling: false
Single step:false
App Mode: DEVELOPER
Menu Key: ESCAPE
Stage Style: DECORATED
Scene Factory: class com.almasb.fxgl.app.scene.SceneFactory

16:51:31.819 [JavaFX Application Thread] DEBUG FXGLApplication      - Initializing FXGL
16:51:31.823 [JavaFX Application Thread] INFO  Engine               - FXGL-11.16 (25.05.2021 08.16) on MAC (J:11.0.12 FX:16)
16:51:31.823 [JavaFX Application Thread] DEBUG Engine               - JRE Vendor Name: Oracle Corporation
16:51:31.823 [JavaFX Application Thread] DEBUG Engine               - Running on OS: Mac OS X version 11.3
16:51:31.823 [JavaFX Application Thread] DEBUG Engine               - Architecture: x86_64
16:51:31.824 [JavaFX Application Thread] INFO  Engine               - Source code and latest versions at: https://github.com/AlmasB/FXGL
16:51:31.824 [JavaFX Application Thread] INFO  Engine               -              Join the FXGL chat at: https://gitter.im/AlmasB/FXGL
16:51:31.985 [JavaFX Application Thread] DEBUG PrimaryStageWindow   - Creating a JavaFX scene
16:51:32.065 [JavaFX Application Thread] DEBUG PrimaryStageWindow   - Target settings size: 800.0 x 800.0
16:51:32.066 [JavaFX Application Thread] DEBUG PrimaryStageWindow   - Scaled scene size:    800.0 x 800.0
16:51:32.066 [JavaFX Application Thread] DEBUG PrimaryStageWindow   - Scaled ratio: (1.0, 1.0)
16:51:32.067 [JavaFX Application Thread] DEBUG PrimaryStageWindow   - Set initial scene to FXGLStartupScene
16:51:32.071 [JavaFX Application Thread] DEBUG PrimaryStageWindow   - Opening main window
16:51:32.232 [JavaFX Application Thread] DEBUG PrimaryStageWindow   - Window border size: (0.0, 28.0)
16:51:32.232 [JavaFX Application Thread] DEBUG PrimaryStageWindow   - Scaled size: 800.0 x 800.0
16:51:32.233 [JavaFX Application Thread] DEBUG PrimaryStageWindow   - Scaled ratio: (1.0, 1.0)
16:51:32.233 [JavaFX Application Thread] DEBUG PrimaryStageWindow   - Scene size: 800.0 x 800.0
16:51:32.233 [JavaFX Application Thread] DEBUG PrimaryStageWindow   - Stage size: 800.0 x 828.0
16:51:32.246 [FXGL Background Thread 1 ] DEBUG Engine               - Initializing environment variables
16:51:32.396 [FXGL Background Thread 1 ] DEBUG FXGLAssetLoaderServi - User app class for loading assets: class App.Overworld
16:51:32.397 [FXGL Background Thread 1 ] DEBUG GameApplicationServi - Applying CSS: fxgl_dark.css
16:51:32.401 [FXGL Background Thread 1 ] DEBUG FXGLAssetLoaderServi - Loading from file system: jar:file:/Users/cody/.m2/repository/com/github/almasb/fxgl/11.16/fxgl-11.16.jar!/fxglassets/ui/css/fxgl_dark.css
16:51:32.475 [FXGL Background Thread 1 ] DEBUG GameApplicationServi - Initializing application scenes
16:51:32.835 [FXGL Background Thread 1 ] DEBUG GameWorld            - Game world initialized
16:51:32.886 [FXGL Background Thread 1 ] DEBUG PhysicsWorld         - Physics world initialized: appHeight=800, physics.ppm=50.0
16:51:32.887 [FXGL Background Thread 1 ] DEBUG PhysicsWorld         - Using strategy: BRUTE_FORCE
16:51:32.893 [FXGL Background Thread 1 ] DEBUG GameScene            - Game scene initialized: 800x800
16:51:32.901 [FXGL Background Thread 1 ] DEBUG FXGL.DefaultMenu     - createMenuBodyGameMenu()
16:51:32.916 [FXGL Background Thread 1 ] DEBUG FXGL.DefaultMenu     - createOptionsMenu()
16:51:32.927 [FXGL Background Thread 1 ] DEBUG FXGLAssetLoaderServi - Loading from file system: jar:file:/Users/cody/.m2/repository/com/github/almasb/fxgl/11.16/fxgl-11.16.jar!/fxglassets/textures/particles/smoke.png
16:51:33.075 [FXGL Background Thread 1 ] DEBUG FXGLAssetLoaderServi - Loading from file system: jar:file:/Users/cody/.m2/repository/com/github/almasb/fxgl/11.16/fxgl-11.16.jar!/fxglassets/textures/particles/trace_horizontal.png
16:51:33.098 [FXGL Background Thread 1 ] DEBUG GameApplicationServi - Application scenes initialized
16:51:33.111 [FXGL Background Thread 1 ] DEBUG SystemBundleService  - Loading FXGL system data
16:51:33.117 [FXGL Background Thread 1 ] DEBUG FileSystemAccess     - Reading from: /Users/cody/Desktop/PokemonM/system/fxgl.bundle
16:51:33.135 [FXGL Background Thread 1 ] DEBUG SystemBundleService  - Bundle FXGL: {}
16:51:33.136 [FXGL Background Thread 1 ] DEBUG UpdaterService       - Checking for updates
16:51:33.151 [FXGL Background Thread 4 ] DEBUG FXGLApplication      - Loading fonts
16:51:33.152 [FXGL Background Thread 1 ] DEBUG FXGLApplication      - Loading default localization
16:51:33.152 [FXGL Background Thread 4 ] DEBUG FXGLAssetLoaderServi - Loading from file system: jar:file:/Users/cody/.m2/repository/com/github/almasb/fxgl/11.16/fxgl-11.16.jar!/fxglassets/ui/fonts/VarelaRound-Regular.ttf
16:51:33.153 [FXGL Background Thread 1 ] DEBUG FXGLAssetLoaderServi - Loading from file system: jar:file:/Users/cody/.m2/repository/com/github/almasb/fxgl/11.16/fxgl-11.16.jar!/fxglassets/languages/english.lang
16:51:33.183 [FXGL Background Thread 1 ] INFO  FXGLApplication      - FXGL initialization took: 0.933 sec
16:51:33.201 [FXGL Background Thread 4 ] DEBUG FXGLAssetLoaderServi - Loading from file system: jar:file:/Users/cody/.m2/repository/com/github/almasb/fxgl/11.16/fxgl-11.16.jar!/fxglassets/ui/fonts/Abel-Regular.ttf
16:51:33.213 [JavaFX Application Thread] DEBUG Input                - Registered new binding: action0 - D
16:51:33.213 [FXGL Background Thread 4 ] DEBUG FXGLAssetLoaderServi - Loading from file system: jar:file:/Users/cody/.m2/repository/com/github/almasb/fxgl/11.16/fxgl-11.16.jar!/fxglassets/ui/fonts/lucida_console.ttf
16:51:33.215 [JavaFX Application Thread] DEBUG Input                - Registered new binding: action1 - A
16:51:33.216 [JavaFX Application Thread] DEBUG Input                - Registered new binding: action2 - W
16:51:33.216 [JavaFX Application Thread] DEBUG Input                - Registered new binding: action3 - S
16:51:33.218 [JavaFX Application Thread] DEBUG FXGLAssetLoaderServi - Loading from file system: jar:file:/Users/cody/.m2/repository/com/github/almasb/fxgl/11.16/fxgl-11.16.jar!/fxglassets/textures/fxgl_icon.png
16:51:33.225 [FXGL Background Thread 4 ] DEBUG FXGLAssetLoaderServi - Loading from file system: jar:file:/Users/cody/.m2/repository/com/github/almasb/fxgl/11.16/fxgl-11.16.jar!/fxglassets/ui/fonts/Courier-Prime.ttf
16:51:33.282 [JavaFX Application Thread] DEBUG FXGLAssetLoaderServi - Loading from file system: jar:file:/Users/cody/.m2/repository/com/github/almasb/fxgl/11.16/fxgl-11.16.jar!/fxglassets/textures/fxgl_default_cursor.png
16:51:33.296 [JavaFX Application Thread] DEBUG Input                - Registered new binding: Screenshot - CTRL+8
16:51:33.298 [JavaFX Application Thread] DEBUG Input                - Registered new binding: System info dump - CTRL+9
16:51:33.298 [JavaFX Application Thread] DEBUG Input                - Registered new binding: Restart - CTRL+R
16:51:33.298 [JavaFX Application Thread] DEBUG Input                - Registered new binding: Toggle Debug Camera - CTRL+C
16:51:33.301 [JavaFX Application Thread] DEBUG LoopRunner           - Starting loop
16:51:33.301 [JavaFX Application Thread] DEBUG LoopRunner           - Initializing JavaFX AnimationTimerLoop
16:51:33.302 [JavaFX Application Thread] DEBUG GameApplicationServi - Starting new game
16:51:33.305 [JavaFX Application Thread] DEBUG Input                - Clearing active input actions
16:51:33.356 [JavaFX Application Thread] DEBUG GameApplicationServi - Removing overlay from FXGLStartupScene and adding to FXGLLoadingScene
16:51:33.358 [JavaFX Application Thread] DEBUG PrimaryStageWindow   - FXGLStartupScene -> FXGLLoadingScene
16:51:33.358 [JavaFX Application Thread] DEBUG GameApplicationServi - Clearing previous game
16:51:33.359 [JavaFX Application Thread] DEBUG GameScene            - Clearing game scene
16:51:33.359 [JavaFX Application Thread] DEBUG GameWorld            - Clearing game world
16:51:33.359 [JavaFX Application Thread] DEBUG PhysicsWorld         - Clearing physics world
16:51:33.361 [FXGL Background Thread 4 ] DEBUG FXGLApplication      - Initializing game
16:51:33.389 [JavaFX Application Thread] DEBUG FXGLApplication      - Registering font factories with UI factory
16:51:33.504 [FXGL Background Thread 4 ] INFO  FXGLApplication      - Game initialization took: 0.138 sec
16:51:33.572 [JavaFX Application Thread] DEBUG Input                - Clearing active input actions
16:51:33.669 [JavaFX Application Thread] DEBUG GameApplicationServi - Removing overlay from FXGLLoadingScene and adding to GameScene
16:51:33.673 [JavaFX Application Thread] DEBUG PrimaryStageWindow   - FXGLLoadingScene -> GameScene
16:51:34.053 [FXGL Background Thread 2 ] INFO  UpdaterService       - Your current version:  11.16
16:51:34.057 [FXGL Background Thread 2 ] INFO  UpdaterService       - Latest stable version: 11.17
16:51:35.419 [JavaFX Application Thread] DEBUG PrimaryStageWindow   - Push state: battleScreen
16:51:35.423 [JavaFX Application Thread] DEBUG Input                - Clearing active input actions
16:51:35.437 [JavaFX Application Thread] DEBUG GameApplicationServi - Removing overlay from GameScene and adding to battleScreen
16:51:35.438 [JavaFX Application Thread] DEBUG PrimaryStageWindow   - GameScene -> battleScreen
16:51:36.147 [FXGL Background Thread 3 ] DEBUG Engine               - Logging environment variables
16:51:36.151 [FXGL Background Thread 3 ] DEBUG Engine               - achievements: []
16:51:36.152 [FXGL Background Thread 3 ] DEBUG Engine               - actualHeight: 800.0
16:51:36.152 [FXGL Background Thread 3 ] DEBUG Engine               - actualHeightProperty: ReadOnlyDoubleProperty [value: 800.0]
16:51:36.152 [FXGL Background Thread 3 ] DEBUG Engine               - actualWidth: 800.0
16:51:36.152 [FXGL Background Thread 3 ] DEBUG Engine               - actualWidthProperty: ReadOnlyDoubleProperty [value: 800.0]
16:51:36.152 [FXGL Background Thread 3 ] DEBUG Engine               - appIcon: fxgl_icon.png
16:51:36.152 [FXGL Background Thread 3 ] DEBUG Engine               - applicationMode: DEVELOPER
16:51:36.152 [FXGL Background Thread 3 ] DEBUG Engine               - cSSList: [fxgl_dark.css]
16:51:36.153 [FXGL Background Thread 3 ] DEBUG Engine               - collisionDetectionStrategy: BRUTE_FORCE
16:51:36.153 [FXGL Background Thread 3 ] DEBUG Engine               - configClass: Optional.empty
16:51:36.153 [FXGL Background Thread 3 ] DEBUG Engine               - credits: []
16:51:36.153 [FXGL Background Thread 3 ] DEBUG Engine               - defaultCursor: CursorInfo(imageName=fxgl_default_cursor.png, hotspotX=7.0, hotspotY=6.0)
16:51:36.157 [FXGL Background Thread 3 ] DEBUG Engine               - devBBoxColorProperty: ObjectProperty [value: 0xff0000ff]
16:51:36.158 [FXGL Background Thread 3 ] DEBUG Engine               - devEnableDebugCameraProperty: BooleanProperty [value: false]
16:51:36.158 [FXGL Background Thread 3 ] DEBUG Engine               - devSensorColorProperty: ObjectProperty [value: 0xffff00ff]
16:51:36.158 [FXGL Background Thread 3 ] DEBUG Engine               - devShowBBoxProperty: BooleanProperty [value: false]
16:51:36.159 [FXGL Background Thread 3 ] DEBUG Engine               - devShowPositionProperty: BooleanProperty [value: false]
16:51:36.159 [FXGL Background Thread 3 ] DEBUG Engine               - enabledMenuItems: []
16:51:36.159 [FXGL Background Thread 3 ] DEBUG Engine               - engineServices: [class com.almasb.fxgl.app.services.FXGLAssetLoaderService, class com.almasb.fxgl.app.FXGLApplication$GameApplicationService, class com.almasb.fxgl.app.services.FXGLDialogService, class com.almasb.fxgl.app.services.IOTaskExecutorService, class com.almasb.fxgl.io.FileSystemService, class com.almasb.fxgl.localization.LocalizationService, class com.almasb.fxgl.app.services.SystemBundleService, class com.almasb.fxgl.profile.SaveLoadService, class com.almasb.fxgl.ui.FXGLUIFactoryServiceProvider, class com.almasb.fxgl.ui.FXGLDialogFactoryServiceProvider, class com.almasb.fxgl.audio.AudioPlayer, class com.almasb.fxgl.notification.impl.NotificationServiceProvider, class com.almasb.fxgl.achievement.AchievementService, class com.almasb.fxgl.cutscene.CutsceneService, class com.almasb.fxgl.minigames.MiniGameService, class com.almasb.fxgl.net.NetService, class com.almasb.fxgl.app.services.UpdaterService, class com.almasb.fxgl.dev.DevService]
16:51:36.159 [FXGL Background Thread 3 ] DEBUG Engine               - fontGame: Abel-Regular.ttf
16:51:36.161 [FXGL Background Thread 3 ] DEBUG Engine               - fontMono: lucida_console.ttf
16:51:36.163 [FXGL Background Thread 3 ] DEBUG Engine               - fontText: Courier-Prime.ttf
16:51:36.163 [FXGL Background Thread 3 ] DEBUG Engine               - fontUI: VarelaRound-Regular.ttf
16:51:36.163 [FXGL Background Thread 3 ] DEBUG Engine               - fullScreen: BooleanProperty [value: false]
16:51:36.163 [FXGL Background Thread 3 ] DEBUG Engine               - gameDifficulty: MEDIUM
16:51:36.163 [FXGL Background Thread 3 ] DEBUG Engine               - gameDifficultyProperty: ObjectProperty [value: MEDIUM]
16:51:36.163 [FXGL Background Thread 3 ] DEBUG Engine               - globalMusicVolume: 0.5
16:51:36.163 [FXGL Background Thread 3 ] DEBUG Engine               - globalMusicVolumeProperty: DoubleProperty [value: 0.5]
16:51:36.163 [FXGL Background Thread 3 ] DEBUG Engine               - globalSoundVolume: 0.5
16:51:36.163 [FXGL Background Thread 3 ] DEBUG Engine               - globalSoundVolumeProperty: DoubleProperty [value: 0.5]
16:51:36.163 [FXGL Background Thread 3 ] DEBUG Engine               - height: 800
16:51:36.166 [FXGL Background Thread 3 ] DEBUG Engine               - is3D: false
16:51:36.166 [FXGL Background Thread 3 ] DEBUG Engine               - isAndroid: false
16:51:36.167 [FXGL Background Thread 3 ] DEBUG Engine               - isBrowser: false
16:51:36.167 [FXGL Background Thread 3 ] DEBUG Engine               - isClickFeedbackEnabled: false
16:51:36.167 [FXGL Background Thread 3 ] DEBUG Engine               - isCloseConfirmation: false
16:51:36.167 [FXGL Background Thread 3 ] DEBUG Engine               - isDesktop: true
16:51:36.167 [FXGL Background Thread 3 ] DEBUG Engine               - isDeveloperMenuEnabled: false
16:51:36.167 [FXGL Background Thread 3 ] DEBUG Engine               - isEntityPreloadEnabled: true
16:51:36.167 [FXGL Background Thread 3 ] DEBUG Engine               - isExperimentalTiledLargeMap: false
16:51:36.167 [FXGL Background Thread 3 ] DEBUG Engine               - isFileSystemWriteAllowed: true
16:51:36.167 [FXGL Background Thread 3 ] DEBUG Engine               - isFullScreenAllowed: false
16:51:36.168 [FXGL Background Thread 3 ] DEBUG Engine               - isFullScreenFromStart: false
16:51:36.168 [FXGL Background Thread 3 ] DEBUG Engine               - isGameMenuEnabled: true
16:51:36.168 [FXGL Background Thread 3 ] DEBUG Engine               - isIOS: false
16:51:36.168 [FXGL Background Thread 3 ] DEBUG Engine               - isIntroEnabled: false
16:51:36.168 [FXGL Background Thread 3 ] DEBUG Engine               - isLinux: false
16:51:36.168 [FXGL Background Thread 3 ] DEBUG Engine               - isMac: true
16:51:36.168 [FXGL Background Thread 3 ] DEBUG Engine               - isMainMenuEnabled: false
16:51:36.168 [FXGL Background Thread 3 ] DEBUG Engine               - isManualResizeEnabled: false
16:51:36.169 [FXGL Background Thread 3 ] DEBUG Engine               - isMobile: false
16:51:36.169 [FXGL Background Thread 3 ] DEBUG Engine               - isNative: false
16:51:36.169 [FXGL Background Thread 3 ] DEBUG Engine               - isPreserveResizeRatio: false
16:51:36.169 [FXGL Background Thread 3 ] DEBUG Engine               - isProfilingEnabled: false
16:51:36.169 [FXGL Background Thread 3 ] DEBUG Engine               - isScaleAffectedOnResize: true
16:51:36.170 [FXGL Background Thread 3 ] DEBUG Engine               - isSingleStep: false
16:51:36.170 [FXGL Background Thread 3 ] DEBUG Engine               - isUserProfileEnabled: false
16:51:36.170 [FXGL Background Thread 3 ] DEBUG Engine               - isWindows: false
16:51:36.170 [FXGL Background Thread 3 ] DEBUG Engine               - language: ObjectProperty [value: ENGLISH]
16:51:36.170 [FXGL Background Thread 3 ] DEBUG Engine               - menuKey: ESCAPE
16:51:36.170 [FXGL Background Thread 3 ] DEBUG Engine               - mouseSensitivity: 0.2
16:51:36.170 [FXGL Background Thread 3 ] DEBUG Engine               - notificationViewClass: class com.almasb.fxgl.notification.view.XboxNotificationView
16:51:36.170 [FXGL Background Thread 3 ] DEBUG Engine               - pixelsPerMeter: 50.0
16:51:36.170 [FXGL Background Thread 3 ] DEBUG Engine               - platform: MAC
16:51:36.170 [FXGL Background Thread 3 ] DEBUG Engine               - prefHeightProperty: ReadOnlyDoubleProperty [value: 800.0]
16:51:36.170 [FXGL Background Thread 3 ] DEBUG Engine               - prefWidthProperty: ReadOnlyDoubleProperty [value: 800.0]
16:51:36.170 [FXGL Background Thread 3 ] DEBUG Engine               - profileDir: profiles/
16:51:36.171 [FXGL Background Thread 3 ] DEBUG Engine               - profileName: StringProperty [value: DEFAULT]
16:51:36.171 [FXGL Background Thread 3 ] DEBUG Engine               - randomSeed: -1
16:51:36.171 [FXGL Background Thread 3 ] DEBUG Engine               - runtimeInfo: RuntimeInfo(platform=MAC, version=11.16, build=25.05.2021 08.16)
16:51:36.171 [FXGL Background Thread 3 ] DEBUG Engine               - saveFileExt: sav
16:51:36.171 [FXGL Background Thread 3 ] DEBUG Engine               - scaledHeightProp$fxgl: DoubleProperty [bound, value: 800.0]
16:51:36.171 [FXGL Background Thread 3 ] DEBUG Engine               - scaledWidthProp$fxgl: DoubleProperty [bound, value: 800.0]
16:51:36.171 [FXGL Background Thread 3 ] DEBUG Engine               - sceneFactory: com.almasb.fxgl.app.scene.SceneFactory@46079c49
16:51:36.171 [FXGL Background Thread 3 ] DEBUG Engine               - secondsIn24h: 60
16:51:36.171 [FXGL Background Thread 3 ] DEBUG Engine               - soundMenuBack: menu/back.wav
16:51:36.171 [FXGL Background Thread 3 ] DEBUG Engine               - soundMenuPress: menu/press.wav
16:51:36.171 [FXGL Background Thread 3 ] DEBUG Engine               - soundMenuSelect: menu/select.wav
16:51:36.171 [FXGL Background Thread 3 ] DEBUG Engine               - soundNotification: core/notification.wav
16:51:36.171 [FXGL Background Thread 3 ] DEBUG Engine               - stageStyle: DECORATED
16:51:36.171 [FXGL Background Thread 3 ] DEBUG Engine               - supportedLanguages: [ENGLISH, FRENCH, GERMAN, HUNGARIAN, RUSSIAN]
16:51:36.171 [FXGL Background Thread 3 ] DEBUG Engine               - ticksPerSecond: -1
16:51:36.171 [FXGL Background Thread 3 ] DEBUG Engine               - title: Pokemon
16:51:36.171 [FXGL Background Thread 3 ] DEBUG Engine               - urlGithub: https://github.com/AlmasB/FXGL
16:51:36.171 [FXGL Background Thread 3 ] DEBUG Engine               - urlLeaderboard: http://fxgl-top.herokuapp.com/
16:51:36.171 [FXGL Background Thread 3 ] DEBUG Engine               - urlPOM: https://raw.githubusercontent.com/AlmasB/FXGL/release/README.md
16:51:36.171 [FXGL Background Thread 3 ] DEBUG Engine               - userAppClass: class App.Overworld
16:51:36.171 [FXGL Background Thread 3 ] DEBUG Engine               - version: Beta 0.1
16:51:36.171 [FXGL Background Thread 3 ] DEBUG Engine               - versionCheckDays: 7
16:51:36.171 [FXGL Background Thread 3 ] DEBUG Engine               - width: 800
16:51:36.171 [FXGL Background Thread 3 ] DEBUG Engine               - Logging services
16:51:36.172 [FXGL Background Thread 3 ] DEBUG Engine               - class com.almasb.fxgl.app.services.FXGLAssetLoaderService
16:51:36.172 [FXGL Background Thread 3 ] DEBUG Engine               - class com.almasb.fxgl.app.FXGLApplication$GameApplicationService
16:51:36.172 [FXGL Background Thread 3 ] DEBUG Engine               - class com.almasb.fxgl.app.services.FXGLDialogService
16:51:36.172 [FXGL Background Thread 3 ] DEBUG Engine               - class com.almasb.fxgl.app.services.IOTaskExecutorService
16:51:36.172 [FXGL Background Thread 3 ] DEBUG Engine               - class com.almasb.fxgl.io.FileSystemService
16:51:36.172 [FXGL Background Thread 3 ] DEBUG Engine               - class com.almasb.fxgl.localization.LocalizationService
16:51:36.172 [FXGL Background Thread 3 ] DEBUG Engine               - class com.almasb.fxgl.app.services.SystemBundleService
16:51:36.172 [FXGL Background Thread 3 ] DEBUG Engine               - class com.almasb.fxgl.profile.SaveLoadService
16:51:36.172 [FXGL Background Thread 3 ] DEBUG Engine               - class com.almasb.fxgl.ui.FXGLUIFactoryServiceProvider
16:51:36.172 [FXGL Background Thread 3 ] DEBUG Engine               - class com.almasb.fxgl.ui.FXGLDialogFactoryServiceProvider
16:51:36.172 [FXGL Background Thread 3 ] DEBUG Engine               - class com.almasb.fxgl.audio.AudioPlayer
16:51:36.172 [FXGL Background Thread 3 ] DEBUG Engine               - class com.almasb.fxgl.notification.impl.NotificationServiceProvider
16:51:36.172 [FXGL Background Thread 3 ] DEBUG Engine               - class com.almasb.fxgl.achievement.AchievementService
16:51:36.172 [FXGL Background Thread 3 ] DEBUG Engine               - class com.almasb.fxgl.cutscene.CutsceneService
16:51:36.172 [FXGL Background Thread 3 ] DEBUG Engine               - class com.almasb.fxgl.minigames.MiniGameService
16:51:36.172 [FXGL Background Thread 3 ] DEBUG Engine               - class com.almasb.fxgl.net.NetService
16:51:36.172 [FXGL Background Thread 3 ] DEBUG Engine               - class com.almasb.fxgl.app.services.UpdaterService
16:51:36.172 [FXGL Background Thread 3 ] DEBUG Engine               - class com.almasb.fxgl.dev.DevService
16:51:54.418 [JavaFX Application Thread] DEBUG FXGLApplication      - Exiting FXGL
16:51:54.435 [JavaFX Application Thread] DEBUG LoopRunner           - Stopping loop
16:51:54.435 [JavaFX Application Thread] DEBUG SystemBundleService  - Saving FXGL system data
16:51:54.455 [JavaFX Application Thread] DEBUG FileSystemAccess     - Writing to: /Users/cody/Desktop/PokemonM/system/fxgl.bundle
16:51:54.464 [JavaFX Application Thread] DEBUG Async                - Shutting down background threads
16:51:54.465 [JavaFX Application Thread] DEBUG PrimaryStageWindow   - Closing main window
16:51:54.496 [JavaFX Application Thread] DEBUG Logger               - Closing Logger
