15:57:41.490 [main                     ] DEBUG Logger               - Configured Logger
15:57:41.520 [main                     ] DEBUG GameApplication      - Logging settings
Title: Pokemon
Version: Beta 0.1
Width: 800
Height: 800
Fullscreen: false
Intro: false
Profiling: false
Single step:false
App Mode: DEVELOPER
Menu Key: ESCAPE
Stage Style: DECORATED
Scene Factory: class com.almasb.fxgl.app.scene.SceneFactory

15:57:42.121 [JavaFX Application Thread] DEBUG FXGLApplication      - Initializing FXGL
15:57:42.123 [JavaFX Application Thread] INFO  Engine               - FXGL-11.16 (25.05.2021 08.16) on MAC (J:11.0.12 FX:16)
15:57:42.124 [JavaFX Application Thread] DEBUG Engine               - JRE Vendor Name: Oracle Corporation
15:57:42.124 [JavaFX Application Thread] DEBUG Engine               - Running on OS: Mac OS X version 11.3
15:57:42.124 [JavaFX Application Thread] DEBUG Engine               - Architecture: x86_64
15:57:42.124 [JavaFX Application Thread] INFO  Engine               - Source code and latest versions at: https://github.com/AlmasB/FXGL
15:57:42.125 [JavaFX Application Thread] INFO  Engine               -              Join the FXGL chat at: https://gitter.im/AlmasB/FXGL
15:57:42.293 [JavaFX Application Thread] DEBUG PrimaryStageWindow   - Creating a JavaFX scene
15:57:42.387 [JavaFX Application Thread] DEBUG PrimaryStageWindow   - Target settings size: 800.0 x 800.0
15:57:42.387 [JavaFX Application Thread] DEBUG PrimaryStageWindow   - Scaled scene size:    800.0 x 800.0
15:57:42.387 [JavaFX Application Thread] DEBUG PrimaryStageWindow   - Scaled ratio: (1.0, 1.0)
15:57:42.388 [JavaFX Application Thread] DEBUG PrimaryStageWindow   - Set initial scene to FXGLStartupScene
15:57:42.393 [JavaFX Application Thread] DEBUG PrimaryStageWindow   - Opening main window
15:57:42.633 [JavaFX Application Thread] DEBUG PrimaryStageWindow   - Window border size: (0.0, 28.0)
15:57:42.634 [JavaFX Application Thread] DEBUG PrimaryStageWindow   - Scaled size: 800.0 x 800.0
15:57:42.634 [JavaFX Application Thread] DEBUG PrimaryStageWindow   - Scaled ratio: (1.0, 1.0)
15:57:42.634 [JavaFX Application Thread] DEBUG PrimaryStageWindow   - Scene size: 800.0 x 800.0
15:57:42.635 [JavaFX Application Thread] DEBUG PrimaryStageWindow   - Stage size: 800.0 x 828.0
15:57:42.649 [FXGL Background Thread 1 ] DEBUG Engine               - Initializing environment variables
15:57:42.793 [FXGL Background Thread 1 ] DEBUG FXGLAssetLoaderServi - User app class for loading assets: class App.Overworld
15:57:42.799 [FXGL Background Thread 1 ] DEBUG GameApplicationServi - Applying CSS: fxgl_dark.css
15:57:42.803 [FXGL Background Thread 1 ] DEBUG FXGLAssetLoaderServi - Loading from file system: jar:file:/Users/cody/.m2/repository/com/github/almasb/fxgl/11.16/fxgl-11.16.jar!/fxglassets/ui/css/fxgl_dark.css
15:57:42.894 [FXGL Background Thread 1 ] DEBUG GameApplicationServi - Initializing application scenes
15:57:43.319 [FXGL Background Thread 1 ] DEBUG GameWorld            - Game world initialized
15:57:43.363 [FXGL Background Thread 1 ] DEBUG PhysicsWorld         - Physics world initialized: appHeight=800, physics.ppm=50.0
15:57:43.364 [FXGL Background Thread 1 ] DEBUG PhysicsWorld         - Using strategy: BRUTE_FORCE
15:57:43.371 [FXGL Background Thread 1 ] DEBUG GameScene            - Game scene initialized: 800x800
15:57:43.382 [FXGL Background Thread 1 ] DEBUG FXGL.DefaultMenu     - createMenuBodyGameMenu()
15:57:43.398 [FXGL Background Thread 1 ] DEBUG FXGL.DefaultMenu     - createOptionsMenu()
15:57:43.409 [FXGL Background Thread 1 ] DEBUG FXGLAssetLoaderServi - Loading from file system: jar:file:/Users/cody/.m2/repository/com/github/almasb/fxgl/11.16/fxgl-11.16.jar!/fxglassets/textures/particles/smoke.png
15:57:43.572 [FXGL Background Thread 1 ] DEBUG FXGLAssetLoaderServi - Loading from file system: jar:file:/Users/cody/.m2/repository/com/github/almasb/fxgl/11.16/fxgl-11.16.jar!/fxglassets/textures/particles/trace_horizontal.png
15:57:43.597 [FXGL Background Thread 1 ] DEBUG GameApplicationServi - Application scenes initialized
15:57:43.606 [FXGL Background Thread 1 ] DEBUG SystemBundleService  - Loading FXGL system data
15:57:43.610 [FXGL Background Thread 1 ] DEBUG FileSystemAccess     - Reading from: /Users/cody/Desktop/PokemonM/system/fxgl.bundle
15:57:43.617 [FXGL Background Thread 1 ] DEBUG SystemBundleService  - Bundle FXGL: {}
15:57:43.617 [FXGL Background Thread 1 ] DEBUG UpdaterService       - Checking for updates
15:57:43.628 [FXGL Background Thread 4 ] DEBUG FXGLApplication      - Loading fonts
15:57:43.629 [FXGL Background Thread 1 ] DEBUG FXGLApplication      - Loading default localization
15:57:43.630 [FXGL Background Thread 4 ] DEBUG FXGLAssetLoaderServi - Loading from file system: jar:file:/Users/cody/.m2/repository/com/github/almasb/fxgl/11.16/fxgl-11.16.jar!/fxglassets/ui/fonts/VarelaRound-Regular.ttf
15:57:43.634 [FXGL Background Thread 1 ] DEBUG FXGLAssetLoaderServi - Loading from file system: jar:file:/Users/cody/.m2/repository/com/github/almasb/fxgl/11.16/fxgl-11.16.jar!/fxglassets/languages/english.lang
15:57:43.675 [FXGL Background Thread 4 ] DEBUG FXGLAssetLoaderServi - Loading from file system: jar:file:/Users/cody/.m2/repository/com/github/almasb/fxgl/11.16/fxgl-11.16.jar!/fxglassets/ui/fonts/Abel-Regular.ttf
15:57:43.686 [FXGL Background Thread 1 ] INFO  FXGLApplication      - FXGL initialization took: 1.036 sec
15:57:43.687 [FXGL Background Thread 4 ] DEBUG FXGLAssetLoaderServi - Loading from file system: jar:file:/Users/cody/.m2/repository/com/github/almasb/fxgl/11.16/fxgl-11.16.jar!/fxglassets/ui/fonts/lucida_console.ttf
15:57:43.690 [FXGL Background Thread 4 ] DEBUG FXGLAssetLoaderServi - Loading from file system: jar:file:/Users/cody/.m2/repository/com/github/almasb/fxgl/11.16/fxgl-11.16.jar!/fxglassets/ui/fonts/Courier-Prime.ttf
15:57:43.705 [JavaFX Application Thread] DEBUG Input                - Registered new binding: action0 - D
15:57:43.709 [JavaFX Application Thread] DEBUG Input                - Registered new binding: action1 - A
15:57:43.710 [JavaFX Application Thread] DEBUG Input                - Registered new binding: action2 - W
15:57:43.711 [JavaFX Application Thread] DEBUG Input                - Registered new binding: action3 - S
15:57:43.719 [JavaFX Application Thread] DEBUG FXGLAssetLoaderServi - Loading from file system: jar:file:/Users/cody/.m2/repository/com/github/almasb/fxgl/11.16/fxgl-11.16.jar!/fxglassets/textures/fxgl_icon.png
15:57:43.763 [JavaFX Application Thread] DEBUG FXGLAssetLoaderServi - Loading from file system: jar:file:/Users/cody/.m2/repository/com/github/almasb/fxgl/11.16/fxgl-11.16.jar!/fxglassets/textures/fxgl_default_cursor.png
15:57:43.767 [JavaFX Application Thread] DEBUG Input                - Registered new binding: Screenshot - CTRL+8
15:57:43.768 [JavaFX Application Thread] DEBUG Input                - Registered new binding: System info dump - CTRL+9
15:57:43.768 [JavaFX Application Thread] DEBUG Input                - Registered new binding: Restart - CTRL+R
15:57:43.769 [JavaFX Application Thread] DEBUG Input                - Registered new binding: Toggle Debug Camera - CTRL+C
15:57:43.771 [JavaFX Application Thread] DEBUG LoopRunner           - Starting loop
15:57:43.772 [JavaFX Application Thread] DEBUG LoopRunner           - Initializing JavaFX AnimationTimerLoop
15:57:43.772 [JavaFX Application Thread] DEBUG GameApplicationServi - Starting new game
15:57:43.774 [JavaFX Application Thread] DEBUG Input                - Clearing active input actions
15:57:43.853 [JavaFX Application Thread] DEBUG GameApplicationServi - Removing overlay from FXGLStartupScene and adding to FXGLLoadingScene
15:57:43.854 [JavaFX Application Thread] DEBUG PrimaryStageWindow   - FXGLStartupScene -> FXGLLoadingScene
15:57:43.854 [JavaFX Application Thread] DEBUG GameApplicationServi - Clearing previous game
15:57:43.854 [JavaFX Application Thread] DEBUG GameScene            - Clearing game scene
15:57:43.855 [JavaFX Application Thread] DEBUG GameWorld            - Clearing game world
15:57:43.855 [JavaFX Application Thread] DEBUG PhysicsWorld         - Clearing physics world
15:57:43.856 [FXGL Background Thread 4 ] DEBUG FXGLApplication      - Initializing game
15:57:43.934 [FXGL Background Thread 4 ] INFO  FXGLApplication      - Game initialization took: 0.074 sec
15:57:43.971 [JavaFX Application Thread] DEBUG FXGLApplication      - Registering font factories with UI factory
15:57:43.992 [JavaFX Application Thread] DEBUG Input                - Clearing active input actions
15:57:44.024 [JavaFX Application Thread] DEBUG GameApplicationServi - Removing overlay from FXGLLoadingScene and adding to GameScene
15:57:44.026 [JavaFX Application Thread] DEBUG PrimaryStageWindow   - FXGLLoadingScene -> GameScene
15:57:44.446 [FXGL Background Thread 2 ] INFO  UpdaterService       - Your current version:  11.16
15:57:44.450 [FXGL Background Thread 2 ] INFO  UpdaterService       - Latest stable version: 11.17
15:57:45.828 [JavaFX Application Thread] DEBUG PrimaryStageWindow   - Push state: battleScreen
15:57:45.831 [JavaFX Application Thread] DEBUG Input                - Clearing active input actions
15:57:45.847 [JavaFX Application Thread] DEBUG GameApplicationServi - Removing overlay from GameScene and adding to battleScreen
15:57:45.850 [JavaFX Application Thread] DEBUG PrimaryStageWindow   - GameScene -> battleScreen
15:57:46.631 [FXGL Background Thread 3 ] DEBUG Engine               - Logging environment variables
15:57:46.632 [FXGL Background Thread 3 ] DEBUG Engine               - achievements: []
15:57:46.632 [FXGL Background Thread 3 ] DEBUG Engine               - actualHeight: 800.0
15:57:46.632 [FXGL Background Thread 3 ] DEBUG Engine               - actualHeightProperty: ReadOnlyDoubleProperty [value: 800.0]
15:57:46.632 [FXGL Background Thread 3 ] DEBUG Engine               - actualWidth: 800.0
15:57:46.633 [FXGL Background Thread 3 ] DEBUG Engine               - actualWidthProperty: ReadOnlyDoubleProperty [value: 800.0]
15:57:46.633 [FXGL Background Thread 3 ] DEBUG Engine               - appIcon: fxgl_icon.png
15:57:46.633 [FXGL Background Thread 3 ] DEBUG Engine               - applicationMode: DEVELOPER
15:57:46.633 [FXGL Background Thread 3 ] DEBUG Engine               - cSSList: [fxgl_dark.css]
15:57:46.633 [FXGL Background Thread 3 ] DEBUG Engine               - collisionDetectionStrategy: BRUTE_FORCE
15:57:46.633 [FXGL Background Thread 3 ] DEBUG Engine               - configClass: Optional.empty
15:57:46.633 [FXGL Background Thread 3 ] DEBUG Engine               - credits: []
15:57:46.633 [FXGL Background Thread 3 ] DEBUG Engine               - defaultCursor: CursorInfo(imageName=fxgl_default_cursor.png, hotspotX=7.0, hotspotY=6.0)
15:57:46.634 [FXGL Background Thread 3 ] DEBUG Engine               - devBBoxColorProperty: ObjectProperty [value: 0xff0000ff]
15:57:46.634 [FXGL Background Thread 3 ] DEBUG Engine               - devEnableDebugCameraProperty: BooleanProperty [value: false]
15:57:46.634 [FXGL Background Thread 3 ] DEBUG Engine               - devSensorColorProperty: ObjectProperty [value: 0xffff00ff]
15:57:46.634 [FXGL Background Thread 3 ] DEBUG Engine               - devShowBBoxProperty: BooleanProperty [value: false]
15:57:46.634 [FXGL Background Thread 3 ] DEBUG Engine               - devShowPositionProperty: BooleanProperty [value: false]
15:57:46.634 [FXGL Background Thread 3 ] DEBUG Engine               - enabledMenuItems: []
15:57:46.634 [FXGL Background Thread 3 ] DEBUG Engine               - engineServices: [class com.almasb.fxgl.app.services.FXGLAssetLoaderService, class com.almasb.fxgl.app.FXGLApplication$GameApplicationService, class com.almasb.fxgl.app.services.FXGLDialogService, class com.almasb.fxgl.app.services.IOTaskExecutorService, class com.almasb.fxgl.io.FileSystemService, class com.almasb.fxgl.localization.LocalizationService, class com.almasb.fxgl.app.services.SystemBundleService, class com.almasb.fxgl.profile.SaveLoadService, class com.almasb.fxgl.ui.FXGLUIFactoryServiceProvider, class com.almasb.fxgl.ui.FXGLDialogFactoryServiceProvider, class com.almasb.fxgl.audio.AudioPlayer, class com.almasb.fxgl.notification.impl.NotificationServiceProvider, class com.almasb.fxgl.achievement.AchievementService, class com.almasb.fxgl.cutscene.CutsceneService, class com.almasb.fxgl.minigames.MiniGameService, class com.almasb.fxgl.net.NetService, class com.almasb.fxgl.app.services.UpdaterService, class com.almasb.fxgl.dev.DevService]
15:57:46.634 [FXGL Background Thread 3 ] DEBUG Engine               - fontGame: Abel-Regular.ttf
15:57:46.634 [FXGL Background Thread 3 ] DEBUG Engine               - fontMono: lucida_console.ttf
15:57:46.634 [FXGL Background Thread 3 ] DEBUG Engine               - fontText: Courier-Prime.ttf
15:57:46.634 [FXGL Background Thread 3 ] DEBUG Engine               - fontUI: VarelaRound-Regular.ttf
15:57:46.634 [FXGL Background Thread 3 ] DEBUG Engine               - fullScreen: BooleanProperty [value: false]
15:57:46.634 [FXGL Background Thread 3 ] DEBUG Engine               - gameDifficulty: MEDIUM
15:57:46.635 [FXGL Background Thread 3 ] DEBUG Engine               - gameDifficultyProperty: ObjectProperty [value: MEDIUM]
15:57:46.636 [FXGL Background Thread 3 ] DEBUG Engine               - globalMusicVolume: 0.5
15:57:46.636 [FXGL Background Thread 3 ] DEBUG Engine               - globalMusicVolumeProperty: DoubleProperty [value: 0.5]
15:57:46.636 [FXGL Background Thread 3 ] DEBUG Engine               - globalSoundVolume: 0.5
15:57:46.636 [FXGL Background Thread 3 ] DEBUG Engine               - globalSoundVolumeProperty: DoubleProperty [value: 0.5]
15:57:46.636 [FXGL Background Thread 3 ] DEBUG Engine               - height: 800
15:57:46.636 [FXGL Background Thread 3 ] DEBUG Engine               - is3D: false
15:57:46.636 [FXGL Background Thread 3 ] DEBUG Engine               - isAndroid: false
15:57:46.637 [FXGL Background Thread 3 ] DEBUG Engine               - isBrowser: false
15:57:46.637 [FXGL Background Thread 3 ] DEBUG Engine               - isClickFeedbackEnabled: false
15:57:46.637 [FXGL Background Thread 3 ] DEBUG Engine               - isCloseConfirmation: false
15:57:46.637 [FXGL Background Thread 3 ] DEBUG Engine               - isDesktop: true
15:57:46.637 [FXGL Background Thread 3 ] DEBUG Engine               - isDeveloperMenuEnabled: false
15:57:46.637 [FXGL Background Thread 3 ] DEBUG Engine               - isEntityPreloadEnabled: true
15:57:46.637 [FXGL Background Thread 3 ] DEBUG Engine               - isExperimentalTiledLargeMap: false
15:57:46.637 [FXGL Background Thread 3 ] DEBUG Engine               - isFileSystemWriteAllowed: true
15:57:46.637 [FXGL Background Thread 3 ] DEBUG Engine               - isFullScreenAllowed: false
15:57:46.637 [FXGL Background Thread 3 ] DEBUG Engine               - isFullScreenFromStart: false
15:57:46.637 [FXGL Background Thread 3 ] DEBUG Engine               - isGameMenuEnabled: true
15:57:46.637 [FXGL Background Thread 3 ] DEBUG Engine               - isIOS: false
15:57:46.637 [FXGL Background Thread 3 ] DEBUG Engine               - isIntroEnabled: false
15:57:46.637 [FXGL Background Thread 3 ] DEBUG Engine               - isLinux: false
15:57:46.637 [FXGL Background Thread 3 ] DEBUG Engine               - isMac: true
15:57:46.637 [FXGL Background Thread 3 ] DEBUG Engine               - isMainMenuEnabled: false
15:57:46.637 [FXGL Background Thread 3 ] DEBUG Engine               - isManualResizeEnabled: false
15:57:46.637 [FXGL Background Thread 3 ] DEBUG Engine               - isMobile: false
15:57:46.637 [FXGL Background Thread 3 ] DEBUG Engine               - isNative: false
15:57:46.638 [FXGL Background Thread 3 ] DEBUG Engine               - isPreserveResizeRatio: false
15:57:46.639 [FXGL Background Thread 3 ] DEBUG Engine               - isProfilingEnabled: false
15:57:46.639 [FXGL Background Thread 3 ] DEBUG Engine               - isScaleAffectedOnResize: true
15:57:46.639 [FXGL Background Thread 3 ] DEBUG Engine               - isSingleStep: false
15:57:46.639 [FXGL Background Thread 3 ] DEBUG Engine               - isUserProfileEnabled: false
15:57:46.639 [FXGL Background Thread 3 ] DEBUG Engine               - isWindows: false
15:57:46.639 [FXGL Background Thread 3 ] DEBUG Engine               - language: ObjectProperty [value: ENGLISH]
15:57:46.639 [FXGL Background Thread 3 ] DEBUG Engine               - menuKey: ESCAPE
15:57:46.639 [FXGL Background Thread 3 ] DEBUG Engine               - mouseSensitivity: 0.2
15:57:46.639 [FXGL Background Thread 3 ] DEBUG Engine               - notificationViewClass: class com.almasb.fxgl.notification.view.XboxNotificationView
15:57:46.639 [FXGL Background Thread 3 ] DEBUG Engine               - pixelsPerMeter: 50.0
15:57:46.639 [FXGL Background Thread 3 ] DEBUG Engine               - platform: MAC
15:57:46.639 [FXGL Background Thread 3 ] DEBUG Engine               - prefHeightProperty: ReadOnlyDoubleProperty [value: 800.0]
15:57:46.639 [FXGL Background Thread 3 ] DEBUG Engine               - prefWidthProperty: ReadOnlyDoubleProperty [value: 800.0]
15:57:46.639 [FXGL Background Thread 3 ] DEBUG Engine               - profileDir: profiles/
15:57:46.639 [FXGL Background Thread 3 ] DEBUG Engine               - profileName: StringProperty [value: DEFAULT]
15:57:46.639 [FXGL Background Thread 3 ] DEBUG Engine               - randomSeed: -1
15:57:46.639 [FXGL Background Thread 3 ] DEBUG Engine               - runtimeInfo: RuntimeInfo(platform=MAC, version=11.16, build=25.05.2021 08.16)
15:57:46.639 [FXGL Background Thread 3 ] DEBUG Engine               - saveFileExt: sav
15:57:46.639 [FXGL Background Thread 3 ] DEBUG Engine               - scaledHeightProp$fxgl: DoubleProperty [bound, value: 800.0]
15:57:46.639 [FXGL Background Thread 3 ] DEBUG Engine               - scaledWidthProp$fxgl: DoubleProperty [bound, value: 800.0]
15:57:46.640 [FXGL Background Thread 3 ] DEBUG Engine               - sceneFactory: com.almasb.fxgl.app.scene.SceneFactory@1b01dd5
15:57:46.640 [FXGL Background Thread 3 ] DEBUG Engine               - secondsIn24h: 60
15:57:46.640 [FXGL Background Thread 3 ] DEBUG Engine               - soundMenuBack: menu/back.wav
15:57:46.640 [FXGL Background Thread 3 ] DEBUG Engine               - soundMenuPress: menu/press.wav
15:57:46.640 [FXGL Background Thread 3 ] DEBUG Engine               - soundMenuSelect: menu/select.wav
15:57:46.640 [FXGL Background Thread 3 ] DEBUG Engine               - soundNotification: core/notification.wav
15:57:46.640 [FXGL Background Thread 3 ] DEBUG Engine               - stageStyle: DECORATED
15:57:46.640 [FXGL Background Thread 3 ] DEBUG Engine               - supportedLanguages: [ENGLISH, FRENCH, GERMAN, HUNGARIAN, RUSSIAN]
15:57:46.640 [FXGL Background Thread 3 ] DEBUG Engine               - ticksPerSecond: -1
15:57:46.640 [FXGL Background Thread 3 ] DEBUG Engine               - title: Pokemon
15:57:46.640 [FXGL Background Thread 3 ] DEBUG Engine               - urlGithub: https://github.com/AlmasB/FXGL
15:57:46.640 [FXGL Background Thread 3 ] DEBUG Engine               - urlLeaderboard: http://fxgl-top.herokuapp.com/
15:57:46.640 [FXGL Background Thread 3 ] DEBUG Engine               - urlPOM: https://raw.githubusercontent.com/AlmasB/FXGL/release/README.md
15:57:46.640 [FXGL Background Thread 3 ] DEBUG Engine               - userAppClass: class App.Overworld
15:57:46.640 [FXGL Background Thread 3 ] DEBUG Engine               - version: Beta 0.1
15:57:46.640 [FXGL Background Thread 3 ] DEBUG Engine               - versionCheckDays: 7
15:57:46.640 [FXGL Background Thread 3 ] DEBUG Engine               - width: 800
15:57:46.640 [FXGL Background Thread 3 ] DEBUG Engine               - Logging services
15:57:46.640 [FXGL Background Thread 3 ] DEBUG Engine               - class com.almasb.fxgl.app.services.FXGLAssetLoaderService
15:57:46.640 [FXGL Background Thread 3 ] DEBUG Engine               - class com.almasb.fxgl.app.FXGLApplication$GameApplicationService
15:57:46.640 [FXGL Background Thread 3 ] DEBUG Engine               - class com.almasb.fxgl.app.services.FXGLDialogService
15:57:46.640 [FXGL Background Thread 3 ] DEBUG Engine               - class com.almasb.fxgl.app.services.IOTaskExecutorService
15:57:46.640 [FXGL Background Thread 3 ] DEBUG Engine               - class com.almasb.fxgl.io.FileSystemService
15:57:46.640 [FXGL Background Thread 3 ] DEBUG Engine               - class com.almasb.fxgl.localization.LocalizationService
15:57:46.640 [FXGL Background Thread 3 ] DEBUG Engine               - class com.almasb.fxgl.app.services.SystemBundleService
15:57:46.640 [FXGL Background Thread 3 ] DEBUG Engine               - class com.almasb.fxgl.profile.SaveLoadService
15:57:46.640 [FXGL Background Thread 3 ] DEBUG Engine               - class com.almasb.fxgl.ui.FXGLUIFactoryServiceProvider
15:57:46.640 [FXGL Background Thread 3 ] DEBUG Engine               - class com.almasb.fxgl.ui.FXGLDialogFactoryServiceProvider
15:57:46.641 [FXGL Background Thread 3 ] DEBUG Engine               - class com.almasb.fxgl.audio.AudioPlayer
15:57:46.641 [FXGL Background Thread 3 ] DEBUG Engine               - class com.almasb.fxgl.notification.impl.NotificationServiceProvider
15:57:46.641 [FXGL Background Thread 3 ] DEBUG Engine               - class com.almasb.fxgl.achievement.AchievementService
15:57:46.641 [FXGL Background Thread 3 ] DEBUG Engine               - class com.almasb.fxgl.cutscene.CutsceneService
15:57:46.641 [FXGL Background Thread 3 ] DEBUG Engine               - class com.almasb.fxgl.minigames.MiniGameService
15:57:46.641 [FXGL Background Thread 3 ] DEBUG Engine               - class com.almasb.fxgl.net.NetService
15:57:46.641 [FXGL Background Thread 3 ] DEBUG Engine               - class com.almasb.fxgl.app.services.UpdaterService
15:57:46.641 [FXGL Background Thread 3 ] DEBUG Engine               - class com.almasb.fxgl.dev.DevService
15:57:53.808 [JavaFX Application Thread] DEBUG FXGLApplication      - Exiting FXGL
15:57:53.821 [JavaFX Application Thread] DEBUG LoopRunner           - Stopping loop
15:57:53.821 [JavaFX Application Thread] DEBUG SystemBundleService  - Saving FXGL system data
15:57:53.827 [JavaFX Application Thread] DEBUG FileSystemAccess     - Writing to: /Users/cody/Desktop/PokemonM/system/fxgl.bundle
15:57:53.831 [JavaFX Application Thread] DEBUG Async                - Shutting down background threads
15:57:53.833 [JavaFX Application Thread] DEBUG PrimaryStageWindow   - Closing main window
15:57:53.892 [JavaFX Application Thread] DEBUG Logger               - Closing Logger
