18:06:19.077 [main                     ] DEBUG Logger               - Configured Logger
18:06:19.110 [main                     ] DEBUG GameApplication      - Logging settings
Title: Pokemon
Version: Beta 0.1
Width: 800
Height: 800
Fullscreen: false
Intro: false
Profiling: false
Single step:false
App Mode: DEVELOPER
Menu Key: ESCAPE
Stage Style: DECORATED
Scene Factory: class com.almasb.fxgl.app.scene.SceneFactory

18:06:19.788 [JavaFX Application Thread] DEBUG FXGLApplication      - Initializing FXGL
18:06:19.792 [JavaFX Application Thread] INFO  Engine               - FXGL-11.16 (25.05.2021 08.16) on MAC (J:11.0.12 FX:16)
18:06:19.792 [JavaFX Application Thread] DEBUG Engine               - JRE Vendor Name: Oracle Corporation
18:06:19.792 [JavaFX Application Thread] DEBUG Engine               - Running on OS: Mac OS X version 11.3
18:06:19.792 [JavaFX Application Thread] DEBUG Engine               - Architecture: x86_64
18:06:19.792 [JavaFX Application Thread] INFO  Engine               - Source code and latest versions at: https://github.com/AlmasB/FXGL
18:06:19.793 [JavaFX Application Thread] INFO  Engine               -              Join the FXGL chat at: https://gitter.im/AlmasB/FXGL
18:06:19.950 [JavaFX Application Thread] DEBUG PrimaryStageWindow   - Creating a JavaFX scene
18:06:20.073 [JavaFX Application Thread] DEBUG PrimaryStageWindow   - Target settings size: 800.0 x 800.0
18:06:20.074 [JavaFX Application Thread] DEBUG PrimaryStageWindow   - Scaled scene size:    800.0 x 800.0
18:06:20.075 [JavaFX Application Thread] DEBUG PrimaryStageWindow   - Scaled ratio: (1.0, 1.0)
18:06:20.076 [JavaFX Application Thread] DEBUG PrimaryStageWindow   - Set initial scene to FXGLStartupScene
18:06:20.085 [JavaFX Application Thread] DEBUG PrimaryStageWindow   - Opening main window
18:06:20.376 [JavaFX Application Thread] DEBUG PrimaryStageWindow   - Window border size: (0.0, 28.0)
18:06:20.376 [JavaFX Application Thread] DEBUG PrimaryStageWindow   - Scaled size: 800.0 x 800.0
18:06:20.376 [JavaFX Application Thread] DEBUG PrimaryStageWindow   - Scaled ratio: (1.0, 1.0)
18:06:20.377 [JavaFX Application Thread] DEBUG PrimaryStageWindow   - Scene size: 800.0 x 800.0
18:06:20.377 [JavaFX Application Thread] DEBUG PrimaryStageWindow   - Stage size: 800.0 x 828.0
18:06:20.452 [FXGL Background Thread 1 ] DEBUG Engine               - Initializing environment variables
18:06:20.658 [FXGL Background Thread 1 ] DEBUG FXGLAssetLoaderServi - User app class for loading assets: class App.Overworld
18:06:20.663 [FXGL Background Thread 1 ] DEBUG GameApplicationServi - Applying CSS: fxgl_dark.css
18:06:20.672 [FXGL Background Thread 1 ] DEBUG FXGLAssetLoaderServi - Loading from file system: jar:file:/Users/cody/.m2/repository/com/github/almasb/fxgl/11.16/fxgl-11.16.jar!/fxglassets/ui/css/fxgl_dark.css
18:06:20.784 [FXGL Background Thread 1 ] DEBUG GameApplicationServi - Initializing application scenes
18:06:21.123 [FXGL Background Thread 1 ] DEBUG GameWorld            - Game world initialized
18:06:21.172 [FXGL Background Thread 1 ] DEBUG PhysicsWorld         - Physics world initialized: appHeight=800, physics.ppm=50.0
18:06:21.175 [FXGL Background Thread 1 ] DEBUG PhysicsWorld         - Using strategy: BRUTE_FORCE
18:06:21.184 [FXGL Background Thread 1 ] DEBUG GameScene            - Game scene initialized: 800x800
18:06:21.192 [FXGL Background Thread 1 ] DEBUG FXGL.DefaultMenu     - createMenuBodyGameMenu()
18:06:21.208 [FXGL Background Thread 1 ] DEBUG FXGL.DefaultMenu     - createOptionsMenu()
18:06:21.219 [FXGL Background Thread 1 ] DEBUG FXGLAssetLoaderServi - Loading from file system: jar:file:/Users/cody/.m2/repository/com/github/almasb/fxgl/11.16/fxgl-11.16.jar!/fxglassets/textures/particles/smoke.png
18:06:21.365 [FXGL Background Thread 1 ] DEBUG FXGLAssetLoaderServi - Loading from file system: jar:file:/Users/cody/.m2/repository/com/github/almasb/fxgl/11.16/fxgl-11.16.jar!/fxglassets/textures/particles/trace_horizontal.png
18:06:21.394 [FXGL Background Thread 1 ] DEBUG GameApplicationServi - Application scenes initialized
18:06:21.406 [FXGL Background Thread 1 ] DEBUG SystemBundleService  - Loading FXGL system data
18:06:21.412 [FXGL Background Thread 1 ] DEBUG FileSystemAccess     - Reading from: /Users/cody/Desktop/PokemonM/system/fxgl.bundle
18:06:21.420 [FXGL Background Thread 1 ] DEBUG SystemBundleService  - Bundle FXGL: {}
18:06:21.420 [FXGL Background Thread 1 ] DEBUG UpdaterService       - Checking for updates
18:06:21.427 [FXGL Background Thread 4 ] DEBUG FXGLApplication      - Loading fonts
18:06:21.427 [FXGL Background Thread 1 ] DEBUG FXGLApplication      - Loading default localization
18:06:21.429 [FXGL Background Thread 4 ] DEBUG FXGLAssetLoaderServi - Loading from file system: jar:file:/Users/cody/.m2/repository/com/github/almasb/fxgl/11.16/fxgl-11.16.jar!/fxglassets/ui/fonts/VarelaRound-Regular.ttf
18:06:21.429 [FXGL Background Thread 1 ] DEBUG FXGLAssetLoaderServi - Loading from file system: jar:file:/Users/cody/.m2/repository/com/github/almasb/fxgl/11.16/fxgl-11.16.jar!/fxglassets/languages/english.lang
18:06:21.479 [FXGL Background Thread 1 ] INFO  FXGLApplication      - FXGL initialization took: 1.021 sec
18:06:21.478 [FXGL Background Thread 4 ] DEBUG FXGLAssetLoaderServi - Loading from file system: jar:file:/Users/cody/.m2/repository/com/github/almasb/fxgl/11.16/fxgl-11.16.jar!/fxglassets/ui/fonts/Abel-Regular.ttf
18:06:21.486 [FXGL Background Thread 4 ] DEBUG FXGLAssetLoaderServi - Loading from file system: jar:file:/Users/cody/.m2/repository/com/github/almasb/fxgl/11.16/fxgl-11.16.jar!/fxglassets/ui/fonts/lucida_console.ttf
18:06:21.492 [JavaFX Application Thread] DEBUG Input                - Registered new binding: Right - D
18:06:21.493 [JavaFX Application Thread] DEBUG Input                - Registered new binding: Left - A
18:06:21.493 [FXGL Background Thread 4 ] DEBUG FXGLAssetLoaderServi - Loading from file system: jar:file:/Users/cody/.m2/repository/com/github/almasb/fxgl/11.16/fxgl-11.16.jar!/fxglassets/ui/fonts/Courier-Prime.ttf
18:06:21.494 [JavaFX Application Thread] DEBUG Input                - Registered new binding: action0 - W
18:06:21.495 [JavaFX Application Thread] DEBUG Input                - Registered new binding: action1 - S
18:06:21.505 [JavaFX Application Thread] DEBUG FXGLAssetLoaderServi - Loading from file system: jar:file:/Users/cody/.m2/repository/com/github/almasb/fxgl/11.16/fxgl-11.16.jar!/fxglassets/textures/fxgl_icon.png
18:06:21.547 [JavaFX Application Thread] DEBUG FXGLAssetLoaderServi - Loading from file system: jar:file:/Users/cody/.m2/repository/com/github/almasb/fxgl/11.16/fxgl-11.16.jar!/fxglassets/textures/fxgl_default_cursor.png
18:06:21.554 [JavaFX Application Thread] DEBUG Input                - Registered new binding: Screenshot - CTRL+8
18:06:21.554 [JavaFX Application Thread] DEBUG Input                - Registered new binding: System info dump - CTRL+9
18:06:21.555 [JavaFX Application Thread] DEBUG Input                - Registered new binding: Restart - CTRL+R
18:06:21.555 [JavaFX Application Thread] DEBUG Input                - Registered new binding: Toggle Debug Camera - CTRL+C
18:06:21.558 [JavaFX Application Thread] DEBUG LoopRunner           - Starting loop
18:06:21.558 [JavaFX Application Thread] DEBUG LoopRunner           - Initializing JavaFX AnimationTimerLoop
18:06:21.559 [JavaFX Application Thread] DEBUG GameApplicationServi - Starting new game
18:06:21.559 [JavaFX Application Thread] DEBUG Input                - Clearing active input actions
18:06:21.614 [JavaFX Application Thread] DEBUG GameApplicationServi - Removing overlay from FXGLStartupScene and adding to FXGLLoadingScene
18:06:21.615 [JavaFX Application Thread] DEBUG PrimaryStageWindow   - FXGLStartupScene -> FXGLLoadingScene
18:06:21.616 [JavaFX Application Thread] DEBUG GameApplicationServi - Clearing previous game
18:06:21.616 [JavaFX Application Thread] DEBUG GameScene            - Clearing game scene
18:06:21.616 [JavaFX Application Thread] DEBUG GameWorld            - Clearing game world
18:06:21.616 [JavaFX Application Thread] DEBUG PhysicsWorld         - Clearing physics world
18:06:21.618 [FXGL Background Thread 4 ] DEBUG FXGLApplication      - Initializing game
18:06:21.653 [FXGL Background Thread 4 ] DEBUG FXGLAssetLoaderServi - Loading from file system: file:/Users/cody/Desktop/PokemonM/target/classes/assets/textures/dawn.png
18:06:21.670 [FXGL Background Thread 4 ] WARN  FXGLAssetLoaderServi - Asset "/assets/textures/characters.dawn.png" was not found!
18:06:21.671 [FXGL Background Thread 4 ] WARN  FXGLAssetLoaderServi - Failed to load IMAGE
18:06:21.742 [JavaFX Application Thread] DEBUG FXGLApplication      - Registering font factories with UI factory
18:06:21.923 [FXGL Background Thread 4 ] WARN  FXGLAssetLoaderServi - Asset "/assets/textures/characters.dawn.png" was not found!
18:06:21.926 [FXGL Background Thread 4 ] WARN  FXGLAssetLoaderServi - Failed to load IMAGE
18:06:21.928 [FXGL Background Thread 4 ] WARN  FXGLAssetLoaderServi - Asset "/assets/textures/characters.dawn.png" was not found!
18:06:21.928 [FXGL Background Thread 4 ] WARN  FXGLAssetLoaderServi - Failed to load IMAGE
18:06:21.989 [FXGL Background Thread 4 ] INFO  FXGLApplication      - Game initialization took: 0.369 sec
18:06:21.997 [JavaFX Application Thread] DEBUG Input                - Clearing active input actions
18:06:22.055 [JavaFX Application Thread] DEBUG GameApplicationServi - Removing overlay from FXGLLoadingScene and adding to GameScene
18:06:22.057 [JavaFX Application Thread] DEBUG PrimaryStageWindow   - FXGLLoadingScene -> GameScene
18:06:22.316 [FXGL Background Thread 2 ] INFO  UpdaterService       - Your current version:  11.16
18:06:22.323 [FXGL Background Thread 2 ] INFO  UpdaterService       - Latest stable version: 11.17
18:06:24.429 [FXGL Background Thread 3 ] DEBUG Engine               - Logging environment variables
18:06:24.431 [FXGL Background Thread 3 ] DEBUG Engine               - achievements: []
18:06:24.431 [FXGL Background Thread 3 ] DEBUG Engine               - actualHeight: 800.0
18:06:24.431 [FXGL Background Thread 3 ] DEBUG Engine               - actualHeightProperty: ReadOnlyDoubleProperty [value: 800.0]
18:06:24.431 [FXGL Background Thread 3 ] DEBUG Engine               - actualWidth: 800.0
18:06:24.431 [FXGL Background Thread 3 ] DEBUG Engine               - actualWidthProperty: ReadOnlyDoubleProperty [value: 800.0]
18:06:24.431 [FXGL Background Thread 3 ] DEBUG Engine               - appIcon: fxgl_icon.png
18:06:24.432 [FXGL Background Thread 3 ] DEBUG Engine               - applicationMode: DEVELOPER
18:06:24.432 [FXGL Background Thread 3 ] DEBUG Engine               - cSSList: [fxgl_dark.css]
18:06:24.432 [FXGL Background Thread 3 ] DEBUG Engine               - collisionDetectionStrategy: BRUTE_FORCE
18:06:24.432 [FXGL Background Thread 3 ] DEBUG Engine               - configClass: Optional.empty
18:06:24.432 [FXGL Background Thread 3 ] DEBUG Engine               - credits: []
18:06:24.432 [FXGL Background Thread 3 ] DEBUG Engine               - defaultCursor: CursorInfo(imageName=fxgl_default_cursor.png, hotspotX=7.0, hotspotY=6.0)
18:06:24.435 [FXGL Background Thread 3 ] DEBUG Engine               - devBBoxColorProperty: ObjectProperty [value: 0xff0000ff]
18:06:24.435 [FXGL Background Thread 3 ] DEBUG Engine               - devEnableDebugCameraProperty: BooleanProperty [value: false]
18:06:24.435 [FXGL Background Thread 3 ] DEBUG Engine               - devSensorColorProperty: ObjectProperty [value: 0xffff00ff]
18:06:24.435 [FXGL Background Thread 3 ] DEBUG Engine               - devShowBBoxProperty: BooleanProperty [value: false]
18:06:24.436 [FXGL Background Thread 3 ] DEBUG Engine               - devShowPositionProperty: BooleanProperty [value: false]
18:06:24.436 [FXGL Background Thread 3 ] DEBUG Engine               - enabledMenuItems: []
18:06:24.436 [FXGL Background Thread 3 ] DEBUG Engine               - engineServices: [class com.almasb.fxgl.app.services.FXGLAssetLoaderService, class com.almasb.fxgl.app.FXGLApplication$GameApplicationService, class com.almasb.fxgl.app.services.FXGLDialogService, class com.almasb.fxgl.app.services.IOTaskExecutorService, class com.almasb.fxgl.io.FileSystemService, class com.almasb.fxgl.localization.LocalizationService, class com.almasb.fxgl.app.services.SystemBundleService, class com.almasb.fxgl.profile.SaveLoadService, class com.almasb.fxgl.ui.FXGLUIFactoryServiceProvider, class com.almasb.fxgl.ui.FXGLDialogFactoryServiceProvider, class com.almasb.fxgl.audio.AudioPlayer, class com.almasb.fxgl.notification.impl.NotificationServiceProvider, class com.almasb.fxgl.achievement.AchievementService, class com.almasb.fxgl.cutscene.CutsceneService, class com.almasb.fxgl.minigames.MiniGameService, class com.almasb.fxgl.net.NetService, class com.almasb.fxgl.app.services.UpdaterService, class com.almasb.fxgl.dev.DevService]
18:06:24.436 [FXGL Background Thread 3 ] DEBUG Engine               - fontGame: Abel-Regular.ttf
18:06:24.440 [FXGL Background Thread 3 ] DEBUG Engine               - fontMono: lucida_console.ttf
18:06:24.445 [FXGL Background Thread 3 ] DEBUG Engine               - fontText: Courier-Prime.ttf
18:06:24.445 [FXGL Background Thread 3 ] DEBUG Engine               - fontUI: VarelaRound-Regular.ttf
18:06:24.445 [FXGL Background Thread 3 ] DEBUG Engine               - fullScreen: BooleanProperty [value: false]
18:06:24.445 [FXGL Background Thread 3 ] DEBUG Engine               - gameDifficulty: MEDIUM
18:06:24.445 [FXGL Background Thread 3 ] DEBUG Engine               - gameDifficultyProperty: ObjectProperty [value: MEDIUM]
18:06:24.445 [FXGL Background Thread 3 ] DEBUG Engine               - globalMusicVolume: 0.5
18:06:24.445 [FXGL Background Thread 3 ] DEBUG Engine               - globalMusicVolumeProperty: DoubleProperty [value: 0.5]
18:06:24.445 [FXGL Background Thread 3 ] DEBUG Engine               - globalSoundVolume: 0.5
18:06:24.445 [FXGL Background Thread 3 ] DEBUG Engine               - globalSoundVolumeProperty: DoubleProperty [value: 0.5]
18:06:24.446 [FXGL Background Thread 3 ] DEBUG Engine               - height: 800
18:06:24.446 [FXGL Background Thread 3 ] DEBUG Engine               - is3D: false
18:06:24.446 [FXGL Background Thread 3 ] DEBUG Engine               - isAndroid: false
18:06:24.446 [FXGL Background Thread 3 ] DEBUG Engine               - isBrowser: false
18:06:24.446 [FXGL Background Thread 3 ] DEBUG Engine               - isClickFeedbackEnabled: false
18:06:24.447 [FXGL Background Thread 3 ] DEBUG Engine               - isCloseConfirmation: false
18:06:24.447 [FXGL Background Thread 3 ] DEBUG Engine               - isDesktop: true
18:06:24.447 [FXGL Background Thread 3 ] DEBUG Engine               - isDeveloperMenuEnabled: false
18:06:24.447 [FXGL Background Thread 3 ] DEBUG Engine               - isEntityPreloadEnabled: true
18:06:24.447 [FXGL Background Thread 3 ] DEBUG Engine               - isExperimentalTiledLargeMap: false
18:06:24.447 [FXGL Background Thread 3 ] DEBUG Engine               - isFileSystemWriteAllowed: true
18:06:24.447 [FXGL Background Thread 3 ] DEBUG Engine               - isFullScreenAllowed: false
18:06:24.447 [FXGL Background Thread 3 ] DEBUG Engine               - isFullScreenFromStart: false
18:06:24.447 [FXGL Background Thread 3 ] DEBUG Engine               - isGameMenuEnabled: true
18:06:24.447 [FXGL Background Thread 3 ] DEBUG Engine               - isIOS: false
18:06:24.447 [FXGL Background Thread 3 ] DEBUG Engine               - isIntroEnabled: false
18:06:24.447 [FXGL Background Thread 3 ] DEBUG Engine               - isLinux: false
18:06:24.448 [FXGL Background Thread 3 ] DEBUG Engine               - isMac: true
18:06:24.448 [FXGL Background Thread 3 ] DEBUG Engine               - isMainMenuEnabled: false
18:06:24.448 [FXGL Background Thread 3 ] DEBUG Engine               - isManualResizeEnabled: false
18:06:24.448 [FXGL Background Thread 3 ] DEBUG Engine               - isMobile: false
18:06:24.448 [FXGL Background Thread 3 ] DEBUG Engine               - isNative: false
18:06:24.448 [FXGL Background Thread 3 ] DEBUG Engine               - isPreserveResizeRatio: false
18:06:24.448 [FXGL Background Thread 3 ] DEBUG Engine               - isProfilingEnabled: false
18:06:24.448 [FXGL Background Thread 3 ] DEBUG Engine               - isScaleAffectedOnResize: true
18:06:24.448 [FXGL Background Thread 3 ] DEBUG Engine               - isSingleStep: false
18:06:24.448 [FXGL Background Thread 3 ] DEBUG Engine               - isUserProfileEnabled: false
18:06:24.448 [FXGL Background Thread 3 ] DEBUG Engine               - isWindows: false
18:06:24.448 [FXGL Background Thread 3 ] DEBUG Engine               - language: ObjectProperty [value: ENGLISH]
18:06:24.448 [FXGL Background Thread 3 ] DEBUG Engine               - menuKey: ESCAPE
18:06:24.448 [FXGL Background Thread 3 ] DEBUG Engine               - mouseSensitivity: 0.2
18:06:24.448 [FXGL Background Thread 3 ] DEBUG Engine               - notificationViewClass: class com.almasb.fxgl.notification.view.XboxNotificationView
18:06:24.448 [FXGL Background Thread 3 ] DEBUG Engine               - pixelsPerMeter: 50.0
18:06:24.448 [FXGL Background Thread 3 ] DEBUG Engine               - platform: MAC
18:06:24.451 [FXGL Background Thread 3 ] DEBUG Engine               - prefHeightProperty: ReadOnlyDoubleProperty [value: 800.0]
18:06:24.451 [FXGL Background Thread 3 ] DEBUG Engine               - prefWidthProperty: ReadOnlyDoubleProperty [value: 800.0]
18:06:24.452 [FXGL Background Thread 3 ] DEBUG Engine               - profileDir: profiles/
18:06:24.452 [FXGL Background Thread 3 ] DEBUG Engine               - profileName: StringProperty [value: DEFAULT]
18:06:24.452 [FXGL Background Thread 3 ] DEBUG Engine               - randomSeed: -1
18:06:24.452 [FXGL Background Thread 3 ] DEBUG Engine               - runtimeInfo: RuntimeInfo(platform=MAC, version=11.16, build=25.05.2021 08.16)
18:06:24.452 [FXGL Background Thread 3 ] DEBUG Engine               - saveFileExt: sav
18:06:24.452 [FXGL Background Thread 3 ] DEBUG Engine               - scaledHeightProp$fxgl: DoubleProperty [bound, value: 800.0]
18:06:24.452 [FXGL Background Thread 3 ] DEBUG Engine               - scaledWidthProp$fxgl: DoubleProperty [bound, value: 800.0]
18:06:24.452 [FXGL Background Thread 3 ] DEBUG Engine               - sceneFactory: com.almasb.fxgl.app.scene.SceneFactory@370116a
18:06:24.452 [FXGL Background Thread 3 ] DEBUG Engine               - secondsIn24h: 60
18:06:24.452 [FXGL Background Thread 3 ] DEBUG Engine               - soundMenuBack: menu/back.wav
18:06:24.452 [FXGL Background Thread 3 ] DEBUG Engine               - soundMenuPress: menu/press.wav
18:06:24.452 [FXGL Background Thread 3 ] DEBUG Engine               - soundMenuSelect: menu/select.wav
18:06:24.452 [FXGL Background Thread 3 ] DEBUG Engine               - soundNotification: core/notification.wav
18:06:24.453 [FXGL Background Thread 3 ] DEBUG Engine               - stageStyle: DECORATED
18:06:24.455 [FXGL Background Thread 3 ] DEBUG Engine               - supportedLanguages: [ENGLISH, FRENCH, GERMAN, HUNGARIAN, RUSSIAN]
18:06:24.455 [FXGL Background Thread 3 ] DEBUG Engine               - ticksPerSecond: -1
18:06:24.455 [FXGL Background Thread 3 ] DEBUG Engine               - title: Pokemon
18:06:24.455 [FXGL Background Thread 3 ] DEBUG Engine               - urlGithub: https://github.com/AlmasB/FXGL
18:06:24.455 [FXGL Background Thread 3 ] DEBUG Engine               - urlLeaderboard: http://fxgl-top.herokuapp.com/
18:06:24.455 [FXGL Background Thread 3 ] DEBUG Engine               - urlPOM: https://raw.githubusercontent.com/AlmasB/FXGL/release/README.md
18:06:24.455 [FXGL Background Thread 3 ] DEBUG Engine               - userAppClass: class App.Overworld
18:06:24.455 [FXGL Background Thread 3 ] DEBUG Engine               - version: Beta 0.1
18:06:24.455 [FXGL Background Thread 3 ] DEBUG Engine               - versionCheckDays: 7
18:06:24.455 [FXGL Background Thread 3 ] DEBUG Engine               - width: 800
18:06:24.456 [FXGL Background Thread 3 ] DEBUG Engine               - Logging services
18:06:24.456 [FXGL Background Thread 3 ] DEBUG Engine               - class com.almasb.fxgl.app.services.FXGLAssetLoaderService
18:06:24.456 [FXGL Background Thread 3 ] DEBUG Engine               - class com.almasb.fxgl.app.FXGLApplication$GameApplicationService
18:06:24.456 [FXGL Background Thread 3 ] DEBUG Engine               - class com.almasb.fxgl.app.services.FXGLDialogService
18:06:24.456 [FXGL Background Thread 3 ] DEBUG Engine               - class com.almasb.fxgl.app.services.IOTaskExecutorService
18:06:24.456 [FXGL Background Thread 3 ] DEBUG Engine               - class com.almasb.fxgl.io.FileSystemService
18:06:24.456 [FXGL Background Thread 3 ] DEBUG Engine               - class com.almasb.fxgl.localization.LocalizationService
18:06:24.456 [FXGL Background Thread 3 ] DEBUG Engine               - class com.almasb.fxgl.app.services.SystemBundleService
18:06:24.456 [FXGL Background Thread 3 ] DEBUG Engine               - class com.almasb.fxgl.profile.SaveLoadService
18:06:24.456 [FXGL Background Thread 3 ] DEBUG Engine               - class com.almasb.fxgl.ui.FXGLUIFactoryServiceProvider
18:06:24.456 [FXGL Background Thread 3 ] DEBUG Engine               - class com.almasb.fxgl.ui.FXGLDialogFactoryServiceProvider
18:06:24.456 [FXGL Background Thread 3 ] DEBUG Engine               - class com.almasb.fxgl.audio.AudioPlayer
18:06:24.456 [FXGL Background Thread 3 ] DEBUG Engine               - class com.almasb.fxgl.notification.impl.NotificationServiceProvider
18:06:24.456 [FXGL Background Thread 3 ] DEBUG Engine               - class com.almasb.fxgl.achievement.AchievementService
18:06:24.456 [FXGL Background Thread 3 ] DEBUG Engine               - class com.almasb.fxgl.cutscene.CutsceneService
18:06:24.456 [FXGL Background Thread 3 ] DEBUG Engine               - class com.almasb.fxgl.minigames.MiniGameService
18:06:24.456 [FXGL Background Thread 3 ] DEBUG Engine               - class com.almasb.fxgl.net.NetService
18:06:24.456 [FXGL Background Thread 3 ] DEBUG Engine               - class com.almasb.fxgl.app.services.UpdaterService
18:06:24.456 [FXGL Background Thread 3 ] DEBUG Engine               - class com.almasb.fxgl.dev.DevService
18:06:42.006 [JavaFX Application Thread] DEBUG FXGLApplication      - Exiting FXGL
18:06:42.019 [JavaFX Application Thread] DEBUG LoopRunner           - Stopping loop
18:06:42.021 [JavaFX Application Thread] DEBUG SystemBundleService  - Saving FXGL system data
18:06:42.025 [JavaFX Application Thread] DEBUG FileSystemAccess     - Writing to: /Users/cody/Desktop/PokemonM/system/fxgl.bundle
18:06:42.031 [JavaFX Application Thread] DEBUG Async                - Shutting down background threads
18:06:42.033 [JavaFX Application Thread] DEBUG PrimaryStageWindow   - Closing main window
18:06:42.059 [JavaFX Application Thread] DEBUG Logger               - Closing Logger
