16:32:04.523 [main                     ] DEBUG Logger               - Configured Logger
16:32:04.551 [main                     ] DEBUG GameApplication      - Logging settings
Title: Pokemon
Version: Beta 0.1
Width: 800
Height: 800
Fullscreen: false
Intro: false
Profiling: false
Single step:false
App Mode: DEVELOPER
Menu Key: ESCAPE
Stage Style: DECORATED
Scene Factory: class com.almasb.fxgl.app.scene.SceneFactory

16:32:05.162 [JavaFX Application Thread] DEBUG FXGLApplication      - Initializing FXGL
16:32:05.168 [JavaFX Application Thread] INFO  Engine               - FXGL-11.16 (25.05.2021 08.16) on MAC (J:11.0.12 FX:16)
16:32:05.169 [JavaFX Application Thread] DEBUG Engine               - JRE Vendor Name: Oracle Corporation
16:32:05.169 [JavaFX Application Thread] DEBUG Engine               - Running on OS: Mac OS X version 11.3
16:32:05.169 [JavaFX Application Thread] DEBUG Engine               - Architecture: x86_64
16:32:05.170 [JavaFX Application Thread] INFO  Engine               - Source code and latest versions at: https://github.com/AlmasB/FXGL
16:32:05.171 [JavaFX Application Thread] INFO  Engine               -              Join the FXGL chat at: https://gitter.im/AlmasB/FXGL
16:32:05.374 [JavaFX Application Thread] DEBUG PrimaryStageWindow   - Creating a JavaFX scene
16:32:05.497 [JavaFX Application Thread] DEBUG PrimaryStageWindow   - Target settings size: 800.0 x 800.0
16:32:05.497 [JavaFX Application Thread] DEBUG PrimaryStageWindow   - Scaled scene size:    800.0 x 800.0
16:32:05.497 [JavaFX Application Thread] DEBUG PrimaryStageWindow   - Scaled ratio: (1.0, 1.0)
16:32:05.500 [JavaFX Application Thread] DEBUG PrimaryStageWindow   - Set initial scene to FXGLStartupScene
16:32:05.512 [JavaFX Application Thread] DEBUG PrimaryStageWindow   - Opening main window
16:32:05.749 [JavaFX Application Thread] DEBUG PrimaryStageWindow   - Window border size: (0.0, 28.0)
16:32:05.750 [JavaFX Application Thread] DEBUG PrimaryStageWindow   - Scaled size: 800.0 x 800.0
16:32:05.750 [JavaFX Application Thread] DEBUG PrimaryStageWindow   - Scaled ratio: (1.0, 1.0)
16:32:05.750 [JavaFX Application Thread] DEBUG PrimaryStageWindow   - Scene size: 800.0 x 800.0
16:32:05.750 [JavaFX Application Thread] DEBUG PrimaryStageWindow   - Stage size: 800.0 x 828.0
16:32:05.785 [FXGL Background Thread 1 ] DEBUG Engine               - Initializing environment variables
16:32:05.957 [FXGL Background Thread 1 ] DEBUG FXGLAssetLoaderServi - User app class for loading assets: class App.Overworld
16:32:05.959 [FXGL Background Thread 1 ] DEBUG GameApplicationServi - Applying CSS: fxgl_dark.css
16:32:05.962 [FXGL Background Thread 1 ] DEBUG FXGLAssetLoaderServi - Loading from file system: jar:file:/Users/cody/.m2/repository/com/github/almasb/fxgl/11.16/fxgl-11.16.jar!/fxglassets/ui/css/fxgl_dark.css
16:32:06.079 [FXGL Background Thread 1 ] DEBUG GameApplicationServi - Initializing application scenes
16:32:06.433 [FXGL Background Thread 1 ] DEBUG GameWorld            - Game world initialized
16:32:06.487 [FXGL Background Thread 1 ] DEBUG PhysicsWorld         - Physics world initialized: appHeight=800, physics.ppm=50.0
16:32:06.487 [FXGL Background Thread 1 ] DEBUG PhysicsWorld         - Using strategy: BRUTE_FORCE
16:32:06.494 [FXGL Background Thread 1 ] DEBUG GameScene            - Game scene initialized: 800x800
16:32:06.504 [FXGL Background Thread 1 ] DEBUG FXGL.DefaultMenu     - createMenuBodyGameMenu()
16:32:06.521 [FXGL Background Thread 1 ] DEBUG FXGL.DefaultMenu     - createOptionsMenu()
16:32:06.537 [FXGL Background Thread 1 ] DEBUG FXGLAssetLoaderServi - Loading from file system: jar:file:/Users/cody/.m2/repository/com/github/almasb/fxgl/11.16/fxgl-11.16.jar!/fxglassets/textures/particles/smoke.png
16:32:06.669 [FXGL Background Thread 1 ] DEBUG FXGLAssetLoaderServi - Loading from file system: jar:file:/Users/cody/.m2/repository/com/github/almasb/fxgl/11.16/fxgl-11.16.jar!/fxglassets/textures/particles/trace_horizontal.png
16:32:06.695 [FXGL Background Thread 1 ] DEBUG GameApplicationServi - Application scenes initialized
16:32:06.704 [FXGL Background Thread 1 ] DEBUG SystemBundleService  - Loading FXGL system data
16:32:06.709 [FXGL Background Thread 1 ] DEBUG FileSystemAccess     - Reading from: /Users/cody/Desktop/PokemonM/system/fxgl.bundle
16:32:06.716 [FXGL Background Thread 1 ] DEBUG SystemBundleService  - Bundle FXGL: {}
16:32:06.716 [FXGL Background Thread 1 ] DEBUG UpdaterService       - Checking for updates
16:32:06.720 [FXGL Background Thread 4 ] DEBUG FXGLApplication      - Loading fonts
16:32:06.729 [FXGL Background Thread 1 ] DEBUG FXGLApplication      - Loading default localization
16:32:06.728 [FXGL Background Thread 4 ] DEBUG FXGLAssetLoaderServi - Loading from file system: jar:file:/Users/cody/.m2/repository/com/github/almasb/fxgl/11.16/fxgl-11.16.jar!/fxglassets/ui/fonts/VarelaRound-Regular.ttf
16:32:06.733 [FXGL Background Thread 1 ] DEBUG FXGLAssetLoaderServi - Loading from file system: jar:file:/Users/cody/.m2/repository/com/github/almasb/fxgl/11.16/fxgl-11.16.jar!/fxglassets/languages/english.lang
16:32:06.769 [FXGL Background Thread 1 ] INFO  FXGLApplication      - FXGL initialization took: 0.981 sec
16:32:06.777 [FXGL Background Thread 4 ] DEBUG FXGLAssetLoaderServi - Loading from file system: jar:file:/Users/cody/.m2/repository/com/github/almasb/fxgl/11.16/fxgl-11.16.jar!/fxglassets/ui/fonts/Abel-Regular.ttf
16:32:06.783 [JavaFX Application Thread] DEBUG Input                - Registered new binding: action0 - D
16:32:06.785 [JavaFX Application Thread] DEBUG Input                - Registered new binding: action1 - A
16:32:06.785 [FXGL Background Thread 4 ] DEBUG FXGLAssetLoaderServi - Loading from file system: jar:file:/Users/cody/.m2/repository/com/github/almasb/fxgl/11.16/fxgl-11.16.jar!/fxglassets/ui/fonts/lucida_console.ttf
16:32:06.787 [JavaFX Application Thread] DEBUG Input                - Registered new binding: action2 - W
16:32:06.789 [JavaFX Application Thread] DEBUG Input                - Registered new binding: action3 - S
16:32:06.796 [FXGL Background Thread 4 ] DEBUG FXGLAssetLoaderServi - Loading from file system: jar:file:/Users/cody/.m2/repository/com/github/almasb/fxgl/11.16/fxgl-11.16.jar!/fxglassets/ui/fonts/Courier-Prime.ttf
16:32:06.796 [JavaFX Application Thread] DEBUG FXGLAssetLoaderServi - Loading from file system: jar:file:/Users/cody/.m2/repository/com/github/almasb/fxgl/11.16/fxgl-11.16.jar!/fxglassets/textures/fxgl_icon.png
16:32:06.844 [JavaFX Application Thread] DEBUG FXGLAssetLoaderServi - Loading from file system: jar:file:/Users/cody/.m2/repository/com/github/almasb/fxgl/11.16/fxgl-11.16.jar!/fxglassets/textures/fxgl_default_cursor.png
16:32:06.849 [JavaFX Application Thread] DEBUG Input                - Registered new binding: Screenshot - CTRL+8
16:32:06.849 [JavaFX Application Thread] DEBUG Input                - Registered new binding: System info dump - CTRL+9
16:32:06.850 [JavaFX Application Thread] DEBUG Input                - Registered new binding: Restart - CTRL+R
16:32:06.850 [JavaFX Application Thread] DEBUG Input                - Registered new binding: Toggle Debug Camera - CTRL+C
16:32:06.852 [JavaFX Application Thread] DEBUG LoopRunner           - Starting loop
16:32:06.853 [JavaFX Application Thread] DEBUG LoopRunner           - Initializing JavaFX AnimationTimerLoop
16:32:06.853 [JavaFX Application Thread] DEBUG GameApplicationServi - Starting new game
16:32:06.855 [JavaFX Application Thread] DEBUG Input                - Clearing active input actions
16:32:06.961 [JavaFX Application Thread] DEBUG GameApplicationServi - Removing overlay from FXGLStartupScene and adding to FXGLLoadingScene
16:32:06.965 [JavaFX Application Thread] DEBUG PrimaryStageWindow   - FXGLStartupScene -> FXGLLoadingScene
16:32:06.967 [JavaFX Application Thread] DEBUG GameApplicationServi - Clearing previous game
16:32:06.973 [JavaFX Application Thread] DEBUG GameScene            - Clearing game scene
16:32:06.973 [JavaFX Application Thread] DEBUG GameWorld            - Clearing game world
16:32:06.973 [JavaFX Application Thread] DEBUG PhysicsWorld         - Clearing physics world
16:32:06.977 [FXGL Background Thread 4 ] DEBUG FXGLApplication      - Initializing game
16:32:07.086 [FXGL Background Thread 4 ] INFO  FXGLApplication      - Game initialization took: 0.105 sec
16:32:07.112 [JavaFX Application Thread] DEBUG FXGLApplication      - Registering font factories with UI factory
16:32:07.129 [JavaFX Application Thread] DEBUG Input                - Clearing active input actions
16:32:07.161 [JavaFX Application Thread] DEBUG GameApplicationServi - Removing overlay from FXGLLoadingScene and adding to GameScene
16:32:07.162 [JavaFX Application Thread] DEBUG PrimaryStageWindow   - FXGLLoadingScene -> GameScene
16:32:07.681 [FXGL Background Thread 2 ] INFO  UpdaterService       - Your current version:  11.16
16:32:07.688 [FXGL Background Thread 2 ] INFO  UpdaterService       - Latest stable version: 11.17
16:32:08.958 [JavaFX Application Thread] DEBUG PrimaryStageWindow   - Push state: battleScreen
16:32:08.965 [JavaFX Application Thread] DEBUG Input                - Clearing active input actions
16:32:08.979 [JavaFX Application Thread] DEBUG GameApplicationServi - Removing overlay from GameScene and adding to battleScreen
16:32:08.980 [JavaFX Application Thread] DEBUG PrimaryStageWindow   - GameScene -> battleScreen
16:32:09.723 [FXGL Background Thread 3 ] DEBUG Engine               - Logging environment variables
16:32:09.725 [FXGL Background Thread 3 ] DEBUG Engine               - achievements: []
16:32:09.725 [FXGL Background Thread 3 ] DEBUG Engine               - actualHeight: 800.0
16:32:09.726 [FXGL Background Thread 3 ] DEBUG Engine               - actualHeightProperty: ReadOnlyDoubleProperty [value: 800.0]
16:32:09.726 [FXGL Background Thread 3 ] DEBUG Engine               - actualWidth: 800.0
16:32:09.726 [FXGL Background Thread 3 ] DEBUG Engine               - actualWidthProperty: ReadOnlyDoubleProperty [value: 800.0]
16:32:09.726 [FXGL Background Thread 3 ] DEBUG Engine               - appIcon: fxgl_icon.png
16:32:09.726 [FXGL Background Thread 3 ] DEBUG Engine               - applicationMode: DEVELOPER
16:32:09.726 [FXGL Background Thread 3 ] DEBUG Engine               - cSSList: [fxgl_dark.css]
16:32:09.726 [FXGL Background Thread 3 ] DEBUG Engine               - collisionDetectionStrategy: BRUTE_FORCE
16:32:09.726 [FXGL Background Thread 3 ] DEBUG Engine               - configClass: Optional.empty
16:32:09.726 [FXGL Background Thread 3 ] DEBUG Engine               - credits: []
16:32:09.726 [FXGL Background Thread 3 ] DEBUG Engine               - defaultCursor: CursorInfo(imageName=fxgl_default_cursor.png, hotspotX=7.0, hotspotY=6.0)
16:32:09.727 [FXGL Background Thread 3 ] DEBUG Engine               - devBBoxColorProperty: ObjectProperty [value: 0xff0000ff]
16:32:09.728 [FXGL Background Thread 3 ] DEBUG Engine               - devEnableDebugCameraProperty: BooleanProperty [value: false]
16:32:09.728 [FXGL Background Thread 3 ] DEBUG Engine               - devSensorColorProperty: ObjectProperty [value: 0xffff00ff]
16:32:09.728 [FXGL Background Thread 3 ] DEBUG Engine               - devShowBBoxProperty: BooleanProperty [value: false]
16:32:09.728 [FXGL Background Thread 3 ] DEBUG Engine               - devShowPositionProperty: BooleanProperty [value: false]
16:32:09.728 [FXGL Background Thread 3 ] DEBUG Engine               - enabledMenuItems: []
16:32:09.728 [FXGL Background Thread 3 ] DEBUG Engine               - engineServices: [class com.almasb.fxgl.app.services.FXGLAssetLoaderService, class com.almasb.fxgl.app.FXGLApplication$GameApplicationService, class com.almasb.fxgl.app.services.FXGLDialogService, class com.almasb.fxgl.app.services.IOTaskExecutorService, class com.almasb.fxgl.io.FileSystemService, class com.almasb.fxgl.localization.LocalizationService, class com.almasb.fxgl.app.services.SystemBundleService, class com.almasb.fxgl.profile.SaveLoadService, class com.almasb.fxgl.ui.FXGLUIFactoryServiceProvider, class com.almasb.fxgl.ui.FXGLDialogFactoryServiceProvider, class com.almasb.fxgl.audio.AudioPlayer, class com.almasb.fxgl.notification.impl.NotificationServiceProvider, class com.almasb.fxgl.achievement.AchievementService, class com.almasb.fxgl.cutscene.CutsceneService, class com.almasb.fxgl.minigames.MiniGameService, class com.almasb.fxgl.net.NetService, class com.almasb.fxgl.app.services.UpdaterService, class com.almasb.fxgl.dev.DevService]
16:32:09.728 [FXGL Background Thread 3 ] DEBUG Engine               - fontGame: Abel-Regular.ttf
16:32:09.728 [FXGL Background Thread 3 ] DEBUG Engine               - fontMono: lucida_console.ttf
16:32:09.728 [FXGL Background Thread 3 ] DEBUG Engine               - fontText: Courier-Prime.ttf
16:32:09.728 [FXGL Background Thread 3 ] DEBUG Engine               - fontUI: VarelaRound-Regular.ttf
16:32:09.728 [FXGL Background Thread 3 ] DEBUG Engine               - fullScreen: BooleanProperty [value: false]
16:32:09.728 [FXGL Background Thread 3 ] DEBUG Engine               - gameDifficulty: MEDIUM
16:32:09.729 [FXGL Background Thread 3 ] DEBUG Engine               - gameDifficultyProperty: ObjectProperty [value: MEDIUM]
16:32:09.732 [FXGL Background Thread 3 ] DEBUG Engine               - globalMusicVolume: 0.5
16:32:09.732 [FXGL Background Thread 3 ] DEBUG Engine               - globalMusicVolumeProperty: DoubleProperty [value: 0.5]
16:32:09.732 [FXGL Background Thread 3 ] DEBUG Engine               - globalSoundVolume: 0.5
16:32:09.732 [FXGL Background Thread 3 ] DEBUG Engine               - globalSoundVolumeProperty: DoubleProperty [value: 0.5]
16:32:09.732 [FXGL Background Thread 3 ] DEBUG Engine               - height: 800
16:32:09.732 [FXGL Background Thread 3 ] DEBUG Engine               - is3D: false
16:32:09.732 [FXGL Background Thread 3 ] DEBUG Engine               - isAndroid: false
16:32:09.732 [FXGL Background Thread 3 ] DEBUG Engine               - isBrowser: false
16:32:09.732 [FXGL Background Thread 3 ] DEBUG Engine               - isClickFeedbackEnabled: false
16:32:09.732 [FXGL Background Thread 3 ] DEBUG Engine               - isCloseConfirmation: false
16:32:09.732 [FXGL Background Thread 3 ] DEBUG Engine               - isDesktop: true
16:32:09.732 [FXGL Background Thread 3 ] DEBUG Engine               - isDeveloperMenuEnabled: false
16:32:09.732 [FXGL Background Thread 3 ] DEBUG Engine               - isEntityPreloadEnabled: true
16:32:09.732 [FXGL Background Thread 3 ] DEBUG Engine               - isExperimentalTiledLargeMap: false
16:32:09.732 [FXGL Background Thread 3 ] DEBUG Engine               - isFileSystemWriteAllowed: true
16:32:09.733 [FXGL Background Thread 3 ] DEBUG Engine               - isFullScreenAllowed: false
16:32:09.733 [FXGL Background Thread 3 ] DEBUG Engine               - isFullScreenFromStart: false
16:32:09.733 [FXGL Background Thread 3 ] DEBUG Engine               - isGameMenuEnabled: true
16:32:09.733 [FXGL Background Thread 3 ] DEBUG Engine               - isIOS: false
16:32:09.733 [FXGL Background Thread 3 ] DEBUG Engine               - isIntroEnabled: false
16:32:09.733 [FXGL Background Thread 3 ] DEBUG Engine               - isLinux: false
16:32:09.733 [FXGL Background Thread 3 ] DEBUG Engine               - isMac: true
16:32:09.733 [FXGL Background Thread 3 ] DEBUG Engine               - isMainMenuEnabled: false
16:32:09.733 [FXGL Background Thread 3 ] DEBUG Engine               - isManualResizeEnabled: false
16:32:09.733 [FXGL Background Thread 3 ] DEBUG Engine               - isMobile: false
16:32:09.733 [FXGL Background Thread 3 ] DEBUG Engine               - isNative: false
16:32:09.733 [FXGL Background Thread 3 ] DEBUG Engine               - isPreserveResizeRatio: false
16:32:09.733 [FXGL Background Thread 3 ] DEBUG Engine               - isProfilingEnabled: false
16:32:09.733 [FXGL Background Thread 3 ] DEBUG Engine               - isScaleAffectedOnResize: true
16:32:09.734 [FXGL Background Thread 3 ] DEBUG Engine               - isSingleStep: false
16:32:09.734 [FXGL Background Thread 3 ] DEBUG Engine               - isUserProfileEnabled: false
16:32:09.734 [FXGL Background Thread 3 ] DEBUG Engine               - isWindows: false
16:32:09.734 [FXGL Background Thread 3 ] DEBUG Engine               - language: ObjectProperty [value: ENGLISH]
16:32:09.734 [FXGL Background Thread 3 ] DEBUG Engine               - menuKey: ESCAPE
16:32:09.736 [FXGL Background Thread 3 ] DEBUG Engine               - mouseSensitivity: 0.2
16:32:09.736 [FXGL Background Thread 3 ] DEBUG Engine               - notificationViewClass: class com.almasb.fxgl.notification.view.XboxNotificationView
16:32:09.736 [FXGL Background Thread 3 ] DEBUG Engine               - pixelsPerMeter: 50.0
16:32:09.736 [FXGL Background Thread 3 ] DEBUG Engine               - platform: MAC
16:32:09.736 [FXGL Background Thread 3 ] DEBUG Engine               - prefHeightProperty: ReadOnlyDoubleProperty [value: 800.0]
16:32:09.737 [FXGL Background Thread 3 ] DEBUG Engine               - prefWidthProperty: ReadOnlyDoubleProperty [value: 800.0]
16:32:09.737 [FXGL Background Thread 3 ] DEBUG Engine               - profileDir: profiles/
16:32:09.737 [FXGL Background Thread 3 ] DEBUG Engine               - profileName: StringProperty [value: DEFAULT]
16:32:09.737 [FXGL Background Thread 3 ] DEBUG Engine               - randomSeed: -1
16:32:09.737 [FXGL Background Thread 3 ] DEBUG Engine               - runtimeInfo: RuntimeInfo(platform=MAC, version=11.16, build=25.05.2021 08.16)
16:32:09.737 [FXGL Background Thread 3 ] DEBUG Engine               - saveFileExt: sav
16:32:09.737 [FXGL Background Thread 3 ] DEBUG Engine               - scaledHeightProp$fxgl: DoubleProperty [bound, value: 800.0]
16:32:09.737 [FXGL Background Thread 3 ] DEBUG Engine               - scaledWidthProp$fxgl: DoubleProperty [bound, value: 800.0]
16:32:09.737 [FXGL Background Thread 3 ] DEBUG Engine               - sceneFactory: com.almasb.fxgl.app.scene.SceneFactory@d8b718a
16:32:09.737 [FXGL Background Thread 3 ] DEBUG Engine               - secondsIn24h: 60
16:32:09.737 [FXGL Background Thread 3 ] DEBUG Engine               - soundMenuBack: menu/back.wav
16:32:09.737 [FXGL Background Thread 3 ] DEBUG Engine               - soundMenuPress: menu/press.wav
16:32:09.737 [FXGL Background Thread 3 ] DEBUG Engine               - soundMenuSelect: menu/select.wav
16:32:09.737 [FXGL Background Thread 3 ] DEBUG Engine               - soundNotification: core/notification.wav
16:32:09.737 [FXGL Background Thread 3 ] DEBUG Engine               - stageStyle: DECORATED
16:32:09.737 [FXGL Background Thread 3 ] DEBUG Engine               - supportedLanguages: [ENGLISH, FRENCH, GERMAN, HUNGARIAN, RUSSIAN]
16:32:09.737 [FXGL Background Thread 3 ] DEBUG Engine               - ticksPerSecond: -1
16:32:09.737 [FXGL Background Thread 3 ] DEBUG Engine               - title: Pokemon
16:32:09.737 [FXGL Background Thread 3 ] DEBUG Engine               - urlGithub: https://github.com/AlmasB/FXGL
16:32:09.737 [FXGL Background Thread 3 ] DEBUG Engine               - urlLeaderboard: http://fxgl-top.herokuapp.com/
16:32:09.737 [FXGL Background Thread 3 ] DEBUG Engine               - urlPOM: https://raw.githubusercontent.com/AlmasB/FXGL/release/README.md
16:32:09.737 [FXGL Background Thread 3 ] DEBUG Engine               - userAppClass: class App.Overworld
16:32:09.737 [FXGL Background Thread 3 ] DEBUG Engine               - version: Beta 0.1
16:32:09.737 [FXGL Background Thread 3 ] DEBUG Engine               - versionCheckDays: 7
16:32:09.737 [FXGL Background Thread 3 ] DEBUG Engine               - width: 800
16:32:09.737 [FXGL Background Thread 3 ] DEBUG Engine               - Logging services
16:32:09.737 [FXGL Background Thread 3 ] DEBUG Engine               - class com.almasb.fxgl.app.services.FXGLAssetLoaderService
16:32:09.738 [FXGL Background Thread 3 ] DEBUG Engine               - class com.almasb.fxgl.app.FXGLApplication$GameApplicationService
16:32:09.738 [FXGL Background Thread 3 ] DEBUG Engine               - class com.almasb.fxgl.app.services.FXGLDialogService
16:32:09.738 [FXGL Background Thread 3 ] DEBUG Engine               - class com.almasb.fxgl.app.services.IOTaskExecutorService
16:32:09.738 [FXGL Background Thread 3 ] DEBUG Engine               - class com.almasb.fxgl.io.FileSystemService
16:32:09.738 [FXGL Background Thread 3 ] DEBUG Engine               - class com.almasb.fxgl.localization.LocalizationService
16:32:09.738 [FXGL Background Thread 3 ] DEBUG Engine               - class com.almasb.fxgl.app.services.SystemBundleService
16:32:09.738 [FXGL Background Thread 3 ] DEBUG Engine               - class com.almasb.fxgl.profile.SaveLoadService
16:32:09.738 [FXGL Background Thread 3 ] DEBUG Engine               - class com.almasb.fxgl.ui.FXGLUIFactoryServiceProvider
16:32:09.738 [FXGL Background Thread 3 ] DEBUG Engine               - class com.almasb.fxgl.ui.FXGLDialogFactoryServiceProvider
16:32:09.738 [FXGL Background Thread 3 ] DEBUG Engine               - class com.almasb.fxgl.audio.AudioPlayer
16:32:09.738 [FXGL Background Thread 3 ] DEBUG Engine               - class com.almasb.fxgl.notification.impl.NotificationServiceProvider
16:32:09.738 [FXGL Background Thread 3 ] DEBUG Engine               - class com.almasb.fxgl.achievement.AchievementService
16:32:09.738 [FXGL Background Thread 3 ] DEBUG Engine               - class com.almasb.fxgl.cutscene.CutsceneService
16:32:09.738 [FXGL Background Thread 3 ] DEBUG Engine               - class com.almasb.fxgl.minigames.MiniGameService
16:32:09.738 [FXGL Background Thread 3 ] DEBUG Engine               - class com.almasb.fxgl.net.NetService
16:32:09.738 [FXGL Background Thread 3 ] DEBUG Engine               - class com.almasb.fxgl.app.services.UpdaterService
16:32:09.738 [FXGL Background Thread 3 ] DEBUG Engine               - class com.almasb.fxgl.dev.DevService
16:32:12.078 [JavaFX Application Thread] DEBUG FXGLApplication      - Exiting FXGL
16:32:12.090 [JavaFX Application Thread] DEBUG LoopRunner           - Stopping loop
16:32:12.091 [JavaFX Application Thread] DEBUG SystemBundleService  - Saving FXGL system data
16:32:12.095 [JavaFX Application Thread] DEBUG FileSystemAccess     - Writing to: /Users/cody/Desktop/PokemonM/system/fxgl.bundle
16:32:12.099 [JavaFX Application Thread] DEBUG Async                - Shutting down background threads
16:32:12.100 [JavaFX Application Thread] DEBUG PrimaryStageWindow   - Closing main window
16:32:12.126 [JavaFX Application Thread] DEBUG Logger               - Closing Logger
