18:18:28.310 [main                     ] DEBUG Logger               - Configured Logger
18:18:28.339 [main                     ] DEBUG GameApplication      - Logging settings
Title: Pokemon
Version: Beta 0.1
Width: 800
Height: 800
Fullscreen: false
Intro: false
Profiling: false
Single step:false
App Mode: DEVELOPER
Menu Key: ESCAPE
Stage Style: DECORATED
Scene Factory: class com.almasb.fxgl.app.scene.SceneFactory

18:18:28.994 [JavaFX Application Thread] DEBUG FXGLApplication      - Initializing FXGL
18:18:28.997 [JavaFX Application Thread] INFO  Engine               - FXGL-11.16 (25.05.2021 08.16) on MAC (J:11.0.12 FX:16)
18:18:28.998 [JavaFX Application Thread] DEBUG Engine               - JRE Vendor Name: Oracle Corporation
18:18:28.998 [JavaFX Application Thread] DEBUG Engine               - Running on OS: Mac OS X version 11.3
18:18:28.998 [JavaFX Application Thread] DEBUG Engine               - Architecture: x86_64
18:18:28.998 [JavaFX Application Thread] INFO  Engine               - Source code and latest versions at: https://github.com/AlmasB/FXGL
18:18:28.998 [JavaFX Application Thread] INFO  Engine               -              Join the FXGL chat at: https://gitter.im/AlmasB/FXGL
18:18:29.160 [JavaFX Application Thread] DEBUG PrimaryStageWindow   - Creating a JavaFX scene
18:18:29.246 [JavaFX Application Thread] DEBUG PrimaryStageWindow   - Target settings size: 800.0 x 800.0
18:18:29.246 [JavaFX Application Thread] DEBUG PrimaryStageWindow   - Scaled scene size:    800.0 x 800.0
18:18:29.247 [JavaFX Application Thread] DEBUG PrimaryStageWindow   - Scaled ratio: (1.0, 1.0)
18:18:29.247 [JavaFX Application Thread] DEBUG PrimaryStageWindow   - Set initial scene to FXGLStartupScene
18:18:29.253 [JavaFX Application Thread] DEBUG PrimaryStageWindow   - Opening main window
18:18:29.361 [JavaFX Application Thread] DEBUG PrimaryStageWindow   - Window border size: (0.0, 28.0)
18:18:29.361 [JavaFX Application Thread] DEBUG PrimaryStageWindow   - Scaled size: 800.0 x 800.0
18:18:29.361 [JavaFX Application Thread] DEBUG PrimaryStageWindow   - Scaled ratio: (1.0, 1.0)
18:18:29.361 [JavaFX Application Thread] DEBUG PrimaryStageWindow   - Scene size: 800.0 x 800.0
18:18:29.362 [JavaFX Application Thread] DEBUG PrimaryStageWindow   - Stage size: 800.0 x 828.0
18:18:29.368 [FXGL Background Thread 1 ] DEBUG Engine               - Initializing environment variables
18:18:29.453 [FXGL Background Thread 1 ] DEBUG FXGLAssetLoaderServi - User app class for loading assets: class App.Overworld
18:18:29.453 [FXGL Background Thread 1 ] DEBUG GameApplicationServi - Applying CSS: fxgl_dark.css
18:18:29.463 [FXGL Background Thread 1 ] DEBUG FXGLAssetLoaderServi - Loading from file system: jar:file:/Users/cody/.m2/repository/com/github/almasb/fxgl/11.16/fxgl-11.16.jar!/fxglassets/ui/css/fxgl_dark.css
18:18:29.672 [FXGL Background Thread 1 ] DEBUG GameApplicationServi - Initializing application scenes
18:18:30.007 [FXGL Background Thread 1 ] DEBUG GameWorld            - Game world initialized
18:18:30.051 [FXGL Background Thread 1 ] DEBUG PhysicsWorld         - Physics world initialized: appHeight=800, physics.ppm=50.0
18:18:30.051 [FXGL Background Thread 1 ] DEBUG PhysicsWorld         - Using strategy: BRUTE_FORCE
18:18:30.055 [FXGL Background Thread 1 ] DEBUG GameScene            - Game scene initialized: 800x800
18:18:30.064 [FXGL Background Thread 1 ] DEBUG FXGL.DefaultMenu     - createMenuBodyGameMenu()
18:18:30.077 [FXGL Background Thread 1 ] DEBUG FXGL.DefaultMenu     - createOptionsMenu()
18:18:30.087 [FXGL Background Thread 1 ] DEBUG FXGLAssetLoaderServi - Loading from file system: jar:file:/Users/cody/.m2/repository/com/github/almasb/fxgl/11.16/fxgl-11.16.jar!/fxglassets/textures/particles/smoke.png
18:18:30.232 [FXGL Background Thread 1 ] DEBUG FXGLAssetLoaderServi - Loading from file system: jar:file:/Users/cody/.m2/repository/com/github/almasb/fxgl/11.16/fxgl-11.16.jar!/fxglassets/textures/particles/trace_horizontal.png
18:18:30.255 [FXGL Background Thread 1 ] DEBUG GameApplicationServi - Application scenes initialized
18:18:30.264 [FXGL Background Thread 1 ] DEBUG SystemBundleService  - Loading FXGL system data
18:18:30.272 [FXGL Background Thread 1 ] DEBUG FileSystemAccess     - Reading from: /Users/cody/Desktop/PokemonM/system/fxgl.bundle
18:18:30.279 [FXGL Background Thread 1 ] DEBUG SystemBundleService  - Bundle FXGL: {}
18:18:30.279 [FXGL Background Thread 1 ] DEBUG UpdaterService       - Checking for updates
18:18:30.288 [FXGL Background Thread 4 ] DEBUG FXGLApplication      - Loading fonts
18:18:30.293 [FXGL Background Thread 4 ] DEBUG FXGLAssetLoaderServi - Loading from file system: jar:file:/Users/cody/.m2/repository/com/github/almasb/fxgl/11.16/fxgl-11.16.jar!/fxglassets/ui/fonts/VarelaRound-Regular.ttf
18:18:30.299 [FXGL Background Thread 1 ] DEBUG FXGLApplication      - Loading default localization
18:18:30.302 [FXGL Background Thread 1 ] DEBUG FXGLAssetLoaderServi - Loading from file system: jar:file:/Users/cody/.m2/repository/com/github/almasb/fxgl/11.16/fxgl-11.16.jar!/fxglassets/languages/english.lang
18:18:30.336 [FXGL Background Thread 1 ] INFO  FXGLApplication      - FXGL initialization took: 0.965 sec
18:18:30.341 [FXGL Background Thread 4 ] DEBUG FXGLAssetLoaderServi - Loading from file system: jar:file:/Users/cody/.m2/repository/com/github/almasb/fxgl/11.16/fxgl-11.16.jar!/fxglassets/ui/fonts/Abel-Regular.ttf
18:18:30.348 [JavaFX Application Thread] DEBUG Input                - Registered new binding: Right - D
18:18:30.350 [JavaFX Application Thread] DEBUG Input                - Registered new binding: Left - A
18:18:30.350 [JavaFX Application Thread] DEBUG Input                - Registered new binding: Up - W
18:18:30.350 [JavaFX Application Thread] DEBUG Input                - Registered new binding: Down - S
18:18:30.351 [JavaFX Application Thread] DEBUG FXGLAssetLoaderServi - Loading from file system: jar:file:/Users/cody/.m2/repository/com/github/almasb/fxgl/11.16/fxgl-11.16.jar!/fxglassets/textures/fxgl_icon.png
18:18:30.352 [FXGL Background Thread 4 ] DEBUG FXGLAssetLoaderServi - Loading from file system: jar:file:/Users/cody/.m2/repository/com/github/almasb/fxgl/11.16/fxgl-11.16.jar!/fxglassets/ui/fonts/lucida_console.ttf
18:18:30.360 [FXGL Background Thread 4 ] DEBUG FXGLAssetLoaderServi - Loading from file system: jar:file:/Users/cody/.m2/repository/com/github/almasb/fxgl/11.16/fxgl-11.16.jar!/fxglassets/ui/fonts/Courier-Prime.ttf
18:18:30.401 [JavaFX Application Thread] DEBUG FXGLAssetLoaderServi - Loading from file system: jar:file:/Users/cody/.m2/repository/com/github/almasb/fxgl/11.16/fxgl-11.16.jar!/fxglassets/textures/fxgl_default_cursor.png
18:18:30.407 [JavaFX Application Thread] DEBUG Input                - Registered new binding: Screenshot - CTRL+8
18:18:30.407 [JavaFX Application Thread] DEBUG Input                - Registered new binding: System info dump - CTRL+9
18:18:30.408 [JavaFX Application Thread] DEBUG Input                - Registered new binding: Restart - CTRL+R
18:18:30.408 [JavaFX Application Thread] DEBUG Input                - Registered new binding: Toggle Debug Camera - CTRL+C
18:18:30.415 [JavaFX Application Thread] DEBUG LoopRunner           - Starting loop
18:18:30.416 [JavaFX Application Thread] DEBUG LoopRunner           - Initializing JavaFX AnimationTimerLoop
18:18:30.419 [JavaFX Application Thread] DEBUG GameApplicationServi - Starting new game
18:18:30.421 [JavaFX Application Thread] DEBUG Input                - Clearing active input actions
18:18:30.488 [JavaFX Application Thread] DEBUG GameApplicationServi - Removing overlay from FXGLStartupScene and adding to FXGLLoadingScene
18:18:30.489 [JavaFX Application Thread] DEBUG PrimaryStageWindow   - FXGLStartupScene -> FXGLLoadingScene
18:18:30.490 [JavaFX Application Thread] DEBUG GameApplicationServi - Clearing previous game
18:18:30.490 [JavaFX Application Thread] DEBUG GameScene            - Clearing game scene
18:18:30.490 [JavaFX Application Thread] DEBUG GameWorld            - Clearing game world
18:18:30.490 [JavaFX Application Thread] DEBUG PhysicsWorld         - Clearing physics world
18:18:30.492 [FXGL Background Thread 4 ] DEBUG FXGLApplication      - Initializing game
18:18:30.525 [JavaFX Application Thread] DEBUG FXGLApplication      - Registering font factories with UI factory
18:18:30.525 [FXGL Background Thread 4 ] DEBUG FXGLAssetLoaderServi - Loading from file system: file:/Users/cody/Desktop/PokemonM/target/classes/assets/textures/dawn.png
18:18:30.533 [FXGL Background Thread 4 ] WARN  FXGLAssetLoaderServi - Asset "/assets/textures/characters.dawn.png" was not found!
18:18:30.535 [FXGL Background Thread 4 ] WARN  FXGLAssetLoaderServi - Failed to load IMAGE
18:18:30.803 [FXGL Background Thread 4 ] WARN  FXGLAssetLoaderServi - Asset "/assets/textures/characters.dawn.png" was not found!
18:18:30.806 [FXGL Background Thread 4 ] WARN  FXGLAssetLoaderServi - Failed to load IMAGE
18:18:30.891 [FXGL Background Thread 4 ] INFO  FXGLApplication      - Game initialization took: 0.399 sec
18:18:30.894 [JavaFX Application Thread] DEBUG Input                - Clearing active input actions
18:18:30.946 [JavaFX Application Thread] DEBUG GameApplicationServi - Removing overlay from FXGLLoadingScene and adding to GameScene
18:18:30.948 [JavaFX Application Thread] DEBUG PrimaryStageWindow   - FXGLLoadingScene -> GameScene
18:18:31.208 [FXGL Background Thread 2 ] INFO  UpdaterService       - Your current version:  11.16
18:18:31.213 [FXGL Background Thread 2 ] INFO  UpdaterService       - Latest stable version: 11.17
18:18:33.289 [FXGL Background Thread 3 ] DEBUG Engine               - Logging environment variables
18:18:33.291 [FXGL Background Thread 3 ] DEBUG Engine               - achievements: []
18:18:33.291 [FXGL Background Thread 3 ] DEBUG Engine               - actualHeight: 800.0
18:18:33.291 [FXGL Background Thread 3 ] DEBUG Engine               - actualHeightProperty: ReadOnlyDoubleProperty [value: 800.0]
18:18:33.291 [FXGL Background Thread 3 ] DEBUG Engine               - actualWidth: 800.0
18:18:33.291 [FXGL Background Thread 3 ] DEBUG Engine               - actualWidthProperty: ReadOnlyDoubleProperty [value: 800.0]
18:18:33.291 [FXGL Background Thread 3 ] DEBUG Engine               - appIcon: fxgl_icon.png
18:18:33.291 [FXGL Background Thread 3 ] DEBUG Engine               - applicationMode: DEVELOPER
18:18:33.291 [FXGL Background Thread 3 ] DEBUG Engine               - cSSList: [fxgl_dark.css]
18:18:33.291 [FXGL Background Thread 3 ] DEBUG Engine               - collisionDetectionStrategy: BRUTE_FORCE
18:18:33.291 [FXGL Background Thread 3 ] DEBUG Engine               - configClass: Optional.empty
18:18:33.291 [FXGL Background Thread 3 ] DEBUG Engine               - credits: []
18:18:33.292 [FXGL Background Thread 3 ] DEBUG Engine               - defaultCursor: CursorInfo(imageName=fxgl_default_cursor.png, hotspotX=7.0, hotspotY=6.0)
18:18:33.293 [FXGL Background Thread 3 ] DEBUG Engine               - devBBoxColorProperty: ObjectProperty [value: 0xff0000ff]
18:18:33.294 [FXGL Background Thread 3 ] DEBUG Engine               - devEnableDebugCameraProperty: BooleanProperty [value: false]
18:18:33.294 [FXGL Background Thread 3 ] DEBUG Engine               - devSensorColorProperty: ObjectProperty [value: 0xffff00ff]
18:18:33.295 [FXGL Background Thread 3 ] DEBUG Engine               - devShowBBoxProperty: BooleanProperty [value: false]
18:18:33.295 [FXGL Background Thread 3 ] DEBUG Engine               - devShowPositionProperty: BooleanProperty [value: false]
18:18:33.295 [FXGL Background Thread 3 ] DEBUG Engine               - enabledMenuItems: []
18:18:33.296 [FXGL Background Thread 3 ] DEBUG Engine               - engineServices: [class com.almasb.fxgl.app.services.FXGLAssetLoaderService, class com.almasb.fxgl.app.FXGLApplication$GameApplicationService, class com.almasb.fxgl.app.services.FXGLDialogService, class com.almasb.fxgl.app.services.IOTaskExecutorService, class com.almasb.fxgl.io.FileSystemService, class com.almasb.fxgl.localization.LocalizationService, class com.almasb.fxgl.app.services.SystemBundleService, class com.almasb.fxgl.profile.SaveLoadService, class com.almasb.fxgl.ui.FXGLUIFactoryServiceProvider, class com.almasb.fxgl.ui.FXGLDialogFactoryServiceProvider, class com.almasb.fxgl.audio.AudioPlayer, class com.almasb.fxgl.notification.impl.NotificationServiceProvider, class com.almasb.fxgl.achievement.AchievementService, class com.almasb.fxgl.cutscene.CutsceneService, class com.almasb.fxgl.minigames.MiniGameService, class com.almasb.fxgl.net.NetService, class com.almasb.fxgl.app.services.UpdaterService, class com.almasb.fxgl.dev.DevService]
18:18:33.297 [FXGL Background Thread 3 ] DEBUG Engine               - fontGame: Abel-Regular.ttf
18:18:33.297 [FXGL Background Thread 3 ] DEBUG Engine               - fontMono: lucida_console.ttf
18:18:33.297 [FXGL Background Thread 3 ] DEBUG Engine               - fontText: Courier-Prime.ttf
18:18:33.297 [FXGL Background Thread 3 ] DEBUG Engine               - fontUI: VarelaRound-Regular.ttf
18:18:33.297 [FXGL Background Thread 3 ] DEBUG Engine               - fullScreen: BooleanProperty [value: false]
18:18:33.299 [FXGL Background Thread 3 ] DEBUG Engine               - gameDifficulty: MEDIUM
18:18:33.301 [FXGL Background Thread 3 ] DEBUG Engine               - gameDifficultyProperty: ObjectProperty [value: MEDIUM]
18:18:33.301 [FXGL Background Thread 3 ] DEBUG Engine               - globalMusicVolume: 0.5
18:18:33.301 [FXGL Background Thread 3 ] DEBUG Engine               - globalMusicVolumeProperty: DoubleProperty [value: 0.5]
18:18:33.301 [FXGL Background Thread 3 ] DEBUG Engine               - globalSoundVolume: 0.5
18:18:33.301 [FXGL Background Thread 3 ] DEBUG Engine               - globalSoundVolumeProperty: DoubleProperty [value: 0.5]
18:18:33.301 [FXGL Background Thread 3 ] DEBUG Engine               - height: 800
18:18:33.301 [FXGL Background Thread 3 ] DEBUG Engine               - is3D: false
18:18:33.301 [FXGL Background Thread 3 ] DEBUG Engine               - isAndroid: false
18:18:33.301 [FXGL Background Thread 3 ] DEBUG Engine               - isBrowser: false
18:18:33.301 [FXGL Background Thread 3 ] DEBUG Engine               - isClickFeedbackEnabled: false
18:18:33.301 [FXGL Background Thread 3 ] DEBUG Engine               - isCloseConfirmation: false
18:18:33.301 [FXGL Background Thread 3 ] DEBUG Engine               - isDesktop: true
18:18:33.301 [FXGL Background Thread 3 ] DEBUG Engine               - isDeveloperMenuEnabled: false
18:18:33.302 [FXGL Background Thread 3 ] DEBUG Engine               - isEntityPreloadEnabled: true
18:18:33.302 [FXGL Background Thread 3 ] DEBUG Engine               - isExperimentalTiledLargeMap: false
18:18:33.302 [FXGL Background Thread 3 ] DEBUG Engine               - isFileSystemWriteAllowed: true
18:18:33.302 [FXGL Background Thread 3 ] DEBUG Engine               - isFullScreenAllowed: false
18:18:33.303 [FXGL Background Thread 3 ] DEBUG Engine               - isFullScreenFromStart: false
18:18:33.303 [FXGL Background Thread 3 ] DEBUG Engine               - isGameMenuEnabled: true
18:18:33.303 [FXGL Background Thread 3 ] DEBUG Engine               - isIOS: false
18:18:33.303 [FXGL Background Thread 3 ] DEBUG Engine               - isIntroEnabled: false
18:18:33.303 [FXGL Background Thread 3 ] DEBUG Engine               - isLinux: false
18:18:33.303 [FXGL Background Thread 3 ] DEBUG Engine               - isMac: true
18:18:33.303 [FXGL Background Thread 3 ] DEBUG Engine               - isMainMenuEnabled: false
18:18:33.304 [FXGL Background Thread 3 ] DEBUG Engine               - isManualResizeEnabled: false
18:18:33.304 [FXGL Background Thread 3 ] DEBUG Engine               - isMobile: false
18:18:33.304 [FXGL Background Thread 3 ] DEBUG Engine               - isNative: false
18:18:33.304 [FXGL Background Thread 3 ] DEBUG Engine               - isPreserveResizeRatio: false
18:18:33.307 [FXGL Background Thread 3 ] DEBUG Engine               - isProfilingEnabled: false
18:18:33.307 [FXGL Background Thread 3 ] DEBUG Engine               - isScaleAffectedOnResize: true
18:18:33.307 [FXGL Background Thread 3 ] DEBUG Engine               - isSingleStep: false
18:18:33.307 [FXGL Background Thread 3 ] DEBUG Engine               - isUserProfileEnabled: false
18:18:33.307 [FXGL Background Thread 3 ] DEBUG Engine               - isWindows: false
18:18:33.307 [FXGL Background Thread 3 ] DEBUG Engine               - language: ObjectProperty [value: ENGLISH]
18:18:33.307 [FXGL Background Thread 3 ] DEBUG Engine               - menuKey: ESCAPE
18:18:33.307 [FXGL Background Thread 3 ] DEBUG Engine               - mouseSensitivity: 0.2
18:18:33.307 [FXGL Background Thread 3 ] DEBUG Engine               - notificationViewClass: class com.almasb.fxgl.notification.view.XboxNotificationView
18:18:33.307 [FXGL Background Thread 3 ] DEBUG Engine               - pixelsPerMeter: 50.0
18:18:33.307 [FXGL Background Thread 3 ] DEBUG Engine               - platform: MAC
18:18:33.307 [FXGL Background Thread 3 ] DEBUG Engine               - prefHeightProperty: ReadOnlyDoubleProperty [value: 800.0]
18:18:33.307 [FXGL Background Thread 3 ] DEBUG Engine               - prefWidthProperty: ReadOnlyDoubleProperty [value: 800.0]
18:18:33.307 [FXGL Background Thread 3 ] DEBUG Engine               - profileDir: profiles/
18:18:33.308 [FXGL Background Thread 3 ] DEBUG Engine               - profileName: StringProperty [value: DEFAULT]
18:18:33.308 [FXGL Background Thread 3 ] DEBUG Engine               - randomSeed: -1
18:18:33.308 [FXGL Background Thread 3 ] DEBUG Engine               - runtimeInfo: RuntimeInfo(platform=MAC, version=11.16, build=25.05.2021 08.16)
18:18:33.308 [FXGL Background Thread 3 ] DEBUG Engine               - saveFileExt: sav
18:18:33.308 [FXGL Background Thread 3 ] DEBUG Engine               - scaledHeightProp$fxgl: DoubleProperty [bound, value: 800.0]
18:18:33.308 [FXGL Background Thread 3 ] DEBUG Engine               - scaledWidthProp$fxgl: DoubleProperty [bound, value: 800.0]
18:18:33.308 [FXGL Background Thread 3 ] DEBUG Engine               - sceneFactory: com.almasb.fxgl.app.scene.SceneFactory@6a120290
18:18:33.308 [FXGL Background Thread 3 ] DEBUG Engine               - secondsIn24h: 60
18:18:33.308 [FXGL Background Thread 3 ] DEBUG Engine               - soundMenuBack: menu/back.wav
18:18:33.308 [FXGL Background Thread 3 ] DEBUG Engine               - soundMenuPress: menu/press.wav
18:18:33.308 [FXGL Background Thread 3 ] DEBUG Engine               - soundMenuSelect: menu/select.wav
18:18:33.308 [FXGL Background Thread 3 ] DEBUG Engine               - soundNotification: core/notification.wav
18:18:33.308 [FXGL Background Thread 3 ] DEBUG Engine               - stageStyle: DECORATED
18:18:33.308 [FXGL Background Thread 3 ] DEBUG Engine               - supportedLanguages: [ENGLISH, FRENCH, GERMAN, HUNGARIAN, RUSSIAN]
18:18:33.308 [FXGL Background Thread 3 ] DEBUG Engine               - ticksPerSecond: -1
18:18:33.308 [FXGL Background Thread 3 ] DEBUG Engine               - title: Pokemon
18:18:33.308 [FXGL Background Thread 3 ] DEBUG Engine               - urlGithub: https://github.com/AlmasB/FXGL
18:18:33.308 [FXGL Background Thread 3 ] DEBUG Engine               - urlLeaderboard: http://fxgl-top.herokuapp.com/
18:18:33.308 [FXGL Background Thread 3 ] DEBUG Engine               - urlPOM: https://raw.githubusercontent.com/AlmasB/FXGL/release/README.md
18:18:33.308 [FXGL Background Thread 3 ] DEBUG Engine               - userAppClass: class App.Overworld
18:18:33.309 [FXGL Background Thread 3 ] DEBUG Engine               - version: Beta 0.1
18:18:33.309 [FXGL Background Thread 3 ] DEBUG Engine               - versionCheckDays: 7
18:18:33.309 [FXGL Background Thread 3 ] DEBUG Engine               - width: 800
18:18:33.309 [FXGL Background Thread 3 ] DEBUG Engine               - Logging services
18:18:33.309 [FXGL Background Thread 3 ] DEBUG Engine               - class com.almasb.fxgl.app.services.FXGLAssetLoaderService
18:18:33.309 [FXGL Background Thread 3 ] DEBUG Engine               - class com.almasb.fxgl.app.FXGLApplication$GameApplicationService
18:18:33.309 [FXGL Background Thread 3 ] DEBUG Engine               - class com.almasb.fxgl.app.services.FXGLDialogService
18:18:33.309 [FXGL Background Thread 3 ] DEBUG Engine               - class com.almasb.fxgl.app.services.IOTaskExecutorService
18:18:33.309 [FXGL Background Thread 3 ] DEBUG Engine               - class com.almasb.fxgl.io.FileSystemService
18:18:33.309 [FXGL Background Thread 3 ] DEBUG Engine               - class com.almasb.fxgl.localization.LocalizationService
18:18:33.310 [FXGL Background Thread 3 ] DEBUG Engine               - class com.almasb.fxgl.app.services.SystemBundleService
18:18:33.310 [FXGL Background Thread 3 ] DEBUG Engine               - class com.almasb.fxgl.profile.SaveLoadService
18:18:33.310 [FXGL Background Thread 3 ] DEBUG Engine               - class com.almasb.fxgl.ui.FXGLUIFactoryServiceProvider
18:18:33.310 [FXGL Background Thread 3 ] DEBUG Engine               - class com.almasb.fxgl.ui.FXGLDialogFactoryServiceProvider
18:18:33.310 [FXGL Background Thread 3 ] DEBUG Engine               - class com.almasb.fxgl.audio.AudioPlayer
18:18:33.310 [FXGL Background Thread 3 ] DEBUG Engine               - class com.almasb.fxgl.notification.impl.NotificationServiceProvider
18:18:33.310 [FXGL Background Thread 3 ] DEBUG Engine               - class com.almasb.fxgl.achievement.AchievementService
18:18:33.310 [FXGL Background Thread 3 ] DEBUG Engine               - class com.almasb.fxgl.cutscene.CutsceneService
18:18:33.310 [FXGL Background Thread 3 ] DEBUG Engine               - class com.almasb.fxgl.minigames.MiniGameService
18:18:33.310 [FXGL Background Thread 3 ] DEBUG Engine               - class com.almasb.fxgl.net.NetService
18:18:33.310 [FXGL Background Thread 3 ] DEBUG Engine               - class com.almasb.fxgl.app.services.UpdaterService
18:18:33.310 [FXGL Background Thread 3 ] DEBUG Engine               - class com.almasb.fxgl.dev.DevService
18:19:27.428 [JavaFX Application Thread] DEBUG FXGLApplication      - Exiting FXGL
18:19:27.439 [JavaFX Application Thread] DEBUG LoopRunner           - Stopping loop
18:19:27.440 [JavaFX Application Thread] DEBUG SystemBundleService  - Saving FXGL system data
18:19:27.448 [JavaFX Application Thread] DEBUG FileSystemAccess     - Writing to: /Users/cody/Desktop/PokemonM/system/fxgl.bundle
18:19:27.453 [JavaFX Application Thread] DEBUG Async                - Shutting down background threads
18:19:27.454 [JavaFX Application Thread] DEBUG PrimaryStageWindow   - Closing main window
18:19:27.480 [JavaFX Application Thread] DEBUG Logger               - Closing Logger
