20:25:11.146 [main                     ] DEBUG Logger               - Configured Logger
20:25:11.176 [main                     ] DEBUG GameApplication      - Logging settings
Title: Pokemon
Version: Beta 0.1
Width: 800
Height: 800
Fullscreen: false
Intro: false
Profiling: false
Single step:false
App Mode: DEVELOPER
Menu Key: ESCAPE
Stage Style: DECORATED
Scene Factory: class com.almasb.fxgl.app.scene.SceneFactory

20:25:11.813 [JavaFX Application Thread] DEBUG FXGLApplication      - Initializing FXGL
20:25:11.822 [JavaFX Application Thread] INFO  Engine               - FXGL-11.16 (25.05.2021 08.16) on MAC (J:11.0.12 FX:16)
20:25:11.823 [JavaFX Application Thread] DEBUG Engine               - JRE Vendor Name: Oracle Corporation
20:25:11.824 [JavaFX Application Thread] DEBUG Engine               - Running on OS: Mac OS X version 11.3
20:25:11.824 [JavaFX Application Thread] DEBUG Engine               - Architecture: x86_64
20:25:11.826 [JavaFX Application Thread] INFO  Engine               - Source code and latest versions at: https://github.com/AlmasB/FXGL
20:25:11.826 [JavaFX Application Thread] INFO  Engine               -              Join the FXGL chat at: https://gitter.im/AlmasB/FXGL
20:25:11.981 [JavaFX Application Thread] DEBUG PrimaryStageWindow   - Creating a JavaFX scene
20:25:12.066 [JavaFX Application Thread] DEBUG PrimaryStageWindow   - Target settings size: 800.0 x 800.0
20:25:12.067 [JavaFX Application Thread] DEBUG PrimaryStageWindow   - Scaled scene size:    800.0 x 800.0
20:25:12.067 [JavaFX Application Thread] DEBUG PrimaryStageWindow   - Scaled ratio: (1.0, 1.0)
20:25:12.068 [JavaFX Application Thread] DEBUG PrimaryStageWindow   - Set initial scene to FXGLStartupScene
20:25:12.073 [JavaFX Application Thread] DEBUG PrimaryStageWindow   - Opening main window
20:25:12.281 [JavaFX Application Thread] DEBUG PrimaryStageWindow   - Window border size: (0.0, 28.0)
20:25:12.282 [JavaFX Application Thread] DEBUG PrimaryStageWindow   - Scaled size: 800.0 x 800.0
20:25:12.282 [JavaFX Application Thread] DEBUG PrimaryStageWindow   - Scaled ratio: (1.0, 1.0)
20:25:12.283 [JavaFX Application Thread] DEBUG PrimaryStageWindow   - Scene size: 800.0 x 800.0
20:25:12.283 [JavaFX Application Thread] DEBUG PrimaryStageWindow   - Stage size: 800.0 x 828.0
20:25:12.293 [FXGL Background Thread 1 ] DEBUG Engine               - Initializing environment variables
20:25:12.534 [FXGL Background Thread 1 ] DEBUG FXGLAssetLoaderServi - User app class for loading assets: class App.Overworld
20:25:12.536 [FXGL Background Thread 1 ] DEBUG GameApplicationServi - Applying CSS: fxgl_dark.css
20:25:12.543 [FXGL Background Thread 1 ] DEBUG FXGLAssetLoaderServi - Loading from file system: jar:file:/Users/cody/.m2/repository/com/github/almasb/fxgl/11.16/fxgl-11.16.jar!/fxglassets/ui/css/fxgl_dark.css
20:25:12.702 [FXGL Background Thread 1 ] DEBUG GameApplicationServi - Initializing application scenes
20:25:13.017 [FXGL Background Thread 1 ] DEBUG GameWorld            - Game world initialized
20:25:13.072 [FXGL Background Thread 1 ] DEBUG PhysicsWorld         - Physics world initialized: appHeight=800, physics.ppm=50.0
20:25:13.074 [FXGL Background Thread 1 ] DEBUG PhysicsWorld         - Using strategy: BRUTE_FORCE
20:25:13.082 [FXGL Background Thread 1 ] DEBUG GameScene            - Game scene initialized: 800x800
20:25:13.094 [FXGL Background Thread 1 ] DEBUG FXGL.DefaultMenu     - createMenuBodyGameMenu()
20:25:13.114 [FXGL Background Thread 1 ] DEBUG FXGL.DefaultMenu     - createOptionsMenu()
20:25:13.124 [FXGL Background Thread 1 ] DEBUG FXGLAssetLoaderServi - Loading from file system: jar:file:/Users/cody/.m2/repository/com/github/almasb/fxgl/11.16/fxgl-11.16.jar!/fxglassets/textures/particles/smoke.png
20:25:13.263 [FXGL Background Thread 1 ] DEBUG FXGLAssetLoaderServi - Loading from file system: jar:file:/Users/cody/.m2/repository/com/github/almasb/fxgl/11.16/fxgl-11.16.jar!/fxglassets/textures/particles/trace_horizontal.png
20:25:13.301 [FXGL Background Thread 1 ] DEBUG GameApplicationServi - Application scenes initialized
20:25:13.311 [FXGL Background Thread 1 ] DEBUG SystemBundleService  - Loading FXGL system data
20:25:13.316 [FXGL Background Thread 1 ] DEBUG FileSystemAccess     - Reading from: /Users/cody/Desktop/PokemonM/system/fxgl.bundle
20:25:13.324 [FXGL Background Thread 1 ] DEBUG SystemBundleService  - Bundle FXGL: {}
20:25:13.324 [FXGL Background Thread 1 ] DEBUG UpdaterService       - Checking for updates
20:25:13.329 [FXGL Background Thread 4 ] DEBUG FXGLApplication      - Loading fonts
20:25:13.330 [FXGL Background Thread 1 ] DEBUG FXGLApplication      - Loading default localization
20:25:13.334 [FXGL Background Thread 1 ] DEBUG FXGLAssetLoaderServi - Loading from file system: jar:file:/Users/cody/.m2/repository/com/github/almasb/fxgl/11.16/fxgl-11.16.jar!/fxglassets/languages/english.lang
20:25:13.337 [FXGL Background Thread 4 ] DEBUG FXGLAssetLoaderServi - Loading from file system: jar:file:/Users/cody/.m2/repository/com/github/almasb/fxgl/11.16/fxgl-11.16.jar!/fxglassets/ui/fonts/VarelaRound-Regular.ttf
20:25:13.384 [FXGL Background Thread 1 ] INFO  FXGLApplication      - FXGL initialization took: 1.086 sec
20:25:13.402 [FXGL Background Thread 4 ] DEBUG FXGLAssetLoaderServi - Loading from file system: jar:file:/Users/cody/.m2/repository/com/github/almasb/fxgl/11.16/fxgl-11.16.jar!/fxglassets/ui/fonts/Abel-Regular.ttf
20:25:13.417 [FXGL Background Thread 4 ] DEBUG FXGLAssetLoaderServi - Loading from file system: jar:file:/Users/cody/.m2/repository/com/github/almasb/fxgl/11.16/fxgl-11.16.jar!/fxglassets/ui/fonts/lucida_console.ttf
20:25:13.427 [FXGL Background Thread 4 ] DEBUG FXGLAssetLoaderServi - Loading from file system: jar:file:/Users/cody/.m2/repository/com/github/almasb/fxgl/11.16/fxgl-11.16.jar!/fxglassets/ui/fonts/Courier-Prime.ttf
20:25:13.462 [JavaFX Application Thread] DEBUG FXGLAssetLoaderServi - Loading from file system: jar:file:/Users/cody/.m2/repository/com/github/almasb/fxgl/11.16/fxgl-11.16.jar!/fxglassets/textures/fxgl_icon.png
20:25:13.514 [JavaFX Application Thread] DEBUG FXGLAssetLoaderServi - Loading from file system: jar:file:/Users/cody/.m2/repository/com/github/almasb/fxgl/11.16/fxgl-11.16.jar!/fxglassets/textures/fxgl_default_cursor.png
20:25:13.532 [JavaFX Application Thread] DEBUG Input                - Registered new binding: Screenshot - CTRL+8
20:25:13.544 [JavaFX Application Thread] DEBUG Input                - Registered new binding: System info dump - CTRL+9
20:25:13.547 [JavaFX Application Thread] DEBUG Input                - Registered new binding: Restart - CTRL+R
20:25:13.550 [JavaFX Application Thread] DEBUG Input                - Registered new binding: Toggle Debug Camera - CTRL+C
20:25:13.557 [JavaFX Application Thread] DEBUG LoopRunner           - Starting loop
20:25:13.560 [JavaFX Application Thread] DEBUG LoopRunner           - Initializing JavaFX AnimationTimerLoop
20:25:13.562 [JavaFX Application Thread] DEBUG GameApplicationServi - Starting new game
20:25:13.564 [JavaFX Application Thread] DEBUG Input                - Clearing active input actions
20:25:13.634 [JavaFX Application Thread] DEBUG GameApplicationServi - Removing overlay from FXGLStartupScene and adding to FXGLLoadingScene
20:25:13.635 [JavaFX Application Thread] DEBUG PrimaryStageWindow   - FXGLStartupScene -> FXGLLoadingScene
20:25:13.635 [JavaFX Application Thread] DEBUG GameApplicationServi - Clearing previous game
20:25:13.636 [JavaFX Application Thread] DEBUG GameScene            - Clearing game scene
20:25:13.636 [JavaFX Application Thread] DEBUG GameWorld            - Clearing game world
20:25:13.636 [JavaFX Application Thread] DEBUG PhysicsWorld         - Clearing physics world
20:25:13.637 [FXGL Background Thread 4 ] DEBUG FXGLApplication      - Initializing game
20:25:13.691 [JavaFX Application Thread] DEBUG FXGLApplication      - Registering font factories with UI factory
20:25:13.934 [FXGL Background Thread 4 ] INFO  FXGLApplication      - Game initialization took: 0.290 sec
20:25:13.982 [JavaFX Application Thread] DEBUG Input                - Clearing active input actions
20:25:14.077 [JavaFX Application Thread] DEBUG GameApplicationServi - Removing overlay from FXGLLoadingScene and adding to GameScene
20:25:14.078 [JavaFX Application Thread] DEBUG PrimaryStageWindow   - FXGLLoadingScene -> GameScene
20:25:14.435 [FXGL Background Thread 2 ] INFO  UpdaterService       - Your current version:  11.16
20:25:14.437 [FXGL Background Thread 2 ] INFO  UpdaterService       - Latest stable version: 11.17
20:25:16.333 [FXGL Background Thread 3 ] DEBUG Engine               - Logging environment variables
20:25:16.337 [FXGL Background Thread 3 ] DEBUG Engine               - achievements: []
20:25:16.337 [FXGL Background Thread 3 ] DEBUG Engine               - actualHeight: 800.0
20:25:16.337 [FXGL Background Thread 3 ] DEBUG Engine               - actualHeightProperty: ReadOnlyDoubleProperty [value: 800.0]
20:25:16.337 [FXGL Background Thread 3 ] DEBUG Engine               - actualWidth: 800.0
20:25:16.338 [FXGL Background Thread 3 ] DEBUG Engine               - actualWidthProperty: ReadOnlyDoubleProperty [value: 800.0]
20:25:16.338 [FXGL Background Thread 3 ] DEBUG Engine               - appIcon: fxgl_icon.png
20:25:16.339 [FXGL Background Thread 3 ] DEBUG Engine               - applicationMode: DEVELOPER
20:25:16.339 [FXGL Background Thread 3 ] DEBUG Engine               - cSSList: [fxgl_dark.css]
20:25:16.339 [FXGL Background Thread 3 ] DEBUG Engine               - collisionDetectionStrategy: BRUTE_FORCE
20:25:16.340 [FXGL Background Thread 3 ] DEBUG Engine               - configClass: Optional.empty
20:25:16.340 [FXGL Background Thread 3 ] DEBUG Engine               - credits: []
20:25:16.340 [FXGL Background Thread 3 ] DEBUG Engine               - defaultCursor: CursorInfo(imageName=fxgl_default_cursor.png, hotspotX=7.0, hotspotY=6.0)
20:25:16.345 [FXGL Background Thread 3 ] DEBUG Engine               - devBBoxColorProperty: ObjectProperty [value: 0xff0000ff]
20:25:16.345 [FXGL Background Thread 3 ] DEBUG Engine               - devEnableDebugCameraProperty: BooleanProperty [value: false]
20:25:16.345 [FXGL Background Thread 3 ] DEBUG Engine               - devSensorColorProperty: ObjectProperty [value: 0xffff00ff]
20:25:16.346 [FXGL Background Thread 3 ] DEBUG Engine               - devShowBBoxProperty: BooleanProperty [value: false]
20:25:16.346 [FXGL Background Thread 3 ] DEBUG Engine               - devShowPositionProperty: BooleanProperty [value: false]
20:25:16.346 [FXGL Background Thread 3 ] DEBUG Engine               - enabledMenuItems: []
20:25:16.346 [FXGL Background Thread 3 ] DEBUG Engine               - engineServices: [class com.almasb.fxgl.app.services.FXGLAssetLoaderService, class com.almasb.fxgl.app.FXGLApplication$GameApplicationService, class com.almasb.fxgl.app.services.FXGLDialogService, class com.almasb.fxgl.app.services.IOTaskExecutorService, class com.almasb.fxgl.io.FileSystemService, class com.almasb.fxgl.localization.LocalizationService, class com.almasb.fxgl.app.services.SystemBundleService, class com.almasb.fxgl.profile.SaveLoadService, class com.almasb.fxgl.ui.FXGLUIFactoryServiceProvider, class com.almasb.fxgl.ui.FXGLDialogFactoryServiceProvider, class com.almasb.fxgl.audio.AudioPlayer, class com.almasb.fxgl.notification.impl.NotificationServiceProvider, class com.almasb.fxgl.achievement.AchievementService, class com.almasb.fxgl.cutscene.CutsceneService, class com.almasb.fxgl.minigames.MiniGameService, class com.almasb.fxgl.net.NetService, class com.almasb.fxgl.app.services.UpdaterService, class com.almasb.fxgl.dev.DevService]
20:25:16.349 [FXGL Background Thread 3 ] DEBUG Engine               - fontGame: Abel-Regular.ttf
20:25:16.349 [FXGL Background Thread 3 ] DEBUG Engine               - fontMono: lucida_console.ttf
20:25:16.349 [FXGL Background Thread 3 ] DEBUG Engine               - fontText: Courier-Prime.ttf
20:25:16.349 [FXGL Background Thread 3 ] DEBUG Engine               - fontUI: VarelaRound-Regular.ttf
20:25:16.349 [FXGL Background Thread 3 ] DEBUG Engine               - fullScreen: BooleanProperty [value: false]
20:25:16.349 [FXGL Background Thread 3 ] DEBUG Engine               - gameDifficulty: MEDIUM
20:25:16.349 [FXGL Background Thread 3 ] DEBUG Engine               - gameDifficultyProperty: ObjectProperty [value: MEDIUM]
20:25:16.350 [FXGL Background Thread 3 ] DEBUG Engine               - globalMusicVolume: 0.5
20:25:16.350 [FXGL Background Thread 3 ] DEBUG Engine               - globalMusicVolumeProperty: DoubleProperty [value: 0.5]
20:25:16.350 [FXGL Background Thread 3 ] DEBUG Engine               - globalSoundVolume: 0.5
20:25:16.350 [FXGL Background Thread 3 ] DEBUG Engine               - globalSoundVolumeProperty: DoubleProperty [value: 0.5]
20:25:16.350 [FXGL Background Thread 3 ] DEBUG Engine               - height: 800
20:25:16.350 [FXGL Background Thread 3 ] DEBUG Engine               - is3D: false
20:25:16.350 [FXGL Background Thread 3 ] DEBUG Engine               - isAndroid: false
20:25:16.350 [FXGL Background Thread 3 ] DEBUG Engine               - isBrowser: false
20:25:16.351 [FXGL Background Thread 3 ] DEBUG Engine               - isClickFeedbackEnabled: false
20:25:16.357 [FXGL Background Thread 3 ] DEBUG Engine               - isCloseConfirmation: false
20:25:16.358 [FXGL Background Thread 3 ] DEBUG Engine               - isDesktop: true
20:25:16.358 [FXGL Background Thread 3 ] DEBUG Engine               - isDeveloperMenuEnabled: false
20:25:16.358 [FXGL Background Thread 3 ] DEBUG Engine               - isEntityPreloadEnabled: true
20:25:16.358 [FXGL Background Thread 3 ] DEBUG Engine               - isExperimentalTiledLargeMap: false
20:25:16.358 [FXGL Background Thread 3 ] DEBUG Engine               - isFileSystemWriteAllowed: true
20:25:16.358 [FXGL Background Thread 3 ] DEBUG Engine               - isFullScreenAllowed: false
20:25:16.359 [FXGL Background Thread 3 ] DEBUG Engine               - isFullScreenFromStart: false
20:25:16.359 [FXGL Background Thread 3 ] DEBUG Engine               - isGameMenuEnabled: true
20:25:16.359 [FXGL Background Thread 3 ] DEBUG Engine               - isIOS: false
20:25:16.359 [FXGL Background Thread 3 ] DEBUG Engine               - isIntroEnabled: false
20:25:16.359 [FXGL Background Thread 3 ] DEBUG Engine               - isLinux: false
20:25:16.359 [FXGL Background Thread 3 ] DEBUG Engine               - isMac: true
20:25:16.359 [FXGL Background Thread 3 ] DEBUG Engine               - isMainMenuEnabled: false
20:25:16.359 [FXGL Background Thread 3 ] DEBUG Engine               - isManualResizeEnabled: false
20:25:16.359 [FXGL Background Thread 3 ] DEBUG Engine               - isMobile: false
20:25:16.359 [FXGL Background Thread 3 ] DEBUG Engine               - isNative: false
20:25:16.359 [FXGL Background Thread 3 ] DEBUG Engine               - isPreserveResizeRatio: false
20:25:16.359 [FXGL Background Thread 3 ] DEBUG Engine               - isProfilingEnabled: false
20:25:16.360 [FXGL Background Thread 3 ] DEBUG Engine               - isScaleAffectedOnResize: true
20:25:16.362 [FXGL Background Thread 3 ] DEBUG Engine               - isSingleStep: false
20:25:16.370 [FXGL Background Thread 3 ] DEBUG Engine               - isUserProfileEnabled: false
20:25:16.371 [FXGL Background Thread 3 ] DEBUG Engine               - isWindows: false
20:25:16.371 [FXGL Background Thread 3 ] DEBUG Engine               - language: ObjectProperty [value: ENGLISH]
20:25:16.371 [FXGL Background Thread 3 ] DEBUG Engine               - menuKey: ESCAPE
20:25:16.371 [FXGL Background Thread 3 ] DEBUG Engine               - mouseSensitivity: 0.2
20:25:16.372 [FXGL Background Thread 3 ] DEBUG Engine               - notificationViewClass: class com.almasb.fxgl.notification.view.XboxNotificationView
20:25:16.372 [FXGL Background Thread 3 ] DEBUG Engine               - pixelsPerMeter: 50.0
20:25:16.372 [FXGL Background Thread 3 ] DEBUG Engine               - platform: MAC
20:25:16.372 [FXGL Background Thread 3 ] DEBUG Engine               - prefHeightProperty: ReadOnlyDoubleProperty [value: 800.0]
20:25:16.372 [FXGL Background Thread 3 ] DEBUG Engine               - prefWidthProperty: ReadOnlyDoubleProperty [value: 800.0]
20:25:16.372 [FXGL Background Thread 3 ] DEBUG Engine               - profileDir: profiles/
20:25:16.372 [FXGL Background Thread 3 ] DEBUG Engine               - profileName: StringProperty [value: DEFAULT]
20:25:16.372 [FXGL Background Thread 3 ] DEBUG Engine               - randomSeed: -1
20:25:16.372 [FXGL Background Thread 3 ] DEBUG Engine               - runtimeInfo: RuntimeInfo(platform=MAC, version=11.16, build=25.05.2021 08.16)
20:25:16.372 [FXGL Background Thread 3 ] DEBUG Engine               - saveFileExt: sav
20:25:16.372 [FXGL Background Thread 3 ] DEBUG Engine               - scaledHeightProp$fxgl: DoubleProperty [bound, value: 800.0]
20:25:16.372 [FXGL Background Thread 3 ] DEBUG Engine               - scaledWidthProp$fxgl: DoubleProperty [bound, value: 800.0]
20:25:16.373 [FXGL Background Thread 3 ] DEBUG Engine               - sceneFactory: com.almasb.fxgl.app.scene.SceneFactory@2a53c7c3
20:25:16.373 [FXGL Background Thread 3 ] DEBUG Engine               - secondsIn24h: 60
20:25:16.373 [FXGL Background Thread 3 ] DEBUG Engine               - soundMenuBack: menu/back.wav
20:25:16.373 [FXGL Background Thread 3 ] DEBUG Engine               - soundMenuPress: menu/press.wav
20:25:16.373 [FXGL Background Thread 3 ] DEBUG Engine               - soundMenuSelect: menu/select.wav
20:25:16.373 [FXGL Background Thread 3 ] DEBUG Engine               - soundNotification: core/notification.wav
20:25:16.373 [FXGL Background Thread 3 ] DEBUG Engine               - stageStyle: DECORATED
20:25:16.373 [FXGL Background Thread 3 ] DEBUG Engine               - supportedLanguages: [ENGLISH, FRENCH, GERMAN, HUNGARIAN, RUSSIAN]
20:25:16.373 [FXGL Background Thread 3 ] DEBUG Engine               - ticksPerSecond: -1
20:25:16.373 [FXGL Background Thread 3 ] DEBUG Engine               - title: Pokemon
20:25:16.373 [FXGL Background Thread 3 ] DEBUG Engine               - urlGithub: https://github.com/AlmasB/FXGL
20:25:16.373 [FXGL Background Thread 3 ] DEBUG Engine               - urlLeaderboard: http://fxgl-top.herokuapp.com/
20:25:16.373 [FXGL Background Thread 3 ] DEBUG Engine               - urlPOM: https://raw.githubusercontent.com/AlmasB/FXGL/release/README.md
20:25:16.373 [FXGL Background Thread 3 ] DEBUG Engine               - userAppClass: class App.Overworld
20:25:16.373 [FXGL Background Thread 3 ] DEBUG Engine               - version: Beta 0.1
20:25:16.373 [FXGL Background Thread 3 ] DEBUG Engine               - versionCheckDays: 7
20:25:16.373 [FXGL Background Thread 3 ] DEBUG Engine               - width: 800
20:25:16.373 [FXGL Background Thread 3 ] DEBUG Engine               - Logging services
20:25:16.373 [FXGL Background Thread 3 ] DEBUG Engine               - class com.almasb.fxgl.app.services.FXGLAssetLoaderService
20:25:16.373 [FXGL Background Thread 3 ] DEBUG Engine               - class com.almasb.fxgl.app.FXGLApplication$GameApplicationService
20:25:16.373 [FXGL Background Thread 3 ] DEBUG Engine               - class com.almasb.fxgl.app.services.FXGLDialogService
20:25:16.373 [FXGL Background Thread 3 ] DEBUG Engine               - class com.almasb.fxgl.app.services.IOTaskExecutorService
20:25:16.373 [FXGL Background Thread 3 ] DEBUG Engine               - class com.almasb.fxgl.io.FileSystemService
20:25:16.373 [FXGL Background Thread 3 ] DEBUG Engine               - class com.almasb.fxgl.localization.LocalizationService
20:25:16.373 [FXGL Background Thread 3 ] DEBUG Engine               - class com.almasb.fxgl.app.services.SystemBundleService
20:25:16.373 [FXGL Background Thread 3 ] DEBUG Engine               - class com.almasb.fxgl.profile.SaveLoadService
20:25:16.374 [FXGL Background Thread 3 ] DEBUG Engine               - class com.almasb.fxgl.ui.FXGLUIFactoryServiceProvider
20:25:16.374 [FXGL Background Thread 3 ] DEBUG Engine               - class com.almasb.fxgl.ui.FXGLDialogFactoryServiceProvider
20:25:16.374 [FXGL Background Thread 3 ] DEBUG Engine               - class com.almasb.fxgl.audio.AudioPlayer
20:25:16.374 [FXGL Background Thread 3 ] DEBUG Engine               - class com.almasb.fxgl.notification.impl.NotificationServiceProvider
20:25:16.374 [FXGL Background Thread 3 ] DEBUG Engine               - class com.almasb.fxgl.achievement.AchievementService
20:25:16.374 [FXGL Background Thread 3 ] DEBUG Engine               - class com.almasb.fxgl.cutscene.CutsceneService
20:25:16.374 [FXGL Background Thread 3 ] DEBUG Engine               - class com.almasb.fxgl.minigames.MiniGameService
20:25:16.374 [FXGL Background Thread 3 ] DEBUG Engine               - class com.almasb.fxgl.net.NetService
20:25:16.374 [FXGL Background Thread 3 ] DEBUG Engine               - class com.almasb.fxgl.app.services.UpdaterService
20:25:16.374 [FXGL Background Thread 3 ] DEBUG Engine               - class com.almasb.fxgl.dev.DevService
20:28:19.494 [JavaFX Application Thread] DEBUG FXGLApplication      - Exiting FXGL
20:28:19.507 [JavaFX Application Thread] DEBUG LoopRunner           - Stopping loop
20:28:19.508 [JavaFX Application Thread] DEBUG SystemBundleService  - Saving FXGL system data
20:28:19.520 [JavaFX Application Thread] DEBUG FileSystemAccess     - Writing to: /Users/cody/Desktop/PokemonM/system/fxgl.bundle
20:28:19.528 [JavaFX Application Thread] DEBUG Async                - Shutting down background threads
20:28:19.529 [JavaFX Application Thread] DEBUG PrimaryStageWindow   - Closing main window
20:28:19.549 [JavaFX Application Thread] DEBUG Logger               - Closing Logger
