17:26:46.120 [main                     ] DEBUG Logger               - Configured Logger
17:26:46.158 [main                     ] DEBUG GameApplication      - Logging settings
Title: Pokemon
Version: Beta 0.1
Width: 800
Height: 800
Fullscreen: false
Intro: false
Profiling: false
Single step:false
App Mode: DEVELOPER
Menu Key: ESCAPE
Stage Style: DECORATED
Scene Factory: class com.almasb.fxgl.app.scene.SceneFactory

17:26:46.942 [JavaFX Application Thread] DEBUG FXGLApplication      - Initializing FXGL
17:26:46.946 [JavaFX Application Thread] INFO  Engine               - FXGL-11.16 (25.05.2021 08.16) on MAC (J:11.0.12 FX:16)
17:26:46.946 [JavaFX Application Thread] DEBUG Engine               - JRE Vendor Name: Oracle Corporation
17:26:46.947 [JavaFX Application Thread] DEBUG Engine               - Running on OS: Mac OS X version 11.3
17:26:46.947 [JavaFX Application Thread] DEBUG Engine               - Architecture: x86_64
17:26:46.947 [JavaFX Application Thread] INFO  Engine               - Source code and latest versions at: https://github.com/AlmasB/FXGL
17:26:46.947 [JavaFX Application Thread] INFO  Engine               -              Join the FXGL chat at: https://gitter.im/AlmasB/FXGL
17:26:47.219 [JavaFX Application Thread] DEBUG PrimaryStageWindow   - Creating a JavaFX scene
17:26:47.345 [JavaFX Application Thread] DEBUG PrimaryStageWindow   - Target settings size: 800.0 x 800.0
17:26:47.345 [JavaFX Application Thread] DEBUG PrimaryStageWindow   - Scaled scene size:    800.0 x 800.0
17:26:47.346 [JavaFX Application Thread] DEBUG PrimaryStageWindow   - Scaled ratio: (1.0, 1.0)
17:26:47.347 [JavaFX Application Thread] DEBUG PrimaryStageWindow   - Set initial scene to FXGLStartupScene
17:26:47.361 [JavaFX Application Thread] DEBUG PrimaryStageWindow   - Opening main window
17:26:47.577 [JavaFX Application Thread] DEBUG PrimaryStageWindow   - Window border size: (0.0, 28.0)
17:26:47.577 [JavaFX Application Thread] DEBUG PrimaryStageWindow   - Scaled size: 800.0 x 800.0
17:26:47.578 [JavaFX Application Thread] DEBUG PrimaryStageWindow   - Scaled ratio: (1.0, 1.0)
17:26:47.578 [JavaFX Application Thread] DEBUG PrimaryStageWindow   - Scene size: 800.0 x 800.0
17:26:47.578 [JavaFX Application Thread] DEBUG PrimaryStageWindow   - Stage size: 800.0 x 828.0
17:26:47.609 [FXGL Background Thread 1 ] DEBUG Engine               - Initializing environment variables
17:26:47.762 [FXGL Background Thread 1 ] DEBUG FXGLAssetLoaderServi - User app class for loading assets: class App.Overworld
17:26:47.771 [FXGL Background Thread 1 ] DEBUG GameApplicationServi - Applying CSS: fxgl_dark.css
17:26:47.775 [FXGL Background Thread 1 ] DEBUG FXGLAssetLoaderServi - Loading from file system: jar:file:/Users/cody/.m2/repository/com/github/almasb/fxgl/11.16/fxgl-11.16.jar!/fxglassets/ui/css/fxgl_dark.css
17:26:47.906 [FXGL Background Thread 1 ] DEBUG GameApplicationServi - Initializing application scenes
17:26:48.262 [FXGL Background Thread 1 ] DEBUG GameWorld            - Game world initialized
17:26:48.311 [FXGL Background Thread 1 ] DEBUG PhysicsWorld         - Physics world initialized: appHeight=800, physics.ppm=50.0
17:26:48.311 [FXGL Background Thread 1 ] DEBUG PhysicsWorld         - Using strategy: BRUTE_FORCE
17:26:48.320 [FXGL Background Thread 1 ] DEBUG GameScene            - Game scene initialized: 800x800
17:26:48.332 [FXGL Background Thread 1 ] DEBUG FXGL.DefaultMenu     - createMenuBodyGameMenu()
17:26:48.348 [FXGL Background Thread 1 ] DEBUG FXGL.DefaultMenu     - createOptionsMenu()
17:26:48.362 [FXGL Background Thread 1 ] DEBUG FXGLAssetLoaderServi - Loading from file system: jar:file:/Users/cody/.m2/repository/com/github/almasb/fxgl/11.16/fxgl-11.16.jar!/fxglassets/textures/particles/smoke.png
17:26:48.513 [FXGL Background Thread 1 ] DEBUG FXGLAssetLoaderServi - Loading from file system: jar:file:/Users/cody/.m2/repository/com/github/almasb/fxgl/11.16/fxgl-11.16.jar!/fxglassets/textures/particles/trace_horizontal.png
17:26:48.542 [FXGL Background Thread 1 ] DEBUG GameApplicationServi - Application scenes initialized
17:26:48.559 [FXGL Background Thread 1 ] DEBUG SystemBundleService  - Loading FXGL system data
17:26:48.570 [FXGL Background Thread 1 ] DEBUG FileSystemAccess     - Reading from: /Users/cody/Desktop/PokemonM/system/fxgl.bundle
17:26:48.582 [FXGL Background Thread 1 ] DEBUG SystemBundleService  - Bundle FXGL: {}
17:26:48.583 [FXGL Background Thread 1 ] DEBUG UpdaterService       - Checking for updates
17:26:48.593 [FXGL Background Thread 4 ] DEBUG FXGLApplication      - Loading fonts
17:26:48.597 [FXGL Background Thread 1 ] DEBUG FXGLApplication      - Loading default localization
17:26:48.597 [FXGL Background Thread 4 ] DEBUG FXGLAssetLoaderServi - Loading from file system: jar:file:/Users/cody/.m2/repository/com/github/almasb/fxgl/11.16/fxgl-11.16.jar!/fxglassets/ui/fonts/VarelaRound-Regular.ttf
17:26:48.601 [FXGL Background Thread 1 ] DEBUG FXGLAssetLoaderServi - Loading from file system: jar:file:/Users/cody/.m2/repository/com/github/almasb/fxgl/11.16/fxgl-11.16.jar!/fxglassets/languages/english.lang
17:26:48.686 [FXGL Background Thread 4 ] DEBUG FXGLAssetLoaderServi - Loading from file system: jar:file:/Users/cody/.m2/repository/com/github/almasb/fxgl/11.16/fxgl-11.16.jar!/fxglassets/ui/fonts/Abel-Regular.ttf
17:26:48.689 [FXGL Background Thread 1 ] INFO  FXGLApplication      - FXGL initialization took: 1.080 sec
17:26:48.695 [FXGL Background Thread 4 ] DEBUG FXGLAssetLoaderServi - Loading from file system: jar:file:/Users/cody/.m2/repository/com/github/almasb/fxgl/11.16/fxgl-11.16.jar!/fxglassets/ui/fonts/lucida_console.ttf
17:26:48.701 [FXGL Background Thread 4 ] DEBUG FXGLAssetLoaderServi - Loading from file system: jar:file:/Users/cody/.m2/repository/com/github/almasb/fxgl/11.16/fxgl-11.16.jar!/fxglassets/ui/fonts/Courier-Prime.ttf
17:26:48.702 [JavaFX Application Thread] DEBUG Input                - Registered new binding: Right - D
17:26:48.703 [JavaFX Application Thread] DEBUG Input                - Registered new binding: Left - A
17:26:48.703 [JavaFX Application Thread] DEBUG Input                - Registered new binding: Up - W
17:26:48.703 [JavaFX Application Thread] DEBUG Input                - Registered new binding: Down - S
17:26:48.703 [JavaFX Application Thread] DEBUG FXGLAssetLoaderServi - Loading from file system: jar:file:/Users/cody/.m2/repository/com/github/almasb/fxgl/11.16/fxgl-11.16.jar!/fxglassets/textures/fxgl_icon.png
17:26:48.757 [JavaFX Application Thread] DEBUG FXGLAssetLoaderServi - Loading from file system: jar:file:/Users/cody/.m2/repository/com/github/almasb/fxgl/11.16/fxgl-11.16.jar!/fxglassets/textures/fxgl_default_cursor.png
17:26:48.767 [JavaFX Application Thread] DEBUG Input                - Registered new binding: Screenshot - CTRL+8
17:26:48.767 [JavaFX Application Thread] DEBUG Input                - Registered new binding: System info dump - CTRL+9
17:26:48.768 [JavaFX Application Thread] DEBUG Input                - Registered new binding: Restart - CTRL+R
17:26:48.768 [JavaFX Application Thread] DEBUG Input                - Registered new binding: Toggle Debug Camera - CTRL+C
17:26:48.774 [JavaFX Application Thread] DEBUG LoopRunner           - Starting loop
17:26:48.776 [JavaFX Application Thread] DEBUG LoopRunner           - Initializing JavaFX AnimationTimerLoop
17:26:48.780 [JavaFX Application Thread] DEBUG GameApplicationServi - Starting new game
17:26:48.788 [JavaFX Application Thread] DEBUG Input                - Clearing active input actions
17:26:48.850 [JavaFX Application Thread] DEBUG GameApplicationServi - Removing overlay from FXGLStartupScene and adding to FXGLLoadingScene
17:26:48.852 [JavaFX Application Thread] DEBUG PrimaryStageWindow   - FXGLStartupScene -> FXGLLoadingScene
17:26:48.852 [JavaFX Application Thread] DEBUG GameApplicationServi - Clearing previous game
17:26:48.853 [JavaFX Application Thread] DEBUG GameScene            - Clearing game scene
17:26:48.853 [JavaFX Application Thread] DEBUG GameWorld            - Clearing game world
17:26:48.853 [JavaFX Application Thread] DEBUG PhysicsWorld         - Clearing physics world
17:26:48.859 [FXGL Background Thread 4 ] DEBUG FXGLApplication      - Initializing game
17:26:48.896 [JavaFX Application Thread] DEBUG FXGLApplication      - Registering font factories with UI factory
17:26:48.899 [FXGL Background Thread 4 ] DEBUG FXGLAssetLoaderServi - Loading from file system: file:/Users/cody/Desktop/PokemonM/target/classes/assets/textures/dawn.png
17:26:49.006 [JavaFX Application Thread] DEBUG LoopRunner           - Stopping loop
17:26:49.009 [JavaFX Application Thread] FATAL FXGLApplication      - Uncaught Exception:
java.lang.RuntimeException: Initialization failed
	at com.almasb.fxgl.app.FXGLApplication$InitAppTask.failed(FXGLApplication.kt:343)
	at javafx.concurrent.Task.setState(Task.java:710)
	at javafx.concurrent.Task$TaskCallable.lambda$call$2(Task.java:1455)
	at com.sun.javafx.application.PlatformImpl.lambda$runLater$10(PlatformImpl.java:447)
	at java.base/java.security.AccessController.doPrivileged(Native Method)
	at com.sun.javafx.application.PlatformImpl.lambda$runLater$11(PlatformImpl.java:446)
	at com.sun.glass.ui.InvokeLaterDispatcher$Future.run(InvokeLaterDispatcher.java:96)
Caused by: java.lang.IllegalArgumentException: Color's opacity value (255.0) must be in the range 0.0-1.0
	at javafx.scene.paint.Color.<init>(Color.java:1904)
	at javafx.scene.paint.Color.rgb(Color.java:162)
	at Overworld.Characters.PlayerAnimation.<init>(PlayerAnimation.java:25)
	at App.Overworld.initGame(Overworld.java:53)
	at com.almasb.fxgl.app.FXGLApplication$InitAppTask.initGame(FXGLApplication.kt:339)
	at com.almasb.fxgl.app.FXGLApplication$InitAppTask.call(FXGLApplication.kt:319)
	at com.almasb.fxgl.app.FXGLApplication$InitAppTask.call(FXGLApplication.kt:311)
	at javafx.concurrent.Task$TaskCallable.call(Task.java:1425)
	at java.base/java.util.concurrent.FutureTask.run(FutureTask.java:264)
	at java.base/java.util.concurrent.Executors$RunnableAdapter.call(Executors.java:515)
	at java.base/java.util.concurrent.FutureTask.run(FutureTask.java:264)
	at java.base/java.util.concurrent.ThreadPoolExecutor.runWorker(ThreadPoolExecutor.java:1128)
	at java.base/java.util.concurrent.ThreadPoolExecutor$Worker.run(ThreadPoolExecutor.java:628)
	at java.base/java.lang.Thread.run(Thread.java:834)

17:26:49.011 [JavaFX Application Thread] FATAL FXGLApplication      - Application will now exit
17:26:49.036 [JavaFX Application Thread] DEBUG PrimaryStageWindow   - Push state: ErrorSubScene
17:26:49.036 [JavaFX Application Thread] DEBUG Input                - Clearing active input actions
17:26:49.044 [JavaFX Application Thread] DEBUG GameApplicationServi - Removing overlay from FXGLLoadingScene and adding to ErrorSubScene
17:26:49.054 [JavaFX Application Thread] DEBUG PrimaryStageWindow   - FXGLLoadingScene -> ErrorSubScene
17:26:49.774 [FXGL Background Thread 2 ] INFO  UpdaterService       - Your current version:  11.16
17:26:49.783 [FXGL Background Thread 2 ] INFO  UpdaterService       - Latest stable version: 11.17
17:26:51.594 [FXGL Background Thread 3 ] DEBUG Engine               - Logging environment variables
17:26:51.600 [FXGL Background Thread 3 ] DEBUG Engine               - achievements: []
17:26:51.601 [FXGL Background Thread 3 ] DEBUG Engine               - actualHeight: 800.0
17:26:51.601 [FXGL Background Thread 3 ] DEBUG Engine               - actualHeightProperty: ReadOnlyDoubleProperty [value: 800.0]
17:26:51.601 [FXGL Background Thread 3 ] DEBUG Engine               - actualWidth: 800.0
17:26:51.601 [FXGL Background Thread 3 ] DEBUG Engine               - actualWidthProperty: ReadOnlyDoubleProperty [value: 800.0]
17:26:51.601 [FXGL Background Thread 3 ] DEBUG Engine               - appIcon: fxgl_icon.png
17:26:51.601 [FXGL Background Thread 3 ] DEBUG Engine               - applicationMode: DEVELOPER
17:26:51.601 [FXGL Background Thread 3 ] DEBUG Engine               - cSSList: [fxgl_dark.css]
17:26:51.601 [FXGL Background Thread 3 ] DEBUG Engine               - collisionDetectionStrategy: BRUTE_FORCE
17:26:51.601 [FXGL Background Thread 3 ] DEBUG Engine               - configClass: Optional.empty
17:26:51.601 [FXGL Background Thread 3 ] DEBUG Engine               - credits: []
17:26:51.601 [FXGL Background Thread 3 ] DEBUG Engine               - defaultCursor: CursorInfo(imageName=fxgl_default_cursor.png, hotspotX=7.0, hotspotY=6.0)
17:26:51.604 [FXGL Background Thread 3 ] DEBUG Engine               - devBBoxColorProperty: ObjectProperty [value: 0xff0000ff]
17:26:51.604 [FXGL Background Thread 3 ] DEBUG Engine               - devEnableDebugCameraProperty: BooleanProperty [value: false]
17:26:51.604 [FXGL Background Thread 3 ] DEBUG Engine               - devSensorColorProperty: ObjectProperty [value: 0xffff00ff]
17:26:51.604 [FXGL Background Thread 3 ] DEBUG Engine               - devShowBBoxProperty: BooleanProperty [value: false]
17:26:51.604 [FXGL Background Thread 3 ] DEBUG Engine               - devShowPositionProperty: BooleanProperty [value: false]
17:26:51.604 [FXGL Background Thread 3 ] DEBUG Engine               - enabledMenuItems: []
17:26:51.604 [FXGL Background Thread 3 ] DEBUG Engine               - engineServices: [class com.almasb.fxgl.app.services.FXGLAssetLoaderService, class com.almasb.fxgl.app.FXGLApplication$GameApplicationService, class com.almasb.fxgl.app.services.FXGLDialogService, class com.almasb.fxgl.app.services.IOTaskExecutorService, class com.almasb.fxgl.io.FileSystemService, class com.almasb.fxgl.localization.LocalizationService, class com.almasb.fxgl.app.services.SystemBundleService, class com.almasb.fxgl.profile.SaveLoadService, class com.almasb.fxgl.ui.FXGLUIFactoryServiceProvider, class com.almasb.fxgl.ui.FXGLDialogFactoryServiceProvider, class com.almasb.fxgl.audio.AudioPlayer, class com.almasb.fxgl.notification.impl.NotificationServiceProvider, class com.almasb.fxgl.achievement.AchievementService, class com.almasb.fxgl.cutscene.CutsceneService, class com.almasb.fxgl.minigames.MiniGameService, class com.almasb.fxgl.net.NetService, class com.almasb.fxgl.app.services.UpdaterService, class com.almasb.fxgl.dev.DevService]
17:26:51.604 [FXGL Background Thread 3 ] DEBUG Engine               - fontGame: Abel-Regular.ttf
17:26:51.604 [FXGL Background Thread 3 ] DEBUG Engine               - fontMono: lucida_console.ttf
17:26:51.605 [FXGL Background Thread 3 ] DEBUG Engine               - fontText: Courier-Prime.ttf
17:26:51.605 [FXGL Background Thread 3 ] DEBUG Engine               - fontUI: VarelaRound-Regular.ttf
17:26:51.605 [FXGL Background Thread 3 ] DEBUG Engine               - fullScreen: BooleanProperty [value: false]
17:26:51.605 [FXGL Background Thread 3 ] DEBUG Engine               - gameDifficulty: MEDIUM
17:26:51.605 [FXGL Background Thread 3 ] DEBUG Engine               - gameDifficultyProperty: ObjectProperty [value: MEDIUM]
17:26:51.605 [FXGL Background Thread 3 ] DEBUG Engine               - globalMusicVolume: 0.5
17:26:51.605 [FXGL Background Thread 3 ] DEBUG Engine               - globalMusicVolumeProperty: DoubleProperty [value: 0.5]
17:26:51.605 [FXGL Background Thread 3 ] DEBUG Engine               - globalSoundVolume: 0.5
17:26:51.605 [FXGL Background Thread 3 ] DEBUG Engine               - globalSoundVolumeProperty: DoubleProperty [value: 0.5]
17:26:51.605 [FXGL Background Thread 3 ] DEBUG Engine               - height: 800
17:26:51.605 [FXGL Background Thread 3 ] DEBUG Engine               - is3D: false
17:26:51.605 [FXGL Background Thread 3 ] DEBUG Engine               - isAndroid: false
17:26:51.605 [FXGL Background Thread 3 ] DEBUG Engine               - isBrowser: false
17:26:51.605 [FXGL Background Thread 3 ] DEBUG Engine               - isClickFeedbackEnabled: false
17:26:51.606 [FXGL Background Thread 3 ] DEBUG Engine               - isCloseConfirmation: false
17:26:51.606 [FXGL Background Thread 3 ] DEBUG Engine               - isDesktop: true
17:26:51.610 [FXGL Background Thread 3 ] DEBUG Engine               - isDeveloperMenuEnabled: false
17:26:51.610 [FXGL Background Thread 3 ] DEBUG Engine               - isEntityPreloadEnabled: true
17:26:51.610 [FXGL Background Thread 3 ] DEBUG Engine               - isExperimentalTiledLargeMap: false
17:26:51.610 [FXGL Background Thread 3 ] DEBUG Engine               - isFileSystemWriteAllowed: true
17:26:51.610 [FXGL Background Thread 3 ] DEBUG Engine               - isFullScreenAllowed: false
17:26:51.610 [FXGL Background Thread 3 ] DEBUG Engine               - isFullScreenFromStart: false
17:26:51.610 [FXGL Background Thread 3 ] DEBUG Engine               - isGameMenuEnabled: true
17:26:51.610 [FXGL Background Thread 3 ] DEBUG Engine               - isIOS: false
17:26:51.610 [FXGL Background Thread 3 ] DEBUG Engine               - isIntroEnabled: false
17:26:51.610 [FXGL Background Thread 3 ] DEBUG Engine               - isLinux: false
17:26:51.610 [FXGL Background Thread 3 ] DEBUG Engine               - isMac: true
17:26:51.610 [FXGL Background Thread 3 ] DEBUG Engine               - isMainMenuEnabled: false
17:26:51.610 [FXGL Background Thread 3 ] DEBUG Engine               - isManualResizeEnabled: false
17:26:51.610 [FXGL Background Thread 3 ] DEBUG Engine               - isMobile: false
17:26:51.610 [FXGL Background Thread 3 ] DEBUG Engine               - isNative: false
17:26:51.611 [FXGL Background Thread 3 ] DEBUG Engine               - isPreserveResizeRatio: false
17:26:51.611 [FXGL Background Thread 3 ] DEBUG Engine               - isProfilingEnabled: false
17:26:51.611 [FXGL Background Thread 3 ] DEBUG Engine               - isScaleAffectedOnResize: true
17:26:51.611 [FXGL Background Thread 3 ] DEBUG Engine               - isSingleStep: false
17:26:51.611 [FXGL Background Thread 3 ] DEBUG Engine               - isUserProfileEnabled: false
17:26:51.611 [FXGL Background Thread 3 ] DEBUG Engine               - isWindows: false
17:26:51.611 [FXGL Background Thread 3 ] DEBUG Engine               - language: ObjectProperty [value: ENGLISH]
17:26:51.611 [FXGL Background Thread 3 ] DEBUG Engine               - menuKey: ESCAPE
17:26:51.611 [FXGL Background Thread 3 ] DEBUG Engine               - mouseSensitivity: 0.2
17:26:51.612 [FXGL Background Thread 3 ] DEBUG Engine               - notificationViewClass: class com.almasb.fxgl.notification.view.XboxNotificationView
17:26:51.615 [FXGL Background Thread 3 ] DEBUG Engine               - pixelsPerMeter: 50.0
17:26:51.615 [FXGL Background Thread 3 ] DEBUG Engine               - platform: MAC
17:26:51.615 [FXGL Background Thread 3 ] DEBUG Engine               - prefHeightProperty: ReadOnlyDoubleProperty [value: 800.0]
17:26:51.615 [FXGL Background Thread 3 ] DEBUG Engine               - prefWidthProperty: ReadOnlyDoubleProperty [value: 800.0]
17:26:51.615 [FXGL Background Thread 3 ] DEBUG Engine               - profileDir: profiles/
17:26:51.615 [FXGL Background Thread 3 ] DEBUG Engine               - profileName: StringProperty [value: DEFAULT]
17:26:51.615 [FXGL Background Thread 3 ] DEBUG Engine               - randomSeed: -1
17:26:51.615 [FXGL Background Thread 3 ] DEBUG Engine               - runtimeInfo: RuntimeInfo(platform=MAC, version=11.16, build=25.05.2021 08.16)
17:26:51.615 [FXGL Background Thread 3 ] DEBUG Engine               - saveFileExt: sav
17:26:51.615 [FXGL Background Thread 3 ] DEBUG Engine               - scaledHeightProp$fxgl: DoubleProperty [bound, value: 800.0]
17:26:51.615 [FXGL Background Thread 3 ] DEBUG Engine               - scaledWidthProp$fxgl: DoubleProperty [bound, value: 800.0]
17:26:51.615 [FXGL Background Thread 3 ] DEBUG Engine               - sceneFactory: com.almasb.fxgl.app.scene.SceneFactory@37c9fed7
17:26:51.616 [FXGL Background Thread 3 ] DEBUG Engine               - secondsIn24h: 60
17:26:51.616 [FXGL Background Thread 3 ] DEBUG Engine               - soundMenuBack: menu/back.wav
17:26:51.616 [FXGL Background Thread 3 ] DEBUG Engine               - soundMenuPress: menu/press.wav
17:26:51.616 [FXGL Background Thread 3 ] DEBUG Engine               - soundMenuSelect: menu/select.wav
17:26:51.616 [FXGL Background Thread 3 ] DEBUG Engine               - soundNotification: core/notification.wav
17:26:51.616 [FXGL Background Thread 3 ] DEBUG Engine               - stageStyle: DECORATED
17:26:51.616 [FXGL Background Thread 3 ] DEBUG Engine               - supportedLanguages: [ENGLISH, FRENCH, GERMAN, HUNGARIAN, RUSSIAN]
17:26:51.616 [FXGL Background Thread 3 ] DEBUG Engine               - ticksPerSecond: -1
17:26:51.616 [FXGL Background Thread 3 ] DEBUG Engine               - title: Pokemon
17:26:51.616 [FXGL Background Thread 3 ] DEBUG Engine               - urlGithub: https://github.com/AlmasB/FXGL
17:26:51.616 [FXGL Background Thread 3 ] DEBUG Engine               - urlLeaderboard: http://fxgl-top.herokuapp.com/
17:26:51.616 [FXGL Background Thread 3 ] DEBUG Engine               - urlPOM: https://raw.githubusercontent.com/AlmasB/FXGL/release/README.md
17:26:51.616 [FXGL Background Thread 3 ] DEBUG Engine               - userAppClass: class App.Overworld
17:26:51.616 [FXGL Background Thread 3 ] DEBUG Engine               - version: Beta 0.1
17:26:51.617 [FXGL Background Thread 3 ] DEBUG Engine               - versionCheckDays: 7
17:26:51.617 [FXGL Background Thread 3 ] DEBUG Engine               - width: 800
17:26:51.617 [FXGL Background Thread 3 ] DEBUG Engine               - Logging services
17:26:51.617 [FXGL Background Thread 3 ] DEBUG Engine               - class com.almasb.fxgl.app.services.FXGLAssetLoaderService
17:26:51.618 [FXGL Background Thread 3 ] DEBUG Engine               - class com.almasb.fxgl.app.FXGLApplication$GameApplicationService
17:26:51.618 [FXGL Background Thread 3 ] DEBUG Engine               - class com.almasb.fxgl.app.services.FXGLDialogService
17:26:51.618 [FXGL Background Thread 3 ] DEBUG Engine               - class com.almasb.fxgl.app.services.IOTaskExecutorService
17:26:51.618 [FXGL Background Thread 3 ] DEBUG Engine               - class com.almasb.fxgl.io.FileSystemService
17:26:51.618 [FXGL Background Thread 3 ] DEBUG Engine               - class com.almasb.fxgl.localization.LocalizationService
17:26:51.618 [FXGL Background Thread 3 ] DEBUG Engine               - class com.almasb.fxgl.app.services.SystemBundleService
17:26:51.618 [FXGL Background Thread 3 ] DEBUG Engine               - class com.almasb.fxgl.profile.SaveLoadService
17:26:51.618 [FXGL Background Thread 3 ] DEBUG Engine               - class com.almasb.fxgl.ui.FXGLUIFactoryServiceProvider
17:26:51.618 [FXGL Background Thread 3 ] DEBUG Engine               - class com.almasb.fxgl.ui.FXGLDialogFactoryServiceProvider
17:26:51.618 [FXGL Background Thread 3 ] DEBUG Engine               - class com.almasb.fxgl.audio.AudioPlayer
17:26:51.618 [FXGL Background Thread 3 ] DEBUG Engine               - class com.almasb.fxgl.notification.impl.NotificationServiceProvider
17:26:51.618 [FXGL Background Thread 3 ] DEBUG Engine               - class com.almasb.fxgl.achievement.AchievementService
17:26:51.618 [FXGL Background Thread 3 ] DEBUG Engine               - class com.almasb.fxgl.cutscene.CutsceneService
17:26:51.618 [FXGL Background Thread 3 ] DEBUG Engine               - class com.almasb.fxgl.minigames.MiniGameService
17:26:51.618 [FXGL Background Thread 3 ] DEBUG Engine               - class com.almasb.fxgl.net.NetService
17:26:51.618 [FXGL Background Thread 3 ] DEBUG Engine               - class com.almasb.fxgl.app.services.UpdaterService
17:26:51.618 [FXGL Background Thread 3 ] DEBUG Engine               - class com.almasb.fxgl.dev.DevService
17:26:52.653 [JavaFX Application Thread] DEBUG FXGLApplication      - Exiting FXGL
17:26:52.666 [JavaFX Application Thread] DEBUG Async                - Shutting down background threads
17:26:52.667 [JavaFX Application Thread] DEBUG PrimaryStageWindow   - Closing main window
17:26:52.691 [JavaFX Application Thread] DEBUG Logger               - Closing Logger
