19:06:05.126 [main                     ] DEBUG Logger               - Configured Logger
19:06:05.159 [main                     ] DEBUG GameApplication      - Logging settings
Title: Pokemon
Version: Beta 0.1
Width: 800
Height: 800
Fullscreen: false
Intro: false
Profiling: false
Single step:false
App Mode: DEVELOPER
Menu Key: ESCAPE
Stage Style: DECORATED
Scene Factory: class com.almasb.fxgl.app.scene.SceneFactory

19:06:07.048 [JavaFX Application Thread] DEBUG FXGLApplication      - Initializing FXGL
19:06:07.053 [JavaFX Application Thread] INFO  Engine               - FXGL-11.16 (25.05.2021 08.16) on MAC (J:11.0.12 FX:16)
19:06:07.058 [JavaFX Application Thread] DEBUG Engine               - JRE Vendor Name: Oracle Corporation
19:06:07.058 [JavaFX Application Thread] DEBUG Engine               - Running on OS: Mac OS X version 11.3
19:06:07.058 [JavaFX Application Thread] DEBUG Engine               - Architecture: x86_64
19:06:07.058 [JavaFX Application Thread] INFO  Engine               - Source code and latest versions at: https://github.com/AlmasB/FXGL
19:06:07.059 [JavaFX Application Thread] INFO  Engine               -              Join the FXGL chat at: https://gitter.im/AlmasB/FXGL
19:06:07.436 [JavaFX Application Thread] DEBUG PrimaryStageWindow   - Creating a JavaFX scene
19:06:07.671 [JavaFX Application Thread] DEBUG PrimaryStageWindow   - Target settings size: 800.0 x 800.0
19:06:07.671 [JavaFX Application Thread] DEBUG PrimaryStageWindow   - Scaled scene size:    800.0 x 800.0
19:06:07.671 [JavaFX Application Thread] DEBUG PrimaryStageWindow   - Scaled ratio: (1.0, 1.0)
19:06:07.672 [JavaFX Application Thread] DEBUG PrimaryStageWindow   - Set initial scene to FXGLStartupScene
19:06:07.681 [JavaFX Application Thread] DEBUG PrimaryStageWindow   - Opening main window
19:06:08.977 [JavaFX Application Thread] DEBUG PrimaryStageWindow   - Window border size: (0.0, 28.0)
19:06:08.977 [JavaFX Application Thread] DEBUG PrimaryStageWindow   - Scaled size: 800.0 x 800.0
19:06:08.977 [JavaFX Application Thread] DEBUG PrimaryStageWindow   - Scaled ratio: (1.0, 1.0)
19:06:08.977 [JavaFX Application Thread] DEBUG PrimaryStageWindow   - Scene size: 800.0 x 800.0
19:06:08.977 [JavaFX Application Thread] DEBUG PrimaryStageWindow   - Stage size: 800.0 x 828.0
19:06:08.988 [FXGL Background Thread 1 ] DEBUG Engine               - Initializing environment variables
19:06:09.187 [FXGL Background Thread 1 ] DEBUG FXGLAssetLoaderServi - User app class for loading assets: class App.Overworld
19:06:09.189 [FXGL Background Thread 1 ] DEBUG GameApplicationServi - Applying CSS: fxgl_dark.css
19:06:09.192 [FXGL Background Thread 1 ] DEBUG FXGLAssetLoaderServi - Loading from file system: jar:file:/Users/cody/.m2/repository/com/github/almasb/fxgl/11.16/fxgl-11.16.jar!/fxglassets/ui/css/fxgl_dark.css
19:06:09.313 [FXGL Background Thread 1 ] DEBUG GameApplicationServi - Initializing application scenes
19:06:09.638 [FXGL Background Thread 1 ] DEBUG GameWorld            - Game world initialized
19:06:09.687 [FXGL Background Thread 1 ] DEBUG PhysicsWorld         - Physics world initialized: appHeight=800, physics.ppm=50.0
19:06:09.688 [FXGL Background Thread 1 ] DEBUG PhysicsWorld         - Using strategy: BRUTE_FORCE
19:06:09.695 [FXGL Background Thread 1 ] DEBUG GameScene            - Game scene initialized: 800x800
19:06:09.709 [FXGL Background Thread 1 ] DEBUG FXGL.DefaultMenu     - createMenuBodyGameMenu()
19:06:09.728 [FXGL Background Thread 1 ] DEBUG FXGL.DefaultMenu     - createOptionsMenu()
19:06:09.743 [FXGL Background Thread 1 ] DEBUG FXGLAssetLoaderServi - Loading from file system: jar:file:/Users/cody/.m2/repository/com/github/almasb/fxgl/11.16/fxgl-11.16.jar!/fxglassets/textures/particles/smoke.png
19:06:09.931 [FXGL Background Thread 1 ] DEBUG FXGLAssetLoaderServi - Loading from file system: jar:file:/Users/cody/.m2/repository/com/github/almasb/fxgl/11.16/fxgl-11.16.jar!/fxglassets/textures/particles/trace_horizontal.png
19:06:09.956 [FXGL Background Thread 1 ] DEBUG GameApplicationServi - Application scenes initialized
19:06:09.971 [FXGL Background Thread 1 ] DEBUG SystemBundleService  - Loading default FXGL system data
19:06:09.971 [FXGL Background Thread 1 ] DEBUG UpdaterService       - Checking for updates
19:06:09.974 [FXGL Background Thread 4 ] DEBUG FXGLApplication      - Loading fonts
19:06:09.977 [FXGL Background Thread 4 ] DEBUG FXGLAssetLoaderServi - Loading from file system: jar:file:/Users/cody/.m2/repository/com/github/almasb/fxgl/11.16/fxgl-11.16.jar!/fxglassets/ui/fonts/VarelaRound-Regular.ttf
19:06:09.979 [FXGL Background Thread 1 ] DEBUG FXGLApplication      - Loading default localization
19:06:09.982 [FXGL Background Thread 1 ] DEBUG FXGLAssetLoaderServi - Loading from file system: jar:file:/Users/cody/.m2/repository/com/github/almasb/fxgl/11.16/fxgl-11.16.jar!/fxglassets/languages/english.lang
19:06:10.005 [FXGL Background Thread 1 ] INFO  FXGLApplication      - FXGL initialization took: 1.017 sec
19:06:10.008 [JavaFX Application Thread] DEBUG FXGLAssetLoaderServi - Loading from file system: jar:file:/Users/cody/.m2/repository/com/github/almasb/fxgl/11.16/fxgl-11.16.jar!/fxglassets/textures/fxgl_icon.png
19:06:10.070 [FXGL Background Thread 4 ] DEBUG FXGLAssetLoaderServi - Loading from file system: jar:file:/Users/cody/.m2/repository/com/github/almasb/fxgl/11.16/fxgl-11.16.jar!/fxglassets/ui/fonts/Abel-Regular.ttf
19:06:10.073 [FXGL Background Thread 4 ] DEBUG FXGLAssetLoaderServi - Loading from file system: jar:file:/Users/cody/.m2/repository/com/github/almasb/fxgl/11.16/fxgl-11.16.jar!/fxglassets/ui/fonts/lucida_console.ttf
19:06:10.087 [FXGL Background Thread 4 ] DEBUG FXGLAssetLoaderServi - Loading from file system: jar:file:/Users/cody/.m2/repository/com/github/almasb/fxgl/11.16/fxgl-11.16.jar!/fxglassets/ui/fonts/Courier-Prime.ttf
19:06:10.096 [JavaFX Application Thread] DEBUG FXGLAssetLoaderServi - Loading from file system: jar:file:/Users/cody/.m2/repository/com/github/almasb/fxgl/11.16/fxgl-11.16.jar!/fxglassets/textures/fxgl_default_cursor.png
19:06:10.111 [JavaFX Application Thread] DEBUG Input                - Registered new binding: Screenshot - CTRL+8
19:06:10.112 [JavaFX Application Thread] DEBUG Input                - Registered new binding: System info dump - CTRL+9
19:06:10.112 [JavaFX Application Thread] DEBUG Input                - Registered new binding: Restart - CTRL+R
19:06:10.112 [JavaFX Application Thread] DEBUG Input                - Registered new binding: Toggle Debug Camera - CTRL+C
19:06:10.115 [JavaFX Application Thread] DEBUG LoopRunner           - Starting loop
19:06:10.120 [JavaFX Application Thread] DEBUG LoopRunner           - Initializing JavaFX AnimationTimerLoop
19:06:10.122 [JavaFX Application Thread] DEBUG GameApplicationServi - Starting new game
19:06:10.125 [JavaFX Application Thread] DEBUG Input                - Clearing active input actions
19:06:10.208 [JavaFX Application Thread] DEBUG GameApplicationServi - Removing overlay from FXGLStartupScene and adding to FXGLLoadingScene
19:06:10.211 [JavaFX Application Thread] DEBUG PrimaryStageWindow   - FXGLStartupScene -> FXGLLoadingScene
19:06:10.211 [JavaFX Application Thread] DEBUG GameApplicationServi - Clearing previous game
19:06:10.211 [JavaFX Application Thread] DEBUG GameScene            - Clearing game scene
19:06:10.211 [JavaFX Application Thread] DEBUG GameWorld            - Clearing game world
19:06:10.211 [JavaFX Application Thread] DEBUG PhysicsWorld         - Clearing physics world
19:06:10.213 [FXGL Background Thread 4 ] DEBUG FXGLApplication      - Initializing game
19:06:10.217 [FXGL Background Thread 4 ] INFO  FXGLApplication      - Game initialization took: 0.002 sec
19:06:10.489 [JavaFX Application Thread] DEBUG FXGLApplication      - Registering font factories with UI factory
19:06:10.591 [JavaFX Application Thread] DEBUG Input                - Clearing active input actions
19:06:10.629 [JavaFX Application Thread] DEBUG GameApplicationServi - Removing overlay from FXGLLoadingScene and adding to GameScene
19:06:10.634 [JavaFX Application Thread] DEBUG PrimaryStageWindow   - FXGLLoadingScene -> GameScene
19:06:11.089 [FXGL Background Thread 2 ] INFO  UpdaterService       - Your current version:  11.16
19:06:11.092 [FXGL Background Thread 2 ] INFO  UpdaterService       - Latest stable version: 11.17
19:06:12.979 [FXGL Background Thread 3 ] DEBUG Engine               - Logging environment variables
19:06:12.983 [FXGL Background Thread 3 ] DEBUG Engine               - achievements: []
19:06:12.984 [FXGL Background Thread 3 ] DEBUG Engine               - actualHeight: 800.0
19:06:12.984 [FXGL Background Thread 3 ] DEBUG Engine               - actualHeightProperty: ReadOnlyDoubleProperty [value: 800.0]
19:06:12.984 [FXGL Background Thread 3 ] DEBUG Engine               - actualWidth: 800.0
19:06:12.984 [FXGL Background Thread 3 ] DEBUG Engine               - actualWidthProperty: ReadOnlyDoubleProperty [value: 800.0]
19:06:12.985 [FXGL Background Thread 3 ] DEBUG Engine               - appIcon: fxgl_icon.png
19:06:12.985 [FXGL Background Thread 3 ] DEBUG Engine               - applicationMode: DEVELOPER
19:06:12.985 [FXGL Background Thread 3 ] DEBUG Engine               - cSSList: [fxgl_dark.css]
19:06:12.985 [FXGL Background Thread 3 ] DEBUG Engine               - collisionDetectionStrategy: BRUTE_FORCE
19:06:12.985 [FXGL Background Thread 3 ] DEBUG Engine               - configClass: Optional.empty
19:06:12.985 [FXGL Background Thread 3 ] DEBUG Engine               - credits: []
19:06:12.985 [FXGL Background Thread 3 ] DEBUG Engine               - defaultCursor: CursorInfo(imageName=fxgl_default_cursor.png, hotspotX=7.0, hotspotY=6.0)
19:06:12.987 [FXGL Background Thread 3 ] DEBUG Engine               - devBBoxColorProperty: ObjectProperty [value: 0xff0000ff]
19:06:12.989 [FXGL Background Thread 3 ] DEBUG Engine               - devEnableDebugCameraProperty: BooleanProperty [value: false]
19:06:13.002 [FXGL Background Thread 3 ] DEBUG Engine               - devSensorColorProperty: ObjectProperty [value: 0xffff00ff]
19:06:13.003 [FXGL Background Thread 3 ] DEBUG Engine               - devShowBBoxProperty: BooleanProperty [value: false]
19:06:13.003 [FXGL Background Thread 3 ] DEBUG Engine               - devShowPositionProperty: BooleanProperty [value: false]
19:06:13.003 [FXGL Background Thread 3 ] DEBUG Engine               - enabledMenuItems: []
19:06:13.003 [FXGL Background Thread 3 ] DEBUG Engine               - engineServices: [class com.almasb.fxgl.app.services.FXGLAssetLoaderService, class com.almasb.fxgl.app.FXGLApplication$GameApplicationService, class com.almasb.fxgl.app.services.FXGLDialogService, class com.almasb.fxgl.app.services.IOTaskExecutorService, class com.almasb.fxgl.io.FileSystemService, class com.almasb.fxgl.localization.LocalizationService, class com.almasb.fxgl.app.services.SystemBundleService, class com.almasb.fxgl.profile.SaveLoadService, class com.almasb.fxgl.ui.FXGLUIFactoryServiceProvider, class com.almasb.fxgl.ui.FXGLDialogFactoryServiceProvider, class com.almasb.fxgl.audio.AudioPlayer, class com.almasb.fxgl.notification.impl.NotificationServiceProvider, class com.almasb.fxgl.achievement.AchievementService, class com.almasb.fxgl.cutscene.CutsceneService, class com.almasb.fxgl.minigames.MiniGameService, class com.almasb.fxgl.net.NetService, class com.almasb.fxgl.app.services.UpdaterService, class com.almasb.fxgl.dev.DevService]
19:06:13.003 [FXGL Background Thread 3 ] DEBUG Engine               - fontGame: Abel-Regular.ttf
19:06:13.003 [FXGL Background Thread 3 ] DEBUG Engine               - fontMono: lucida_console.ttf
19:06:13.003 [FXGL Background Thread 3 ] DEBUG Engine               - fontText: Courier-Prime.ttf
19:06:13.004 [FXGL Background Thread 3 ] DEBUG Engine               - fontUI: VarelaRound-Regular.ttf
19:06:13.004 [FXGL Background Thread 3 ] DEBUG Engine               - fullScreen: BooleanProperty [value: false]
19:06:13.004 [FXGL Background Thread 3 ] DEBUG Engine               - gameDifficulty: MEDIUM
19:06:13.004 [FXGL Background Thread 3 ] DEBUG Engine               - gameDifficultyProperty: ObjectProperty [value: MEDIUM]
19:06:13.004 [FXGL Background Thread 3 ] DEBUG Engine               - globalMusicVolume: 0.5
19:06:13.004 [FXGL Background Thread 3 ] DEBUG Engine               - globalMusicVolumeProperty: DoubleProperty [value: 0.5]
19:06:13.004 [FXGL Background Thread 3 ] DEBUG Engine               - globalSoundVolume: 0.5
19:06:13.004 [FXGL Background Thread 3 ] DEBUG Engine               - globalSoundVolumeProperty: DoubleProperty [value: 0.5]
19:06:13.004 [FXGL Background Thread 3 ] DEBUG Engine               - height: 800
19:06:13.004 [FXGL Background Thread 3 ] DEBUG Engine               - is3D: false
19:06:13.005 [FXGL Background Thread 3 ] DEBUG Engine               - isAndroid: false
19:06:13.005 [FXGL Background Thread 3 ] DEBUG Engine               - isBrowser: false
19:06:13.005 [FXGL Background Thread 3 ] DEBUG Engine               - isClickFeedbackEnabled: false
19:06:13.005 [FXGL Background Thread 3 ] DEBUG Engine               - isCloseConfirmation: false
19:06:13.005 [FXGL Background Thread 3 ] DEBUG Engine               - isDesktop: true
19:06:13.005 [FXGL Background Thread 3 ] DEBUG Engine               - isDeveloperMenuEnabled: false
19:06:13.005 [FXGL Background Thread 3 ] DEBUG Engine               - isEntityPreloadEnabled: true
19:06:13.005 [FXGL Background Thread 3 ] DEBUG Engine               - isExperimentalTiledLargeMap: false
19:06:13.005 [FXGL Background Thread 3 ] DEBUG Engine               - isFileSystemWriteAllowed: true
19:06:13.005 [FXGL Background Thread 3 ] DEBUG Engine               - isFullScreenAllowed: false
19:06:13.005 [FXGL Background Thread 3 ] DEBUG Engine               - isFullScreenFromStart: false
19:06:13.005 [FXGL Background Thread 3 ] DEBUG Engine               - isGameMenuEnabled: true
19:06:13.005 [FXGL Background Thread 3 ] DEBUG Engine               - isIOS: false
19:06:13.005 [FXGL Background Thread 3 ] DEBUG Engine               - isIntroEnabled: false
19:06:13.005 [FXGL Background Thread 3 ] DEBUG Engine               - isLinux: false
19:06:13.005 [FXGL Background Thread 3 ] DEBUG Engine               - isMac: true
19:06:13.005 [FXGL Background Thread 3 ] DEBUG Engine               - isMainMenuEnabled: false
19:06:13.006 [FXGL Background Thread 3 ] DEBUG Engine               - isManualResizeEnabled: false
19:06:13.006 [FXGL Background Thread 3 ] DEBUG Engine               - isMobile: false
19:06:13.006 [FXGL Background Thread 3 ] DEBUG Engine               - isNative: false
19:06:13.006 [FXGL Background Thread 3 ] DEBUG Engine               - isPreserveResizeRatio: false
19:06:13.006 [FXGL Background Thread 3 ] DEBUG Engine               - isProfilingEnabled: false
19:06:13.006 [FXGL Background Thread 3 ] DEBUG Engine               - isScaleAffectedOnResize: true
19:06:13.006 [FXGL Background Thread 3 ] DEBUG Engine               - isSingleStep: false
19:06:13.006 [FXGL Background Thread 3 ] DEBUG Engine               - isUserProfileEnabled: false
19:06:13.006 [FXGL Background Thread 3 ] DEBUG Engine               - isWindows: false
19:06:13.007 [FXGL Background Thread 3 ] DEBUG Engine               - language: ObjectProperty [value: ENGLISH]
19:06:13.016 [FXGL Background Thread 3 ] DEBUG Engine               - menuKey: ESCAPE
19:06:13.017 [FXGL Background Thread 3 ] DEBUG Engine               - mouseSensitivity: 0.2
19:06:13.017 [FXGL Background Thread 3 ] DEBUG Engine               - notificationViewClass: class com.almasb.fxgl.notification.view.XboxNotificationView
19:06:13.017 [FXGL Background Thread 3 ] DEBUG Engine               - pixelsPerMeter: 50.0
19:06:13.017 [FXGL Background Thread 3 ] DEBUG Engine               - platform: MAC
19:06:13.017 [FXGL Background Thread 3 ] DEBUG Engine               - prefHeightProperty: ReadOnlyDoubleProperty [value: 800.0]
19:06:13.017 [FXGL Background Thread 3 ] DEBUG Engine               - prefWidthProperty: ReadOnlyDoubleProperty [value: 800.0]
19:06:13.017 [FXGL Background Thread 3 ] DEBUG Engine               - profileDir: profiles/
19:06:13.017 [FXGL Background Thread 3 ] DEBUG Engine               - profileName: StringProperty [value: DEFAULT]
19:06:13.018 [FXGL Background Thread 3 ] DEBUG Engine               - randomSeed: -1
19:06:13.018 [FXGL Background Thread 3 ] DEBUG Engine               - runtimeInfo: RuntimeInfo(platform=MAC, version=11.16, build=25.05.2021 08.16)
19:06:13.018 [FXGL Background Thread 3 ] DEBUG Engine               - saveFileExt: sav
19:06:13.018 [FXGL Background Thread 3 ] DEBUG Engine               - scaledHeightProp$fxgl: DoubleProperty [bound, value: 800.0]
19:06:13.018 [FXGL Background Thread 3 ] DEBUG Engine               - scaledWidthProp$fxgl: DoubleProperty [bound, value: 800.0]
19:06:13.018 [FXGL Background Thread 3 ] DEBUG Engine               - sceneFactory: com.almasb.fxgl.app.scene.SceneFactory@488a4cd9
19:06:13.018 [FXGL Background Thread 3 ] DEBUG Engine               - secondsIn24h: 60
19:06:13.018 [FXGL Background Thread 3 ] DEBUG Engine               - soundMenuBack: menu/back.wav
19:06:13.018 [FXGL Background Thread 3 ] DEBUG Engine               - soundMenuPress: menu/press.wav
19:06:13.018 [FXGL Background Thread 3 ] DEBUG Engine               - soundMenuSelect: menu/select.wav
19:06:13.018 [FXGL Background Thread 3 ] DEBUG Engine               - soundNotification: core/notification.wav
19:06:13.018 [FXGL Background Thread 3 ] DEBUG Engine               - stageStyle: DECORATED
19:06:13.018 [FXGL Background Thread 3 ] DEBUG Engine               - supportedLanguages: [ENGLISH, FRENCH, GERMAN, HUNGARIAN, RUSSIAN]
19:06:13.018 [FXGL Background Thread 3 ] DEBUG Engine               - ticksPerSecond: -1
19:06:13.018 [FXGL Background Thread 3 ] DEBUG Engine               - title: Pokemon
19:06:13.018 [FXGL Background Thread 3 ] DEBUG Engine               - urlGithub: https://github.com/AlmasB/FXGL
19:06:13.018 [FXGL Background Thread 3 ] DEBUG Engine               - urlLeaderboard: http://fxgl-top.herokuapp.com/
19:06:13.018 [FXGL Background Thread 3 ] DEBUG Engine               - urlPOM: https://raw.githubusercontent.com/AlmasB/FXGL/release/README.md
19:06:13.018 [FXGL Background Thread 3 ] DEBUG Engine               - userAppClass: class App.Overworld
19:06:13.018 [FXGL Background Thread 3 ] DEBUG Engine               - version: Beta 0.1
19:06:13.018 [FXGL Background Thread 3 ] DEBUG Engine               - versionCheckDays: 7
19:06:13.018 [FXGL Background Thread 3 ] DEBUG Engine               - width: 800
19:06:13.020 [FXGL Background Thread 3 ] DEBUG Engine               - Logging services
19:06:13.021 [FXGL Background Thread 3 ] DEBUG Engine               - class com.almasb.fxgl.app.services.FXGLAssetLoaderService
19:06:13.022 [FXGL Background Thread 3 ] DEBUG Engine               - class com.almasb.fxgl.app.FXGLApplication$GameApplicationService
19:06:13.022 [FXGL Background Thread 3 ] DEBUG Engine               - class com.almasb.fxgl.app.services.FXGLDialogService
19:06:13.022 [FXGL Background Thread 3 ] DEBUG Engine               - class com.almasb.fxgl.app.services.IOTaskExecutorService
19:06:13.022 [FXGL Background Thread 3 ] DEBUG Engine               - class com.almasb.fxgl.io.FileSystemService
19:06:13.022 [FXGL Background Thread 3 ] DEBUG Engine               - class com.almasb.fxgl.localization.LocalizationService
19:06:13.022 [FXGL Background Thread 3 ] DEBUG Engine               - class com.almasb.fxgl.app.services.SystemBundleService
19:06:13.022 [FXGL Background Thread 3 ] DEBUG Engine               - class com.almasb.fxgl.profile.SaveLoadService
19:06:13.022 [FXGL Background Thread 3 ] DEBUG Engine               - class com.almasb.fxgl.ui.FXGLUIFactoryServiceProvider
19:06:13.022 [FXGL Background Thread 3 ] DEBUG Engine               - class com.almasb.fxgl.ui.FXGLDialogFactoryServiceProvider
19:06:13.022 [FXGL Background Thread 3 ] DEBUG Engine               - class com.almasb.fxgl.audio.AudioPlayer
19:06:13.022 [FXGL Background Thread 3 ] DEBUG Engine               - class com.almasb.fxgl.notification.impl.NotificationServiceProvider
19:06:13.022 [FXGL Background Thread 3 ] DEBUG Engine               - class com.almasb.fxgl.achievement.AchievementService
19:06:13.022 [FXGL Background Thread 3 ] DEBUG Engine               - class com.almasb.fxgl.cutscene.CutsceneService
19:06:13.022 [FXGL Background Thread 3 ] DEBUG Engine               - class com.almasb.fxgl.minigames.MiniGameService
19:06:13.022 [FXGL Background Thread 3 ] DEBUG Engine               - class com.almasb.fxgl.net.NetService
19:06:13.023 [FXGL Background Thread 3 ] DEBUG Engine               - class com.almasb.fxgl.app.services.UpdaterService
19:06:13.023 [FXGL Background Thread 3 ] DEBUG Engine               - class com.almasb.fxgl.dev.DevService
19:06:15.912 [JavaFX Application Thread] DEBUG FXGLApplication      - Exiting FXGL
19:06:15.918 [JavaFX Application Thread] DEBUG LoopRunner           - Stopping loop
19:06:15.918 [JavaFX Application Thread] DEBUG SystemBundleService  - Saving FXGL system data
19:06:15.930 [JavaFX Application Thread] DEBUG FileSystemAccess     - Writing to: /Users/cody/Desktop/PokemonM/system/fxgl.bundle
19:06:15.952 [JavaFX Application Thread] DEBUG Async                - Shutting down background threads
19:06:15.953 [JavaFX Application Thread] DEBUG PrimaryStageWindow   - Closing main window
19:06:15.973 [JavaFX Application Thread] DEBUG Logger               - Closing Logger
