20:42:14.694 [main                     ] DEBUG Logger               - Configured Logger
20:42:14.733 [main                     ] DEBUG GameApplication      - Logging settings
Title: Pokemon
Version: Beta 0.1
Width: 800
Height: 800
Fullscreen: false
Intro: false
Profiling: false
Single step:false
App Mode: DEVELOPER
Menu Key: ESCAPE
Stage Style: DECORATED
Scene Factory: class com.almasb.fxgl.app.scene.SceneFactory

20:42:15.524 [JavaFX Application Thread] DEBUG FXGLApplication      - Initializing FXGL
20:42:15.527 [JavaFX Application Thread] INFO  Engine               - FXGL-11.16 (25.05.2021 08.16) on WINDOWS (J:11.0.12 FX:16)
20:42:15.527 [JavaFX Application Thread] DEBUG Engine               - JRE Vendor Name: Amazon.com Inc.
20:42:15.528 [JavaFX Application Thread] DEBUG Engine               - Running on OS: Windows 10 version 10.0
20:42:15.528 [JavaFX Application Thread] DEBUG Engine               - Architecture: amd64
20:42:15.528 [JavaFX Application Thread] INFO  Engine               - Source code and latest versions at: https://github.com/AlmasB/FXGL
20:42:15.528 [JavaFX Application Thread] INFO  Engine               -              Join the FXGL chat at: https://gitter.im/AlmasB/FXGL
20:42:15.792 [JavaFX Application Thread] DEBUG PrimaryStageWindow   - Creating a JavaFX scene
20:42:15.890 [JavaFX Application Thread] DEBUG PrimaryStageWindow   - Target settings size: 800.0 x 800.0
20:42:15.891 [JavaFX Application Thread] DEBUG PrimaryStageWindow   - Scaled scene size:    800.0 x 800.0
20:42:15.891 [JavaFX Application Thread] DEBUG PrimaryStageWindow   - Scaled ratio: (1.0, 1.0)
20:42:15.892 [JavaFX Application Thread] DEBUG PrimaryStageWindow   - Set initial scene to FXGLStartupScene
20:42:15.906 [JavaFX Application Thread] DEBUG PrimaryStageWindow   - Opening main window
20:42:16.130 [JavaFX Application Thread] DEBUG PrimaryStageWindow   - Window border size: (14.4000244140625, 37.5999755859375)
20:42:16.130 [JavaFX Application Thread] DEBUG PrimaryStageWindow   - Scaled size: 800.0 x 800.0
20:42:16.130 [JavaFX Application Thread] DEBUG PrimaryStageWindow   - Scaled ratio: (1.0, 1.0)
20:42:16.131 [JavaFX Application Thread] DEBUG PrimaryStageWindow   - Scene size: 800.0 x 800.0
20:42:16.131 [JavaFX Application Thread] DEBUG PrimaryStageWindow   - Stage size: 814.4000244140625 x 837.5999755859375
20:42:16.160 [FXGL Background Thread 1 ] DEBUG Engine               - Initializing environment variables
20:42:16.262 [FXGL Background Thread 1 ] DEBUG FXGLAssetLoaderServi - User app class for loading assets: class App.Overworld
20:42:16.263 [FXGL Background Thread 1 ] DEBUG GameApplicationServi - Applying CSS: fxgl_dark.css
20:42:16.265 [FXGL Background Thread 1 ] DEBUG FXGLAssetLoaderServi - Loading from file system: jar:file:/C:/Users/lwarr/.m2/repository/com/github/almasb/fxgl/11.16/fxgl-11.16.jar!/fxglassets/ui/css/fxgl_dark.css
20:42:16.386 [FXGL Background Thread 1 ] DEBUG GameApplicationServi - Initializing application scenes
20:42:16.467 [FXGL Background Thread 1 ] DEBUG GameWorld            - Game world initialized
20:42:16.654 [FXGL Background Thread 1 ] DEBUG PhysicsWorld         - Physics world initialized: appHeight=800, physics.ppm=50.0
20:42:16.655 [FXGL Background Thread 1 ] DEBUG PhysicsWorld         - Using strategy: BRUTE_FORCE
20:42:16.659 [FXGL Background Thread 1 ] DEBUG GameScene            - Game scene initialized: 800x800
20:42:16.676 [FXGL Background Thread 1 ] DEBUG FXGL.DefaultMenu     - createMenuBodyGameMenu()
20:42:16.709 [FXGL Background Thread 1 ] DEBUG FXGL.DefaultMenu     - createOptionsMenu()
20:42:16.723 [FXGL Background Thread 1 ] DEBUG FXGLAssetLoaderServi - Loading from file system: jar:file:/C:/Users/lwarr/.m2/repository/com/github/almasb/fxgl/11.16/fxgl-11.16.jar!/fxglassets/textures/particles/smoke.png
20:42:16.861 [FXGL Background Thread 1 ] DEBUG FXGLAssetLoaderServi - Loading from file system: jar:file:/C:/Users/lwarr/.m2/repository/com/github/almasb/fxgl/11.16/fxgl-11.16.jar!/fxglassets/textures/particles/trace_horizontal.png
20:42:16.902 [FXGL Background Thread 1 ] DEBUG GameApplicationServi - Application scenes initialized
20:42:16.920 [FXGL Background Thread 1 ] DEBUG SystemBundleService  - Loading FXGL system data
20:42:16.927 [FXGL Background Thread 1 ] DEBUG FileSystemAccess     - Reading from: C:\Users\lwarr\IdeaProjects\PokemonM\system\fxgl.bundle
20:42:16.933 [FXGL Background Thread 1 ] DEBUG SystemBundleService  - Bundle FXGL: {}
20:42:16.933 [FXGL Background Thread 1 ] DEBUG UpdaterService       - Checking for updates
20:42:16.947 [FXGL Background Thread 4 ] DEBUG FXGLApplication      - Loading fonts
20:42:16.948 [FXGL Background Thread 1 ] DEBUG FXGLApplication      - Loading default localization
20:42:16.948 [FXGL Background Thread 4 ] DEBUG FXGLAssetLoaderServi - Loading from file system: jar:file:/C:/Users/lwarr/.m2/repository/com/github/almasb/fxgl/11.16/fxgl-11.16.jar!/fxglassets/ui/fonts/VarelaRound-Regular.ttf
20:42:16.949 [FXGL Background Thread 1 ] DEBUG FXGLAssetLoaderServi - Loading from file system: jar:file:/C:/Users/lwarr/.m2/repository/com/github/almasb/fxgl/11.16/fxgl-11.16.jar!/fxglassets/languages/english.lang
20:42:16.976 [FXGL Background Thread 1 ] INFO  FXGLApplication      - FXGL initialization took: 0.816 sec
20:42:16.978 [JavaFX Application Thread] DEBUG FXGLAssetLoaderServi - Loading from file system: jar:file:/C:/Users/lwarr/.m2/repository/com/github/almasb/fxgl/11.16/fxgl-11.16.jar!/fxglassets/textures/fxgl_icon.png
20:42:17.041 [JavaFX Application Thread] DEBUG FXGLAssetLoaderServi - Loading from file system: jar:file:/C:/Users/lwarr/.m2/repository/com/github/almasb/fxgl/11.16/fxgl-11.16.jar!/fxglassets/textures/fxgl_default_cursor.png
20:42:17.078 [JavaFX Application Thread] DEBUG Input                - Registered new binding: Screenshot - CTRL+8
20:42:17.078 [JavaFX Application Thread] DEBUG Input                - Registered new binding: System info dump - CTRL+9
20:42:17.079 [JavaFX Application Thread] DEBUG Input                - Registered new binding: Restart - CTRL+R
20:42:17.080 [JavaFX Application Thread] DEBUG Input                - Registered new binding: Toggle Debug Camera - CTRL+C
20:42:17.085 [JavaFX Application Thread] DEBUG LoopRunner           - Starting loop
20:42:17.085 [JavaFX Application Thread] DEBUG LoopRunner           - Initializing JavaFX AnimationTimerLoop
20:42:17.088 [JavaFX Application Thread] DEBUG GameApplicationServi - Starting new game
20:42:17.088 [JavaFX Application Thread] DEBUG Input                - Clearing active input actions
20:42:17.109 [JavaFX Application Thread] DEBUG GameApplicationServi - Removing overlay from FXGLStartupScene and adding to FXGLLoadingScene
20:42:17.109 [JavaFX Application Thread] DEBUG PrimaryStageWindow   - FXGLStartupScene -> FXGLLoadingScene
20:42:17.109 [JavaFX Application Thread] DEBUG GameApplicationServi - Clearing previous game
20:42:17.110 [JavaFX Application Thread] DEBUG GameScene            - Clearing game scene
20:42:17.110 [JavaFX Application Thread] DEBUG GameWorld            - Clearing game world
20:42:17.110 [JavaFX Application Thread] DEBUG PhysicsWorld         - Clearing physics world
20:42:17.112 [FXGL Background Thread 1 ] DEBUG FXGLApplication      - Initializing game
20:42:17.260 [FXGL Background Thread 1 ] INFO  FXGLApplication      - Game initialization took: 0.148 sec
20:42:17.429 [JavaFX Application Thread] DEBUG Input                - Clearing active input actions
20:42:17.456 [JavaFX Application Thread] DEBUG GameApplicationServi - Removing overlay from FXGLLoadingScene and adding to GameScene
20:42:17.457 [JavaFX Application Thread] DEBUG PrimaryStageWindow   - FXGLLoadingScene -> GameScene
20:42:17.664 [FXGL Background Thread 4 ] DEBUG FXGLAssetLoaderServi - Loading from file system: jar:file:/C:/Users/lwarr/.m2/repository/com/github/almasb/fxgl/11.16/fxgl-11.16.jar!/fxglassets/ui/fonts/Abel-Regular.ttf
20:42:17.670 [FXGL Background Thread 4 ] DEBUG FXGLAssetLoaderServi - Loading from file system: jar:file:/C:/Users/lwarr/.m2/repository/com/github/almasb/fxgl/11.16/fxgl-11.16.jar!/fxglassets/ui/fonts/lucida_console.ttf
20:42:17.681 [FXGL Background Thread 4 ] DEBUG FXGLAssetLoaderServi - Loading from file system: jar:file:/C:/Users/lwarr/.m2/repository/com/github/almasb/fxgl/11.16/fxgl-11.16.jar!/fxglassets/ui/fonts/Courier-Prime.ttf
20:42:17.706 [JavaFX Application Thread] DEBUG FXGLApplication      - Registering font factories with UI factory
20:42:18.277 [FXGL Background Thread 2 ] INFO  UpdaterService       - Your current version:  11.16
20:42:18.277 [FXGL Background Thread 2 ] INFO  UpdaterService       - Latest stable version: 11.17
20:42:19.941 [FXGL Background Thread 3 ] DEBUG Engine               - Logging environment variables
20:42:19.943 [FXGL Background Thread 3 ] DEBUG Engine               - achievements: []
20:42:19.943 [FXGL Background Thread 3 ] DEBUG Engine               - actualHeight: 800.0
20:42:19.943 [FXGL Background Thread 3 ] DEBUG Engine               - actualHeightProperty: ReadOnlyDoubleProperty [value: 800.0]
20:42:19.943 [FXGL Background Thread 3 ] DEBUG Engine               - actualWidth: 800.0
20:42:19.943 [FXGL Background Thread 3 ] DEBUG Engine               - actualWidthProperty: ReadOnlyDoubleProperty [value: 800.0]
20:42:19.943 [FXGL Background Thread 3 ] DEBUG Engine               - appIcon: fxgl_icon.png
20:42:19.943 [FXGL Background Thread 3 ] DEBUG Engine               - applicationMode: DEVELOPER
20:42:19.943 [FXGL Background Thread 3 ] DEBUG Engine               - cSSList: [fxgl_dark.css]
20:42:19.943 [FXGL Background Thread 3 ] DEBUG Engine               - collisionDetectionStrategy: BRUTE_FORCE
20:42:19.943 [FXGL Background Thread 3 ] DEBUG Engine               - configClass: Optional.empty
20:42:19.944 [FXGL Background Thread 3 ] DEBUG Engine               - credits: []
20:42:19.944 [FXGL Background Thread 3 ] DEBUG Engine               - defaultCursor: CursorInfo(imageName=fxgl_default_cursor.png, hotspotX=7.0, hotspotY=6.0)
20:42:19.944 [FXGL Background Thread 3 ] DEBUG Engine               - devBBoxColorProperty: ObjectProperty [value: 0xff0000ff]
20:42:19.944 [FXGL Background Thread 3 ] DEBUG Engine               - devEnableDebugCameraProperty: BooleanProperty [value: false]
20:42:19.944 [FXGL Background Thread 3 ] DEBUG Engine               - devSensorColorProperty: ObjectProperty [value: 0xffff00ff]
20:42:19.945 [FXGL Background Thread 3 ] DEBUG Engine               - devShowBBoxProperty: BooleanProperty [value: false]
20:42:19.945 [FXGL Background Thread 3 ] DEBUG Engine               - devShowPositionProperty: BooleanProperty [value: false]
20:42:19.945 [FXGL Background Thread 3 ] DEBUG Engine               - enabledMenuItems: []
20:42:19.945 [FXGL Background Thread 3 ] DEBUG Engine               - engineServices: [class com.almasb.fxgl.app.services.FXGLAssetLoaderService, class com.almasb.fxgl.app.FXGLApplication$GameApplicationService, class com.almasb.fxgl.app.services.FXGLDialogService, class com.almasb.fxgl.app.services.IOTaskExecutorService, class com.almasb.fxgl.io.FileSystemService, class com.almasb.fxgl.localization.LocalizationService, class com.almasb.fxgl.app.services.SystemBundleService, class com.almasb.fxgl.profile.SaveLoadService, class com.almasb.fxgl.ui.FXGLUIFactoryServiceProvider, class com.almasb.fxgl.ui.FXGLDialogFactoryServiceProvider, class com.almasb.fxgl.audio.AudioPlayer, class com.almasb.fxgl.notification.impl.NotificationServiceProvider, class com.almasb.fxgl.achievement.AchievementService, class com.almasb.fxgl.cutscene.CutsceneService, class com.almasb.fxgl.minigames.MiniGameService, class com.almasb.fxgl.net.NetService, class com.almasb.fxgl.app.services.UpdaterService, class com.almasb.fxgl.dev.DevService]
20:42:19.945 [FXGL Background Thread 3 ] DEBUG Engine               - fontGame: Abel-Regular.ttf
20:42:19.945 [FXGL Background Thread 3 ] DEBUG Engine               - fontMono: lucida_console.ttf
20:42:19.945 [FXGL Background Thread 3 ] DEBUG Engine               - fontText: Courier-Prime.ttf
20:42:19.946 [FXGL Background Thread 3 ] DEBUG Engine               - fontUI: VarelaRound-Regular.ttf
20:42:19.946 [FXGL Background Thread 3 ] DEBUG Engine               - fullScreen: BooleanProperty [value: false]
20:42:19.946 [FXGL Background Thread 3 ] DEBUG Engine               - gameDifficulty: MEDIUM
20:42:19.946 [FXGL Background Thread 3 ] DEBUG Engine               - gameDifficultyProperty: ObjectProperty [value: MEDIUM]
20:42:19.946 [FXGL Background Thread 3 ] DEBUG Engine               - globalMusicVolume: 0.5
20:42:19.946 [FXGL Background Thread 3 ] DEBUG Engine               - globalMusicVolumeProperty: DoubleProperty [value: 0.5]
20:42:19.947 [FXGL Background Thread 3 ] DEBUG Engine               - globalSoundVolume: 0.5
20:42:19.947 [FXGL Background Thread 3 ] DEBUG Engine               - globalSoundVolumeProperty: DoubleProperty [value: 0.5]
20:42:19.947 [FXGL Background Thread 3 ] DEBUG Engine               - height: 800
20:42:19.947 [FXGL Background Thread 3 ] DEBUG Engine               - is3D: false
20:42:19.947 [FXGL Background Thread 3 ] DEBUG Engine               - isAndroid: false
20:42:19.948 [FXGL Background Thread 3 ] DEBUG Engine               - isBrowser: false
20:42:19.948 [FXGL Background Thread 3 ] DEBUG Engine               - isClickFeedbackEnabled: false
20:42:19.948 [FXGL Background Thread 3 ] DEBUG Engine               - isCloseConfirmation: false
20:42:19.948 [FXGL Background Thread 3 ] DEBUG Engine               - isDesktop: true
20:42:19.948 [FXGL Background Thread 3 ] DEBUG Engine               - isDeveloperMenuEnabled: false
20:42:19.949 [FXGL Background Thread 3 ] DEBUG Engine               - isEntityPreloadEnabled: true
20:42:19.949 [FXGL Background Thread 3 ] DEBUG Engine               - isExperimentalTiledLargeMap: false
20:42:19.949 [FXGL Background Thread 3 ] DEBUG Engine               - isFileSystemWriteAllowed: true
20:42:19.949 [FXGL Background Thread 3 ] DEBUG Engine               - isFullScreenAllowed: false
20:42:19.949 [FXGL Background Thread 3 ] DEBUG Engine               - isFullScreenFromStart: false
20:42:19.949 [FXGL Background Thread 3 ] DEBUG Engine               - isGameMenuEnabled: true
20:42:19.949 [FXGL Background Thread 3 ] DEBUG Engine               - isIOS: false
20:42:19.950 [FXGL Background Thread 3 ] DEBUG Engine               - isIntroEnabled: false
20:42:19.950 [FXGL Background Thread 3 ] DEBUG Engine               - isLinux: false
20:42:19.950 [FXGL Background Thread 3 ] DEBUG Engine               - isMac: false
20:42:19.950 [FXGL Background Thread 3 ] DEBUG Engine               - isMainMenuEnabled: false
20:42:19.950 [FXGL Background Thread 3 ] DEBUG Engine               - isManualResizeEnabled: false
20:42:19.950 [FXGL Background Thread 3 ] DEBUG Engine               - isMobile: false
20:42:19.950 [FXGL Background Thread 3 ] DEBUG Engine               - isNative: false
20:42:19.951 [FXGL Background Thread 3 ] DEBUG Engine               - isPreserveResizeRatio: false
20:42:19.951 [FXGL Background Thread 3 ] DEBUG Engine               - isProfilingEnabled: false
20:42:19.952 [FXGL Background Thread 3 ] DEBUG Engine               - isScaleAffectedOnResize: true
20:42:19.952 [FXGL Background Thread 3 ] DEBUG Engine               - isSingleStep: false
20:42:19.952 [FXGL Background Thread 3 ] DEBUG Engine               - isUserProfileEnabled: false
20:42:19.952 [FXGL Background Thread 3 ] DEBUG Engine               - isWindows: true
20:42:19.952 [FXGL Background Thread 3 ] DEBUG Engine               - language: ObjectProperty [value: ENGLISH]
20:42:19.952 [FXGL Background Thread 3 ] DEBUG Engine               - menuKey: ESCAPE
20:42:19.953 [FXGL Background Thread 3 ] DEBUG Engine               - mouseSensitivity: 0.2
20:42:19.953 [FXGL Background Thread 3 ] DEBUG Engine               - notificationViewClass: class com.almasb.fxgl.notification.view.XboxNotificationView
20:42:19.953 [FXGL Background Thread 3 ] DEBUG Engine               - pixelsPerMeter: 50.0
20:42:19.953 [FXGL Background Thread 3 ] DEBUG Engine               - platform: WINDOWS
20:42:19.953 [FXGL Background Thread 3 ] DEBUG Engine               - prefHeightProperty: ReadOnlyDoubleProperty [value: 800.0]
20:42:19.953 [FXGL Background Thread 3 ] DEBUG Engine               - prefWidthProperty: ReadOnlyDoubleProperty [value: 800.0]
20:42:19.953 [FXGL Background Thread 3 ] DEBUG Engine               - profileDir: profiles/
20:42:19.953 [FXGL Background Thread 3 ] DEBUG Engine               - profileName: StringProperty [value: DEFAULT]
20:42:19.953 [FXGL Background Thread 3 ] DEBUG Engine               - randomSeed: -1
20:42:19.953 [FXGL Background Thread 3 ] DEBUG Engine               - runtimeInfo: RuntimeInfo(platform=WINDOWS, version=11.16, build=25.05.2021 08.16)
20:42:19.953 [FXGL Background Thread 3 ] DEBUG Engine               - saveFileExt: sav
20:42:19.953 [FXGL Background Thread 3 ] DEBUG Engine               - scaledHeightProp$fxgl: DoubleProperty [bound, value: 800.0]
20:42:19.953 [FXGL Background Thread 3 ] DEBUG Engine               - scaledWidthProp$fxgl: DoubleProperty [bound, value: 800.0]
20:42:19.953 [FXGL Background Thread 3 ] DEBUG Engine               - sceneFactory: com.almasb.fxgl.app.scene.SceneFactory@95b015c
20:42:19.954 [FXGL Background Thread 3 ] DEBUG Engine               - secondsIn24h: 60
20:42:19.954 [FXGL Background Thread 3 ] DEBUG Engine               - soundMenuBack: menu/back.wav
20:42:19.954 [FXGL Background Thread 3 ] DEBUG Engine               - soundMenuPress: menu/press.wav
20:42:19.954 [FXGL Background Thread 3 ] DEBUG Engine               - soundMenuSelect: menu/select.wav
20:42:19.954 [FXGL Background Thread 3 ] DEBUG Engine               - soundNotification: core/notification.wav
20:42:19.954 [FXGL Background Thread 3 ] DEBUG Engine               - stageStyle: DECORATED
20:42:19.954 [FXGL Background Thread 3 ] DEBUG Engine               - supportedLanguages: [ENGLISH, FRENCH, GERMAN, HUNGARIAN, RUSSIAN]
20:42:19.954 [FXGL Background Thread 3 ] DEBUG Engine               - ticksPerSecond: -1
20:42:19.954 [FXGL Background Thread 3 ] DEBUG Engine               - title: Pokemon
20:42:19.954 [FXGL Background Thread 3 ] DEBUG Engine               - urlGithub: https://github.com/AlmasB/FXGL
20:42:19.954 [FXGL Background Thread 3 ] DEBUG Engine               - urlLeaderboard: http://fxgl-top.herokuapp.com/
20:42:19.954 [FXGL Background Thread 3 ] DEBUG Engine               - urlPOM: https://raw.githubusercontent.com/AlmasB/FXGL/release/README.md
20:42:19.954 [FXGL Background Thread 3 ] DEBUG Engine               - userAppClass: class App.Overworld
20:42:19.955 [FXGL Background Thread 3 ] DEBUG Engine               - version: Beta 0.1
20:42:19.955 [FXGL Background Thread 3 ] DEBUG Engine               - versionCheckDays: 7
20:42:19.955 [FXGL Background Thread 3 ] DEBUG Engine               - width: 800
20:42:19.955 [FXGL Background Thread 3 ] DEBUG Engine               - Logging services
20:42:19.955 [FXGL Background Thread 3 ] DEBUG Engine               - class com.almasb.fxgl.app.services.FXGLAssetLoaderService
20:42:19.955 [FXGL Background Thread 3 ] DEBUG Engine               - class com.almasb.fxgl.app.FXGLApplication$GameApplicationService
20:42:19.955 [FXGL Background Thread 3 ] DEBUG Engine               - class com.almasb.fxgl.app.services.FXGLDialogService
20:42:19.955 [FXGL Background Thread 3 ] DEBUG Engine               - class com.almasb.fxgl.app.services.IOTaskExecutorService
20:42:19.955 [FXGL Background Thread 3 ] DEBUG Engine               - class com.almasb.fxgl.io.FileSystemService
20:42:19.955 [FXGL Background Thread 3 ] DEBUG Engine               - class com.almasb.fxgl.localization.LocalizationService
20:42:19.955 [FXGL Background Thread 3 ] DEBUG Engine               - class com.almasb.fxgl.app.services.SystemBundleService
20:42:19.955 [FXGL Background Thread 3 ] DEBUG Engine               - class com.almasb.fxgl.profile.SaveLoadService
20:42:19.955 [FXGL Background Thread 3 ] DEBUG Engine               - class com.almasb.fxgl.ui.FXGLUIFactoryServiceProvider
20:42:19.956 [FXGL Background Thread 3 ] DEBUG Engine               - class com.almasb.fxgl.ui.FXGLDialogFactoryServiceProvider
20:42:19.956 [FXGL Background Thread 3 ] DEBUG Engine               - class com.almasb.fxgl.audio.AudioPlayer
20:42:19.956 [FXGL Background Thread 3 ] DEBUG Engine               - class com.almasb.fxgl.notification.impl.NotificationServiceProvider
20:42:19.956 [FXGL Background Thread 3 ] DEBUG Engine               - class com.almasb.fxgl.achievement.AchievementService
20:42:19.956 [FXGL Background Thread 3 ] DEBUG Engine               - class com.almasb.fxgl.cutscene.CutsceneService
20:42:19.956 [FXGL Background Thread 3 ] DEBUG Engine               - class com.almasb.fxgl.minigames.MiniGameService
20:42:19.956 [FXGL Background Thread 3 ] DEBUG Engine               - class com.almasb.fxgl.net.NetService
20:42:19.956 [FXGL Background Thread 3 ] DEBUG Engine               - class com.almasb.fxgl.app.services.UpdaterService
20:42:19.956 [FXGL Background Thread 3 ] DEBUG Engine               - class com.almasb.fxgl.dev.DevService
20:42:35.165 [JavaFX Application Thread] DEBUG FXGLApplication      - Exiting FXGL
20:42:35.165 [JavaFX Application Thread] DEBUG LoopRunner           - Stopping loop
20:42:35.165 [JavaFX Application Thread] DEBUG SystemBundleService  - Saving FXGL system data
20:42:35.168 [JavaFX Application Thread] DEBUG FileSystemAccess     - Writing to: C:\Users\lwarr\IdeaProjects\PokemonM\system\fxgl.bundle
20:42:35.170 [JavaFX Application Thread] DEBUG Async                - Shutting down background threads
20:42:35.171 [JavaFX Application Thread] DEBUG PrimaryStageWindow   - Closing main window
20:42:35.188 [JavaFX Application Thread] DEBUG Logger               - Closing Logger
