15:06:00.116 [main                     ] DEBUG Logger               - Configured Logger
15:06:00.146 [main                     ] DEBUG GameApplication      - Logging settings
Title: Pokemon
Version: Beta 0.1
Width: 800
Height: 800
Fullscreen: false
Intro: false
Profiling: false
Single step:false
App Mode: DEVELOPER
Menu Key: ESCAPE
Stage Style: DECORATED
Scene Factory: class com.almasb.fxgl.app.scene.SceneFactory

15:06:00.728 [JavaFX Application Thread] DEBUG FXGLApplication      - Initializing FXGL
15:06:00.733 [JavaFX Application Thread] INFO  Engine               - FXGL-11.16 (25.05.2021 08.16) on MAC (J:11.0.12 FX:16)
15:06:00.733 [JavaFX Application Thread] DEBUG Engine               - JRE Vendor Name: Oracle Corporation
15:06:00.733 [JavaFX Application Thread] DEBUG Engine               - Running on OS: Mac OS X version 11.3
15:06:00.733 [JavaFX Application Thread] DEBUG Engine               - Architecture: x86_64
15:06:00.733 [JavaFX Application Thread] INFO  Engine               - Source code and latest versions at: https://github.com/AlmasB/FXGL
15:06:00.734 [JavaFX Application Thread] INFO  Engine               -              Join the FXGL chat at: https://gitter.im/AlmasB/FXGL
15:06:00.918 [JavaFX Application Thread] DEBUG PrimaryStageWindow   - Creating a JavaFX scene
15:06:01.016 [JavaFX Application Thread] DEBUG PrimaryStageWindow   - Target settings size: 800.0 x 800.0
15:06:01.016 [JavaFX Application Thread] DEBUG PrimaryStageWindow   - Scaled scene size:    800.0 x 800.0
15:06:01.016 [JavaFX Application Thread] DEBUG PrimaryStageWindow   - Scaled ratio: (1.0, 1.0)
15:06:01.017 [JavaFX Application Thread] DEBUG PrimaryStageWindow   - Set initial scene to FXGLStartupScene
15:06:01.023 [JavaFX Application Thread] DEBUG PrimaryStageWindow   - Opening main window
15:06:01.231 [JavaFX Application Thread] DEBUG PrimaryStageWindow   - Window border size: (0.0, 28.0)
15:06:01.231 [JavaFX Application Thread] DEBUG PrimaryStageWindow   - Scaled size: 800.0 x 800.0
15:06:01.232 [JavaFX Application Thread] DEBUG PrimaryStageWindow   - Scaled ratio: (1.0, 1.0)
15:06:01.232 [JavaFX Application Thread] DEBUG PrimaryStageWindow   - Scene size: 800.0 x 800.0
15:06:01.232 [JavaFX Application Thread] DEBUG PrimaryStageWindow   - Stage size: 800.0 x 828.0
15:06:01.247 [FXGL Background Thread 1 ] DEBUG Engine               - Initializing environment variables
15:06:01.501 [FXGL Background Thread 1 ] DEBUG FXGLAssetLoaderServi - User app class for loading assets: class App.Overworld
15:06:01.506 [FXGL Background Thread 1 ] DEBUG GameApplicationServi - Applying CSS: fxgl_dark.css
15:06:01.513 [FXGL Background Thread 1 ] DEBUG FXGLAssetLoaderServi - Loading from file system: jar:file:/Users/cody/.m2/repository/com/github/almasb/fxgl/11.16/fxgl-11.16.jar!/fxglassets/ui/css/fxgl_dark.css
15:06:01.655 [FXGL Background Thread 1 ] DEBUG GameApplicationServi - Initializing application scenes
15:06:02.045 [FXGL Background Thread 1 ] DEBUG GameWorld            - Game world initialized
15:06:02.097 [FXGL Background Thread 1 ] DEBUG PhysicsWorld         - Physics world initialized: appHeight=800, physics.ppm=50.0
15:06:02.098 [FXGL Background Thread 1 ] DEBUG PhysicsWorld         - Using strategy: BRUTE_FORCE
15:06:02.105 [FXGL Background Thread 1 ] DEBUG GameScene            - Game scene initialized: 800x800
15:06:02.116 [FXGL Background Thread 1 ] DEBUG FXGL.DefaultMenu     - createMenuBodyGameMenu()
15:06:02.135 [FXGL Background Thread 1 ] DEBUG FXGL.DefaultMenu     - createOptionsMenu()
15:06:02.147 [FXGL Background Thread 1 ] DEBUG FXGLAssetLoaderServi - Loading from file system: jar:file:/Users/cody/.m2/repository/com/github/almasb/fxgl/11.16/fxgl-11.16.jar!/fxglassets/textures/particles/smoke.png
15:06:02.272 [FXGL Background Thread 1 ] DEBUG FXGLAssetLoaderServi - Loading from file system: jar:file:/Users/cody/.m2/repository/com/github/almasb/fxgl/11.16/fxgl-11.16.jar!/fxglassets/textures/particles/trace_horizontal.png
15:06:02.293 [FXGL Background Thread 1 ] DEBUG GameApplicationServi - Application scenes initialized
15:06:02.302 [FXGL Background Thread 1 ] DEBUG SystemBundleService  - Loading FXGL system data
15:06:02.308 [FXGL Background Thread 1 ] DEBUG FileSystemAccess     - Reading from: /Users/cody/Desktop/PokemonM/system/fxgl.bundle
15:06:02.315 [FXGL Background Thread 1 ] DEBUG SystemBundleService  - Bundle FXGL: {}
15:06:02.315 [FXGL Background Thread 1 ] DEBUG UpdaterService       - Checking for updates
15:06:02.322 [FXGL Background Thread 4 ] DEBUG FXGLApplication      - Loading fonts
15:06:02.324 [FXGL Background Thread 1 ] DEBUG FXGLApplication      - Loading default localization
15:06:02.324 [FXGL Background Thread 4 ] DEBUG FXGLAssetLoaderServi - Loading from file system: jar:file:/Users/cody/.m2/repository/com/github/almasb/fxgl/11.16/fxgl-11.16.jar!/fxglassets/ui/fonts/VarelaRound-Regular.ttf
15:06:02.325 [FXGL Background Thread 1 ] DEBUG FXGLAssetLoaderServi - Loading from file system: jar:file:/Users/cody/.m2/repository/com/github/almasb/fxgl/11.16/fxgl-11.16.jar!/fxglassets/languages/english.lang
15:06:02.388 [FXGL Background Thread 1 ] INFO  FXGLApplication      - FXGL initialization took: 1.133 sec
15:06:02.402 [FXGL Background Thread 4 ] DEBUG FXGLAssetLoaderServi - Loading from file system: jar:file:/Users/cody/.m2/repository/com/github/almasb/fxgl/11.16/fxgl-11.16.jar!/fxglassets/ui/fonts/Abel-Regular.ttf
15:06:02.411 [FXGL Background Thread 4 ] DEBUG FXGLAssetLoaderServi - Loading from file system: jar:file:/Users/cody/.m2/repository/com/github/almasb/fxgl/11.16/fxgl-11.16.jar!/fxglassets/ui/fonts/lucida_console.ttf
15:06:02.421 [FXGL Background Thread 4 ] DEBUG FXGLAssetLoaderServi - Loading from file system: jar:file:/Users/cody/.m2/repository/com/github/almasb/fxgl/11.16/fxgl-11.16.jar!/fxglassets/ui/fonts/Courier-Prime.ttf
15:06:02.455 [JavaFX Application Thread] DEBUG Input                - Registered new binding: action0 - D
15:06:02.456 [JavaFX Application Thread] DEBUG Input                - Registered new binding: action1 - A
15:06:02.456 [JavaFX Application Thread] DEBUG Input                - Registered new binding: action2 - W
15:06:02.462 [JavaFX Application Thread] DEBUG Input                - Registered new binding: action3 - S
15:06:02.465 [JavaFX Application Thread] DEBUG FXGLAssetLoaderServi - Loading from file system: jar:file:/Users/cody/.m2/repository/com/github/almasb/fxgl/11.16/fxgl-11.16.jar!/fxglassets/textures/fxgl_icon.png
15:06:02.526 [JavaFX Application Thread] DEBUG FXGLAssetLoaderServi - Loading from file system: jar:file:/Users/cody/.m2/repository/com/github/almasb/fxgl/11.16/fxgl-11.16.jar!/fxglassets/textures/fxgl_default_cursor.png
15:06:02.535 [JavaFX Application Thread] DEBUG Input                - Registered new binding: Screenshot - CTRL+8
15:06:02.536 [JavaFX Application Thread] DEBUG Input                - Registered new binding: System info dump - CTRL+9
15:06:02.536 [JavaFX Application Thread] DEBUG Input                - Registered new binding: Restart - CTRL+R
15:06:02.537 [JavaFX Application Thread] DEBUG Input                - Registered new binding: Toggle Debug Camera - CTRL+C
15:06:02.544 [JavaFX Application Thread] DEBUG LoopRunner           - Starting loop
15:06:02.544 [JavaFX Application Thread] DEBUG LoopRunner           - Initializing JavaFX AnimationTimerLoop
15:06:02.546 [JavaFX Application Thread] DEBUG GameApplicationServi - Starting new game
15:06:02.548 [JavaFX Application Thread] DEBUG Input                - Clearing active input actions
15:06:02.611 [JavaFX Application Thread] DEBUG GameApplicationServi - Removing overlay from FXGLStartupScene and adding to FXGLLoadingScene
15:06:02.612 [JavaFX Application Thread] DEBUG PrimaryStageWindow   - FXGLStartupScene -> FXGLLoadingScene
15:06:02.613 [JavaFX Application Thread] DEBUG GameApplicationServi - Clearing previous game
15:06:02.613 [JavaFX Application Thread] DEBUG GameScene            - Clearing game scene
15:06:02.613 [JavaFX Application Thread] DEBUG GameWorld            - Clearing game world
15:06:02.614 [JavaFX Application Thread] DEBUG PhysicsWorld         - Clearing physics world
15:06:02.615 [FXGL Background Thread 4 ] DEBUG FXGLApplication      - Initializing game
15:06:02.709 [JavaFX Application Thread] DEBUG FXGLApplication      - Registering font factories with UI factory
15:06:02.765 [FXGL Background Thread 4 ] INFO  FXGLApplication      - Game initialization took: 0.148 sec
15:06:02.826 [JavaFX Application Thread] DEBUG Input                - Clearing active input actions
15:06:02.885 [JavaFX Application Thread] DEBUG GameApplicationServi - Removing overlay from FXGLLoadingScene and adding to GameScene
15:06:02.886 [JavaFX Application Thread] DEBUG PrimaryStageWindow   - FXGLLoadingScene -> GameScene
15:06:03.180 [FXGL Background Thread 2 ] INFO  UpdaterService       - Your current version:  11.16
15:06:03.185 [FXGL Background Thread 2 ] INFO  UpdaterService       - Latest stable version: 11.17
15:06:04.891 [JavaFX Application Thread] DEBUG PrimaryStageWindow   - Push state: battleScreen
15:06:04.895 [JavaFX Application Thread] DEBUG Input                - Clearing active input actions
15:06:04.911 [JavaFX Application Thread] DEBUG GameApplicationServi - Removing overlay from GameScene and adding to battleScreen
15:06:04.912 [JavaFX Application Thread] DEBUG PrimaryStageWindow   - GameScene -> battleScreen
15:06:05.324 [FXGL Background Thread 3 ] DEBUG Engine               - Logging environment variables
15:06:05.328 [FXGL Background Thread 3 ] DEBUG Engine               - achievements: []
15:06:05.328 [FXGL Background Thread 3 ] DEBUG Engine               - actualHeight: 800.0
15:06:05.328 [FXGL Background Thread 3 ] DEBUG Engine               - actualHeightProperty: ReadOnlyDoubleProperty [value: 800.0]
15:06:05.328 [FXGL Background Thread 3 ] DEBUG Engine               - actualWidth: 800.0
15:06:05.329 [FXGL Background Thread 3 ] DEBUG Engine               - actualWidthProperty: ReadOnlyDoubleProperty [value: 800.0]
15:06:05.329 [FXGL Background Thread 3 ] DEBUG Engine               - appIcon: fxgl_icon.png
15:06:05.329 [FXGL Background Thread 3 ] DEBUG Engine               - applicationMode: DEVELOPER
15:06:05.329 [FXGL Background Thread 3 ] DEBUG Engine               - cSSList: [fxgl_dark.css]
15:06:05.329 [FXGL Background Thread 3 ] DEBUG Engine               - collisionDetectionStrategy: BRUTE_FORCE
15:06:05.329 [FXGL Background Thread 3 ] DEBUG Engine               - configClass: Optional.empty
15:06:05.329 [FXGL Background Thread 3 ] DEBUG Engine               - credits: []
15:06:05.330 [FXGL Background Thread 3 ] DEBUG Engine               - defaultCursor: CursorInfo(imageName=fxgl_default_cursor.png, hotspotX=7.0, hotspotY=6.0)
15:06:05.336 [FXGL Background Thread 3 ] DEBUG Engine               - devBBoxColorProperty: ObjectProperty [value: 0xff0000ff]
15:06:05.337 [FXGL Background Thread 3 ] DEBUG Engine               - devEnableDebugCameraProperty: BooleanProperty [value: false]
15:06:05.337 [FXGL Background Thread 3 ] DEBUG Engine               - devSensorColorProperty: ObjectProperty [value: 0xffff00ff]
15:06:05.338 [FXGL Background Thread 3 ] DEBUG Engine               - devShowBBoxProperty: BooleanProperty [value: false]
15:06:05.338 [FXGL Background Thread 3 ] DEBUG Engine               - devShowPositionProperty: BooleanProperty [value: false]
15:06:05.338 [FXGL Background Thread 3 ] DEBUG Engine               - enabledMenuItems: []
15:06:05.339 [FXGL Background Thread 3 ] DEBUG Engine               - engineServices: [class com.almasb.fxgl.app.services.FXGLAssetLoaderService, class com.almasb.fxgl.app.FXGLApplication$GameApplicationService, class com.almasb.fxgl.app.services.FXGLDialogService, class com.almasb.fxgl.app.services.IOTaskExecutorService, class com.almasb.fxgl.io.FileSystemService, class com.almasb.fxgl.localization.LocalizationService, class com.almasb.fxgl.app.services.SystemBundleService, class com.almasb.fxgl.profile.SaveLoadService, class com.almasb.fxgl.ui.FXGLUIFactoryServiceProvider, class com.almasb.fxgl.ui.FXGLDialogFactoryServiceProvider, class com.almasb.fxgl.audio.AudioPlayer, class com.almasb.fxgl.notification.impl.NotificationServiceProvider, class com.almasb.fxgl.achievement.AchievementService, class com.almasb.fxgl.cutscene.CutsceneService, class com.almasb.fxgl.minigames.MiniGameService, class com.almasb.fxgl.net.NetService, class com.almasb.fxgl.app.services.UpdaterService, class com.almasb.fxgl.dev.DevService]
15:06:05.340 [FXGL Background Thread 3 ] DEBUG Engine               - fontGame: Abel-Regular.ttf
15:06:05.340 [FXGL Background Thread 3 ] DEBUG Engine               - fontMono: lucida_console.ttf
15:06:05.340 [FXGL Background Thread 3 ] DEBUG Engine               - fontText: Courier-Prime.ttf
15:06:05.340 [FXGL Background Thread 3 ] DEBUG Engine               - fontUI: VarelaRound-Regular.ttf
15:06:05.340 [FXGL Background Thread 3 ] DEBUG Engine               - fullScreen: BooleanProperty [value: false]
15:06:05.340 [FXGL Background Thread 3 ] DEBUG Engine               - gameDifficulty: MEDIUM
15:06:05.340 [FXGL Background Thread 3 ] DEBUG Engine               - gameDifficultyProperty: ObjectProperty [value: MEDIUM]
15:06:05.340 [FXGL Background Thread 3 ] DEBUG Engine               - globalMusicVolume: 0.5
15:06:05.341 [FXGL Background Thread 3 ] DEBUG Engine               - globalMusicVolumeProperty: DoubleProperty [value: 0.5]
15:06:05.342 [FXGL Background Thread 3 ] DEBUG Engine               - globalSoundVolume: 0.5
15:06:05.344 [FXGL Background Thread 3 ] DEBUG Engine               - globalSoundVolumeProperty: DoubleProperty [value: 0.5]
15:06:05.344 [FXGL Background Thread 3 ] DEBUG Engine               - height: 800
15:06:05.344 [FXGL Background Thread 3 ] DEBUG Engine               - is3D: false
15:06:05.344 [FXGL Background Thread 3 ] DEBUG Engine               - isAndroid: false
15:06:05.344 [FXGL Background Thread 3 ] DEBUG Engine               - isBrowser: false
15:06:05.344 [FXGL Background Thread 3 ] DEBUG Engine               - isClickFeedbackEnabled: false
15:06:05.345 [FXGL Background Thread 3 ] DEBUG Engine               - isCloseConfirmation: false
15:06:05.345 [FXGL Background Thread 3 ] DEBUG Engine               - isDesktop: true
15:06:05.345 [FXGL Background Thread 3 ] DEBUG Engine               - isDeveloperMenuEnabled: false
15:06:05.346 [FXGL Background Thread 3 ] DEBUG Engine               - isEntityPreloadEnabled: true
15:06:05.346 [FXGL Background Thread 3 ] DEBUG Engine               - isExperimentalTiledLargeMap: false
15:06:05.346 [FXGL Background Thread 3 ] DEBUG Engine               - isFileSystemWriteAllowed: true
15:06:05.346 [FXGL Background Thread 3 ] DEBUG Engine               - isFullScreenAllowed: false
15:06:05.346 [FXGL Background Thread 3 ] DEBUG Engine               - isFullScreenFromStart: false
15:06:05.346 [FXGL Background Thread 3 ] DEBUG Engine               - isGameMenuEnabled: true
15:06:05.346 [FXGL Background Thread 3 ] DEBUG Engine               - isIOS: false
15:06:05.346 [FXGL Background Thread 3 ] DEBUG Engine               - isIntroEnabled: false
15:06:05.346 [FXGL Background Thread 3 ] DEBUG Engine               - isLinux: false
15:06:05.346 [FXGL Background Thread 3 ] DEBUG Engine               - isMac: true
15:06:05.346 [FXGL Background Thread 3 ] DEBUG Engine               - isMainMenuEnabled: false
15:06:05.346 [FXGL Background Thread 3 ] DEBUG Engine               - isManualResizeEnabled: false
15:06:05.346 [FXGL Background Thread 3 ] DEBUG Engine               - isMobile: false
15:06:05.347 [FXGL Background Thread 3 ] DEBUG Engine               - isNative: false
15:06:05.349 [FXGL Background Thread 3 ] DEBUG Engine               - isPreserveResizeRatio: false
15:06:05.350 [FXGL Background Thread 3 ] DEBUG Engine               - isProfilingEnabled: false
15:06:05.350 [FXGL Background Thread 3 ] DEBUG Engine               - isScaleAffectedOnResize: true
15:06:05.350 [FXGL Background Thread 3 ] DEBUG Engine               - isSingleStep: false
15:06:05.350 [FXGL Background Thread 3 ] DEBUG Engine               - isUserProfileEnabled: false
15:06:05.350 [FXGL Background Thread 3 ] DEBUG Engine               - isWindows: false
15:06:05.350 [FXGL Background Thread 3 ] DEBUG Engine               - language: ObjectProperty [value: ENGLISH]
15:06:05.350 [FXGL Background Thread 3 ] DEBUG Engine               - menuKey: ESCAPE
15:06:05.350 [FXGL Background Thread 3 ] DEBUG Engine               - mouseSensitivity: 0.2
15:06:05.350 [FXGL Background Thread 3 ] DEBUG Engine               - notificationViewClass: class com.almasb.fxgl.notification.view.XboxNotificationView
15:06:05.351 [FXGL Background Thread 3 ] DEBUG Engine               - pixelsPerMeter: 50.0
15:06:05.351 [FXGL Background Thread 3 ] DEBUG Engine               - platform: MAC
15:06:05.351 [FXGL Background Thread 3 ] DEBUG Engine               - prefHeightProperty: ReadOnlyDoubleProperty [value: 800.0]
15:06:05.351 [FXGL Background Thread 3 ] DEBUG Engine               - prefWidthProperty: ReadOnlyDoubleProperty [value: 800.0]
15:06:05.351 [FXGL Background Thread 3 ] DEBUG Engine               - profileDir: profiles/
15:06:05.351 [FXGL Background Thread 3 ] DEBUG Engine               - profileName: StringProperty [value: DEFAULT]
15:06:05.351 [FXGL Background Thread 3 ] DEBUG Engine               - randomSeed: -1
15:06:05.353 [FXGL Background Thread 3 ] DEBUG Engine               - runtimeInfo: RuntimeInfo(platform=MAC, version=11.16, build=25.05.2021 08.16)
15:06:05.353 [FXGL Background Thread 3 ] DEBUG Engine               - saveFileExt: sav
15:06:05.353 [FXGL Background Thread 3 ] DEBUG Engine               - scaledHeightProp$fxgl: DoubleProperty [bound, value: 800.0]
15:06:05.354 [FXGL Background Thread 3 ] DEBUG Engine               - scaledWidthProp$fxgl: DoubleProperty [bound, value: 800.0]
15:06:05.354 [FXGL Background Thread 3 ] DEBUG Engine               - sceneFactory: com.almasb.fxgl.app.scene.SceneFactory@2d6dc79e
15:06:05.354 [FXGL Background Thread 3 ] DEBUG Engine               - secondsIn24h: 60
15:06:05.354 [FXGL Background Thread 3 ] DEBUG Engine               - soundMenuBack: menu/back.wav
15:06:05.354 [FXGL Background Thread 3 ] DEBUG Engine               - soundMenuPress: menu/press.wav
15:06:05.354 [FXGL Background Thread 3 ] DEBUG Engine               - soundMenuSelect: menu/select.wav
15:06:05.354 [FXGL Background Thread 3 ] DEBUG Engine               - soundNotification: core/notification.wav
15:06:05.354 [FXGL Background Thread 3 ] DEBUG Engine               - stageStyle: DECORATED
15:06:05.354 [FXGL Background Thread 3 ] DEBUG Engine               - supportedLanguages: [ENGLISH, FRENCH, GERMAN, HUNGARIAN, RUSSIAN]
15:06:05.354 [FXGL Background Thread 3 ] DEBUG Engine               - ticksPerSecond: -1
15:06:05.354 [FXGL Background Thread 3 ] DEBUG Engine               - title: Pokemon
15:06:05.354 [FXGL Background Thread 3 ] DEBUG Engine               - urlGithub: https://github.com/AlmasB/FXGL
15:06:05.354 [FXGL Background Thread 3 ] DEBUG Engine               - urlLeaderboard: http://fxgl-top.herokuapp.com/
15:06:05.354 [FXGL Background Thread 3 ] DEBUG Engine               - urlPOM: https://raw.githubusercontent.com/AlmasB/FXGL/release/README.md
15:06:05.354 [FXGL Background Thread 3 ] DEBUG Engine               - userAppClass: class App.Overworld
15:06:05.354 [FXGL Background Thread 3 ] DEBUG Engine               - version: Beta 0.1
15:06:05.354 [FXGL Background Thread 3 ] DEBUG Engine               - versionCheckDays: 7
15:06:05.354 [FXGL Background Thread 3 ] DEBUG Engine               - width: 800
15:06:05.354 [FXGL Background Thread 3 ] DEBUG Engine               - Logging services
15:06:05.354 [FXGL Background Thread 3 ] DEBUG Engine               - class com.almasb.fxgl.app.services.FXGLAssetLoaderService
15:06:05.355 [FXGL Background Thread 3 ] DEBUG Engine               - class com.almasb.fxgl.app.FXGLApplication$GameApplicationService
15:06:05.355 [FXGL Background Thread 3 ] DEBUG Engine               - class com.almasb.fxgl.app.services.FXGLDialogService
15:06:05.355 [FXGL Background Thread 3 ] DEBUG Engine               - class com.almasb.fxgl.app.services.IOTaskExecutorService
15:06:05.355 [FXGL Background Thread 3 ] DEBUG Engine               - class com.almasb.fxgl.io.FileSystemService
15:06:05.355 [FXGL Background Thread 3 ] DEBUG Engine               - class com.almasb.fxgl.localization.LocalizationService
15:06:05.355 [FXGL Background Thread 3 ] DEBUG Engine               - class com.almasb.fxgl.app.services.SystemBundleService
15:06:05.355 [FXGL Background Thread 3 ] DEBUG Engine               - class com.almasb.fxgl.profile.SaveLoadService
15:06:05.355 [FXGL Background Thread 3 ] DEBUG Engine               - class com.almasb.fxgl.ui.FXGLUIFactoryServiceProvider
15:06:05.355 [FXGL Background Thread 3 ] DEBUG Engine               - class com.almasb.fxgl.ui.FXGLDialogFactoryServiceProvider
15:06:05.355 [FXGL Background Thread 3 ] DEBUG Engine               - class com.almasb.fxgl.audio.AudioPlayer
15:06:05.355 [FXGL Background Thread 3 ] DEBUG Engine               - class com.almasb.fxgl.notification.impl.NotificationServiceProvider
15:06:05.355 [FXGL Background Thread 3 ] DEBUG Engine               - class com.almasb.fxgl.achievement.AchievementService
15:06:05.355 [FXGL Background Thread 3 ] DEBUG Engine               - class com.almasb.fxgl.cutscene.CutsceneService
15:06:05.355 [FXGL Background Thread 3 ] DEBUG Engine               - class com.almasb.fxgl.minigames.MiniGameService
15:06:05.355 [FXGL Background Thread 3 ] DEBUG Engine               - class com.almasb.fxgl.net.NetService
15:06:05.355 [FXGL Background Thread 3 ] DEBUG Engine               - class com.almasb.fxgl.app.services.UpdaterService
15:06:05.355 [FXGL Background Thread 3 ] DEBUG Engine               - class com.almasb.fxgl.dev.DevService
15:06:11.434 [JavaFX Application Thread] DEBUG FXGLApplication      - Exiting FXGL
15:06:11.446 [JavaFX Application Thread] DEBUG LoopRunner           - Stopping loop
15:06:11.447 [JavaFX Application Thread] DEBUG SystemBundleService  - Saving FXGL system data
15:06:11.479 [JavaFX Application Thread] DEBUG FileSystemAccess     - Writing to: /Users/cody/Desktop/PokemonM/system/fxgl.bundle
15:06:11.506 [JavaFX Application Thread] DEBUG Async                - Shutting down background threads
15:06:11.513 [JavaFX Application Thread] DEBUG PrimaryStageWindow   - Closing main window
15:06:11.543 [JavaFX Application Thread] DEBUG Logger               - Closing Logger
