21:08:55.862 [main                     ] DEBUG Logger               - Configured Logger
21:08:55.893 [main                     ] DEBUG GameApplication      - Logging settings
Title: Pokemon
Version: Beta 0.1
Width: 800
Height: 800
Fullscreen: false
Intro: false
Profiling: false
Single step:false
App Mode: DEVELOPER
Menu Key: ESCAPE
Stage Style: DECORATED
Scene Factory: class com.almasb.fxgl.app.scene.SceneFactory

21:08:56.663 [JavaFX Application Thread] DEBUG FXGLApplication      - Initializing FXGL
21:08:56.666 [JavaFX Application Thread] INFO  Engine               - FXGL-11.16 (25.05.2021 08.16) on MAC (J:11.0.12 FX:16)
21:08:56.666 [JavaFX Application Thread] DEBUG Engine               - JRE Vendor Name: Oracle Corporation
21:08:56.667 [JavaFX Application Thread] DEBUG Engine               - Running on OS: Mac OS X version 11.3
21:08:56.667 [JavaFX Application Thread] DEBUG Engine               - Architecture: x86_64
21:08:56.667 [JavaFX Application Thread] INFO  Engine               - Source code and latest versions at: https://github.com/AlmasB/FXGL
21:08:56.667 [JavaFX Application Thread] INFO  Engine               -              Join the FXGL chat at: https://gitter.im/AlmasB/FXGL
21:08:56.874 [JavaFX Application Thread] DEBUG PrimaryStageWindow   - Creating a JavaFX scene
21:08:56.969 [JavaFX Application Thread] DEBUG PrimaryStageWindow   - Target settings size: 800.0 x 800.0
21:08:56.969 [JavaFX Application Thread] DEBUG PrimaryStageWindow   - Scaled scene size:    800.0 x 800.0
21:08:56.970 [JavaFX Application Thread] DEBUG PrimaryStageWindow   - Scaled ratio: (1.0, 1.0)
21:08:56.970 [JavaFX Application Thread] DEBUG PrimaryStageWindow   - Set initial scene to FXGLStartupScene
21:08:56.975 [JavaFX Application Thread] DEBUG PrimaryStageWindow   - Opening main window
21:08:57.197 [JavaFX Application Thread] DEBUG PrimaryStageWindow   - Window border size: (0.0, 28.0)
21:08:57.198 [JavaFX Application Thread] DEBUG PrimaryStageWindow   - Scaled size: 800.0 x 800.0
21:08:57.199 [JavaFX Application Thread] DEBUG PrimaryStageWindow   - Scaled ratio: (1.0, 1.0)
21:08:57.199 [JavaFX Application Thread] DEBUG PrimaryStageWindow   - Scene size: 800.0 x 800.0
21:08:57.199 [JavaFX Application Thread] DEBUG PrimaryStageWindow   - Stage size: 800.0 x 828.0
21:08:57.219 [FXGL Background Thread 1 ] DEBUG Engine               - Initializing environment variables
21:08:57.563 [FXGL Background Thread 1 ] DEBUG FXGLAssetLoaderServi - User app class for loading assets: class App.Overworld
21:08:57.568 [FXGL Background Thread 1 ] DEBUG GameApplicationServi - Applying CSS: fxgl_dark.css
21:08:57.586 [FXGL Background Thread 1 ] DEBUG FXGLAssetLoaderServi - Loading from file system: jar:file:/Users/cody/.m2/repository/com/github/almasb/fxgl/11.16/fxgl-11.16.jar!/fxglassets/ui/css/fxgl_dark.css
21:08:57.716 [FXGL Background Thread 1 ] DEBUG GameApplicationServi - Initializing application scenes
21:08:58.155 [FXGL Background Thread 1 ] DEBUG GameWorld            - Game world initialized
21:08:58.232 [FXGL Background Thread 1 ] DEBUG PhysicsWorld         - Physics world initialized: appHeight=800, physics.ppm=50.0
21:08:58.234 [FXGL Background Thread 1 ] DEBUG PhysicsWorld         - Using strategy: BRUTE_FORCE
21:08:58.241 [FXGL Background Thread 1 ] DEBUG GameScene            - Game scene initialized: 800x800
21:08:58.252 [FXGL Background Thread 1 ] DEBUG FXGL.DefaultMenu     - createMenuBodyGameMenu()
21:08:58.270 [FXGL Background Thread 1 ] DEBUG FXGL.DefaultMenu     - createOptionsMenu()
21:08:58.280 [FXGL Background Thread 1 ] DEBUG FXGLAssetLoaderServi - Loading from file system: jar:file:/Users/cody/.m2/repository/com/github/almasb/fxgl/11.16/fxgl-11.16.jar!/fxglassets/textures/particles/smoke.png
21:08:58.416 [FXGL Background Thread 1 ] DEBUG FXGLAssetLoaderServi - Loading from file system: jar:file:/Users/cody/.m2/repository/com/github/almasb/fxgl/11.16/fxgl-11.16.jar!/fxglassets/textures/particles/trace_horizontal.png
21:08:58.442 [FXGL Background Thread 1 ] DEBUG GameApplicationServi - Application scenes initialized
21:08:58.452 [FXGL Background Thread 1 ] DEBUG SystemBundleService  - Loading FXGL system data
21:08:58.457 [FXGL Background Thread 1 ] DEBUG FileSystemAccess     - Reading from: /Users/cody/Desktop/PokemonM/system/fxgl.bundle
21:08:58.465 [FXGL Background Thread 1 ] DEBUG SystemBundleService  - Bundle FXGL: {}
21:08:58.465 [FXGL Background Thread 1 ] DEBUG UpdaterService       - Checking for updates
21:08:58.471 [FXGL Background Thread 4 ] DEBUG FXGLApplication      - Loading fonts
21:08:58.473 [FXGL Background Thread 1 ] DEBUG FXGLApplication      - Loading default localization
21:08:58.473 [FXGL Background Thread 4 ] DEBUG FXGLAssetLoaderServi - Loading from file system: jar:file:/Users/cody/.m2/repository/com/github/almasb/fxgl/11.16/fxgl-11.16.jar!/fxglassets/ui/fonts/VarelaRound-Regular.ttf
21:08:58.474 [FXGL Background Thread 1 ] DEBUG FXGLAssetLoaderServi - Loading from file system: jar:file:/Users/cody/.m2/repository/com/github/almasb/fxgl/11.16/fxgl-11.16.jar!/fxglassets/languages/english.lang
21:08:58.537 [FXGL Background Thread 1 ] INFO  FXGLApplication      - FXGL initialization took: 1.309 sec
21:08:58.558 [FXGL Background Thread 4 ] DEBUG FXGLAssetLoaderServi - Loading from file system: jar:file:/Users/cody/.m2/repository/com/github/almasb/fxgl/11.16/fxgl-11.16.jar!/fxglassets/ui/fonts/Abel-Regular.ttf
21:08:58.566 [FXGL Background Thread 4 ] DEBUG FXGLAssetLoaderServi - Loading from file system: jar:file:/Users/cody/.m2/repository/com/github/almasb/fxgl/11.16/fxgl-11.16.jar!/fxglassets/ui/fonts/lucida_console.ttf
21:08:58.569 [FXGL Background Thread 4 ] DEBUG FXGLAssetLoaderServi - Loading from file system: jar:file:/Users/cody/.m2/repository/com/github/almasb/fxgl/11.16/fxgl-11.16.jar!/fxglassets/ui/fonts/Courier-Prime.ttf
21:08:58.570 [JavaFX Application Thread] DEBUG FXGLAssetLoaderServi - Loading from file system: jar:file:/Users/cody/.m2/repository/com/github/almasb/fxgl/11.16/fxgl-11.16.jar!/fxglassets/textures/fxgl_icon.png
21:08:58.646 [JavaFX Application Thread] DEBUG FXGLAssetLoaderServi - Loading from file system: jar:file:/Users/cody/.m2/repository/com/github/almasb/fxgl/11.16/fxgl-11.16.jar!/fxglassets/textures/fxgl_default_cursor.png
21:08:58.666 [JavaFX Application Thread] DEBUG Input                - Registered new binding: Screenshot - CTRL+8
21:08:58.670 [JavaFX Application Thread] DEBUG Input                - Registered new binding: System info dump - CTRL+9
21:08:58.672 [JavaFX Application Thread] DEBUG Input                - Registered new binding: Restart - CTRL+R
21:08:58.674 [JavaFX Application Thread] DEBUG Input                - Registered new binding: Toggle Debug Camera - CTRL+C
21:08:58.680 [JavaFX Application Thread] DEBUG LoopRunner           - Starting loop
21:08:58.681 [JavaFX Application Thread] DEBUG LoopRunner           - Initializing JavaFX AnimationTimerLoop
21:08:58.682 [JavaFX Application Thread] DEBUG GameApplicationServi - Starting new game
21:08:58.690 [JavaFX Application Thread] DEBUG Input                - Clearing active input actions
21:08:58.757 [JavaFX Application Thread] DEBUG GameApplicationServi - Removing overlay from FXGLStartupScene and adding to FXGLLoadingScene
21:08:58.758 [JavaFX Application Thread] DEBUG PrimaryStageWindow   - FXGLStartupScene -> FXGLLoadingScene
21:08:58.758 [JavaFX Application Thread] DEBUG GameApplicationServi - Clearing previous game
21:08:58.758 [JavaFX Application Thread] DEBUG GameScene            - Clearing game scene
21:08:58.758 [JavaFX Application Thread] DEBUG GameWorld            - Clearing game world
21:08:58.758 [JavaFX Application Thread] DEBUG PhysicsWorld         - Clearing physics world
21:08:58.764 [FXGL Background Thread 4 ] DEBUG FXGLApplication      - Initializing game
21:08:58.821 [JavaFX Application Thread] DEBUG FXGLApplication      - Registering font factories with UI factory
21:08:58.955 [FXGL Background Thread 4 ] INFO  FXGLApplication      - Game initialization took: 0.187 sec
21:08:59.029 [JavaFX Application Thread] DEBUG Input                - Clearing active input actions
21:08:59.107 [JavaFX Application Thread] DEBUG GameApplicationServi - Removing overlay from FXGLLoadingScene and adding to GameScene
21:08:59.109 [JavaFX Application Thread] DEBUG PrimaryStageWindow   - FXGLLoadingScene -> GameScene
21:08:59.753 [FXGL Background Thread 2 ] INFO  UpdaterService       - Your current version:  11.16
21:08:59.766 [FXGL Background Thread 2 ] INFO  UpdaterService       - Latest stable version: 11.17
21:09:01.475 [FXGL Background Thread 3 ] DEBUG Engine               - Logging environment variables
21:09:01.478 [FXGL Background Thread 3 ] DEBUG Engine               - achievements: []
21:09:01.478 [FXGL Background Thread 3 ] DEBUG Engine               - actualHeight: 800.0
21:09:01.479 [FXGL Background Thread 3 ] DEBUG Engine               - actualHeightProperty: ReadOnlyDoubleProperty [value: 800.0]
21:09:01.480 [FXGL Background Thread 3 ] DEBUG Engine               - actualWidth: 800.0
21:09:01.480 [FXGL Background Thread 3 ] DEBUG Engine               - actualWidthProperty: ReadOnlyDoubleProperty [value: 800.0]
21:09:01.480 [FXGL Background Thread 3 ] DEBUG Engine               - appIcon: fxgl_icon.png
21:09:01.480 [FXGL Background Thread 3 ] DEBUG Engine               - applicationMode: DEVELOPER
21:09:01.480 [FXGL Background Thread 3 ] DEBUG Engine               - cSSList: [fxgl_dark.css]
21:09:01.486 [FXGL Background Thread 3 ] DEBUG Engine               - collisionDetectionStrategy: BRUTE_FORCE
21:09:01.486 [FXGL Background Thread 3 ] DEBUG Engine               - configClass: Optional.empty
21:09:01.487 [FXGL Background Thread 3 ] DEBUG Engine               - credits: []
21:09:01.487 [FXGL Background Thread 3 ] DEBUG Engine               - defaultCursor: CursorInfo(imageName=fxgl_default_cursor.png, hotspotX=7.0, hotspotY=6.0)
21:09:01.490 [FXGL Background Thread 3 ] DEBUG Engine               - devBBoxColorProperty: ObjectProperty [value: 0xff0000ff]
21:09:01.490 [FXGL Background Thread 3 ] DEBUG Engine               - devEnableDebugCameraProperty: BooleanProperty [value: false]
21:09:01.490 [FXGL Background Thread 3 ] DEBUG Engine               - devSensorColorProperty: ObjectProperty [value: 0xffff00ff]
21:09:01.490 [FXGL Background Thread 3 ] DEBUG Engine               - devShowBBoxProperty: BooleanProperty [value: false]
21:09:01.490 [FXGL Background Thread 3 ] DEBUG Engine               - devShowPositionProperty: BooleanProperty [value: false]
21:09:01.490 [FXGL Background Thread 3 ] DEBUG Engine               - enabledMenuItems: []
21:09:01.490 [FXGL Background Thread 3 ] DEBUG Engine               - engineServices: [class com.almasb.fxgl.app.services.FXGLAssetLoaderService, class com.almasb.fxgl.app.FXGLApplication$GameApplicationService, class com.almasb.fxgl.app.services.FXGLDialogService, class com.almasb.fxgl.app.services.IOTaskExecutorService, class com.almasb.fxgl.io.FileSystemService, class com.almasb.fxgl.localization.LocalizationService, class com.almasb.fxgl.app.services.SystemBundleService, class com.almasb.fxgl.profile.SaveLoadService, class com.almasb.fxgl.ui.FXGLUIFactoryServiceProvider, class com.almasb.fxgl.ui.FXGLDialogFactoryServiceProvider, class com.almasb.fxgl.audio.AudioPlayer, class com.almasb.fxgl.notification.impl.NotificationServiceProvider, class com.almasb.fxgl.achievement.AchievementService, class com.almasb.fxgl.cutscene.CutsceneService, class com.almasb.fxgl.minigames.MiniGameService, class com.almasb.fxgl.net.NetService, class com.almasb.fxgl.app.services.UpdaterService, class com.almasb.fxgl.dev.DevService]
21:09:01.490 [FXGL Background Thread 3 ] DEBUG Engine               - fontGame: Abel-Regular.ttf
21:09:01.491 [FXGL Background Thread 3 ] DEBUG Engine               - fontMono: lucida_console.ttf
21:09:01.491 [FXGL Background Thread 3 ] DEBUG Engine               - fontText: Courier-Prime.ttf
21:09:01.491 [FXGL Background Thread 3 ] DEBUG Engine               - fontUI: VarelaRound-Regular.ttf
21:09:01.491 [FXGL Background Thread 3 ] DEBUG Engine               - fullScreen: BooleanProperty [value: false]
21:09:01.491 [FXGL Background Thread 3 ] DEBUG Engine               - gameDifficulty: MEDIUM
21:09:01.491 [FXGL Background Thread 3 ] DEBUG Engine               - gameDifficultyProperty: ObjectProperty [value: MEDIUM]
21:09:01.491 [FXGL Background Thread 3 ] DEBUG Engine               - globalMusicVolume: 0.5
21:09:01.492 [FXGL Background Thread 3 ] DEBUG Engine               - globalMusicVolumeProperty: DoubleProperty [value: 0.5]
21:09:01.492 [FXGL Background Thread 3 ] DEBUG Engine               - globalSoundVolume: 0.5
21:09:01.492 [FXGL Background Thread 3 ] DEBUG Engine               - globalSoundVolumeProperty: DoubleProperty [value: 0.5]
21:09:01.492 [FXGL Background Thread 3 ] DEBUG Engine               - height: 800
21:09:01.492 [FXGL Background Thread 3 ] DEBUG Engine               - is3D: false
21:09:01.492 [FXGL Background Thread 3 ] DEBUG Engine               - isAndroid: false
21:09:01.492 [FXGL Background Thread 3 ] DEBUG Engine               - isBrowser: false
21:09:01.492 [FXGL Background Thread 3 ] DEBUG Engine               - isClickFeedbackEnabled: false
21:09:01.492 [FXGL Background Thread 3 ] DEBUG Engine               - isCloseConfirmation: false
21:09:01.492 [FXGL Background Thread 3 ] DEBUG Engine               - isDesktop: true
21:09:01.492 [FXGL Background Thread 3 ] DEBUG Engine               - isDeveloperMenuEnabled: false
21:09:01.492 [FXGL Background Thread 3 ] DEBUG Engine               - isEntityPreloadEnabled: true
21:09:01.492 [FXGL Background Thread 3 ] DEBUG Engine               - isExperimentalTiledLargeMap: false
21:09:01.492 [FXGL Background Thread 3 ] DEBUG Engine               - isFileSystemWriteAllowed: true
21:09:01.492 [FXGL Background Thread 3 ] DEBUG Engine               - isFullScreenAllowed: false
21:09:01.492 [FXGL Background Thread 3 ] DEBUG Engine               - isFullScreenFromStart: false
21:09:01.492 [FXGL Background Thread 3 ] DEBUG Engine               - isGameMenuEnabled: true
21:09:01.492 [FXGL Background Thread 3 ] DEBUG Engine               - isIOS: false
21:09:01.492 [FXGL Background Thread 3 ] DEBUG Engine               - isIntroEnabled: false
21:09:01.493 [FXGL Background Thread 3 ] DEBUG Engine               - isLinux: false
21:09:01.493 [FXGL Background Thread 3 ] DEBUG Engine               - isMac: true
21:09:01.493 [FXGL Background Thread 3 ] DEBUG Engine               - isMainMenuEnabled: false
21:09:01.493 [FXGL Background Thread 3 ] DEBUG Engine               - isManualResizeEnabled: false
21:09:01.498 [FXGL Background Thread 3 ] DEBUG Engine               - isMobile: false
21:09:01.499 [FXGL Background Thread 3 ] DEBUG Engine               - isNative: false
21:09:01.500 [FXGL Background Thread 3 ] DEBUG Engine               - isPreserveResizeRatio: false
21:09:01.500 [FXGL Background Thread 3 ] DEBUG Engine               - isProfilingEnabled: false
21:09:01.500 [FXGL Background Thread 3 ] DEBUG Engine               - isScaleAffectedOnResize: true
21:09:01.500 [FXGL Background Thread 3 ] DEBUG Engine               - isSingleStep: false
21:09:01.500 [FXGL Background Thread 3 ] DEBUG Engine               - isUserProfileEnabled: false
21:09:01.500 [FXGL Background Thread 3 ] DEBUG Engine               - isWindows: false
21:09:01.500 [FXGL Background Thread 3 ] DEBUG Engine               - language: ObjectProperty [value: ENGLISH]
21:09:01.500 [FXGL Background Thread 3 ] DEBUG Engine               - menuKey: ESCAPE
21:09:01.500 [FXGL Background Thread 3 ] DEBUG Engine               - mouseSensitivity: 0.2
21:09:01.500 [FXGL Background Thread 3 ] DEBUG Engine               - notificationViewClass: class com.almasb.fxgl.notification.view.XboxNotificationView
21:09:01.500 [FXGL Background Thread 3 ] DEBUG Engine               - pixelsPerMeter: 50.0
21:09:01.500 [FXGL Background Thread 3 ] DEBUG Engine               - platform: MAC
21:09:01.500 [FXGL Background Thread 3 ] DEBUG Engine               - prefHeightProperty: ReadOnlyDoubleProperty [value: 800.0]
21:09:01.500 [FXGL Background Thread 3 ] DEBUG Engine               - prefWidthProperty: ReadOnlyDoubleProperty [value: 800.0]
21:09:01.500 [FXGL Background Thread 3 ] DEBUG Engine               - profileDir: profiles/
21:09:01.500 [FXGL Background Thread 3 ] DEBUG Engine               - profileName: StringProperty [value: DEFAULT]
21:09:01.503 [FXGL Background Thread 3 ] DEBUG Engine               - randomSeed: -1
21:09:01.505 [FXGL Background Thread 3 ] DEBUG Engine               - runtimeInfo: RuntimeInfo(platform=MAC, version=11.16, build=25.05.2021 08.16)
21:09:01.505 [FXGL Background Thread 3 ] DEBUG Engine               - saveFileExt: sav
21:09:01.505 [FXGL Background Thread 3 ] DEBUG Engine               - scaledHeightProp$fxgl: DoubleProperty [bound, value: 800.0]
21:09:01.505 [FXGL Background Thread 3 ] DEBUG Engine               - scaledWidthProp$fxgl: DoubleProperty [bound, value: 800.0]
21:09:01.505 [FXGL Background Thread 3 ] DEBUG Engine               - sceneFactory: com.almasb.fxgl.app.scene.SceneFactory@57ad8bf8
21:09:01.505 [FXGL Background Thread 3 ] DEBUG Engine               - secondsIn24h: 60
21:09:01.505 [FXGL Background Thread 3 ] DEBUG Engine               - soundMenuBack: menu/back.wav
21:09:01.505 [FXGL Background Thread 3 ] DEBUG Engine               - soundMenuPress: menu/press.wav
21:09:01.505 [FXGL Background Thread 3 ] DEBUG Engine               - soundMenuSelect: menu/select.wav
21:09:01.505 [FXGL Background Thread 3 ] DEBUG Engine               - soundNotification: core/notification.wav
21:09:01.505 [FXGL Background Thread 3 ] DEBUG Engine               - stageStyle: DECORATED
21:09:01.505 [FXGL Background Thread 3 ] DEBUG Engine               - supportedLanguages: [ENGLISH, FRENCH, GERMAN, HUNGARIAN, RUSSIAN]
21:09:01.505 [FXGL Background Thread 3 ] DEBUG Engine               - ticksPerSecond: -1
21:09:01.505 [FXGL Background Thread 3 ] DEBUG Engine               - title: Pokemon
21:09:01.505 [FXGL Background Thread 3 ] DEBUG Engine               - urlGithub: https://github.com/AlmasB/FXGL
21:09:01.505 [FXGL Background Thread 3 ] DEBUG Engine               - urlLeaderboard: http://fxgl-top.herokuapp.com/
21:09:01.505 [FXGL Background Thread 3 ] DEBUG Engine               - urlPOM: https://raw.githubusercontent.com/AlmasB/FXGL/release/README.md
21:09:01.505 [FXGL Background Thread 3 ] DEBUG Engine               - userAppClass: class App.Overworld
21:09:01.505 [FXGL Background Thread 3 ] DEBUG Engine               - version: Beta 0.1
21:09:01.505 [FXGL Background Thread 3 ] DEBUG Engine               - versionCheckDays: 7
21:09:01.505 [FXGL Background Thread 3 ] DEBUG Engine               - width: 800
21:09:01.505 [FXGL Background Thread 3 ] DEBUG Engine               - Logging services
21:09:01.505 [FXGL Background Thread 3 ] DEBUG Engine               - class com.almasb.fxgl.app.services.FXGLAssetLoaderService
21:09:01.505 [FXGL Background Thread 3 ] DEBUG Engine               - class com.almasb.fxgl.app.FXGLApplication$GameApplicationService
21:09:01.506 [FXGL Background Thread 3 ] DEBUG Engine               - class com.almasb.fxgl.app.services.FXGLDialogService
21:09:01.506 [FXGL Background Thread 3 ] DEBUG Engine               - class com.almasb.fxgl.app.services.IOTaskExecutorService
21:09:01.506 [FXGL Background Thread 3 ] DEBUG Engine               - class com.almasb.fxgl.io.FileSystemService
21:09:01.507 [FXGL Background Thread 3 ] DEBUG Engine               - class com.almasb.fxgl.localization.LocalizationService
21:09:01.507 [FXGL Background Thread 3 ] DEBUG Engine               - class com.almasb.fxgl.app.services.SystemBundleService
21:09:01.507 [FXGL Background Thread 3 ] DEBUG Engine               - class com.almasb.fxgl.profile.SaveLoadService
21:09:01.507 [FXGL Background Thread 3 ] DEBUG Engine               - class com.almasb.fxgl.ui.FXGLUIFactoryServiceProvider
21:09:01.507 [FXGL Background Thread 3 ] DEBUG Engine               - class com.almasb.fxgl.ui.FXGLDialogFactoryServiceProvider
21:09:01.507 [FXGL Background Thread 3 ] DEBUG Engine               - class com.almasb.fxgl.audio.AudioPlayer
21:09:01.507 [FXGL Background Thread 3 ] DEBUG Engine               - class com.almasb.fxgl.notification.impl.NotificationServiceProvider
21:09:01.507 [FXGL Background Thread 3 ] DEBUG Engine               - class com.almasb.fxgl.achievement.AchievementService
21:09:01.507 [FXGL Background Thread 3 ] DEBUG Engine               - class com.almasb.fxgl.cutscene.CutsceneService
21:09:01.508 [FXGL Background Thread 3 ] DEBUG Engine               - class com.almasb.fxgl.minigames.MiniGameService
21:09:01.508 [FXGL Background Thread 3 ] DEBUG Engine               - class com.almasb.fxgl.net.NetService
21:09:01.508 [FXGL Background Thread 3 ] DEBUG Engine               - class com.almasb.fxgl.app.services.UpdaterService
21:09:01.508 [FXGL Background Thread 3 ] DEBUG Engine               - class com.almasb.fxgl.dev.DevService
21:09:03.859 [JavaFX Application Thread] DEBUG FXGLApplication      - Exiting FXGL
21:09:03.868 [JavaFX Application Thread] DEBUG LoopRunner           - Stopping loop
21:09:03.869 [JavaFX Application Thread] DEBUG SystemBundleService  - Saving FXGL system data
21:09:03.876 [JavaFX Application Thread] DEBUG FileSystemAccess     - Writing to: /Users/cody/Desktop/PokemonM/system/fxgl.bundle
21:09:03.882 [JavaFX Application Thread] DEBUG Async                - Shutting down background threads
21:09:03.883 [JavaFX Application Thread] DEBUG PrimaryStageWindow   - Closing main window
21:09:03.905 [JavaFX Application Thread] DEBUG Logger               - Closing Logger
