12:47:39.749 [main                     ] DEBUG Logger               - Configured Logger
12:47:39.784 [main                     ] DEBUG GameApplication      - Logging settings
Title: Pokemon
Version: Beta 0.1
Width: 800
Height: 800
Fullscreen: false
Intro: false
Profiling: false
Single step:false
App Mode: DEVELOPER
Menu Key: ESCAPE
Stage Style: DECORATED
Scene Factory: class com.almasb.fxgl.app.scene.SceneFactory

12:47:40.451 [JavaFX Application Thread] DEBUG FXGLApplication      - Initializing FXGL
12:47:40.454 [JavaFX Application Thread] INFO  Engine               - FXGL-11.16 (25.05.2021 08.16) on MAC (J:11.0.12 FX:16)
12:47:40.455 [JavaFX Application Thread] DEBUG Engine               - JRE Vendor Name: Oracle Corporation
12:47:40.455 [JavaFX Application Thread] DEBUG Engine               - Running on OS: Mac OS X version 11.3
12:47:40.455 [JavaFX Application Thread] DEBUG Engine               - Architecture: x86_64
12:47:40.455 [JavaFX Application Thread] INFO  Engine               - Source code and latest versions at: https://github.com/AlmasB/FXGL
12:47:40.455 [JavaFX Application Thread] INFO  Engine               -              Join the FXGL chat at: https://gitter.im/AlmasB/FXGL
12:47:40.608 [JavaFX Application Thread] DEBUG PrimaryStageWindow   - Creating a JavaFX scene
12:47:40.705 [JavaFX Application Thread] DEBUG PrimaryStageWindow   - Target settings size: 800.0 x 800.0
12:47:40.706 [JavaFX Application Thread] DEBUG PrimaryStageWindow   - Scaled scene size:    800.0 x 800.0
12:47:40.706 [JavaFX Application Thread] DEBUG PrimaryStageWindow   - Scaled ratio: (1.0, 1.0)
12:47:40.707 [JavaFX Application Thread] DEBUG PrimaryStageWindow   - Set initial scene to FXGLStartupScene
12:47:40.714 [JavaFX Application Thread] DEBUG PrimaryStageWindow   - Opening main window
12:47:40.883 [JavaFX Application Thread] DEBUG PrimaryStageWindow   - Window border size: (0.0, 28.0)
12:47:40.884 [JavaFX Application Thread] DEBUG PrimaryStageWindow   - Scaled size: 800.0 x 800.0
12:47:40.884 [JavaFX Application Thread] DEBUG PrimaryStageWindow   - Scaled ratio: (1.0, 1.0)
12:47:40.884 [JavaFX Application Thread] DEBUG PrimaryStageWindow   - Scene size: 800.0 x 800.0
12:47:40.885 [JavaFX Application Thread] DEBUG PrimaryStageWindow   - Stage size: 800.0 x 828.0
12:47:40.900 [FXGL Background Thread 1 ] DEBUG Engine               - Initializing environment variables
12:47:41.055 [FXGL Background Thread 1 ] DEBUG FXGLAssetLoaderServi - User app class for loading assets: class App.Overworld
12:47:41.061 [FXGL Background Thread 1 ] DEBUG GameApplicationServi - Applying CSS: fxgl_dark.css
12:47:41.064 [FXGL Background Thread 1 ] DEBUG FXGLAssetLoaderServi - Loading from file system: jar:file:/Users/cody/.m2/repository/com/github/almasb/fxgl/11.16/fxgl-11.16.jar!/fxglassets/ui/css/fxgl_dark.css
12:47:41.172 [FXGL Background Thread 1 ] DEBUG GameApplicationServi - Initializing application scenes
12:47:41.522 [FXGL Background Thread 1 ] DEBUG GameWorld            - Game world initialized
12:47:41.573 [FXGL Background Thread 1 ] DEBUG PhysicsWorld         - Physics world initialized: appHeight=800, physics.ppm=50.0
12:47:41.574 [FXGL Background Thread 1 ] DEBUG PhysicsWorld         - Using strategy: BRUTE_FORCE
12:47:41.579 [FXGL Background Thread 1 ] DEBUG GameScene            - Game scene initialized: 800x800
12:47:41.587 [FXGL Background Thread 1 ] DEBUG FXGL.DefaultMenu     - createMenuBodyGameMenu()
12:47:41.603 [FXGL Background Thread 1 ] DEBUG FXGL.DefaultMenu     - createOptionsMenu()
12:47:41.613 [FXGL Background Thread 1 ] DEBUG FXGLAssetLoaderServi - Loading from file system: jar:file:/Users/cody/.m2/repository/com/github/almasb/fxgl/11.16/fxgl-11.16.jar!/fxglassets/textures/particles/smoke.png
12:47:41.750 [FXGL Background Thread 1 ] DEBUG FXGLAssetLoaderServi - Loading from file system: jar:file:/Users/cody/.m2/repository/com/github/almasb/fxgl/11.16/fxgl-11.16.jar!/fxglassets/textures/particles/trace_horizontal.png
12:47:41.779 [FXGL Background Thread 1 ] DEBUG GameApplicationServi - Application scenes initialized
12:47:41.788 [FXGL Background Thread 1 ] DEBUG SystemBundleService  - Loading FXGL system data
12:47:41.797 [FXGL Background Thread 1 ] DEBUG FileSystemAccess     - Reading from: /Users/cody/Desktop/PokemonM/system/fxgl.bundle
12:47:41.804 [FXGL Background Thread 1 ] DEBUG SystemBundleService  - Bundle FXGL: {}
12:47:41.805 [FXGL Background Thread 1 ] DEBUG UpdaterService       - Checking for updates
12:47:41.811 [FXGL Background Thread 4 ] DEBUG FXGLApplication      - Loading fonts
12:47:41.812 [FXGL Background Thread 1 ] DEBUG FXGLApplication      - Loading default localization
12:47:41.815 [FXGL Background Thread 4 ] DEBUG FXGLAssetLoaderServi - Loading from file system: jar:file:/Users/cody/.m2/repository/com/github/almasb/fxgl/11.16/fxgl-11.16.jar!/fxglassets/ui/fonts/VarelaRound-Regular.ttf
12:47:41.815 [FXGL Background Thread 1 ] DEBUG FXGLAssetLoaderServi - Loading from file system: jar:file:/Users/cody/.m2/repository/com/github/almasb/fxgl/11.16/fxgl-11.16.jar!/fxglassets/languages/english.lang
12:47:41.847 [FXGL Background Thread 1 ] INFO  FXGLApplication      - FXGL initialization took: 0.945 sec
12:47:41.860 [JavaFX Application Thread] DEBUG Input                - Registered new binding: action0 - D
12:47:41.861 [JavaFX Application Thread] DEBUG Input                - Registered new binding: action1 - A
12:47:41.865 [FXGL Background Thread 4 ] DEBUG FXGLAssetLoaderServi - Loading from file system: jar:file:/Users/cody/.m2/repository/com/github/almasb/fxgl/11.16/fxgl-11.16.jar!/fxglassets/ui/fonts/Abel-Regular.ttf
12:47:41.863 [JavaFX Application Thread] DEBUG Input                - Registered new binding: action2 - W
12:47:41.867 [JavaFX Application Thread] DEBUG Input                - Registered new binding: action3 - S
12:47:41.874 [FXGL Background Thread 4 ] DEBUG FXGLAssetLoaderServi - Loading from file system: jar:file:/Users/cody/.m2/repository/com/github/almasb/fxgl/11.16/fxgl-11.16.jar!/fxglassets/ui/fonts/lucida_console.ttf
12:47:41.872 [JavaFX Application Thread] DEBUG FXGLAssetLoaderServi - Loading from file system: jar:file:/Users/cody/.m2/repository/com/github/almasb/fxgl/11.16/fxgl-11.16.jar!/fxglassets/textures/fxgl_icon.png
12:47:41.884 [FXGL Background Thread 4 ] DEBUG FXGLAssetLoaderServi - Loading from file system: jar:file:/Users/cody/.m2/repository/com/github/almasb/fxgl/11.16/fxgl-11.16.jar!/fxglassets/ui/fonts/Courier-Prime.ttf
12:47:41.961 [JavaFX Application Thread] DEBUG FXGLAssetLoaderServi - Loading from file system: jar:file:/Users/cody/.m2/repository/com/github/almasb/fxgl/11.16/fxgl-11.16.jar!/fxglassets/textures/fxgl_default_cursor.png
12:47:41.981 [JavaFX Application Thread] DEBUG Input                - Registered new binding: Screenshot - CTRL+8
12:47:41.981 [JavaFX Application Thread] DEBUG Input                - Registered new binding: System info dump - CTRL+9
12:47:41.982 [JavaFX Application Thread] DEBUG Input                - Registered new binding: Restart - CTRL+R
12:47:41.982 [JavaFX Application Thread] DEBUG Input                - Registered new binding: Toggle Debug Camera - CTRL+C
12:47:41.992 [JavaFX Application Thread] DEBUG LoopRunner           - Starting loop
12:47:41.993 [JavaFX Application Thread] DEBUG LoopRunner           - Initializing JavaFX AnimationTimerLoop
12:47:41.994 [JavaFX Application Thread] DEBUG GameApplicationServi - Starting new game
12:47:41.996 [JavaFX Application Thread] DEBUG Input                - Clearing active input actions
12:47:42.073 [JavaFX Application Thread] DEBUG GameApplicationServi - Removing overlay from FXGLStartupScene and adding to FXGLLoadingScene
12:47:42.074 [JavaFX Application Thread] DEBUG PrimaryStageWindow   - FXGLStartupScene -> FXGLLoadingScene
12:47:42.074 [JavaFX Application Thread] DEBUG GameApplicationServi - Clearing previous game
12:47:42.075 [JavaFX Application Thread] DEBUG GameScene            - Clearing game scene
12:47:42.075 [JavaFX Application Thread] DEBUG GameWorld            - Clearing game world
12:47:42.076 [JavaFX Application Thread] DEBUG PhysicsWorld         - Clearing physics world
12:47:42.079 [FXGL Background Thread 4 ] DEBUG FXGLApplication      - Initializing game
12:47:42.117 [JavaFX Application Thread] DEBUG FXGLApplication      - Registering font factories with UI factory
12:47:42.159 [FXGL Background Thread 4 ] INFO  FXGLApplication      - Game initialization took: 0.079 sec
12:47:42.218 [JavaFX Application Thread] DEBUG Input                - Clearing active input actions
12:47:42.270 [JavaFX Application Thread] DEBUG GameApplicationServi - Removing overlay from FXGLLoadingScene and adding to GameScene
12:47:42.273 [JavaFX Application Thread] DEBUG PrimaryStageWindow   - FXGLLoadingScene -> GameScene
12:47:42.814 [FXGL Background Thread 2 ] INFO  UpdaterService       - Your current version:  11.16
12:47:42.816 [FXGL Background Thread 2 ] INFO  UpdaterService       - Latest stable version: 11.17
12:47:44.809 [FXGL Background Thread 3 ] DEBUG Engine               - Logging environment variables
12:47:44.826 [FXGL Background Thread 3 ] DEBUG Engine               - achievements: []
12:47:44.828 [FXGL Background Thread 3 ] DEBUG Engine               - actualHeight: 800.0
12:47:44.828 [FXGL Background Thread 3 ] DEBUG Engine               - actualHeightProperty: ReadOnlyDoubleProperty [value: 800.0]
12:47:44.829 [FXGL Background Thread 3 ] DEBUG Engine               - actualWidth: 800.0
12:47:44.829 [FXGL Background Thread 3 ] DEBUG Engine               - actualWidthProperty: ReadOnlyDoubleProperty [value: 800.0]
12:47:44.829 [FXGL Background Thread 3 ] DEBUG Engine               - appIcon: fxgl_icon.png
12:47:44.829 [FXGL Background Thread 3 ] DEBUG Engine               - applicationMode: DEVELOPER
12:47:44.829 [FXGL Background Thread 3 ] DEBUG Engine               - cSSList: [fxgl_dark.css]
12:47:44.829 [FXGL Background Thread 3 ] DEBUG Engine               - collisionDetectionStrategy: BRUTE_FORCE
12:47:44.829 [FXGL Background Thread 3 ] DEBUG Engine               - configClass: Optional.empty
12:47:44.829 [FXGL Background Thread 3 ] DEBUG Engine               - credits: []
12:47:44.829 [FXGL Background Thread 3 ] DEBUG Engine               - defaultCursor: CursorInfo(imageName=fxgl_default_cursor.png, hotspotX=7.0, hotspotY=6.0)
12:47:44.835 [FXGL Background Thread 3 ] DEBUG Engine               - devBBoxColorProperty: ObjectProperty [value: 0xff0000ff]
12:47:44.839 [FXGL Background Thread 3 ] DEBUG Engine               - devEnableDebugCameraProperty: BooleanProperty [value: false]
12:47:44.840 [FXGL Background Thread 3 ] DEBUG Engine               - devSensorColorProperty: ObjectProperty [value: 0xffff00ff]
12:47:44.840 [FXGL Background Thread 3 ] DEBUG Engine               - devShowBBoxProperty: BooleanProperty [value: false]
12:47:44.840 [FXGL Background Thread 3 ] DEBUG Engine               - devShowPositionProperty: BooleanProperty [value: false]
12:47:44.840 [FXGL Background Thread 3 ] DEBUG Engine               - enabledMenuItems: []
12:47:44.840 [FXGL Background Thread 3 ] DEBUG Engine               - engineServices: [class com.almasb.fxgl.app.services.FXGLAssetLoaderService, class com.almasb.fxgl.app.FXGLApplication$GameApplicationService, class com.almasb.fxgl.app.services.FXGLDialogService, class com.almasb.fxgl.app.services.IOTaskExecutorService, class com.almasb.fxgl.io.FileSystemService, class com.almasb.fxgl.localization.LocalizationService, class com.almasb.fxgl.app.services.SystemBundleService, class com.almasb.fxgl.profile.SaveLoadService, class com.almasb.fxgl.ui.FXGLUIFactoryServiceProvider, class com.almasb.fxgl.ui.FXGLDialogFactoryServiceProvider, class com.almasb.fxgl.audio.AudioPlayer, class com.almasb.fxgl.notification.impl.NotificationServiceProvider, class com.almasb.fxgl.achievement.AchievementService, class com.almasb.fxgl.cutscene.CutsceneService, class com.almasb.fxgl.minigames.MiniGameService, class com.almasb.fxgl.net.NetService, class com.almasb.fxgl.app.services.UpdaterService, class com.almasb.fxgl.dev.DevService]
12:47:44.840 [FXGL Background Thread 3 ] DEBUG Engine               - fontGame: Abel-Regular.ttf
12:47:44.840 [FXGL Background Thread 3 ] DEBUG Engine               - fontMono: lucida_console.ttf
12:47:44.840 [FXGL Background Thread 3 ] DEBUG Engine               - fontText: Courier-Prime.ttf
12:47:44.840 [FXGL Background Thread 3 ] DEBUG Engine               - fontUI: VarelaRound-Regular.ttf
12:47:44.840 [FXGL Background Thread 3 ] DEBUG Engine               - fullScreen: BooleanProperty [value: false]
12:47:44.840 [FXGL Background Thread 3 ] DEBUG Engine               - gameDifficulty: MEDIUM
12:47:44.840 [FXGL Background Thread 3 ] DEBUG Engine               - gameDifficultyProperty: ObjectProperty [value: MEDIUM]
12:47:44.841 [FXGL Background Thread 3 ] DEBUG Engine               - globalMusicVolume: 0.5
12:47:44.842 [FXGL Background Thread 3 ] DEBUG Engine               - globalMusicVolumeProperty: DoubleProperty [value: 0.5]
12:47:44.849 [FXGL Background Thread 3 ] DEBUG Engine               - globalSoundVolume: 0.5
12:47:44.849 [FXGL Background Thread 3 ] DEBUG Engine               - globalSoundVolumeProperty: DoubleProperty [value: 0.5]
12:47:44.849 [FXGL Background Thread 3 ] DEBUG Engine               - height: 800
12:47:44.849 [FXGL Background Thread 3 ] DEBUG Engine               - is3D: false
12:47:44.850 [FXGL Background Thread 3 ] DEBUG Engine               - isAndroid: false
12:47:44.850 [FXGL Background Thread 3 ] DEBUG Engine               - isBrowser: false
12:47:44.850 [FXGL Background Thread 3 ] DEBUG Engine               - isClickFeedbackEnabled: false
12:47:44.850 [FXGL Background Thread 3 ] DEBUG Engine               - isCloseConfirmation: false
12:47:44.850 [FXGL Background Thread 3 ] DEBUG Engine               - isDesktop: true
12:47:44.850 [FXGL Background Thread 3 ] DEBUG Engine               - isDeveloperMenuEnabled: false
12:47:44.850 [FXGL Background Thread 3 ] DEBUG Engine               - isEntityPreloadEnabled: true
12:47:44.850 [FXGL Background Thread 3 ] DEBUG Engine               - isExperimentalTiledLargeMap: false
12:47:44.850 [FXGL Background Thread 3 ] DEBUG Engine               - isFileSystemWriteAllowed: true
12:47:44.850 [FXGL Background Thread 3 ] DEBUG Engine               - isFullScreenAllowed: false
12:47:44.850 [FXGL Background Thread 3 ] DEBUG Engine               - isFullScreenFromStart: false
12:47:44.850 [FXGL Background Thread 3 ] DEBUG Engine               - isGameMenuEnabled: true
12:47:44.850 [FXGL Background Thread 3 ] DEBUG Engine               - isIOS: false
12:47:44.850 [FXGL Background Thread 3 ] DEBUG Engine               - isIntroEnabled: false
12:47:44.850 [FXGL Background Thread 3 ] DEBUG Engine               - isLinux: false
12:47:44.851 [FXGL Background Thread 3 ] DEBUG Engine               - isMac: true
12:47:44.852 [FXGL Background Thread 3 ] DEBUG Engine               - isMainMenuEnabled: false
12:47:44.852 [FXGL Background Thread 3 ] DEBUG Engine               - isManualResizeEnabled: false
12:47:44.852 [FXGL Background Thread 3 ] DEBUG Engine               - isMobile: false
12:47:44.852 [FXGL Background Thread 3 ] DEBUG Engine               - isNative: false
12:47:44.852 [FXGL Background Thread 3 ] DEBUG Engine               - isPreserveResizeRatio: false
12:47:44.852 [FXGL Background Thread 3 ] DEBUG Engine               - isProfilingEnabled: false
12:47:44.853 [FXGL Background Thread 3 ] DEBUG Engine               - isScaleAffectedOnResize: true
12:47:44.853 [FXGL Background Thread 3 ] DEBUG Engine               - isSingleStep: false
12:47:44.853 [FXGL Background Thread 3 ] DEBUG Engine               - isUserProfileEnabled: false
12:47:44.853 [FXGL Background Thread 3 ] DEBUG Engine               - isWindows: false
12:47:44.853 [FXGL Background Thread 3 ] DEBUG Engine               - language: ObjectProperty [value: ENGLISH]
12:47:44.853 [FXGL Background Thread 3 ] DEBUG Engine               - menuKey: ESCAPE
12:47:44.853 [FXGL Background Thread 3 ] DEBUG Engine               - mouseSensitivity: 0.2
12:47:44.853 [FXGL Background Thread 3 ] DEBUG Engine               - notificationViewClass: class com.almasb.fxgl.notification.view.XboxNotificationView
12:47:44.853 [FXGL Background Thread 3 ] DEBUG Engine               - pixelsPerMeter: 50.0
12:47:44.855 [FXGL Background Thread 3 ] DEBUG Engine               - platform: MAC
12:47:44.855 [FXGL Background Thread 3 ] DEBUG Engine               - prefHeightProperty: ReadOnlyDoubleProperty [value: 800.0]
12:47:44.855 [FXGL Background Thread 3 ] DEBUG Engine               - prefWidthProperty: ReadOnlyDoubleProperty [value: 800.0]
12:47:44.856 [FXGL Background Thread 3 ] DEBUG Engine               - profileDir: profiles/
12:47:44.856 [FXGL Background Thread 3 ] DEBUG Engine               - profileName: StringProperty [value: DEFAULT]
12:47:44.856 [FXGL Background Thread 3 ] DEBUG Engine               - randomSeed: -1
12:47:44.856 [FXGL Background Thread 3 ] DEBUG Engine               - runtimeInfo: RuntimeInfo(platform=MAC, version=11.16, build=25.05.2021 08.16)
12:47:44.856 [FXGL Background Thread 3 ] DEBUG Engine               - saveFileExt: sav
12:47:44.856 [FXGL Background Thread 3 ] DEBUG Engine               - scaledHeightProp$fxgl: DoubleProperty [bound, value: 800.0]
12:47:44.856 [FXGL Background Thread 3 ] DEBUG Engine               - scaledWidthProp$fxgl: DoubleProperty [bound, value: 800.0]
12:47:44.856 [FXGL Background Thread 3 ] DEBUG Engine               - sceneFactory: com.almasb.fxgl.app.scene.SceneFactory@27ea72ae
12:47:44.856 [FXGL Background Thread 3 ] DEBUG Engine               - secondsIn24h: 60
12:47:44.856 [FXGL Background Thread 3 ] DEBUG Engine               - soundMenuBack: menu/back.wav
12:47:44.856 [FXGL Background Thread 3 ] DEBUG Engine               - soundMenuPress: menu/press.wav
12:47:44.856 [FXGL Background Thread 3 ] DEBUG Engine               - soundMenuSelect: menu/select.wav
12:47:44.856 [FXGL Background Thread 3 ] DEBUG Engine               - soundNotification: core/notification.wav
12:47:44.856 [FXGL Background Thread 3 ] DEBUG Engine               - stageStyle: DECORATED
12:47:44.857 [FXGL Background Thread 3 ] DEBUG Engine               - supportedLanguages: [ENGLISH, FRENCH, GERMAN, HUNGARIAN, RUSSIAN]
12:47:44.857 [FXGL Background Thread 3 ] DEBUG Engine               - ticksPerSecond: -1
12:47:44.857 [FXGL Background Thread 3 ] DEBUG Engine               - title: Pokemon
12:47:44.857 [FXGL Background Thread 3 ] DEBUG Engine               - urlGithub: https://github.com/AlmasB/FXGL
12:47:44.857 [FXGL Background Thread 3 ] DEBUG Engine               - urlLeaderboard: http://fxgl-top.herokuapp.com/
12:47:44.857 [FXGL Background Thread 3 ] DEBUG Engine               - urlPOM: https://raw.githubusercontent.com/AlmasB/FXGL/release/README.md
12:47:44.857 [FXGL Background Thread 3 ] DEBUG Engine               - userAppClass: class App.Overworld
12:47:44.857 [FXGL Background Thread 3 ] DEBUG Engine               - version: Beta 0.1
12:47:44.857 [FXGL Background Thread 3 ] DEBUG Engine               - versionCheckDays: 7
12:47:44.857 [FXGL Background Thread 3 ] DEBUG Engine               - width: 800
12:47:44.857 [FXGL Background Thread 3 ] DEBUG Engine               - Logging services
12:47:44.857 [FXGL Background Thread 3 ] DEBUG Engine               - class com.almasb.fxgl.app.services.FXGLAssetLoaderService
12:47:44.857 [FXGL Background Thread 3 ] DEBUG Engine               - class com.almasb.fxgl.app.FXGLApplication$GameApplicationService
12:47:44.857 [FXGL Background Thread 3 ] DEBUG Engine               - class com.almasb.fxgl.app.services.FXGLDialogService
12:47:44.857 [FXGL Background Thread 3 ] DEBUG Engine               - class com.almasb.fxgl.app.services.IOTaskExecutorService
12:47:44.857 [FXGL Background Thread 3 ] DEBUG Engine               - class com.almasb.fxgl.io.FileSystemService
12:47:44.857 [FXGL Background Thread 3 ] DEBUG Engine               - class com.almasb.fxgl.localization.LocalizationService
12:47:44.857 [FXGL Background Thread 3 ] DEBUG Engine               - class com.almasb.fxgl.app.services.SystemBundleService
12:47:44.857 [FXGL Background Thread 3 ] DEBUG Engine               - class com.almasb.fxgl.profile.SaveLoadService
12:47:44.857 [FXGL Background Thread 3 ] DEBUG Engine               - class com.almasb.fxgl.ui.FXGLUIFactoryServiceProvider
12:47:44.858 [FXGL Background Thread 3 ] DEBUG Engine               - class com.almasb.fxgl.ui.FXGLDialogFactoryServiceProvider
12:47:44.858 [FXGL Background Thread 3 ] DEBUG Engine               - class com.almasb.fxgl.audio.AudioPlayer
12:47:44.858 [FXGL Background Thread 3 ] DEBUG Engine               - class com.almasb.fxgl.notification.impl.NotificationServiceProvider
12:47:44.858 [FXGL Background Thread 3 ] DEBUG Engine               - class com.almasb.fxgl.achievement.AchievementService
12:47:44.858 [FXGL Background Thread 3 ] DEBUG Engine               - class com.almasb.fxgl.cutscene.CutsceneService
12:47:44.858 [FXGL Background Thread 3 ] DEBUG Engine               - class com.almasb.fxgl.minigames.MiniGameService
12:47:44.858 [FXGL Background Thread 3 ] DEBUG Engine               - class com.almasb.fxgl.net.NetService
12:47:44.858 [FXGL Background Thread 3 ] DEBUG Engine               - class com.almasb.fxgl.app.services.UpdaterService
12:47:44.858 [FXGL Background Thread 3 ] DEBUG Engine               - class com.almasb.fxgl.dev.DevService
12:47:52.390 [JavaFX Application Thread] DEBUG FXGLApplication      - Exiting FXGL
12:47:52.401 [JavaFX Application Thread] DEBUG LoopRunner           - Stopping loop
12:47:52.401 [JavaFX Application Thread] DEBUG SystemBundleService  - Saving FXGL system data
12:47:52.408 [JavaFX Application Thread] DEBUG FileSystemAccess     - Writing to: /Users/cody/Desktop/PokemonM/system/fxgl.bundle
12:47:52.412 [JavaFX Application Thread] DEBUG Async                - Shutting down background threads
12:47:52.412 [JavaFX Application Thread] DEBUG PrimaryStageWindow   - Closing main window
12:47:52.432 [JavaFX Application Thread] DEBUG Logger               - Closing Logger
