16:02:17.147 [main                     ] DEBUG Logger               - Configured Logger
16:02:17.175 [main                     ] DEBUG GameApplication      - Logging settings
Title: Pokemon
Version: Beta 0.1
Width: 800
Height: 800
Fullscreen: false
Intro: false
Profiling: false
Single step:false
App Mode: DEVELOPER
Menu Key: ESCAPE
Stage Style: DECORATED
Scene Factory: class com.almasb.fxgl.app.scene.SceneFactory

16:02:17.739 [JavaFX Application Thread] DEBUG FXGLApplication      - Initializing FXGL
16:02:17.742 [JavaFX Application Thread] INFO  Engine               - FXGL-11.16 (25.05.2021 08.16) on MAC (J:11.0.12 FX:16)
16:02:17.743 [JavaFX Application Thread] DEBUG Engine               - JRE Vendor Name: Oracle Corporation
16:02:17.743 [JavaFX Application Thread] DEBUG Engine               - Running on OS: Mac OS X version 11.3
16:02:17.743 [JavaFX Application Thread] DEBUG Engine               - Architecture: x86_64
16:02:17.743 [JavaFX Application Thread] INFO  Engine               - Source code and latest versions at: https://github.com/AlmasB/FXGL
16:02:17.743 [JavaFX Application Thread] INFO  Engine               -              Join the FXGL chat at: https://gitter.im/AlmasB/FXGL
16:02:17.907 [JavaFX Application Thread] DEBUG PrimaryStageWindow   - Creating a JavaFX scene
16:02:17.992 [JavaFX Application Thread] DEBUG PrimaryStageWindow   - Target settings size: 800.0 x 800.0
16:02:17.992 [JavaFX Application Thread] DEBUG PrimaryStageWindow   - Scaled scene size:    800.0 x 800.0
16:02:17.992 [JavaFX Application Thread] DEBUG PrimaryStageWindow   - Scaled ratio: (1.0, 1.0)
16:02:17.993 [JavaFX Application Thread] DEBUG PrimaryStageWindow   - Set initial scene to FXGLStartupScene
16:02:17.998 [JavaFX Application Thread] DEBUG PrimaryStageWindow   - Opening main window
16:02:18.196 [JavaFX Application Thread] DEBUG PrimaryStageWindow   - Window border size: (0.0, 28.0)
16:02:18.197 [JavaFX Application Thread] DEBUG PrimaryStageWindow   - Scaled size: 800.0 x 800.0
16:02:18.198 [JavaFX Application Thread] DEBUG PrimaryStageWindow   - Scaled ratio: (1.0, 1.0)
16:02:18.198 [JavaFX Application Thread] DEBUG PrimaryStageWindow   - Scene size: 800.0 x 800.0
16:02:18.199 [JavaFX Application Thread] DEBUG PrimaryStageWindow   - Stage size: 800.0 x 828.0
16:02:18.211 [FXGL Background Thread 1 ] DEBUG Engine               - Initializing environment variables
16:02:18.520 [FXGL Background Thread 1 ] DEBUG FXGLAssetLoaderServi - User app class for loading assets: class App.Overworld
16:02:18.522 [FXGL Background Thread 1 ] DEBUG GameApplicationServi - Applying CSS: fxgl_dark.css
16:02:18.526 [FXGL Background Thread 1 ] DEBUG FXGLAssetLoaderServi - Loading from file system: jar:file:/Users/cody/.m2/repository/com/github/almasb/fxgl/11.16/fxgl-11.16.jar!/fxglassets/ui/css/fxgl_dark.css
16:02:18.621 [FXGL Background Thread 1 ] DEBUG GameApplicationServi - Initializing application scenes
16:02:18.964 [FXGL Background Thread 1 ] DEBUG GameWorld            - Game world initialized
16:02:19.012 [FXGL Background Thread 1 ] DEBUG PhysicsWorld         - Physics world initialized: appHeight=800, physics.ppm=50.0
16:02:19.012 [FXGL Background Thread 1 ] DEBUG PhysicsWorld         - Using strategy: BRUTE_FORCE
16:02:19.018 [FXGL Background Thread 1 ] DEBUG GameScene            - Game scene initialized: 800x800
16:02:19.025 [FXGL Background Thread 1 ] DEBUG FXGL.DefaultMenu     - createMenuBodyGameMenu()
16:02:19.043 [FXGL Background Thread 1 ] DEBUG FXGL.DefaultMenu     - createOptionsMenu()
16:02:19.052 [FXGL Background Thread 1 ] DEBUG FXGLAssetLoaderServi - Loading from file system: jar:file:/Users/cody/.m2/repository/com/github/almasb/fxgl/11.16/fxgl-11.16.jar!/fxglassets/textures/particles/smoke.png
16:02:19.183 [FXGL Background Thread 1 ] DEBUG FXGLAssetLoaderServi - Loading from file system: jar:file:/Users/cody/.m2/repository/com/github/almasb/fxgl/11.16/fxgl-11.16.jar!/fxglassets/textures/particles/trace_horizontal.png
16:02:19.205 [FXGL Background Thread 1 ] DEBUG GameApplicationServi - Application scenes initialized
16:02:19.214 [FXGL Background Thread 1 ] DEBUG SystemBundleService  - Loading FXGL system data
16:02:19.219 [FXGL Background Thread 1 ] DEBUG FileSystemAccess     - Reading from: /Users/cody/Desktop/PokemonM/system/fxgl.bundle
16:02:19.226 [FXGL Background Thread 1 ] DEBUG SystemBundleService  - Bundle FXGL: {}
16:02:19.226 [FXGL Background Thread 1 ] DEBUG UpdaterService       - Checking for updates
16:02:19.230 [FXGL Background Thread 4 ] DEBUG FXGLApplication      - Loading fonts
16:02:19.233 [FXGL Background Thread 1 ] DEBUG FXGLApplication      - Loading default localization
16:02:19.233 [FXGL Background Thread 4 ] DEBUG FXGLAssetLoaderServi - Loading from file system: jar:file:/Users/cody/.m2/repository/com/github/almasb/fxgl/11.16/fxgl-11.16.jar!/fxglassets/ui/fonts/VarelaRound-Regular.ttf
16:02:19.233 [FXGL Background Thread 1 ] DEBUG FXGLAssetLoaderServi - Loading from file system: jar:file:/Users/cody/.m2/repository/com/github/almasb/fxgl/11.16/fxgl-11.16.jar!/fxglassets/languages/english.lang
16:02:19.268 [FXGL Background Thread 1 ] INFO  FXGLApplication      - FXGL initialization took: 1.055 sec
16:02:19.274 [FXGL Background Thread 4 ] DEBUG FXGLAssetLoaderServi - Loading from file system: jar:file:/Users/cody/.m2/repository/com/github/almasb/fxgl/11.16/fxgl-11.16.jar!/fxglassets/ui/fonts/Abel-Regular.ttf
16:02:19.286 [JavaFX Application Thread] DEBUG Input                - Registered new binding: action0 - D
16:02:19.289 [JavaFX Application Thread] DEBUG Input                - Registered new binding: action1 - A
16:02:19.289 [FXGL Background Thread 4 ] DEBUG FXGLAssetLoaderServi - Loading from file system: jar:file:/Users/cody/.m2/repository/com/github/almasb/fxgl/11.16/fxgl-11.16.jar!/fxglassets/ui/fonts/lucida_console.ttf
16:02:19.290 [JavaFX Application Thread] DEBUG Input                - Registered new binding: action2 - W
16:02:19.290 [JavaFX Application Thread] DEBUG Input                - Registered new binding: action3 - S
16:02:19.291 [JavaFX Application Thread] DEBUG FXGLAssetLoaderServi - Loading from file system: jar:file:/Users/cody/.m2/repository/com/github/almasb/fxgl/11.16/fxgl-11.16.jar!/fxglassets/textures/fxgl_icon.png
16:02:19.299 [FXGL Background Thread 4 ] DEBUG FXGLAssetLoaderServi - Loading from file system: jar:file:/Users/cody/.m2/repository/com/github/almasb/fxgl/11.16/fxgl-11.16.jar!/fxglassets/ui/fonts/Courier-Prime.ttf
16:02:19.346 [JavaFX Application Thread] DEBUG FXGLAssetLoaderServi - Loading from file system: jar:file:/Users/cody/.m2/repository/com/github/almasb/fxgl/11.16/fxgl-11.16.jar!/fxglassets/textures/fxgl_default_cursor.png
16:02:19.359 [JavaFX Application Thread] DEBUG Input                - Registered new binding: Screenshot - CTRL+8
16:02:19.360 [JavaFX Application Thread] DEBUG Input                - Registered new binding: System info dump - CTRL+9
16:02:19.361 [JavaFX Application Thread] DEBUG Input                - Registered new binding: Restart - CTRL+R
16:02:19.361 [JavaFX Application Thread] DEBUG Input                - Registered new binding: Toggle Debug Camera - CTRL+C
16:02:19.366 [JavaFX Application Thread] DEBUG LoopRunner           - Starting loop
16:02:19.366 [JavaFX Application Thread] DEBUG LoopRunner           - Initializing JavaFX AnimationTimerLoop
16:02:19.368 [JavaFX Application Thread] DEBUG GameApplicationServi - Starting new game
16:02:19.371 [JavaFX Application Thread] DEBUG Input                - Clearing active input actions
16:02:19.440 [JavaFX Application Thread] DEBUG GameApplicationServi - Removing overlay from FXGLStartupScene and adding to FXGLLoadingScene
16:02:19.442 [JavaFX Application Thread] DEBUG PrimaryStageWindow   - FXGLStartupScene -> FXGLLoadingScene
16:02:19.443 [JavaFX Application Thread] DEBUG GameApplicationServi - Clearing previous game
16:02:19.444 [JavaFX Application Thread] DEBUG GameScene            - Clearing game scene
16:02:19.444 [JavaFX Application Thread] DEBUG GameWorld            - Clearing game world
16:02:19.444 [JavaFX Application Thread] DEBUG PhysicsWorld         - Clearing physics world
16:02:19.446 [FXGL Background Thread 4 ] DEBUG FXGLApplication      - Initializing game
16:02:19.471 [JavaFX Application Thread] DEBUG FXGLApplication      - Registering font factories with UI factory
16:02:19.634 [FXGL Background Thread 4 ] INFO  FXGLApplication      - Game initialization took: 0.183 sec
16:02:19.712 [JavaFX Application Thread] DEBUG Input                - Clearing active input actions
16:02:19.750 [JavaFX Application Thread] DEBUG GameApplicationServi - Removing overlay from FXGLLoadingScene and adding to GameScene
16:02:19.754 [JavaFX Application Thread] DEBUG PrimaryStageWindow   - FXGLLoadingScene -> GameScene
16:02:20.097 [FXGL Background Thread 2 ] INFO  UpdaterService       - Your current version:  11.16
16:02:20.101 [FXGL Background Thread 2 ] INFO  UpdaterService       - Latest stable version: 11.17
16:02:21.692 [JavaFX Application Thread] DEBUG PrimaryStageWindow   - Push state: battleScreen
16:02:21.694 [JavaFX Application Thread] DEBUG Input                - Clearing active input actions
16:02:21.711 [JavaFX Application Thread] DEBUG GameApplicationServi - Removing overlay from GameScene and adding to battleScreen
16:02:21.712 [JavaFX Application Thread] DEBUG PrimaryStageWindow   - GameScene -> battleScreen
16:02:22.234 [FXGL Background Thread 3 ] DEBUG Engine               - Logging environment variables
16:02:22.238 [FXGL Background Thread 3 ] DEBUG Engine               - achievements: []
16:02:22.238 [FXGL Background Thread 3 ] DEBUG Engine               - actualHeight: 800.0
16:02:22.238 [FXGL Background Thread 3 ] DEBUG Engine               - actualHeightProperty: ReadOnlyDoubleProperty [value: 800.0]
16:02:22.238 [FXGL Background Thread 3 ] DEBUG Engine               - actualWidth: 800.0
16:02:22.238 [FXGL Background Thread 3 ] DEBUG Engine               - actualWidthProperty: ReadOnlyDoubleProperty [value: 800.0]
16:02:22.239 [FXGL Background Thread 3 ] DEBUG Engine               - appIcon: fxgl_icon.png
16:02:22.239 [FXGL Background Thread 3 ] DEBUG Engine               - applicationMode: DEVELOPER
16:02:22.239 [FXGL Background Thread 3 ] DEBUG Engine               - cSSList: [fxgl_dark.css]
16:02:22.239 [FXGL Background Thread 3 ] DEBUG Engine               - collisionDetectionStrategy: BRUTE_FORCE
16:02:22.239 [FXGL Background Thread 3 ] DEBUG Engine               - configClass: Optional.empty
16:02:22.239 [FXGL Background Thread 3 ] DEBUG Engine               - credits: []
16:02:22.239 [FXGL Background Thread 3 ] DEBUG Engine               - defaultCursor: CursorInfo(imageName=fxgl_default_cursor.png, hotspotX=7.0, hotspotY=6.0)
16:02:22.243 [FXGL Background Thread 3 ] DEBUG Engine               - devBBoxColorProperty: ObjectProperty [value: 0xff0000ff]
16:02:22.244 [FXGL Background Thread 3 ] DEBUG Engine               - devEnableDebugCameraProperty: BooleanProperty [value: false]
16:02:22.244 [FXGL Background Thread 3 ] DEBUG Engine               - devSensorColorProperty: ObjectProperty [value: 0xffff00ff]
16:02:22.246 [FXGL Background Thread 3 ] DEBUG Engine               - devShowBBoxProperty: BooleanProperty [value: false]
16:02:22.246 [FXGL Background Thread 3 ] DEBUG Engine               - devShowPositionProperty: BooleanProperty [value: false]
16:02:22.246 [FXGL Background Thread 3 ] DEBUG Engine               - enabledMenuItems: []
16:02:22.246 [FXGL Background Thread 3 ] DEBUG Engine               - engineServices: [class com.almasb.fxgl.app.services.FXGLAssetLoaderService, class com.almasb.fxgl.app.FXGLApplication$GameApplicationService, class com.almasb.fxgl.app.services.FXGLDialogService, class com.almasb.fxgl.app.services.IOTaskExecutorService, class com.almasb.fxgl.io.FileSystemService, class com.almasb.fxgl.localization.LocalizationService, class com.almasb.fxgl.app.services.SystemBundleService, class com.almasb.fxgl.profile.SaveLoadService, class com.almasb.fxgl.ui.FXGLUIFactoryServiceProvider, class com.almasb.fxgl.ui.FXGLDialogFactoryServiceProvider, class com.almasb.fxgl.audio.AudioPlayer, class com.almasb.fxgl.notification.impl.NotificationServiceProvider, class com.almasb.fxgl.achievement.AchievementService, class com.almasb.fxgl.cutscene.CutsceneService, class com.almasb.fxgl.minigames.MiniGameService, class com.almasb.fxgl.net.NetService, class com.almasb.fxgl.app.services.UpdaterService, class com.almasb.fxgl.dev.DevService]
16:02:22.246 [FXGL Background Thread 3 ] DEBUG Engine               - fontGame: Abel-Regular.ttf
16:02:22.247 [FXGL Background Thread 3 ] DEBUG Engine               - fontMono: lucida_console.ttf
16:02:22.247 [FXGL Background Thread 3 ] DEBUG Engine               - fontText: Courier-Prime.ttf
16:02:22.247 [FXGL Background Thread 3 ] DEBUG Engine               - fontUI: VarelaRound-Regular.ttf
16:02:22.247 [FXGL Background Thread 3 ] DEBUG Engine               - fullScreen: BooleanProperty [value: false]
16:02:22.248 [FXGL Background Thread 3 ] DEBUG Engine               - gameDifficulty: MEDIUM
16:02:22.249 [FXGL Background Thread 3 ] DEBUG Engine               - gameDifficultyProperty: ObjectProperty [value: MEDIUM]
16:02:22.249 [FXGL Background Thread 3 ] DEBUG Engine               - globalMusicVolume: 0.5
16:02:22.251 [FXGL Background Thread 3 ] DEBUG Engine               - globalMusicVolumeProperty: DoubleProperty [value: 0.5]
16:02:22.251 [FXGL Background Thread 3 ] DEBUG Engine               - globalSoundVolume: 0.5
16:02:22.251 [FXGL Background Thread 3 ] DEBUG Engine               - globalSoundVolumeProperty: DoubleProperty [value: 0.5]
16:02:22.251 [FXGL Background Thread 3 ] DEBUG Engine               - height: 800
16:02:22.251 [FXGL Background Thread 3 ] DEBUG Engine               - is3D: false
16:02:22.251 [FXGL Background Thread 3 ] DEBUG Engine               - isAndroid: false
16:02:22.251 [FXGL Background Thread 3 ] DEBUG Engine               - isBrowser: false
16:02:22.251 [FXGL Background Thread 3 ] DEBUG Engine               - isClickFeedbackEnabled: false
16:02:22.251 [FXGL Background Thread 3 ] DEBUG Engine               - isCloseConfirmation: false
16:02:22.251 [FXGL Background Thread 3 ] DEBUG Engine               - isDesktop: true
16:02:22.251 [FXGL Background Thread 3 ] DEBUG Engine               - isDeveloperMenuEnabled: false
16:02:22.252 [FXGL Background Thread 3 ] DEBUG Engine               - isEntityPreloadEnabled: true
16:02:22.252 [FXGL Background Thread 3 ] DEBUG Engine               - isExperimentalTiledLargeMap: false
16:02:22.252 [FXGL Background Thread 3 ] DEBUG Engine               - isFileSystemWriteAllowed: true
16:02:22.253 [FXGL Background Thread 3 ] DEBUG Engine               - isFullScreenAllowed: false
16:02:22.254 [FXGL Background Thread 3 ] DEBUG Engine               - isFullScreenFromStart: false
16:02:22.254 [FXGL Background Thread 3 ] DEBUG Engine               - isGameMenuEnabled: true
16:02:22.254 [FXGL Background Thread 3 ] DEBUG Engine               - isIOS: false
16:02:22.256 [FXGL Background Thread 3 ] DEBUG Engine               - isIntroEnabled: false
16:02:22.256 [FXGL Background Thread 3 ] DEBUG Engine               - isLinux: false
16:02:22.256 [FXGL Background Thread 3 ] DEBUG Engine               - isMac: true
16:02:22.256 [FXGL Background Thread 3 ] DEBUG Engine               - isMainMenuEnabled: false
16:02:22.257 [FXGL Background Thread 3 ] DEBUG Engine               - isManualResizeEnabled: false
16:02:22.257 [FXGL Background Thread 3 ] DEBUG Engine               - isMobile: false
16:02:22.258 [FXGL Background Thread 3 ] DEBUG Engine               - isNative: false
16:02:22.260 [FXGL Background Thread 3 ] DEBUG Engine               - isPreserveResizeRatio: false
16:02:22.260 [FXGL Background Thread 3 ] DEBUG Engine               - isProfilingEnabled: false
16:02:22.260 [FXGL Background Thread 3 ] DEBUG Engine               - isScaleAffectedOnResize: true
16:02:22.260 [FXGL Background Thread 3 ] DEBUG Engine               - isSingleStep: false
16:02:22.261 [FXGL Background Thread 3 ] DEBUG Engine               - isUserProfileEnabled: false
16:02:22.261 [FXGL Background Thread 3 ] DEBUG Engine               - isWindows: false
16:02:22.261 [FXGL Background Thread 3 ] DEBUG Engine               - language: ObjectProperty [value: ENGLISH]
16:02:22.261 [FXGL Background Thread 3 ] DEBUG Engine               - menuKey: ESCAPE
16:02:22.261 [FXGL Background Thread 3 ] DEBUG Engine               - mouseSensitivity: 0.2
16:02:22.261 [FXGL Background Thread 3 ] DEBUG Engine               - notificationViewClass: class com.almasb.fxgl.notification.view.XboxNotificationView
16:02:22.261 [FXGL Background Thread 3 ] DEBUG Engine               - pixelsPerMeter: 50.0
16:02:22.261 [FXGL Background Thread 3 ] DEBUG Engine               - platform: MAC
16:02:22.261 [FXGL Background Thread 3 ] DEBUG Engine               - prefHeightProperty: ReadOnlyDoubleProperty [value: 800.0]
16:02:22.261 [FXGL Background Thread 3 ] DEBUG Engine               - prefWidthProperty: ReadOnlyDoubleProperty [value: 800.0]
16:02:22.261 [FXGL Background Thread 3 ] DEBUG Engine               - profileDir: profiles/
16:02:22.261 [FXGL Background Thread 3 ] DEBUG Engine               - profileName: StringProperty [value: DEFAULT]
16:02:22.261 [FXGL Background Thread 3 ] DEBUG Engine               - randomSeed: -1
16:02:22.261 [FXGL Background Thread 3 ] DEBUG Engine               - runtimeInfo: RuntimeInfo(platform=MAC, version=11.16, build=25.05.2021 08.16)
16:02:22.261 [FXGL Background Thread 3 ] DEBUG Engine               - saveFileExt: sav
16:02:22.261 [FXGL Background Thread 3 ] DEBUG Engine               - scaledHeightProp$fxgl: DoubleProperty [bound, value: 800.0]
16:02:22.262 [FXGL Background Thread 3 ] DEBUG Engine               - scaledWidthProp$fxgl: DoubleProperty [bound, value: 800.0]
16:02:22.262 [FXGL Background Thread 3 ] DEBUG Engine               - sceneFactory: com.almasb.fxgl.app.scene.SceneFactory@7cf9f8a5
16:02:22.262 [FXGL Background Thread 3 ] DEBUG Engine               - secondsIn24h: 60
16:02:22.262 [FXGL Background Thread 3 ] DEBUG Engine               - soundMenuBack: menu/back.wav
16:02:22.262 [FXGL Background Thread 3 ] DEBUG Engine               - soundMenuPress: menu/press.wav
16:02:22.262 [FXGL Background Thread 3 ] DEBUG Engine               - soundMenuSelect: menu/select.wav
16:02:22.262 [FXGL Background Thread 3 ] DEBUG Engine               - soundNotification: core/notification.wav
16:02:22.262 [FXGL Background Thread 3 ] DEBUG Engine               - stageStyle: DECORATED
16:02:22.262 [FXGL Background Thread 3 ] DEBUG Engine               - supportedLanguages: [ENGLISH, FRENCH, GERMAN, HUNGARIAN, RUSSIAN]
16:02:22.262 [FXGL Background Thread 3 ] DEBUG Engine               - ticksPerSecond: -1
16:02:22.262 [FXGL Background Thread 3 ] DEBUG Engine               - title: Pokemon
16:02:22.262 [FXGL Background Thread 3 ] DEBUG Engine               - urlGithub: https://github.com/AlmasB/FXGL
16:02:22.262 [FXGL Background Thread 3 ] DEBUG Engine               - urlLeaderboard: http://fxgl-top.herokuapp.com/
16:02:22.262 [FXGL Background Thread 3 ] DEBUG Engine               - urlPOM: https://raw.githubusercontent.com/AlmasB/FXGL/release/README.md
16:02:22.262 [FXGL Background Thread 3 ] DEBUG Engine               - userAppClass: class App.Overworld
16:02:22.262 [FXGL Background Thread 3 ] DEBUG Engine               - version: Beta 0.1
16:02:22.262 [FXGL Background Thread 3 ] DEBUG Engine               - versionCheckDays: 7
16:02:22.263 [FXGL Background Thread 3 ] DEBUG Engine               - width: 800
16:02:22.263 [FXGL Background Thread 3 ] DEBUG Engine               - Logging services
16:02:22.263 [FXGL Background Thread 3 ] DEBUG Engine               - class com.almasb.fxgl.app.services.FXGLAssetLoaderService
16:02:22.263 [FXGL Background Thread 3 ] DEBUG Engine               - class com.almasb.fxgl.app.FXGLApplication$GameApplicationService
16:02:22.263 [FXGL Background Thread 3 ] DEBUG Engine               - class com.almasb.fxgl.app.services.FXGLDialogService
16:02:22.263 [FXGL Background Thread 3 ] DEBUG Engine               - class com.almasb.fxgl.app.services.IOTaskExecutorService
16:02:22.263 [FXGL Background Thread 3 ] DEBUG Engine               - class com.almasb.fxgl.io.FileSystemService
16:02:22.263 [FXGL Background Thread 3 ] DEBUG Engine               - class com.almasb.fxgl.localization.LocalizationService
16:02:22.263 [FXGL Background Thread 3 ] DEBUG Engine               - class com.almasb.fxgl.app.services.SystemBundleService
16:02:22.263 [FXGL Background Thread 3 ] DEBUG Engine               - class com.almasb.fxgl.profile.SaveLoadService
16:02:22.263 [FXGL Background Thread 3 ] DEBUG Engine               - class com.almasb.fxgl.ui.FXGLUIFactoryServiceProvider
16:02:22.263 [FXGL Background Thread 3 ] DEBUG Engine               - class com.almasb.fxgl.ui.FXGLDialogFactoryServiceProvider
16:02:22.263 [FXGL Background Thread 3 ] DEBUG Engine               - class com.almasb.fxgl.audio.AudioPlayer
16:02:22.263 [FXGL Background Thread 3 ] DEBUG Engine               - class com.almasb.fxgl.notification.impl.NotificationServiceProvider
16:02:22.263 [FXGL Background Thread 3 ] DEBUG Engine               - class com.almasb.fxgl.achievement.AchievementService
16:02:22.263 [FXGL Background Thread 3 ] DEBUG Engine               - class com.almasb.fxgl.cutscene.CutsceneService
16:02:22.263 [FXGL Background Thread 3 ] DEBUG Engine               - class com.almasb.fxgl.minigames.MiniGameService
16:02:22.263 [FXGL Background Thread 3 ] DEBUG Engine               - class com.almasb.fxgl.net.NetService
16:02:22.263 [FXGL Background Thread 3 ] DEBUG Engine               - class com.almasb.fxgl.app.services.UpdaterService
16:02:22.264 [FXGL Background Thread 3 ] DEBUG Engine               - class com.almasb.fxgl.dev.DevService
16:03:15.522 [JavaFX Application Thread] DEBUG LoopRunner           - Stopping loop
16:03:15.537 [JavaFX Application Thread] FATAL FXGLApplication      - Uncaught Exception:
java.lang.NullPointerException
	at Battle.Battle.lambda$addBottomPane$1(Battle.java:98)
	at com.sun.javafx.event.CompositeEventHandler.dispatchBubblingEvent(CompositeEventHandler.java:86)
	at com.sun.javafx.event.EventHandlerManager.dispatchBubblingEvent(EventHandlerManager.java:234)
	at com.sun.javafx.event.EventHandlerManager.dispatchBubblingEvent(EventHandlerManager.java:191)
	at com.sun.javafx.event.CompositeEventDispatcher.dispatchBubblingEvent(CompositeEventDispatcher.java:59)
	at com.sun.javafx.event.BasicEventDispatcher.dispatchEvent(BasicEventDispatcher.java:58)
	at com.sun.javafx.event.EventDispatchChainImpl.dispatchEvent(EventDispatchChainImpl.java:114)
	at com.sun.javafx.event.BasicEventDispatcher.dispatchEvent(BasicEventDispatcher.java:56)
	at com.sun.javafx.event.EventDispatchChainImpl.dispatchEvent(EventDispatchChainImpl.java:114)
	at com.sun.javafx.event.BasicEventDispatcher.dispatchEvent(BasicEventDispatcher.java:56)
	at com.sun.javafx.event.EventDispatchChainImpl.dispatchEvent(EventDispatchChainImpl.java:114)
	at com.sun.javafx.event.EventUtil.fireEventImpl(EventUtil.java:74)
	at com.sun.javafx.event.EventUtil.fireEvent(EventUtil.java:49)
	at javafx.event.Event.fireEvent(Event.java:198)
	at javafx.scene.Node.fireEvent(Node.java:8889)
	at javafx.scene.control.Button.fire(Button.java:203)
	at com.sun.javafx.scene.control.behavior.ButtonBehavior.mouseReleased(ButtonBehavior.java:208)
	at com.sun.javafx.scene.control.inputmap.InputMap.handle(InputMap.java:274)
	at com.sun.javafx.event.CompositeEventHandler$NormalEventHandlerRecord.handleBubblingEvent(CompositeEventHandler.java:247)
	at com.sun.javafx.event.CompositeEventHandler.dispatchBubblingEvent(CompositeEventHandler.java:80)
	at com.sun.javafx.event.EventHandlerManager.dispatchBubblingEvent(EventHandlerManager.java:234)
	at com.sun.javafx.event.EventHandlerManager.dispatchBubblingEvent(EventHandlerManager.java:191)
	at com.sun.javafx.event.CompositeEventDispatcher.dispatchBubblingEvent(CompositeEventDispatcher.java:59)
	at com.sun.javafx.event.BasicEventDispatcher.dispatchEvent(BasicEventDispatcher.java:58)
	at com.sun.javafx.event.EventDispatchChainImpl.dispatchEvent(EventDispatchChainImpl.java:114)
	at com.sun.javafx.event.BasicEventDispatcher.dispatchEvent(BasicEventDispatcher.java:56)
	at com.sun.javafx.event.EventDispatchChainImpl.dispatchEvent(EventDispatchChainImpl.java:114)
	at com.sun.javafx.event.BasicEventDispatcher.dispatchEvent(BasicEventDispatcher.java:56)
	at com.sun.javafx.event.EventDispatchChainImpl.dispatchEvent(EventDispatchChainImpl.java:114)
	at com.sun.javafx.event.EventUtil.fireEventImpl(EventUtil.java:74)
	at com.sun.javafx.event.EventUtil.fireEvent(EventUtil.java:54)
	at javafx.event.Event.fireEvent(Event.java:198)
	at javafx.scene.Scene$MouseHandler.process(Scene.java:3856)
	at javafx.scene.Scene.processMouseEvent(Scene.java:1851)
	at javafx.scene.Scene$ScenePeerListener.mouseEvent(Scene.java:2584)
	at com.sun.javafx.tk.quantum.GlassViewEventHandler$MouseEventNotification.run(GlassViewEventHandler.java:409)
	at com.sun.javafx.tk.quantum.GlassViewEventHandler$MouseEventNotification.run(GlassViewEventHandler.java:299)
	at java.base/java.security.AccessController.doPrivileged(Native Method)
	at com.sun.javafx.tk.quantum.GlassViewEventHandler.lambda$handleMouseEvent$2(GlassViewEventHandler.java:447)
	at com.sun.javafx.tk.quantum.QuantumToolkit.runWithoutRenderLock(QuantumToolkit.java:412)
	at com.sun.javafx.tk.quantum.GlassViewEventHandler.handleMouseEvent(GlassViewEventHandler.java:446)
	at com.sun.glass.ui.View.handleMouseEvent(View.java:556)
	at com.sun.glass.ui.View.notifyMouse(View.java:942)
	at com.sun.glass.ui.mac.MacView.notifyMouse(MacView.java:127)

16:03:15.537 [JavaFX Application Thread] FATAL FXGLApplication      - Application will now exit
16:03:15.628 [JavaFX Application Thread] DEBUG PrimaryStageWindow   - Push state: ErrorSubScene
16:03:15.632 [JavaFX Application Thread] DEBUG Input                - Clearing active input actions
16:03:15.639 [JavaFX Application Thread] DEBUG GameApplicationServi - Removing overlay from battleScreen and adding to ErrorSubScene
16:03:15.640 [JavaFX Application Thread] DEBUG PrimaryStageWindow   - battleScreen -> ErrorSubScene
16:03:19.114 [JavaFX Application Thread] DEBUG FXGLApplication      - Exiting FXGL
16:03:19.116 [JavaFX Application Thread] DEBUG Async                - Shutting down background threads
16:03:19.117 [JavaFX Application Thread] DEBUG PrimaryStageWindow   - Closing main window
16:03:19.147 [JavaFX Application Thread] DEBUG Logger               - Closing Logger
