22:14:15.357 [main                     ] DEBUG Logger               - Configured Logger
22:14:15.390 [main                     ] DEBUG GameApplication      - Logging settings
Title: Pokemon
Version: Beta 0.1
Width: 800
Height: 800
Fullscreen: false
Intro: false
Profiling: false
Single step:false
App Mode: DEVELOPER
Menu Key: ESCAPE
Stage Style: DECORATED
Scene Factory: class com.almasb.fxgl.app.scene.SceneFactory

22:14:16.276 [JavaFX Application Thread] DEBUG FXGLApplication      - Initializing FXGL
22:14:16.279 [JavaFX Application Thread] INFO  Engine               - FXGL-11.16 (25.05.2021 08.16) on MAC (J:11.0.12 FX:16)
22:14:16.280 [JavaFX Application Thread] DEBUG Engine               - JRE Vendor Name: Oracle Corporation
22:14:16.280 [JavaFX Application Thread] DEBUG Engine               - Running on OS: Mac OS X version 11.3
22:14:16.280 [JavaFX Application Thread] DEBUG Engine               - Architecture: x86_64
22:14:16.280 [JavaFX Application Thread] INFO  Engine               - Source code and latest versions at: https://github.com/AlmasB/FXGL
22:14:16.280 [JavaFX Application Thread] INFO  Engine               -              Join the FXGL chat at: https://gitter.im/AlmasB/FXGL
22:14:16.460 [JavaFX Application Thread] DEBUG PrimaryStageWindow   - Creating a JavaFX scene
22:14:16.594 [JavaFX Application Thread] DEBUG PrimaryStageWindow   - Target settings size: 800.0 x 800.0
22:14:16.595 [JavaFX Application Thread] DEBUG PrimaryStageWindow   - Scaled scene size:    800.0 x 800.0
22:14:16.595 [JavaFX Application Thread] DEBUG PrimaryStageWindow   - Scaled ratio: (1.0, 1.0)
22:14:16.596 [JavaFX Application Thread] DEBUG PrimaryStageWindow   - Set initial scene to FXGLStartupScene
22:14:16.604 [JavaFX Application Thread] DEBUG PrimaryStageWindow   - Opening main window
22:14:16.892 [JavaFX Application Thread] DEBUG PrimaryStageWindow   - Window border size: (0.0, 28.0)
22:14:16.892 [JavaFX Application Thread] DEBUG PrimaryStageWindow   - Scaled size: 800.0 x 800.0
22:14:16.892 [JavaFX Application Thread] DEBUG PrimaryStageWindow   - Scaled ratio: (1.0, 1.0)
22:14:16.892 [JavaFX Application Thread] DEBUG PrimaryStageWindow   - Scene size: 800.0 x 800.0
22:14:16.893 [JavaFX Application Thread] DEBUG PrimaryStageWindow   - Stage size: 800.0 x 828.0
22:14:16.981 [FXGL Background Thread 1 ] DEBUG Engine               - Initializing environment variables
22:14:17.530 [FXGL Background Thread 1 ] DEBUG FXGLAssetLoaderServi - User app class for loading assets: class App.Overworld
22:14:17.536 [FXGL Background Thread 1 ] DEBUG GameApplicationServi - Applying CSS: fxgl_dark.css
22:14:17.546 [FXGL Background Thread 1 ] DEBUG FXGLAssetLoaderServi - Loading from file system: jar:file:/Users/cody/.m2/repository/com/github/almasb/fxgl/11.16/fxgl-11.16.jar!/fxglassets/ui/css/fxgl_dark.css
22:14:17.750 [FXGL Background Thread 1 ] DEBUG GameApplicationServi - Initializing application scenes
22:14:18.209 [FXGL Background Thread 1 ] DEBUG GameWorld            - Game world initialized
22:14:18.264 [FXGL Background Thread 1 ] DEBUG PhysicsWorld         - Physics world initialized: appHeight=800, physics.ppm=50.0
22:14:18.265 [FXGL Background Thread 1 ] DEBUG PhysicsWorld         - Using strategy: BRUTE_FORCE
22:14:18.274 [FXGL Background Thread 1 ] DEBUG GameScene            - Game scene initialized: 800x800
22:14:18.284 [FXGL Background Thread 1 ] DEBUG FXGL.DefaultMenu     - createMenuBodyGameMenu()
22:14:18.302 [FXGL Background Thread 1 ] DEBUG FXGL.DefaultMenu     - createOptionsMenu()
22:14:18.316 [FXGL Background Thread 1 ] DEBUG FXGLAssetLoaderServi - Loading from file system: jar:file:/Users/cody/.m2/repository/com/github/almasb/fxgl/11.16/fxgl-11.16.jar!/fxglassets/textures/particles/smoke.png
22:14:18.469 [FXGL Background Thread 1 ] DEBUG FXGLAssetLoaderServi - Loading from file system: jar:file:/Users/cody/.m2/repository/com/github/almasb/fxgl/11.16/fxgl-11.16.jar!/fxglassets/textures/particles/trace_horizontal.png
22:14:18.495 [FXGL Background Thread 1 ] DEBUG GameApplicationServi - Application scenes initialized
22:14:18.512 [FXGL Background Thread 1 ] DEBUG SystemBundleService  - Loading FXGL system data
22:14:18.518 [FXGL Background Thread 1 ] DEBUG FileSystemAccess     - Reading from: /Users/cody/Desktop/PokemonM/system/fxgl.bundle
22:14:18.526 [FXGL Background Thread 1 ] DEBUG SystemBundleService  - Bundle FXGL: {}
22:14:18.526 [FXGL Background Thread 1 ] DEBUG UpdaterService       - Checking for updates
22:14:18.534 [FXGL Background Thread 4 ] DEBUG FXGLApplication      - Loading fonts
22:14:18.560 [FXGL Background Thread 1 ] DEBUG FXGLApplication      - Loading default localization
22:14:18.574 [FXGL Background Thread 4 ] DEBUG FXGLAssetLoaderServi - Loading from file system: jar:file:/Users/cody/.m2/repository/com/github/almasb/fxgl/11.16/fxgl-11.16.jar!/fxglassets/ui/fonts/VarelaRound-Regular.ttf
22:14:18.574 [FXGL Background Thread 1 ] DEBUG FXGLAssetLoaderServi - Loading from file system: jar:file:/Users/cody/.m2/repository/com/github/almasb/fxgl/11.16/fxgl-11.16.jar!/fxglassets/languages/english.lang
22:14:18.643 [FXGL Background Thread 1 ] INFO  FXGLApplication      - FXGL initialization took: 1.653 sec
22:14:18.653 [FXGL Background Thread 4 ] DEBUG FXGLAssetLoaderServi - Loading from file system: jar:file:/Users/cody/.m2/repository/com/github/almasb/fxgl/11.16/fxgl-11.16.jar!/fxglassets/ui/fonts/Abel-Regular.ttf
22:14:18.664 [JavaFX Application Thread] DEBUG Input                - Registered new binding: action0 - D
22:14:18.668 [JavaFX Application Thread] DEBUG Input                - Registered new binding: action1 - A
22:14:18.671 [FXGL Background Thread 4 ] DEBUG FXGLAssetLoaderServi - Loading from file system: jar:file:/Users/cody/.m2/repository/com/github/almasb/fxgl/11.16/fxgl-11.16.jar!/fxglassets/ui/fonts/lucida_console.ttf
22:14:18.672 [JavaFX Application Thread] DEBUG Input                - Registered new binding: action2 - W
22:14:18.677 [JavaFX Application Thread] DEBUG Input                - Registered new binding: action3 - S
22:14:18.689 [JavaFX Application Thread] DEBUG FXGLAssetLoaderServi - Loading from file system: jar:file:/Users/cody/.m2/repository/com/github/almasb/fxgl/11.16/fxgl-11.16.jar!/fxglassets/textures/fxgl_icon.png
22:14:18.690 [FXGL Background Thread 4 ] DEBUG FXGLAssetLoaderServi - Loading from file system: jar:file:/Users/cody/.m2/repository/com/github/almasb/fxgl/11.16/fxgl-11.16.jar!/fxglassets/ui/fonts/Courier-Prime.ttf
22:14:18.762 [JavaFX Application Thread] DEBUG FXGLAssetLoaderServi - Loading from file system: jar:file:/Users/cody/.m2/repository/com/github/almasb/fxgl/11.16/fxgl-11.16.jar!/fxglassets/textures/fxgl_default_cursor.png
22:14:18.774 [JavaFX Application Thread] DEBUG Input                - Registered new binding: Screenshot - CTRL+8
22:14:18.775 [JavaFX Application Thread] DEBUG Input                - Registered new binding: System info dump - CTRL+9
22:14:18.775 [JavaFX Application Thread] DEBUG Input                - Registered new binding: Restart - CTRL+R
22:14:18.776 [JavaFX Application Thread] DEBUG Input                - Registered new binding: Toggle Debug Camera - CTRL+C
22:14:18.781 [JavaFX Application Thread] DEBUG LoopRunner           - Starting loop
22:14:18.781 [JavaFX Application Thread] DEBUG LoopRunner           - Initializing JavaFX AnimationTimerLoop
22:14:18.783 [JavaFX Application Thread] DEBUG GameApplicationServi - Starting new game
22:14:18.785 [JavaFX Application Thread] DEBUG Input                - Clearing active input actions
22:14:18.850 [JavaFX Application Thread] DEBUG GameApplicationServi - Removing overlay from FXGLStartupScene and adding to FXGLLoadingScene
22:14:18.851 [JavaFX Application Thread] DEBUG PrimaryStageWindow   - FXGLStartupScene -> FXGLLoadingScene
22:14:18.851 [JavaFX Application Thread] DEBUG GameApplicationServi - Clearing previous game
22:14:18.851 [JavaFX Application Thread] DEBUG GameScene            - Clearing game scene
22:14:18.851 [JavaFX Application Thread] DEBUG GameWorld            - Clearing game world
22:14:18.851 [JavaFX Application Thread] DEBUG PhysicsWorld         - Clearing physics world
22:14:18.856 [FXGL Background Thread 4 ] DEBUG FXGLApplication      - Initializing game
22:14:18.898 [JavaFX Application Thread] DEBUG FXGLApplication      - Registering font factories with UI factory
22:14:19.012 [FXGL Background Thread 4 ] INFO  FXGLApplication      - Game initialization took: 0.150 sec
22:14:19.190 [JavaFX Application Thread] DEBUG Input                - Clearing active input actions
22:14:19.220 [JavaFX Application Thread] DEBUG GameApplicationServi - Removing overlay from FXGLLoadingScene and adding to GameScene
22:14:19.221 [JavaFX Application Thread] DEBUG PrimaryStageWindow   - FXGLLoadingScene -> GameScene
22:14:19.617 [FXGL Background Thread 2 ] INFO  UpdaterService       - Your current version:  11.16
22:14:19.622 [FXGL Background Thread 2 ] INFO  UpdaterService       - Latest stable version: 11.17
22:14:21.472 [JavaFX Application Thread] DEBUG PrimaryStageWindow   - Push state: battleScreen
22:14:21.475 [JavaFX Application Thread] DEBUG Input                - Clearing active input actions
22:14:21.492 [JavaFX Application Thread] DEBUG GameApplicationServi - Removing overlay from GameScene and adding to battleScreen
22:14:21.494 [JavaFX Application Thread] DEBUG PrimaryStageWindow   - GameScene -> battleScreen
22:14:21.536 [FXGL Background Thread 3 ] DEBUG Engine               - Logging environment variables
22:14:21.537 [FXGL Background Thread 3 ] DEBUG Engine               - achievements: []
22:14:21.537 [FXGL Background Thread 3 ] DEBUG Engine               - actualHeight: 800.0
22:14:21.537 [FXGL Background Thread 3 ] DEBUG Engine               - actualHeightProperty: ReadOnlyDoubleProperty [value: 800.0]
22:14:21.537 [FXGL Background Thread 3 ] DEBUG Engine               - actualWidth: 800.0
22:14:21.537 [FXGL Background Thread 3 ] DEBUG Engine               - actualWidthProperty: ReadOnlyDoubleProperty [value: 800.0]
22:14:21.537 [FXGL Background Thread 3 ] DEBUG Engine               - appIcon: fxgl_icon.png
22:14:21.538 [FXGL Background Thread 3 ] DEBUG Engine               - applicationMode: DEVELOPER
22:14:21.538 [FXGL Background Thread 3 ] DEBUG Engine               - cSSList: [fxgl_dark.css]
22:14:21.538 [FXGL Background Thread 3 ] DEBUG Engine               - collisionDetectionStrategy: BRUTE_FORCE
22:14:21.538 [FXGL Background Thread 3 ] DEBUG Engine               - configClass: Optional.empty
22:14:21.538 [FXGL Background Thread 3 ] DEBUG Engine               - credits: []
22:14:21.539 [FXGL Background Thread 3 ] DEBUG Engine               - defaultCursor: CursorInfo(imageName=fxgl_default_cursor.png, hotspotX=7.0, hotspotY=6.0)
22:14:21.541 [FXGL Background Thread 3 ] DEBUG Engine               - devBBoxColorProperty: ObjectProperty [value: 0xff0000ff]
22:14:21.542 [FXGL Background Thread 3 ] DEBUG Engine               - devEnableDebugCameraProperty: BooleanProperty [value: false]
22:14:21.543 [FXGL Background Thread 3 ] DEBUG Engine               - devSensorColorProperty: ObjectProperty [value: 0xffff00ff]
22:14:21.543 [FXGL Background Thread 3 ] DEBUG Engine               - devShowBBoxProperty: BooleanProperty [value: false]
22:14:21.543 [FXGL Background Thread 3 ] DEBUG Engine               - devShowPositionProperty: BooleanProperty [value: false]
22:14:21.544 [FXGL Background Thread 3 ] DEBUG Engine               - enabledMenuItems: []
22:14:21.545 [FXGL Background Thread 3 ] DEBUG Engine               - engineServices: [class com.almasb.fxgl.app.services.FXGLAssetLoaderService, class com.almasb.fxgl.app.FXGLApplication$GameApplicationService, class com.almasb.fxgl.app.services.FXGLDialogService, class com.almasb.fxgl.app.services.IOTaskExecutorService, class com.almasb.fxgl.io.FileSystemService, class com.almasb.fxgl.localization.LocalizationService, class com.almasb.fxgl.app.services.SystemBundleService, class com.almasb.fxgl.profile.SaveLoadService, class com.almasb.fxgl.ui.FXGLUIFactoryServiceProvider, class com.almasb.fxgl.ui.FXGLDialogFactoryServiceProvider, class com.almasb.fxgl.audio.AudioPlayer, class com.almasb.fxgl.notification.impl.NotificationServiceProvider, class com.almasb.fxgl.achievement.AchievementService, class com.almasb.fxgl.cutscene.CutsceneService, class com.almasb.fxgl.minigames.MiniGameService, class com.almasb.fxgl.net.NetService, class com.almasb.fxgl.app.services.UpdaterService, class com.almasb.fxgl.dev.DevService]
22:14:21.547 [FXGL Background Thread 3 ] DEBUG Engine               - fontGame: Abel-Regular.ttf
22:14:21.549 [FXGL Background Thread 3 ] DEBUG Engine               - fontMono: lucida_console.ttf
22:14:21.549 [FXGL Background Thread 3 ] DEBUG Engine               - fontText: Courier-Prime.ttf
22:14:21.549 [FXGL Background Thread 3 ] DEBUG Engine               - fontUI: VarelaRound-Regular.ttf
22:14:21.549 [FXGL Background Thread 3 ] DEBUG Engine               - fullScreen: BooleanProperty [value: false]
22:14:21.549 [FXGL Background Thread 3 ] DEBUG Engine               - gameDifficulty: MEDIUM
22:14:21.549 [FXGL Background Thread 3 ] DEBUG Engine               - gameDifficultyProperty: ObjectProperty [value: MEDIUM]
22:14:21.549 [FXGL Background Thread 3 ] DEBUG Engine               - globalMusicVolume: 0.5
22:14:21.549 [FXGL Background Thread 3 ] DEBUG Engine               - globalMusicVolumeProperty: DoubleProperty [value: 0.5]
22:14:21.549 [FXGL Background Thread 3 ] DEBUG Engine               - globalSoundVolume: 0.5
22:14:21.550 [FXGL Background Thread 3 ] DEBUG Engine               - globalSoundVolumeProperty: DoubleProperty [value: 0.5]
22:14:21.550 [FXGL Background Thread 3 ] DEBUG Engine               - height: 800
22:14:21.550 [FXGL Background Thread 3 ] DEBUG Engine               - is3D: false
22:14:21.550 [FXGL Background Thread 3 ] DEBUG Engine               - isAndroid: false
22:14:21.550 [FXGL Background Thread 3 ] DEBUG Engine               - isBrowser: false
22:14:21.550 [FXGL Background Thread 3 ] DEBUG Engine               - isClickFeedbackEnabled: false
22:14:21.551 [FXGL Background Thread 3 ] DEBUG Engine               - isCloseConfirmation: false
22:14:21.555 [FXGL Background Thread 3 ] DEBUG Engine               - isDesktop: true
22:14:21.557 [FXGL Background Thread 3 ] DEBUG Engine               - isDeveloperMenuEnabled: false
22:14:21.557 [FXGL Background Thread 3 ] DEBUG Engine               - isEntityPreloadEnabled: true
22:14:21.557 [FXGL Background Thread 3 ] DEBUG Engine               - isExperimentalTiledLargeMap: false
22:14:21.557 [FXGL Background Thread 3 ] DEBUG Engine               - isFileSystemWriteAllowed: true
22:14:21.557 [FXGL Background Thread 3 ] DEBUG Engine               - isFullScreenAllowed: false
22:14:21.557 [FXGL Background Thread 3 ] DEBUG Engine               - isFullScreenFromStart: false
22:14:21.557 [FXGL Background Thread 3 ] DEBUG Engine               - isGameMenuEnabled: true
22:14:21.557 [FXGL Background Thread 3 ] DEBUG Engine               - isIOS: false
22:14:21.557 [FXGL Background Thread 3 ] DEBUG Engine               - isIntroEnabled: false
22:14:21.557 [FXGL Background Thread 3 ] DEBUG Engine               - isLinux: false
22:14:21.557 [FXGL Background Thread 3 ] DEBUG Engine               - isMac: true
22:14:21.557 [FXGL Background Thread 3 ] DEBUG Engine               - isMainMenuEnabled: false
22:14:21.557 [FXGL Background Thread 3 ] DEBUG Engine               - isManualResizeEnabled: false
22:14:21.558 [FXGL Background Thread 3 ] DEBUG Engine               - isMobile: false
22:14:21.558 [FXGL Background Thread 3 ] DEBUG Engine               - isNative: false
22:14:21.558 [FXGL Background Thread 3 ] DEBUG Engine               - isPreserveResizeRatio: false
22:14:21.559 [FXGL Background Thread 3 ] DEBUG Engine               - isProfilingEnabled: false
22:14:21.563 [FXGL Background Thread 3 ] DEBUG Engine               - isScaleAffectedOnResize: true
22:14:21.563 [FXGL Background Thread 3 ] DEBUG Engine               - isSingleStep: false
22:14:21.563 [FXGL Background Thread 3 ] DEBUG Engine               - isUserProfileEnabled: false
22:14:21.563 [FXGL Background Thread 3 ] DEBUG Engine               - isWindows: false
22:14:21.564 [FXGL Background Thread 3 ] DEBUG Engine               - language: ObjectProperty [value: ENGLISH]
22:14:21.564 [FXGL Background Thread 3 ] DEBUG Engine               - menuKey: ESCAPE
22:14:21.564 [FXGL Background Thread 3 ] DEBUG Engine               - mouseSensitivity: 0.2
22:14:21.564 [FXGL Background Thread 3 ] DEBUG Engine               - notificationViewClass: class com.almasb.fxgl.notification.view.XboxNotificationView
22:14:21.564 [FXGL Background Thread 3 ] DEBUG Engine               - pixelsPerMeter: 50.0
22:14:21.564 [FXGL Background Thread 3 ] DEBUG Engine               - platform: MAC
22:14:21.564 [FXGL Background Thread 3 ] DEBUG Engine               - prefHeightProperty: ReadOnlyDoubleProperty [value: 800.0]
22:14:21.564 [FXGL Background Thread 3 ] DEBUG Engine               - prefWidthProperty: ReadOnlyDoubleProperty [value: 800.0]
22:14:21.564 [FXGL Background Thread 3 ] DEBUG Engine               - profileDir: profiles/
22:14:21.564 [FXGL Background Thread 3 ] DEBUG Engine               - profileName: StringProperty [value: DEFAULT]
22:14:21.564 [FXGL Background Thread 3 ] DEBUG Engine               - randomSeed: -1
22:14:21.564 [FXGL Background Thread 3 ] DEBUG Engine               - runtimeInfo: RuntimeInfo(platform=MAC, version=11.16, build=25.05.2021 08.16)
22:14:21.564 [FXGL Background Thread 3 ] DEBUG Engine               - saveFileExt: sav
22:14:21.565 [FXGL Background Thread 3 ] DEBUG Engine               - scaledHeightProp$fxgl: DoubleProperty [bound, value: 800.0]
22:14:21.565 [FXGL Background Thread 3 ] DEBUG Engine               - scaledWidthProp$fxgl: DoubleProperty [bound, value: 800.0]
22:14:21.565 [FXGL Background Thread 3 ] DEBUG Engine               - sceneFactory: com.almasb.fxgl.app.scene.SceneFactory@620dda6d
22:14:21.565 [FXGL Background Thread 3 ] DEBUG Engine               - secondsIn24h: 60
22:14:21.565 [FXGL Background Thread 3 ] DEBUG Engine               - soundMenuBack: menu/back.wav
22:14:21.565 [FXGL Background Thread 3 ] DEBUG Engine               - soundMenuPress: menu/press.wav
22:14:21.565 [FXGL Background Thread 3 ] DEBUG Engine               - soundMenuSelect: menu/select.wav
22:14:21.565 [FXGL Background Thread 3 ] DEBUG Engine               - soundNotification: core/notification.wav
22:14:21.565 [FXGL Background Thread 3 ] DEBUG Engine               - stageStyle: DECORATED
22:14:21.565 [FXGL Background Thread 3 ] DEBUG Engine               - supportedLanguages: [ENGLISH, FRENCH, GERMAN, HUNGARIAN, RUSSIAN]
22:14:21.565 [FXGL Background Thread 3 ] DEBUG Engine               - ticksPerSecond: -1
22:14:21.565 [FXGL Background Thread 3 ] DEBUG Engine               - title: Pokemon
22:14:21.565 [FXGL Background Thread 3 ] DEBUG Engine               - urlGithub: https://github.com/AlmasB/FXGL
22:14:21.565 [FXGL Background Thread 3 ] DEBUG Engine               - urlLeaderboard: http://fxgl-top.herokuapp.com/
22:14:21.565 [FXGL Background Thread 3 ] DEBUG Engine               - urlPOM: https://raw.githubusercontent.com/AlmasB/FXGL/release/README.md
22:14:21.565 [FXGL Background Thread 3 ] DEBUG Engine               - userAppClass: class App.Overworld
22:14:21.565 [FXGL Background Thread 3 ] DEBUG Engine               - version: Beta 0.1
22:14:21.566 [FXGL Background Thread 3 ] DEBUG Engine               - versionCheckDays: 7
22:14:21.566 [FXGL Background Thread 3 ] DEBUG Engine               - width: 800
22:14:21.566 [FXGL Background Thread 3 ] DEBUG Engine               - Logging services
22:14:21.566 [FXGL Background Thread 3 ] DEBUG Engine               - class com.almasb.fxgl.app.services.FXGLAssetLoaderService
22:14:21.566 [FXGL Background Thread 3 ] DEBUG Engine               - class com.almasb.fxgl.app.FXGLApplication$GameApplicationService
22:14:21.566 [FXGL Background Thread 3 ] DEBUG Engine               - class com.almasb.fxgl.app.services.FXGLDialogService
22:14:21.566 [FXGL Background Thread 3 ] DEBUG Engine               - class com.almasb.fxgl.app.services.IOTaskExecutorService
22:14:21.566 [FXGL Background Thread 3 ] DEBUG Engine               - class com.almasb.fxgl.io.FileSystemService
22:14:21.566 [FXGL Background Thread 3 ] DEBUG Engine               - class com.almasb.fxgl.localization.LocalizationService
22:14:21.566 [FXGL Background Thread 3 ] DEBUG Engine               - class com.almasb.fxgl.app.services.SystemBundleService
22:14:21.567 [FXGL Background Thread 3 ] DEBUG Engine               - class com.almasb.fxgl.profile.SaveLoadService
22:14:21.571 [FXGL Background Thread 3 ] DEBUG Engine               - class com.almasb.fxgl.ui.FXGLUIFactoryServiceProvider
22:14:21.575 [FXGL Background Thread 3 ] DEBUG Engine               - class com.almasb.fxgl.ui.FXGLDialogFactoryServiceProvider
22:14:21.575 [FXGL Background Thread 3 ] DEBUG Engine               - class com.almasb.fxgl.audio.AudioPlayer
22:14:21.575 [FXGL Background Thread 3 ] DEBUG Engine               - class com.almasb.fxgl.notification.impl.NotificationServiceProvider
22:14:21.575 [FXGL Background Thread 3 ] DEBUG Engine               - class com.almasb.fxgl.achievement.AchievementService
22:14:21.575 [FXGL Background Thread 3 ] DEBUG Engine               - class com.almasb.fxgl.cutscene.CutsceneService
22:14:21.575 [FXGL Background Thread 3 ] DEBUG Engine               - class com.almasb.fxgl.minigames.MiniGameService
22:14:21.575 [FXGL Background Thread 3 ] DEBUG Engine               - class com.almasb.fxgl.net.NetService
22:14:21.575 [FXGL Background Thread 3 ] DEBUG Engine               - class com.almasb.fxgl.app.services.UpdaterService
22:14:21.575 [FXGL Background Thread 3 ] DEBUG Engine               - class com.almasb.fxgl.dev.DevService
22:21:19.649 [JavaFX Application Thread] DEBUG FXGLApplication      - Exiting FXGL
22:21:19.663 [JavaFX Application Thread] DEBUG LoopRunner           - Stopping loop
22:21:19.663 [JavaFX Application Thread] DEBUG SystemBundleService  - Saving FXGL system data
22:21:19.681 [JavaFX Application Thread] DEBUG FileSystemAccess     - Writing to: /Users/cody/Desktop/PokemonM/system/fxgl.bundle
22:21:19.689 [JavaFX Application Thread] DEBUG Async                - Shutting down background threads
22:21:19.691 [JavaFX Application Thread] DEBUG PrimaryStageWindow   - Closing main window
22:21:19.718 [JavaFX Application Thread] DEBUG Logger               - Closing Logger
