20:49:37.033 [main                     ] DEBUG Logger               - Configured Logger
20:49:37.068 [main                     ] DEBUG GameApplication      - Logging settings
Title: Pokemon
Version: Beta 0.1
Width: 800
Height: 800
Fullscreen: false
Intro: false
Profiling: false
Single step:false
App Mode: DEVELOPER
Menu Key: ESCAPE
Stage Style: DECORATED
Scene Factory: class com.almasb.fxgl.app.scene.SceneFactory

20:49:37.663 [JavaFX Application Thread] DEBUG FXGLApplication      - Initializing FXGL
20:49:37.669 [JavaFX Application Thread] INFO  Engine               - FXGL-11.16 (25.05.2021 08.16) on MAC (J:11.0.12 FX:16)
20:49:37.669 [JavaFX Application Thread] DEBUG Engine               - JRE Vendor Name: Oracle Corporation
20:49:37.670 [JavaFX Application Thread] DEBUG Engine               - Running on OS: Mac OS X version 11.3
20:49:37.670 [JavaFX Application Thread] DEBUG Engine               - Architecture: x86_64
20:49:37.670 [JavaFX Application Thread] INFO  Engine               - Source code and latest versions at: https://github.com/AlmasB/FXGL
20:49:37.670 [JavaFX Application Thread] INFO  Engine               -              Join the FXGL chat at: https://gitter.im/AlmasB/FXGL
20:49:37.837 [JavaFX Application Thread] DEBUG PrimaryStageWindow   - Creating a JavaFX scene
20:49:37.938 [JavaFX Application Thread] DEBUG PrimaryStageWindow   - Target settings size: 800.0 x 800.0
20:49:37.939 [JavaFX Application Thread] DEBUG PrimaryStageWindow   - Scaled scene size:    800.0 x 800.0
20:49:37.939 [JavaFX Application Thread] DEBUG PrimaryStageWindow   - Scaled ratio: (1.0, 1.0)
20:49:37.940 [JavaFX Application Thread] DEBUG PrimaryStageWindow   - Set initial scene to FXGLStartupScene
20:49:37.948 [JavaFX Application Thread] DEBUG PrimaryStageWindow   - Opening main window
20:49:38.152 [JavaFX Application Thread] DEBUG PrimaryStageWindow   - Window border size: (0.0, 28.0)
20:49:38.152 [JavaFX Application Thread] DEBUG PrimaryStageWindow   - Scaled size: 800.0 x 800.0
20:49:38.153 [JavaFX Application Thread] DEBUG PrimaryStageWindow   - Scaled ratio: (1.0, 1.0)
20:49:38.153 [JavaFX Application Thread] DEBUG PrimaryStageWindow   - Scene size: 800.0 x 800.0
20:49:38.153 [JavaFX Application Thread] DEBUG PrimaryStageWindow   - Stage size: 800.0 x 828.0
20:49:38.163 [FXGL Background Thread 1 ] DEBUG Engine               - Initializing environment variables
20:49:38.382 [FXGL Background Thread 1 ] DEBUG FXGLAssetLoaderServi - User app class for loading assets: class App.Overworld
20:49:38.384 [FXGL Background Thread 1 ] DEBUG GameApplicationServi - Applying CSS: fxgl_dark.css
20:49:38.387 [FXGL Background Thread 1 ] DEBUG FXGLAssetLoaderServi - Loading from file system: jar:file:/Users/cody/.m2/repository/com/github/almasb/fxgl/11.16/fxgl-11.16.jar!/fxglassets/ui/css/fxgl_dark.css
20:49:38.498 [FXGL Background Thread 1 ] DEBUG GameApplicationServi - Initializing application scenes
20:49:38.873 [FXGL Background Thread 1 ] DEBUG GameWorld            - Game world initialized
20:49:38.925 [FXGL Background Thread 1 ] DEBUG PhysicsWorld         - Physics world initialized: appHeight=800, physics.ppm=50.0
20:49:38.926 [FXGL Background Thread 1 ] DEBUG PhysicsWorld         - Using strategy: BRUTE_FORCE
20:49:38.937 [FXGL Background Thread 1 ] DEBUG GameScene            - Game scene initialized: 800x800
20:49:38.950 [FXGL Background Thread 1 ] DEBUG FXGL.DefaultMenu     - createMenuBodyGameMenu()
20:49:38.963 [FXGL Background Thread 1 ] DEBUG FXGL.DefaultMenu     - createOptionsMenu()
20:49:38.974 [FXGL Background Thread 1 ] DEBUG FXGLAssetLoaderServi - Loading from file system: jar:file:/Users/cody/.m2/repository/com/github/almasb/fxgl/11.16/fxgl-11.16.jar!/fxglassets/textures/particles/smoke.png
20:49:39.107 [FXGL Background Thread 1 ] DEBUG FXGLAssetLoaderServi - Loading from file system: jar:file:/Users/cody/.m2/repository/com/github/almasb/fxgl/11.16/fxgl-11.16.jar!/fxglassets/textures/particles/trace_horizontal.png
20:49:39.129 [FXGL Background Thread 1 ] DEBUG GameApplicationServi - Application scenes initialized
20:49:39.140 [FXGL Background Thread 1 ] DEBUG SystemBundleService  - Loading FXGL system data
20:49:39.146 [FXGL Background Thread 1 ] DEBUG FileSystemAccess     - Reading from: /Users/cody/Desktop/PokemonM/system/fxgl.bundle
20:49:39.152 [FXGL Background Thread 1 ] DEBUG SystemBundleService  - Bundle FXGL: {}
20:49:39.152 [FXGL Background Thread 1 ] DEBUG UpdaterService       - Checking for updates
20:49:39.161 [FXGL Background Thread 4 ] DEBUG FXGLApplication      - Loading fonts
20:49:39.161 [FXGL Background Thread 1 ] DEBUG FXGLApplication      - Loading default localization
20:49:39.166 [FXGL Background Thread 4 ] DEBUG FXGLAssetLoaderServi - Loading from file system: jar:file:/Users/cody/.m2/repository/com/github/almasb/fxgl/11.16/fxgl-11.16.jar!/fxglassets/ui/fonts/VarelaRound-Regular.ttf
20:49:39.166 [FXGL Background Thread 1 ] DEBUG FXGLAssetLoaderServi - Loading from file system: jar:file:/Users/cody/.m2/repository/com/github/almasb/fxgl/11.16/fxgl-11.16.jar!/fxglassets/languages/english.lang
20:49:39.204 [FXGL Background Thread 1 ] INFO  FXGLApplication      - FXGL initialization took: 1.037 sec
20:49:39.212 [FXGL Background Thread 4 ] DEBUG FXGLAssetLoaderServi - Loading from file system: jar:file:/Users/cody/.m2/repository/com/github/almasb/fxgl/11.16/fxgl-11.16.jar!/fxglassets/ui/fonts/Abel-Regular.ttf
20:49:39.211 [JavaFX Application Thread] DEBUG FXGLAssetLoaderServi - Loading from file system: jar:file:/Users/cody/.m2/repository/com/github/almasb/fxgl/11.16/fxgl-11.16.jar!/fxglassets/textures/fxgl_icon.png
20:49:39.224 [FXGL Background Thread 4 ] DEBUG FXGLAssetLoaderServi - Loading from file system: jar:file:/Users/cody/.m2/repository/com/github/almasb/fxgl/11.16/fxgl-11.16.jar!/fxglassets/ui/fonts/lucida_console.ttf
20:49:39.231 [FXGL Background Thread 4 ] DEBUG FXGLAssetLoaderServi - Loading from file system: jar:file:/Users/cody/.m2/repository/com/github/almasb/fxgl/11.16/fxgl-11.16.jar!/fxglassets/ui/fonts/Courier-Prime.ttf
20:49:39.269 [JavaFX Application Thread] DEBUG FXGLAssetLoaderServi - Loading from file system: jar:file:/Users/cody/.m2/repository/com/github/almasb/fxgl/11.16/fxgl-11.16.jar!/fxglassets/textures/fxgl_default_cursor.png
20:49:39.282 [JavaFX Application Thread] DEBUG Input                - Registered new binding: Screenshot - CTRL+8
20:49:39.288 [JavaFX Application Thread] DEBUG Input                - Registered new binding: System info dump - CTRL+9
20:49:39.290 [JavaFX Application Thread] DEBUG Input                - Registered new binding: Restart - CTRL+R
20:49:39.292 [JavaFX Application Thread] DEBUG Input                - Registered new binding: Toggle Debug Camera - CTRL+C
20:49:39.295 [JavaFX Application Thread] DEBUG LoopRunner           - Starting loop
20:49:39.296 [JavaFX Application Thread] DEBUG LoopRunner           - Initializing JavaFX AnimationTimerLoop
20:49:39.297 [JavaFX Application Thread] DEBUG GameApplicationServi - Starting new game
20:49:39.298 [JavaFX Application Thread] DEBUG Input                - Clearing active input actions
20:49:39.363 [JavaFX Application Thread] DEBUG GameApplicationServi - Removing overlay from FXGLStartupScene and adding to FXGLLoadingScene
20:49:39.365 [JavaFX Application Thread] DEBUG PrimaryStageWindow   - FXGLStartupScene -> FXGLLoadingScene
20:49:39.365 [JavaFX Application Thread] DEBUG GameApplicationServi - Clearing previous game
20:49:39.365 [JavaFX Application Thread] DEBUG GameScene            - Clearing game scene
20:49:39.365 [JavaFX Application Thread] DEBUG GameWorld            - Clearing game world
20:49:39.365 [JavaFX Application Thread] DEBUG PhysicsWorld         - Clearing physics world
20:49:39.366 [FXGL Background Thread 4 ] DEBUG FXGLApplication      - Initializing game
20:49:39.581 [JavaFX Application Thread] DEBUG FXGLApplication      - Registering font factories with UI factory
20:49:39.633 [FXGL Background Thread 4 ] INFO  FXGLApplication      - Game initialization took: 0.265 sec
20:49:39.678 [JavaFX Application Thread] DEBUG Input                - Clearing active input actions
20:49:39.721 [JavaFX Application Thread] DEBUG GameApplicationServi - Removing overlay from FXGLLoadingScene and adding to GameScene
20:49:39.722 [JavaFX Application Thread] DEBUG PrimaryStageWindow   - FXGLLoadingScene -> GameScene
20:49:40.266 [FXGL Background Thread 2 ] INFO  UpdaterService       - Your current version:  11.16
20:49:40.269 [FXGL Background Thread 2 ] INFO  UpdaterService       - Latest stable version: 11.17
20:49:42.029 [JavaFX Application Thread] DEBUG FXGLApplication      - Exiting FXGL
20:49:42.030 [JavaFX Application Thread] DEBUG LoopRunner           - Stopping loop
20:49:42.030 [JavaFX Application Thread] DEBUG SystemBundleService  - Saving FXGL system data
20:49:42.047 [JavaFX Application Thread] DEBUG FileSystemAccess     - Writing to: /Users/cody/Desktop/PokemonM/system/fxgl.bundle
20:49:42.053 [JavaFX Application Thread] DEBUG Async                - Shutting down background threads
20:49:42.058 [JavaFX Application Thread] DEBUG PrimaryStageWindow   - Closing main window
20:49:42.080 [JavaFX Application Thread] DEBUG Logger               - Closing Logger
