15:06:33.456 [main                     ] DEBUG Logger               - Configured Logger
15:06:33.478 [main                     ] DEBUG GameApplication      - Logging settings
Title: Pokemon
Version: Beta 0.1
Width: 800
Height: 800
Fullscreen: false
Intro: false
Profiling: false
Single step:false
App Mode: DEVELOPER
Menu Key: ESCAPE
Stage Style: DECORATED
Scene Factory: class com.almasb.fxgl.app.scene.SceneFactory

15:06:34.060 [JavaFX Application Thread] DEBUG FXGLApplication      - Initializing FXGL
15:06:34.062 [JavaFX Application Thread] INFO  Engine               - FXGL-11.16 (25.05.2021 08.16) on WINDOWS (J:11.0.12 FX:16)
15:06:34.062 [JavaFX Application Thread] DEBUG Engine               - JRE Vendor Name: Amazon.com Inc.
15:06:34.062 [JavaFX Application Thread] DEBUG Engine               - Running on OS: Windows 10 version 10.0
15:06:34.063 [JavaFX Application Thread] DEBUG Engine               - Architecture: amd64
15:06:34.063 [JavaFX Application Thread] INFO  Engine               - Source code and latest versions at: https://github.com/AlmasB/FXGL
15:06:34.063 [JavaFX Application Thread] INFO  Engine               -              Join the FXGL chat at: https://gitter.im/AlmasB/FXGL
15:06:34.290 [JavaFX Application Thread] DEBUG PrimaryStageWindow   - Creating a JavaFX scene
15:06:34.397 [JavaFX Application Thread] DEBUG PrimaryStageWindow   - Target settings size: 800.0 x 800.0
15:06:34.397 [JavaFX Application Thread] DEBUG PrimaryStageWindow   - Scaled scene size:    800.0 x 800.0
15:06:34.398 [JavaFX Application Thread] DEBUG PrimaryStageWindow   - Scaled ratio: (1.0, 1.0)
15:06:34.400 [JavaFX Application Thread] DEBUG PrimaryStageWindow   - Set initial scene to FXGLStartupScene
15:06:34.412 [JavaFX Application Thread] DEBUG PrimaryStageWindow   - Opening main window
15:06:34.570 [JavaFX Application Thread] DEBUG PrimaryStageWindow   - Window border size: (14.4000244140625, 37.5999755859375)
15:06:34.570 [JavaFX Application Thread] DEBUG PrimaryStageWindow   - Scaled size: 800.0 x 800.0
15:06:34.570 [JavaFX Application Thread] DEBUG PrimaryStageWindow   - Scaled ratio: (1.0, 1.0)
15:06:34.571 [JavaFX Application Thread] DEBUG PrimaryStageWindow   - Scene size: 800.0 x 800.0
15:06:34.571 [JavaFX Application Thread] DEBUG PrimaryStageWindow   - Stage size: 814.4000244140625 x 837.5999755859375
15:06:34.584 [FXGL Background Thread 1 ] DEBUG Engine               - Initializing environment variables
15:06:34.645 [FXGL Background Thread 1 ] DEBUG FXGLAssetLoaderServi - User app class for loading assets: class App.Overworld
15:06:34.646 [FXGL Background Thread 1 ] DEBUG GameApplicationServi - Applying CSS: fxgl_dark.css
15:06:34.648 [FXGL Background Thread 1 ] DEBUG FXGLAssetLoaderServi - Loading from file system: jar:file:/C:/Users/lwarr/.m2/repository/com/github/almasb/fxgl/11.16/fxgl-11.16.jar!/fxglassets/ui/css/fxgl_dark.css
15:06:34.706 [FXGL Background Thread 1 ] DEBUG GameApplicationServi - Initializing application scenes
15:06:34.773 [FXGL Background Thread 1 ] DEBUG GameWorld            - Game world initialized
15:06:34.846 [FXGL Background Thread 1 ] DEBUG PhysicsWorld         - Physics world initialized: appHeight=800, physics.ppm=50.0
15:06:34.847 [FXGL Background Thread 1 ] DEBUG PhysicsWorld         - Using strategy: BRUTE_FORCE
15:06:34.849 [FXGL Background Thread 1 ] DEBUG GameScene            - Game scene initialized: 800x800
15:06:34.861 [FXGL Background Thread 1 ] DEBUG FXGL.DefaultMenu     - createMenuBodyGameMenu()
15:06:34.884 [FXGL Background Thread 1 ] DEBUG FXGL.DefaultMenu     - createOptionsMenu()
15:06:34.895 [FXGL Background Thread 1 ] DEBUG FXGLAssetLoaderServi - Loading from file system: jar:file:/C:/Users/lwarr/.m2/repository/com/github/almasb/fxgl/11.16/fxgl-11.16.jar!/fxglassets/textures/particles/smoke.png
15:06:34.981 [FXGL Background Thread 1 ] DEBUG FXGLAssetLoaderServi - Loading from file system: jar:file:/C:/Users/lwarr/.m2/repository/com/github/almasb/fxgl/11.16/fxgl-11.16.jar!/fxglassets/textures/particles/trace_horizontal.png
15:06:35.007 [FXGL Background Thread 1 ] DEBUG GameApplicationServi - Application scenes initialized
15:06:35.018 [FXGL Background Thread 1 ] DEBUG SystemBundleService  - Loading FXGL system data
15:06:35.022 [FXGL Background Thread 1 ] DEBUG FileSystemAccess     - Reading from: C:\Users\lwarr\IdeaProjects\PokemonM\system\fxgl.bundle
15:06:35.027 [FXGL Background Thread 1 ] DEBUG SystemBundleService  - Bundle FXGL: {}
15:06:35.028 [FXGL Background Thread 1 ] DEBUG UpdaterService       - Checking for updates
15:06:35.035 [FXGL Background Thread 4 ] DEBUG FXGLApplication      - Loading fonts
15:06:35.035 [FXGL Background Thread 1 ] DEBUG FXGLApplication      - Loading default localization
15:06:35.035 [FXGL Background Thread 4 ] DEBUG FXGLAssetLoaderServi - Loading from file system: jar:file:/C:/Users/lwarr/.m2/repository/com/github/almasb/fxgl/11.16/fxgl-11.16.jar!/fxglassets/ui/fonts/VarelaRound-Regular.ttf
15:06:35.036 [FXGL Background Thread 1 ] DEBUG FXGLAssetLoaderServi - Loading from file system: jar:file:/C:/Users/lwarr/.m2/repository/com/github/almasb/fxgl/11.16/fxgl-11.16.jar!/fxglassets/languages/english.lang
15:06:35.062 [FXGL Background Thread 1 ] INFO  FXGLApplication      - FXGL initialization took: 0.478 sec
15:06:35.063 [JavaFX Application Thread] DEBUG FXGLAssetLoaderServi - Loading from file system: jar:file:/C:/Users/lwarr/.m2/repository/com/github/almasb/fxgl/11.16/fxgl-11.16.jar!/fxglassets/textures/fxgl_icon.png
15:06:35.084 [JavaFX Application Thread] DEBUG FXGLAssetLoaderServi - Loading from file system: jar:file:/C:/Users/lwarr/.m2/repository/com/github/almasb/fxgl/11.16/fxgl-11.16.jar!/fxglassets/textures/fxgl_default_cursor.png
15:06:35.101 [JavaFX Application Thread] DEBUG Input                - Registered new binding: Screenshot - CTRL+8
15:06:35.101 [JavaFX Application Thread] DEBUG Input                - Registered new binding: System info dump - CTRL+9
15:06:35.102 [JavaFX Application Thread] DEBUG Input                - Registered new binding: Restart - CTRL+R
15:06:35.102 [JavaFX Application Thread] DEBUG Input                - Registered new binding: Toggle Debug Camera - CTRL+C
15:06:35.105 [JavaFX Application Thread] DEBUG LoopRunner           - Starting loop
15:06:35.105 [JavaFX Application Thread] DEBUG LoopRunner           - Initializing JavaFX AnimationTimerLoop
15:06:35.107 [JavaFX Application Thread] DEBUG GameApplicationServi - Starting new game
15:06:35.108 [JavaFX Application Thread] DEBUG Input                - Clearing active input actions
15:06:35.126 [JavaFX Application Thread] DEBUG GameApplicationServi - Removing overlay from FXGLStartupScene and adding to FXGLLoadingScene
15:06:35.127 [JavaFX Application Thread] DEBUG PrimaryStageWindow   - FXGLStartupScene -> FXGLLoadingScene
15:06:35.127 [JavaFX Application Thread] DEBUG GameApplicationServi - Clearing previous game
15:06:35.127 [JavaFX Application Thread] DEBUG GameScene            - Clearing game scene
15:06:35.127 [JavaFX Application Thread] DEBUG GameWorld            - Clearing game world
15:06:35.128 [JavaFX Application Thread] DEBUG PhysicsWorld         - Clearing physics world
15:06:35.130 [FXGL Background Thread 1 ] DEBUG FXGLApplication      - Initializing game
15:06:35.264 [JavaFX Application Thread] DEBUG LoopRunner           - Stopping loop
15:06:35.267 [JavaFX Application Thread] FATAL FXGLApplication      - Uncaught Exception:
java.lang.RuntimeException: Initialization failed
	at com.almasb.fxgl.app.FXGLApplication$InitAppTask.failed(FXGLApplication.kt:343)
	at javafx.concurrent.Task.setState(Task.java:710)
	at javafx.concurrent.Task$TaskCallable.lambda$call$2(Task.java:1455)
	at com.sun.javafx.application.PlatformImpl.lambda$runLater$10(PlatformImpl.java:447)
	at java.base/java.security.AccessController.doPrivileged(Native Method)
	at com.sun.javafx.application.PlatformImpl.lambda$runLater$11(PlatformImpl.java:446)
	at com.sun.glass.ui.InvokeLaterDispatcher$Future.run(InvokeLaterDispatcher.java:96)
	at com.sun.glass.ui.win.WinApplication._runLoop(Native Method)
	at com.sun.glass.ui.win.WinApplication.lambda$runLoop$3(WinApplication.java:174)
	at java.base/java.lang.Thread.run(Thread.java:829)
Caused by: java.lang.ExceptionInInitializerError
	at MoveCatalog.Move.setInfo(Move.java:33)
	at MoveCatalog.Move.<init>(Move.java:29)
	at Pokemon.Pokemon.setRandomMoves(Pokemon.java:232)
	at Pokemon.Pokemon.createPokemon(Pokemon.java:122)
	at Pokemon.Pokemon.<init>(Pokemon.java:110)
	at Battle.PaneOrganizer.<init>(PaneOrganizer.java:23)
	at App.Overworld.initUI(Overworld.java:20)
	at com.almasb.fxgl.app.FXGLApplication$InitAppTask.call(FXGLApplication.kt:321)
	at com.almasb.fxgl.app.FXGLApplication$InitAppTask.call(FXGLApplication.kt:311)
	at javafx.concurrent.Task$TaskCallable.call(Task.java:1425)
	at java.base/java.util.concurrent.FutureTask.run(FutureTask.java:264)
	at java.base/java.util.concurrent.Executors$RunnableAdapter.call(Executors.java:515)
	at java.base/java.util.concurrent.FutureTask.run(FutureTask.java:264)
	at java.base/java.util.concurrent.ThreadPoolExecutor.runWorker(ThreadPoolExecutor.java:1128)
	at java.base/java.util.concurrent.ThreadPoolExecutor$Worker.run(ThreadPoolExecutor.java:628)
	... 1 more
Caused by: java.lang.NullPointerException
	at MoveCatalog.MoveConstants.getData(MoveConstants.java:18)
	at MoveCatalog.MoveConstants.<clinit>(MoveConstants.java:12)
	... 16 more

15:06:35.267 [JavaFX Application Thread] FATAL FXGLApplication      - Application will now exit
15:06:35.283 [JavaFX Application Thread] DEBUG PrimaryStageWindow   - Push state: ErrorSubScene
15:06:35.283 [JavaFX Application Thread] DEBUG Input                - Clearing active input actions
15:06:35.292 [JavaFX Application Thread] DEBUG GameApplicationServi - Removing overlay from FXGLLoadingScene and adding to ErrorSubScene
15:06:35.292 [JavaFX Application Thread] DEBUG PrimaryStageWindow   - FXGLLoadingScene -> ErrorSubScene
15:06:35.374 [FXGL Background Thread 4 ] DEBUG FXGLAssetLoaderServi - Loading from file system: jar:file:/C:/Users/lwarr/.m2/repository/com/github/almasb/fxgl/11.16/fxgl-11.16.jar!/fxglassets/ui/fonts/Abel-Regular.ttf
15:06:35.379 [FXGL Background Thread 4 ] DEBUG FXGLAssetLoaderServi - Loading from file system: jar:file:/C:/Users/lwarr/.m2/repository/com/github/almasb/fxgl/11.16/fxgl-11.16.jar!/fxglassets/ui/fonts/lucida_console.ttf
15:06:35.387 [FXGL Background Thread 4 ] DEBUG FXGLAssetLoaderServi - Loading from file system: jar:file:/C:/Users/lwarr/.m2/repository/com/github/almasb/fxgl/11.16/fxgl-11.16.jar!/fxglassets/ui/fonts/Courier-Prime.ttf
15:06:35.474 [JavaFX Application Thread] DEBUG FXGLApplication      - Registering font factories with UI factory
15:06:35.720 [FXGL Background Thread 2 ] INFO  UpdaterService       - Your current version:  11.16
15:06:35.720 [FXGL Background Thread 2 ] INFO  UpdaterService       - Latest stable version: 11.17
15:06:35.811 [JavaFX Application Thread] DEBUG FXGLApplication      - Exiting FXGL
15:06:35.811 [JavaFX Application Thread] DEBUG Async                - Shutting down background threads
15:06:35.812 [JavaFX Application Thread] DEBUG PrimaryStageWindow   - Closing main window
15:06:35.821 [JavaFX Application Thread] DEBUG Logger               - Closing Logger
