17:23:42.258 [main                     ] DEBUG Logger               - Configured Logger
17:23:42.293 [main                     ] DEBUG GameApplication      - Logging settings
Title: Pokemon
Version: Beta 0.1
Width: 800
Height: 800
Fullscreen: false
Intro: false
Profiling: false
Single step:false
App Mode: DEVELOPER
Menu Key: ESCAPE
Stage Style: DECORATED
Scene Factory: class com.almasb.fxgl.app.scene.SceneFactory

17:23:43.183 [JavaFX Application Thread] DEBUG FXGLApplication      - Initializing FXGL
17:23:43.194 [JavaFX Application Thread] INFO  Engine               - FXGL-11.16 (25.05.2021 08.16) on MAC (J:11.0.12 FX:16)
17:23:43.195 [JavaFX Application Thread] DEBUG Engine               - JRE Vendor Name: Oracle Corporation
17:23:43.196 [JavaFX Application Thread] DEBUG Engine               - Running on OS: Mac OS X version 11.3
17:23:43.196 [JavaFX Application Thread] DEBUG Engine               - Architecture: x86_64
17:23:43.196 [JavaFX Application Thread] INFO  Engine               - Source code and latest versions at: https://github.com/AlmasB/FXGL
17:23:43.196 [JavaFX Application Thread] INFO  Engine               -              Join the FXGL chat at: https://gitter.im/AlmasB/FXGL
17:23:43.457 [JavaFX Application Thread] DEBUG PrimaryStageWindow   - Creating a JavaFX scene
17:23:43.564 [JavaFX Application Thread] DEBUG PrimaryStageWindow   - Target settings size: 800.0 x 800.0
17:23:43.564 [JavaFX Application Thread] DEBUG PrimaryStageWindow   - Scaled scene size:    800.0 x 800.0
17:23:43.565 [JavaFX Application Thread] DEBUG PrimaryStageWindow   - Scaled ratio: (1.0, 1.0)
17:23:43.566 [JavaFX Application Thread] DEBUG PrimaryStageWindow   - Set initial scene to FXGLStartupScene
17:23:43.572 [JavaFX Application Thread] DEBUG PrimaryStageWindow   - Opening main window
17:23:43.869 [JavaFX Application Thread] DEBUG PrimaryStageWindow   - Window border size: (0.0, 28.0)
17:23:43.870 [JavaFX Application Thread] DEBUG PrimaryStageWindow   - Scaled size: 800.0 x 800.0
17:23:43.870 [JavaFX Application Thread] DEBUG PrimaryStageWindow   - Scaled ratio: (1.0, 1.0)
17:23:43.870 [JavaFX Application Thread] DEBUG PrimaryStageWindow   - Scene size: 800.0 x 800.0
17:23:43.870 [JavaFX Application Thread] DEBUG PrimaryStageWindow   - Stage size: 800.0 x 828.0
17:23:43.905 [FXGL Background Thread 1 ] DEBUG Engine               - Initializing environment variables
17:23:44.120 [FXGL Background Thread 1 ] DEBUG FXGLAssetLoaderServi - User app class for loading assets: class App.Overworld
17:23:44.123 [FXGL Background Thread 1 ] DEBUG GameApplicationServi - Applying CSS: fxgl_dark.css
17:23:44.129 [FXGL Background Thread 1 ] DEBUG FXGLAssetLoaderServi - Loading from file system: jar:file:/Users/cody/.m2/repository/com/github/almasb/fxgl/11.16/fxgl-11.16.jar!/fxglassets/ui/css/fxgl_dark.css
17:23:44.228 [FXGL Background Thread 1 ] DEBUG GameApplicationServi - Initializing application scenes
17:23:44.583 [FXGL Background Thread 1 ] DEBUG GameWorld            - Game world initialized
17:23:44.630 [FXGL Background Thread 1 ] DEBUG PhysicsWorld         - Physics world initialized: appHeight=800, physics.ppm=50.0
17:23:44.631 [FXGL Background Thread 1 ] DEBUG PhysicsWorld         - Using strategy: BRUTE_FORCE
17:23:44.639 [FXGL Background Thread 1 ] DEBUG GameScene            - Game scene initialized: 800x800
17:23:44.648 [FXGL Background Thread 1 ] DEBUG FXGL.DefaultMenu     - createMenuBodyGameMenu()
17:23:44.664 [FXGL Background Thread 1 ] DEBUG FXGL.DefaultMenu     - createOptionsMenu()
17:23:44.680 [FXGL Background Thread 1 ] DEBUG FXGLAssetLoaderServi - Loading from file system: jar:file:/Users/cody/.m2/repository/com/github/almasb/fxgl/11.16/fxgl-11.16.jar!/fxglassets/textures/particles/smoke.png
17:23:44.817 [FXGL Background Thread 1 ] DEBUG FXGLAssetLoaderServi - Loading from file system: jar:file:/Users/cody/.m2/repository/com/github/almasb/fxgl/11.16/fxgl-11.16.jar!/fxglassets/textures/particles/trace_horizontal.png
17:23:44.840 [FXGL Background Thread 1 ] DEBUG GameApplicationServi - Application scenes initialized
17:23:44.850 [FXGL Background Thread 1 ] DEBUG SystemBundleService  - Loading FXGL system data
17:23:44.854 [FXGL Background Thread 1 ] DEBUG FileSystemAccess     - Reading from: /Users/cody/Desktop/PokemonM/system/fxgl.bundle
17:23:44.862 [FXGL Background Thread 1 ] DEBUG SystemBundleService  - Bundle FXGL: {}
17:23:44.862 [FXGL Background Thread 1 ] DEBUG UpdaterService       - Checking for updates
17:23:44.873 [FXGL Background Thread 4 ] DEBUG FXGLApplication      - Loading fonts
17:23:44.875 [FXGL Background Thread 1 ] DEBUG FXGLApplication      - Loading default localization
17:23:44.876 [FXGL Background Thread 1 ] DEBUG FXGLAssetLoaderServi - Loading from file system: jar:file:/Users/cody/.m2/repository/com/github/almasb/fxgl/11.16/fxgl-11.16.jar!/fxglassets/languages/english.lang
17:23:44.876 [FXGL Background Thread 4 ] DEBUG FXGLAssetLoaderServi - Loading from file system: jar:file:/Users/cody/.m2/repository/com/github/almasb/fxgl/11.16/fxgl-11.16.jar!/fxglassets/ui/fonts/VarelaRound-Regular.ttf
17:23:44.906 [FXGL Background Thread 1 ] INFO  FXGLApplication      - FXGL initialization took: 0.996 sec
17:23:44.927 [JavaFX Application Thread] DEBUG Input                - Registered new binding: Right - D
17:23:44.923 [FXGL Background Thread 4 ] DEBUG FXGLAssetLoaderServi - Loading from file system: jar:file:/Users/cody/.m2/repository/com/github/almasb/fxgl/11.16/fxgl-11.16.jar!/fxglassets/ui/fonts/Abel-Regular.ttf
17:23:44.928 [JavaFX Application Thread] DEBUG Input                - Registered new binding: Left - A
17:23:44.931 [JavaFX Application Thread] DEBUG Input                - Registered new binding: Up - W
17:23:44.932 [JavaFX Application Thread] DEBUG Input                - Registered new binding: Down - S
17:23:44.932 [JavaFX Application Thread] DEBUG FXGLAssetLoaderServi - Loading from file system: jar:file:/Users/cody/.m2/repository/com/github/almasb/fxgl/11.16/fxgl-11.16.jar!/fxglassets/textures/fxgl_icon.png
17:23:44.934 [FXGL Background Thread 4 ] DEBUG FXGLAssetLoaderServi - Loading from file system: jar:file:/Users/cody/.m2/repository/com/github/almasb/fxgl/11.16/fxgl-11.16.jar!/fxglassets/ui/fonts/lucida_console.ttf
17:23:44.945 [FXGL Background Thread 4 ] DEBUG FXGLAssetLoaderServi - Loading from file system: jar:file:/Users/cody/.m2/repository/com/github/almasb/fxgl/11.16/fxgl-11.16.jar!/fxglassets/ui/fonts/Courier-Prime.ttf
17:23:45.012 [JavaFX Application Thread] DEBUG FXGLAssetLoaderServi - Loading from file system: jar:file:/Users/cody/.m2/repository/com/github/almasb/fxgl/11.16/fxgl-11.16.jar!/fxglassets/textures/fxgl_default_cursor.png
17:23:45.019 [JavaFX Application Thread] DEBUG Input                - Registered new binding: Screenshot - CTRL+8
17:23:45.020 [JavaFX Application Thread] DEBUG Input                - Registered new binding: System info dump - CTRL+9
17:23:45.020 [JavaFX Application Thread] DEBUG Input                - Registered new binding: Restart - CTRL+R
17:23:45.020 [JavaFX Application Thread] DEBUG Input                - Registered new binding: Toggle Debug Camera - CTRL+C
17:23:45.024 [JavaFX Application Thread] DEBUG LoopRunner           - Starting loop
17:23:45.024 [JavaFX Application Thread] DEBUG LoopRunner           - Initializing JavaFX AnimationTimerLoop
17:23:45.025 [JavaFX Application Thread] DEBUG GameApplicationServi - Starting new game
17:23:45.027 [JavaFX Application Thread] DEBUG Input                - Clearing active input actions
17:23:45.090 [JavaFX Application Thread] DEBUG GameApplicationServi - Removing overlay from FXGLStartupScene and adding to FXGLLoadingScene
17:23:45.091 [JavaFX Application Thread] DEBUG PrimaryStageWindow   - FXGLStartupScene -> FXGLLoadingScene
17:23:45.092 [JavaFX Application Thread] DEBUG GameApplicationServi - Clearing previous game
17:23:45.092 [JavaFX Application Thread] DEBUG GameScene            - Clearing game scene
17:23:45.093 [JavaFX Application Thread] DEBUG GameWorld            - Clearing game world
17:23:45.093 [JavaFX Application Thread] DEBUG PhysicsWorld         - Clearing physics world
17:23:45.095 [FXGL Background Thread 4 ] DEBUG FXGLApplication      - Initializing game
17:23:45.115 [FXGL Background Thread 4 ] DEBUG FXGLAssetLoaderServi - Loading from file system: file:/Users/cody/Desktop/PokemonM/target/classes/assets/textures/dawn.png
17:23:45.125 [JavaFX Application Thread] DEBUG FXGLApplication      - Registering font factories with UI factory
17:23:45.240 [FXGL Background Thread 4 ] INFO  FXGLApplication      - Game initialization took: 0.141 sec
17:23:45.270 [JavaFX Application Thread] DEBUG Input                - Clearing active input actions
17:23:45.313 [JavaFX Application Thread] DEBUG GameApplicationServi - Removing overlay from FXGLLoadingScene and adding to GameScene
17:23:45.317 [JavaFX Application Thread] DEBUG PrimaryStageWindow   - FXGLLoadingScene -> GameScene
17:23:45.772 [FXGL Background Thread 2 ] INFO  UpdaterService       - Your current version:  11.16
17:23:45.773 [FXGL Background Thread 2 ] INFO  UpdaterService       - Latest stable version: 11.17
17:23:47.874 [FXGL Background Thread 3 ] DEBUG Engine               - Logging environment variables
17:23:47.890 [FXGL Background Thread 3 ] DEBUG Engine               - achievements: []
17:23:47.891 [FXGL Background Thread 3 ] DEBUG Engine               - actualHeight: 800.0
17:23:47.891 [FXGL Background Thread 3 ] DEBUG Engine               - actualHeightProperty: ReadOnlyDoubleProperty [value: 800.0]
17:23:47.892 [FXGL Background Thread 3 ] DEBUG Engine               - actualWidth: 800.0
17:23:47.892 [FXGL Background Thread 3 ] DEBUG Engine               - actualWidthProperty: ReadOnlyDoubleProperty [value: 800.0]
17:23:47.892 [FXGL Background Thread 3 ] DEBUG Engine               - appIcon: fxgl_icon.png
17:23:47.892 [FXGL Background Thread 3 ] DEBUG Engine               - applicationMode: DEVELOPER
17:23:47.892 [FXGL Background Thread 3 ] DEBUG Engine               - cSSList: [fxgl_dark.css]
17:23:47.892 [FXGL Background Thread 3 ] DEBUG Engine               - collisionDetectionStrategy: BRUTE_FORCE
17:23:47.892 [FXGL Background Thread 3 ] DEBUG Engine               - configClass: Optional.empty
17:23:47.892 [FXGL Background Thread 3 ] DEBUG Engine               - credits: []
17:23:47.892 [FXGL Background Thread 3 ] DEBUG Engine               - defaultCursor: CursorInfo(imageName=fxgl_default_cursor.png, hotspotX=7.0, hotspotY=6.0)
17:23:47.896 [FXGL Background Thread 3 ] DEBUG Engine               - devBBoxColorProperty: ObjectProperty [value: 0xff0000ff]
17:23:47.897 [FXGL Background Thread 3 ] DEBUG Engine               - devEnableDebugCameraProperty: BooleanProperty [value: false]
17:23:47.897 [FXGL Background Thread 3 ] DEBUG Engine               - devSensorColorProperty: ObjectProperty [value: 0xffff00ff]
17:23:47.897 [FXGL Background Thread 3 ] DEBUG Engine               - devShowBBoxProperty: BooleanProperty [value: false]
17:23:47.897 [FXGL Background Thread 3 ] DEBUG Engine               - devShowPositionProperty: BooleanProperty [value: false]
17:23:47.897 [FXGL Background Thread 3 ] DEBUG Engine               - enabledMenuItems: []
17:23:47.897 [FXGL Background Thread 3 ] DEBUG Engine               - engineServices: [class com.almasb.fxgl.app.services.FXGLAssetLoaderService, class com.almasb.fxgl.app.FXGLApplication$GameApplicationService, class com.almasb.fxgl.app.services.FXGLDialogService, class com.almasb.fxgl.app.services.IOTaskExecutorService, class com.almasb.fxgl.io.FileSystemService, class com.almasb.fxgl.localization.LocalizationService, class com.almasb.fxgl.app.services.SystemBundleService, class com.almasb.fxgl.profile.SaveLoadService, class com.almasb.fxgl.ui.FXGLUIFactoryServiceProvider, class com.almasb.fxgl.ui.FXGLDialogFactoryServiceProvider, class com.almasb.fxgl.audio.AudioPlayer, class com.almasb.fxgl.notification.impl.NotificationServiceProvider, class com.almasb.fxgl.achievement.AchievementService, class com.almasb.fxgl.cutscene.CutsceneService, class com.almasb.fxgl.minigames.MiniGameService, class com.almasb.fxgl.net.NetService, class com.almasb.fxgl.app.services.UpdaterService, class com.almasb.fxgl.dev.DevService]
17:23:47.897 [FXGL Background Thread 3 ] DEBUG Engine               - fontGame: Abel-Regular.ttf
17:23:47.897 [FXGL Background Thread 3 ] DEBUG Engine               - fontMono: lucida_console.ttf
17:23:47.897 [FXGL Background Thread 3 ] DEBUG Engine               - fontText: Courier-Prime.ttf
17:23:47.898 [FXGL Background Thread 3 ] DEBUG Engine               - fontUI: VarelaRound-Regular.ttf
17:23:47.898 [FXGL Background Thread 3 ] DEBUG Engine               - fullScreen: BooleanProperty [value: false]
17:23:47.899 [FXGL Background Thread 3 ] DEBUG Engine               - gameDifficulty: MEDIUM
17:23:47.905 [FXGL Background Thread 3 ] DEBUG Engine               - gameDifficultyProperty: ObjectProperty [value: MEDIUM]
17:23:47.905 [FXGL Background Thread 3 ] DEBUG Engine               - globalMusicVolume: 0.5
17:23:47.905 [FXGL Background Thread 3 ] DEBUG Engine               - globalMusicVolumeProperty: DoubleProperty [value: 0.5]
17:23:47.905 [FXGL Background Thread 3 ] DEBUG Engine               - globalSoundVolume: 0.5
17:23:47.905 [FXGL Background Thread 3 ] DEBUG Engine               - globalSoundVolumeProperty: DoubleProperty [value: 0.5]
17:23:47.905 [FXGL Background Thread 3 ] DEBUG Engine               - height: 800
17:23:47.905 [FXGL Background Thread 3 ] DEBUG Engine               - is3D: false
17:23:47.905 [FXGL Background Thread 3 ] DEBUG Engine               - isAndroid: false
17:23:47.905 [FXGL Background Thread 3 ] DEBUG Engine               - isBrowser: false
17:23:47.905 [FXGL Background Thread 3 ] DEBUG Engine               - isClickFeedbackEnabled: false
17:23:47.906 [FXGL Background Thread 3 ] DEBUG Engine               - isCloseConfirmation: false
17:23:47.906 [FXGL Background Thread 3 ] DEBUG Engine               - isDesktop: true
17:23:47.906 [FXGL Background Thread 3 ] DEBUG Engine               - isDeveloperMenuEnabled: false
17:23:47.906 [FXGL Background Thread 3 ] DEBUG Engine               - isEntityPreloadEnabled: true
17:23:47.906 [FXGL Background Thread 3 ] DEBUG Engine               - isExperimentalTiledLargeMap: false
17:23:47.906 [FXGL Background Thread 3 ] DEBUG Engine               - isFileSystemWriteAllowed: true
17:23:47.906 [FXGL Background Thread 3 ] DEBUG Engine               - isFullScreenAllowed: false
17:23:47.906 [FXGL Background Thread 3 ] DEBUG Engine               - isFullScreenFromStart: false
17:23:47.906 [FXGL Background Thread 3 ] DEBUG Engine               - isGameMenuEnabled: true
17:23:47.906 [FXGL Background Thread 3 ] DEBUG Engine               - isIOS: false
17:23:47.907 [FXGL Background Thread 3 ] DEBUG Engine               - isIntroEnabled: false
17:23:47.907 [FXGL Background Thread 3 ] DEBUG Engine               - isLinux: false
17:23:47.907 [FXGL Background Thread 3 ] DEBUG Engine               - isMac: true
17:23:47.908 [FXGL Background Thread 3 ] DEBUG Engine               - isMainMenuEnabled: false
17:23:47.909 [FXGL Background Thread 3 ] DEBUG Engine               - isManualResizeEnabled: false
17:23:47.909 [FXGL Background Thread 3 ] DEBUG Engine               - isMobile: false
17:23:47.909 [FXGL Background Thread 3 ] DEBUG Engine               - isNative: false
17:23:47.910 [FXGL Background Thread 3 ] DEBUG Engine               - isPreserveResizeRatio: false
17:23:47.910 [FXGL Background Thread 3 ] DEBUG Engine               - isProfilingEnabled: false
17:23:47.910 [FXGL Background Thread 3 ] DEBUG Engine               - isScaleAffectedOnResize: true
17:23:47.910 [FXGL Background Thread 3 ] DEBUG Engine               - isSingleStep: false
17:23:47.910 [FXGL Background Thread 3 ] DEBUG Engine               - isUserProfileEnabled: false
17:23:47.910 [FXGL Background Thread 3 ] DEBUG Engine               - isWindows: false
17:23:47.910 [FXGL Background Thread 3 ] DEBUG Engine               - language: ObjectProperty [value: ENGLISH]
17:23:47.910 [FXGL Background Thread 3 ] DEBUG Engine               - menuKey: ESCAPE
17:23:47.910 [FXGL Background Thread 3 ] DEBUG Engine               - mouseSensitivity: 0.2
17:23:47.910 [FXGL Background Thread 3 ] DEBUG Engine               - notificationViewClass: class com.almasb.fxgl.notification.view.XboxNotificationView
17:23:47.912 [FXGL Background Thread 3 ] DEBUG Engine               - pixelsPerMeter: 50.0
17:23:47.912 [FXGL Background Thread 3 ] DEBUG Engine               - platform: MAC
17:23:47.913 [FXGL Background Thread 3 ] DEBUG Engine               - prefHeightProperty: ReadOnlyDoubleProperty [value: 800.0]
17:23:47.913 [FXGL Background Thread 3 ] DEBUG Engine               - prefWidthProperty: ReadOnlyDoubleProperty [value: 800.0]
17:23:47.913 [FXGL Background Thread 3 ] DEBUG Engine               - profileDir: profiles/
17:23:47.913 [FXGL Background Thread 3 ] DEBUG Engine               - profileName: StringProperty [value: DEFAULT]
17:23:47.913 [FXGL Background Thread 3 ] DEBUG Engine               - randomSeed: -1
17:23:47.913 [FXGL Background Thread 3 ] DEBUG Engine               - runtimeInfo: RuntimeInfo(platform=MAC, version=11.16, build=25.05.2021 08.16)
17:23:47.913 [FXGL Background Thread 3 ] DEBUG Engine               - saveFileExt: sav
17:23:47.913 [FXGL Background Thread 3 ] DEBUG Engine               - scaledHeightProp$fxgl: DoubleProperty [bound, value: 800.0]
17:23:47.913 [FXGL Background Thread 3 ] DEBUG Engine               - scaledWidthProp$fxgl: DoubleProperty [bound, value: 800.0]
17:23:47.913 [FXGL Background Thread 3 ] DEBUG Engine               - sceneFactory: com.almasb.fxgl.app.scene.SceneFactory@fa31e4d
17:23:47.913 [FXGL Background Thread 3 ] DEBUG Engine               - secondsIn24h: 60
17:23:47.913 [FXGL Background Thread 3 ] DEBUG Engine               - soundMenuBack: menu/back.wav
17:23:47.913 [FXGL Background Thread 3 ] DEBUG Engine               - soundMenuPress: menu/press.wav
17:23:47.915 [FXGL Background Thread 3 ] DEBUG Engine               - soundMenuSelect: menu/select.wav
17:23:47.915 [FXGL Background Thread 3 ] DEBUG Engine               - soundNotification: core/notification.wav
17:23:47.915 [FXGL Background Thread 3 ] DEBUG Engine               - stageStyle: DECORATED
17:23:47.915 [FXGL Background Thread 3 ] DEBUG Engine               - supportedLanguages: [ENGLISH, FRENCH, GERMAN, HUNGARIAN, RUSSIAN]
17:23:47.915 [FXGL Background Thread 3 ] DEBUG Engine               - ticksPerSecond: -1
17:23:47.916 [FXGL Background Thread 3 ] DEBUG Engine               - title: Pokemon
17:23:47.916 [FXGL Background Thread 3 ] DEBUG Engine               - urlGithub: https://github.com/AlmasB/FXGL
17:23:47.916 [FXGL Background Thread 3 ] DEBUG Engine               - urlLeaderboard: http://fxgl-top.herokuapp.com/
17:23:47.916 [FXGL Background Thread 3 ] DEBUG Engine               - urlPOM: https://raw.githubusercontent.com/AlmasB/FXGL/release/README.md
17:23:47.916 [FXGL Background Thread 3 ] DEBUG Engine               - userAppClass: class App.Overworld
17:23:47.916 [FXGL Background Thread 3 ] DEBUG Engine               - version: Beta 0.1
17:23:47.916 [FXGL Background Thread 3 ] DEBUG Engine               - versionCheckDays: 7
17:23:47.916 [FXGL Background Thread 3 ] DEBUG Engine               - width: 800
17:23:47.916 [FXGL Background Thread 3 ] DEBUG Engine               - Logging services
17:23:47.916 [FXGL Background Thread 3 ] DEBUG Engine               - class com.almasb.fxgl.app.services.FXGLAssetLoaderService
17:23:47.916 [FXGL Background Thread 3 ] DEBUG Engine               - class com.almasb.fxgl.app.FXGLApplication$GameApplicationService
17:23:47.916 [FXGL Background Thread 3 ] DEBUG Engine               - class com.almasb.fxgl.app.services.FXGLDialogService
17:23:47.916 [FXGL Background Thread 3 ] DEBUG Engine               - class com.almasb.fxgl.app.services.IOTaskExecutorService
17:23:47.916 [FXGL Background Thread 3 ] DEBUG Engine               - class com.almasb.fxgl.io.FileSystemService
17:23:47.916 [FXGL Background Thread 3 ] DEBUG Engine               - class com.almasb.fxgl.localization.LocalizationService
17:23:47.916 [FXGL Background Thread 3 ] DEBUG Engine               - class com.almasb.fxgl.app.services.SystemBundleService
17:23:47.916 [FXGL Background Thread 3 ] DEBUG Engine               - class com.almasb.fxgl.profile.SaveLoadService
17:23:47.917 [FXGL Background Thread 3 ] DEBUG Engine               - class com.almasb.fxgl.ui.FXGLUIFactoryServiceProvider
17:23:47.917 [FXGL Background Thread 3 ] DEBUG Engine               - class com.almasb.fxgl.ui.FXGLDialogFactoryServiceProvider
17:23:47.917 [FXGL Background Thread 3 ] DEBUG Engine               - class com.almasb.fxgl.audio.AudioPlayer
17:23:47.917 [FXGL Background Thread 3 ] DEBUG Engine               - class com.almasb.fxgl.notification.impl.NotificationServiceProvider
17:23:47.917 [FXGL Background Thread 3 ] DEBUG Engine               - class com.almasb.fxgl.achievement.AchievementService
17:23:47.917 [FXGL Background Thread 3 ] DEBUG Engine               - class com.almasb.fxgl.cutscene.CutsceneService
17:23:47.917 [FXGL Background Thread 3 ] DEBUG Engine               - class com.almasb.fxgl.minigames.MiniGameService
17:23:47.917 [FXGL Background Thread 3 ] DEBUG Engine               - class com.almasb.fxgl.net.NetService
17:23:47.917 [FXGL Background Thread 3 ] DEBUG Engine               - class com.almasb.fxgl.app.services.UpdaterService
17:23:47.917 [FXGL Background Thread 3 ] DEBUG Engine               - class com.almasb.fxgl.dev.DevService
17:23:57.989 [JavaFX Application Thread] DEBUG FXGLApplication      - Exiting FXGL
17:23:57.998 [JavaFX Application Thread] DEBUG LoopRunner           - Stopping loop
17:23:57.999 [JavaFX Application Thread] DEBUG SystemBundleService  - Saving FXGL system data
17:23:58.004 [JavaFX Application Thread] DEBUG FileSystemAccess     - Writing to: /Users/cody/Desktop/PokemonM/system/fxgl.bundle
17:23:58.008 [JavaFX Application Thread] DEBUG Async                - Shutting down background threads
17:23:58.008 [JavaFX Application Thread] DEBUG PrimaryStageWindow   - Closing main window
17:23:58.033 [JavaFX Application Thread] DEBUG Logger               - Closing Logger
